{"meta": {"version": "7.3.2", "timestamp": "2025-07-03T08:46:31.138536", "branch_coverage": false, "show_contexts": false}, "files": {"add_weekend_availability.py": {"executed_lines": [], "summary": {"covered_lines": 0, "num_statements": 31, "percent_covered": 0.0, "percent_covered_display": "0.00", "missing_lines": 31, "excluded_lines": 2}, "missing_lines": [2, 4, 5, 6, 7, 10, 11, 12, 14, 15, 17, 19, 23, 24, 25, 27, 30, 32, 37, 38, 45, 46, 47, 49, 50, 52, 53, 55, 56, 57, 59], "excluded_lines": [61, 62]}, "advanced_api_test.py": {"executed_lines": [2, 7, 8, 9, 10, 11, 12, 13, 16, 17, 20, 26, 27, 48, 70, 96, 146, 186, 225, 267, 300, 339, 388, 404, 425, 470, 528], "summary": {"covered_lines": 26, "num_statements": 259, "percent_covered": 10.038610038610038, "percent_covered_display": "10.04", "missing_lines": 233, "excluded_lines": 2}, "missing_lines": [28, 29, 30, 41, 50, 57, 60, 61, 62, 63, 64, 65, 66, 68, 73, 74, 75, 77, 78, 79, 80, 81, 82, 83, 84, 85, 86, 88, 90, 91, 92, 93, 94, 98, 100, 101, 104, 109, 110, 111, 113, 114, 115, 116, 117, 118, 122, 123, 124, 125, 126, 127, 128, 131, 134, 137, 139, 140, 143, 148, 151, 162, 163, 164, 165, 167, 169, 170, 173, 174, 178, 179, 182, 183, 188, 191, 192, 193, 194, 195, 196, 197, 199, 200, 203, 205, 206, 210, 211, 212, 213, 214, 215, 216, 219, 221, 222, 227, 230, 232, 233, 237, 238, 242, 249, 253, 254, 255, 258, 261, 264, 269, 272, 273, 277, 278, 281, 282, 286, 287, 289, 290, 291, 294, 295, 298, 302, 305, 306, 307, 308, 309, 310, 312, 313, 315, 316, 319, 323, 324, 325, 326, 327, 328, 330, 331, 332, 333, 336, 341, 343, 349, 350, 351, 357, 358, 364, 366, 367, 370, 374, 375, 378, 381, 384, 385, 390, 391, 392, 394, 395, 396, 397, 398, 399, 400, 402, 406, 407, 408, 410, 423, 427, 430, 431, 439, 440, 441, 449, 450, 451, 459, 460, 461, 468, 472, 474, 475, 478, 479, 480, 482, 483, 484, 485, 486, 489, 490, 491, 492, 493, 494, 495, 498, 499, 500, 501, 504, 505, 507, 510, 511, 512, 513, 514, 515, 516, 518, 520, 522, 524, 525, 526], "excluded_lines": [528, 529]}, "analytics_performance_optimization.py": {"executed_lines": [], "summary": {"covered_lines": 0, "num_statements": 54, "percent_covered": 0.0, "percent_covered_display": "0.00", "missing_lines": 54, "excluded_lines": 2}, "missing_lines": [6, 7, 10, 14, 65, 66, 67, 68, 69, 70, 72, 73, 74, 76, 77, 80, 84, 144, 146, 147, 148, 149, 150, 151, 152, 153, 154, 155, 158, 162, 250, 252, 253, 254, 255, 256, 257, 258, 259, 261, 262, 265, 269, 270, 273, 276, 279, 281, 282, 283, 284, 285, 286, 287], "excluded_lines": [290, 291]}, "analyze_contradiction.py": {"executed_lines": [], "summary": {"covered_lines": 0, "num_statements": 97, "percent_covered": 0.0, "percent_covered_display": "0.00", "missing_lines": 97, "excluded_lines": 2}, "missing_lines": [2, 7, 8, 9, 11, 12, 13, 14, 15, 16, 19, 20, 22, 23, 24, 26, 27, 29, 30, 33, 34, 36, 37, 38, 39, 40, 41, 43, 44, 45, 48, 49, 50, 51, 52, 55, 56, 58, 59, 60, 61, 63, 64, 65, 67, 69, 71, 73, 74, 77, 78, 80, 81, 82, 85, 86, 87, 89, 90, 91, 93, 95, 98, 101, 103, 104, 105, 107, 108, 109, 111, 114, 115, 116, 117, 118, 119, 120, 122, 123, 124, 127, 128, 129, 130, 131, 132, 134, 136, 137, 139, 141, 142, 143, 144, 145, 147], "excluded_lines": [149, 150]}, "appointment_api_test_report.py": {"executed_lines": [], "summary": {"covered_lines": 0, "num_statements": 180, "percent_covered": 0.0, "percent_covered_display": "0.00", "missing_lines": 180, "excluded_lines": 2}, "missing_lines": [2, 7, 8, 9, 10, 13, 14, 17, 18, 20, 22, 23, 25, 26, 27, 28, 30, 31, 32, 33, 34, 35, 37, 39, 40, 42, 43, 45, 46, 47, 49, 50, 51, 52, 54, 55, 56, 57, 58, 59, 61, 63, 66, 67, 69, 70, 71, 72, 75, 76, 77, 78, 79, 81, 82, 84, 85, 86, 89, 90, 91, 92, 93, 95, 97, 98, 99, 100, 101, 102, 104, 107, 108, 109, 112, 113, 115, 116, 118, 121, 122, 123, 124, 125, 126, 127, 128, 131, 132, 134, 143, 145, 146, 147, 150, 151, 152, 153, 154, 155, 158, 161, 167, 169, 170, 171, 173, 174, 175, 178, 179, 180, 182, 183, 184, 186, 187, 188, 189, 191, 194, 195, 196, 197, 199, 202, 203, 204, 205, 206, 208, 210, 213, 217, 218, 220, 221, 222, 225, 229, 230, 231, 232, 235, 237, 240, 241, 242, 243, 245, 247, 250, 251, 252, 253, 254, 257, 258, 259, 261, 263, 264, 265, 266, 268, 269, 270, 271, 273, 274, 275, 276, 277, 278, 279, 280, 281, 283, 284, 285], "excluded_lines": [287, 288]}, "auth_system_verification.py": {"executed_lines": [], "summary": {"covered_lines": 0, "num_statements": 114, "percent_covered": 0.0, "percent_covered_display": "0.00", "missing_lines": 114, "excluded_lines": 2}, "missing_lines": [2, 7, 8, 9, 10, 12, 14, 15, 16, 18, 19, 21, 23, 24, 26, 27, 34, 35, 36, 37, 38, 40, 43, 44, 45, 46, 47, 48, 49, 50, 51, 53, 54, 55, 56, 58, 60, 62, 63, 65, 66, 74, 75, 76, 77, 78, 79, 80, 82, 83, 84, 86, 88, 90, 91, 93, 116, 117, 118, 119, 121, 123, 125, 126, 128, 129, 130, 132, 137, 138, 139, 140, 141, 143, 145, 150, 151, 152, 153, 155, 157, 159, 160, 161, 163, 165, 166, 168, 175, 176, 178, 179, 180, 181, 182, 184, 185, 186, 188, 189, 191, 192, 193, 194, 195, 196, 197, 198, 199, 200, 201, 203, 204, 206], "excluded_lines": [208, 209]}, "check_and_create_test_data.py": {"executed_lines": [], "summary": {"covered_lines": 0, "num_statements": 93, "percent_covered": 0.0, "percent_covered_display": "0.00", "missing_lines": 93, "excluded_lines": 2}, "missing_lines": [2, 8, 9, 10, 11, 14, 16, 17, 18, 19, 20, 21, 24, 25, 27, 29, 32, 34, 35, 36, 37, 38, 39, 40, 41, 43, 46, 47, 48, 57, 58, 59, 62, 72, 73, 74, 76, 77, 78, 79, 81, 83, 85, 87, 95, 96, 97, 101, 102, 114, 115, 118, 124, 126, 127, 128, 130, 133, 134, 135, 136, 138, 140, 173, 174, 175, 179, 180, 188, 189, 191, 192, 193, 195, 198, 199, 200, 201, 203, 205, 208, 210, 212, 215, 216, 219, 220, 222, 224, 225, 226, 227, 229], "excluded_lines": [231, 232]}, "check_credentials.py": {"executed_lines": [], "summary": {"covered_lines": 0, "num_statements": 10, "percent_covered": 0.0, "percent_covered_display": "0.00", "missing_lines": 10, "excluded_lines": 0}, "missing_lines": [2, 6, 8, 9, 10, 11, 12, 13, 14, 15], "excluded_lines": []}, "check_sms_status.py": {"executed_lines": [], "summary": {"covered_lines": 0, "num_statements": 75, "percent_covered": 0.0, "percent_covered_display": "0.00", "missing_lines": 75, "excluded_lines": 2}, "missing_lines": [2, 6, 7, 8, 9, 12, 14, 15, 17, 20, 21, 23, 25, 28, 30, 31, 32, 33, 34, 35, 36, 37, 40, 41, 42, 43, 44, 45, 46, 47, 48, 49, 50, 51, 52, 53, 55, 57, 58, 59, 61, 63, 64, 66, 67, 70, 72, 73, 74, 75, 76, 77, 79, 80, 82, 83, 85, 88, 90, 93, 96, 97, 98, 99, 100, 103, 105, 106, 107, 108, 109, 110, 111, 112, 114], "excluded_lines": [116, 117]}, "check_user_auth.py": {"executed_lines": [], "summary": {"covered_lines": 0, "num_statements": 20, "percent_covered": 0.0, "percent_covered_display": "0.00", "missing_lines": 20, "excluded_lines": 0}, "missing_lines": [1, 2, 3, 5, 8, 10, 11, 12, 13, 14, 15, 18, 19, 21, 23, 24, 25, 26, 28, 30], "excluded_lines": []}, "comprehensive_api_test.py": {"executed_lines": [2, 7, 8, 9, 10, 11, 12, 13, 16, 17, 19, 20, 27, 46, 53, 61, 81, 82, 93, 149, 173, 227, 261, 291, 310, 329, 352, 375, 391, 460], "summary": {"covered_lines": 29, "num_statements": 251, "percent_covered": 11.55378486055777, "percent_covered_display": "11.55", "missing_lines": 222, "excluded_lines": 2}, "missing_lines": [21, 22, 23, 24, 25, 29, 39, 41, 42, 43, 44, 47, 54, 62, 63, 64, 66, 83, 84, 85, 86, 87, 97, 100, 101, 102, 103, 105, 107, 108, 109, 110, 111, 112, 113, 114, 115, 117, 119, 121, 122, 124, 134, 136, 137, 138, 147, 151, 154, 155, 156, 158, 159, 161, 164, 165, 166, 168, 169, 171, 175, 178, 181, 185, 187, 188, 189, 190, 191, 192, 193, 195, 196, 197, 200, 201, 202, 203, 204, 205, 206, 207, 208, 209, 212, 213, 214, 215, 216, 217, 218, 219, 220, 221, 224, 225, 229, 232, 233, 235, 236, 237, 240, 241, 242, 243, 246, 249, 250, 251, 255, 256, 257, 258, 259, 263, 266, 267, 269, 270, 271, 272, 273, 274, 275, 276, 277, 280, 286, 289, 293, 296, 298, 299, 300, 302, 303, 304, 305, 308, 312, 315, 318, 321, 324, 327, 331, 334, 335, 341, 342, 343, 344, 346, 348, 349, 350, 354, 357, 358, 359, 360, 361, 362, 364, 365, 367, 368, 377, 379, 380, 381, 382, 383, 384, 385, 386, 388, 389, 393, 395, 396, 399, 402, 403, 404, 407, 408, 409, 410, 411, 412, 415, 416, 417, 418, 421, 422, 423, 424, 427, 428, 429, 430, 433, 434, 435, 436, 439, 440, 441, 442, 443, 444, 445, 446, 448, 450, 453, 454, 456, 458], "excluded_lines": [460, 461]}, "comprehensive_conflict_analysis.py": {"executed_lines": [], "summary": {"covered_lines": 0, "num_statements": 349, "percent_covered": 0.0, "percent_covered_display": "0.00", "missing_lines": 349, "excluded_lines": 2}, "missing_lines": [2, 7, 8, 9, 10, 11, 12, 13, 14, 15, 17, 18, 19, 20, 21, 22, 23, 24, 25, 26, 28, 29, 30, 31, 32, 33, 34, 36, 37, 38, 39, 41, 43, 46, 47, 48, 49, 52, 55, 58, 61, 64, 65, 68, 70, 72, 74, 75, 78, 79, 80, 91, 93, 94, 96, 97, 98, 109, 111, 112, 114, 115, 116, 127, 129, 130, 132, 133, 135, 138, 139, 150, 153, 154, 156, 157, 159, 160, 161, 162, 164, 165, 166, 167, 168, 169, 170, 173, 174, 175, 186, 189, 190, 192, 193, 194, 206, 207, 209, 210, 221, 223, 224, 226, 227, 228, 239, 241, 242, 244, 245, 246, 258, 259, 261, 262, 263, 274, 277, 278, 280, 282, 283, 284, 285, 288, 289, 291, 292, 293, 294, 295, 296, 299, 300, 301, 302, 313, 316, 317, 319, 320, 321, 322, 325, 326, 336, 337, 339, 341, 349, 350, 351, 353, 354, 365, 367, 370, 371, 372, 373, 376, 386, 391, 408, 410, 412, 413, 414, 416, 417, 418, 420, 421, 422, 424, 426, 428, 438, 440, 441, 442, 444, 445, 446, 447, 448, 449, 452, 453, 454, 455, 456, 457, 459, 461, 462, 463, 465, 466, 467, 468, 469, 470, 473, 478, 479, 480, 481, 482, 483, 484, 485, 487, 489, 490, 491, 493, 494, 495, 496, 499, 504, 505, 506, 507, 508, 509, 510, 512, 514, 515, 516, 518, 519, 520, 521, 523, 525, 526, 527, 529, 530, 531, 532, 533, 534, 537, 538, 539, 540, 541, 542, 544, 546, 547, 548, 549, 551, 553, 554, 555, 558, 559, 560, 562, 563, 565, 566, 567, 568, 569, 571, 573, 574, 576, 578, 580, 581, 582, 584, 585, 586, 587, 588, 589, 590, 591, 592, 593, 594, 596, 598, 599, 600, 602, 603, 604, 605, 606, 607, 608, 609, 610, 611, 613, 615, 616, 617, 618, 620, 621, 623, 624, 625, 626, 627, 629, 631, 632, 634, 635, 636, 639, 640, 643, 644, 645, 647, 648, 649, 650, 651, 652, 653, 655, 656, 657, 658, 660, 661, 662, 663, 664, 665, 666, 668, 669, 670], "excluded_lines": [672, 673]}, "config.py": {"executed_lines": [1, 2, 3, 4, 7, 9, 10, 16, 19, 22, 23, 26, 27, 28, 29, 30, 31, 32, 35, 36, 37, 40, 41, 42, 45, 46, 47, 48, 54, 55, 56, 59, 60, 61, 62, 65, 66, 67, 70, 71, 72, 75, 76, 77, 80, 83, 84, 85, 86, 87, 89, 90, 92, 96, 98, 99, 101, 103, 105, 106, 108, 110, 112, 113, 115, 117, 119, 121, 123, 125, 127, 129, 133, 135, 137, 140, 144, 147, 149, 151, 162, 173], "summary": {"covered_lines": 81, "num_statements": 104, "percent_covered": 77.88461538461539, "percent_covered_display": "77.88", "missing_lines": 23, "excluded_lines": 0}, "missing_lines": [93, 94, 95, 102, 109, 116, 128, 130, 134, 136, 138, 152, 153, 155, 156, 158, 159, 163, 164, 166, 167, 169, 170], "excluded_lines": []}, "config/__init__.py": {"executed_lines": [1, 4, 5, 8, 9, 10, 11, 14, 15], "summary": {"covered_lines": 8, "num_statements": 8, "percent_covered": 100.0, "percent_covered_display": "100.00", "missing_lines": 0, "excluded_lines": 0}, "missing_lines": [], "excluded_lines": []}, "config/sentry.py": {"executed_lines": [1, 2, 4, 6, 8, 9, 11, 16], "summary": {"covered_lines": 7, "num_statements": 11, "percent_covered": 63.63636363636363, "percent_covered_display": "63.64", "missing_lines": 4, "excluded_lines": 0}, "missing_lines": [13, 14, 18, 19], "excluded_lines": []}, "config_enhanced.py": {"executed_lines": [], "summary": {"covered_lines": 0, "num_statements": 176, "percent_covered": 0.0, "percent_covered_display": "0.00", "missing_lines": 176, "excluded_lines": 2}, "missing_lines": [1, 2, 3, 5, 14, 15, 16, 17, 18, 23, 26, 27, 28, 29, 34, 37, 38, 39, 42, 49, 50, 51, 52, 57, 58, 59, 60, 69, 70, 71, 74, 75, 76, 77, 78, 83, 84, 85, 90, 91, 92, 97, 98, 99, 104, 105, 106, 107, 112, 113, 118, 119, 124, 125, 130, 131, 132, 133, 134, 139, 140, 141, 142, 147, 148, 149, 150, 155, 160, 161, 162, 163, 164, 165, 166, 171, 172, 173, 178, 179, 180, 185, 190, 191, 196, 197, 199, 200, 201, 203, 204, 207, 208, 210, 212, 213, 219, 221, 223, 225, 226, 227, 228, 229, 230, 231, 234, 235, 236, 237, 239, 241, 242, 243, 245, 246, 248, 250, 251, 253, 255, 256, 258, 260, 261, 263, 265, 266, 268, 270, 271, 273, 275, 276, 278, 280, 281, 283, 285, 286, 288, 295, 297, 299, 301, 303, 304, 306, 307, 309, 310, 312, 313, 318, 319, 321, 324, 327, 329, 330, 332, 333, 334, 336, 338, 339, 342, 343, 344, 345, 346, 347, 348, 350, 351, 354], "excluded_lines": [315, 316]}, "create-simple-test-user.py": {"executed_lines": [], "summary": {"covered_lines": 0, "num_statements": 113, "percent_covered": 0.0, "percent_covered_display": "0.00", "missing_lines": 113, "excluded_lines": 2}, "missing_lines": [2, 7, 8, 9, 10, 12, 14, 16, 18, 21, 22, 23, 24, 26, 27, 28, 31, 32, 34, 35, 36, 37, 38, 41, 42, 43, 44, 47, 49, 61, 62, 63, 64, 65, 68, 70, 71, 72, 74, 75, 76, 77, 78, 79, 81, 83, 85, 87, 88, 90, 91, 92, 95, 97, 128, 129, 130, 131, 146, 147, 148, 150, 152, 153, 155, 157, 159, 160, 161, 162, 164, 165, 166, 169, 170, 172, 173, 176, 177, 178, 179, 180, 182, 185, 186, 188, 189, 192, 193, 194, 195, 196, 198, 200, 201, 203, 204, 205, 207, 209, 210, 213, 214, 215, 218, 219, 220, 221, 222, 223, 224, 225, 227], "excluded_lines": [229, 230]}, "create-test-user.py": {"executed_lines": [], "summary": {"covered_lines": 0, "num_statements": 102, "percent_covered": 0.0, "percent_covered_display": "0.00", "missing_lines": 102, "excluded_lines": 2}, "missing_lines": [2, 7, 8, 9, 10, 11, 12, 13, 16, 17, 19, 20, 21, 24, 25, 27, 29, 31, 33, 35, 36, 38, 40, 41, 42, 43, 44, 45, 48, 58, 59, 60, 62, 63, 64, 65, 67, 69, 70, 71, 72, 74, 76, 78, 80, 81, 83, 87, 88, 89, 92, 94, 125, 126, 127, 138, 139, 141, 142, 144, 145, 146, 148, 150, 152, 154, 155, 157, 161, 162, 163, 166, 178, 179, 180, 182, 183, 185, 186, 187, 188, 190, 192, 194, 195, 197, 199, 200, 201, 202, 205, 208, 210, 211, 212, 213, 214, 215, 216, 217, 219, 220], "excluded_lines": [222, 223]}, "create_barber_availability.py": {"executed_lines": [], "summary": {"covered_lines": 0, "num_statements": 37, "percent_covered": 0.0, "percent_covered_display": "0.00", "missing_lines": 37, "excluded_lines": 2}, "missing_lines": [1, 2, 3, 4, 6, 8, 9, 11, 12, 14, 15, 22, 23, 24, 26, 29, 33, 34, 35, 38, 40, 41, 44, 45, 48, 49, 50, 52, 53, 55, 62, 64, 65, 67, 68, 69, 71], "excluded_lines": [73, 74]}, "create_location_tables.py": {"executed_lines": [], "summary": {"covered_lines": 0, "num_statements": 10, "percent_covered": 0.0, "percent_covered_display": "0.00", "missing_lines": 10, "excluded_lines": 0}, "missing_lines": [5, 6, 9, 10, 18, 21, 22, 23, 24, 25], "excluded_lines": []}, "create_test_barber.py": {"executed_lines": [], "summary": {"covered_lines": 0, "num_statements": 25, "percent_covered": 0.0, "percent_covered_display": "0.00", "missing_lines": 25, "excluded_lines": 2}, "missing_lines": [1, 2, 3, 5, 6, 7, 8, 10, 12, 13, 14, 16, 17, 18, 19, 22, 32, 33, 35, 36, 37, 39, 40, 41, 43], "excluded_lines": [45, 46]}, "create_test_barber_simple.py": {"executed_lines": [], "summary": {"covered_lines": 0, "num_statements": 22, "percent_covered": 0.0, "percent_covered_display": "0.00", "missing_lines": 22, "excluded_lines": 2}, "missing_lines": [1, 2, 3, 4, 6, 7, 8, 10, 11, 12, 13, 16, 25, 26, 28, 29, 30, 31, 33, 34, 35, 37], "excluded_lines": [39, 40]}, "create_test_data.py": {"executed_lines": [], "summary": {"covered_lines": 0, "num_statements": 76, "percent_covered": 0.0, "percent_covered_display": "0.00", "missing_lines": 76, "excluded_lines": 2}, "missing_lines": [1, 2, 3, 4, 5, 6, 8, 9, 10, 11, 14, 15, 16, 17, 20, 21, 22, 23, 31, 32, 33, 34, 35, 36, 39, 40, 41, 44, 52, 53, 54, 55, 56, 57, 58, 59, 62, 63, 66, 67, 70, 71, 74, 75, 78, 79, 82, 83, 85, 87, 88, 91, 94, 99, 101, 113, 114, 116, 117, 120, 121, 124, 129, 130, 131, 133, 134, 135, 136, 137, 138, 139, 141, 142, 143, 145], "excluded_lines": [147, 148]}, "create_test_user.py": {"executed_lines": [], "summary": {"covered_lines": 0, "num_statements": 23, "percent_covered": 0.0, "percent_covered_display": "0.00", "missing_lines": 23, "excluded_lines": 2}, "missing_lines": [2, 4, 5, 6, 7, 9, 11, 13, 14, 16, 20, 21, 22, 25, 26, 42, 44, 45, 46, 47, 49, 50, 51], "excluded_lines": [53, 54]}, "create_test_user_simple.py": {"executed_lines": [], "summary": {"covered_lines": 0, "num_statements": 25, "percent_covered": 0.0, "percent_covered_display": "0.00", "missing_lines": 25, "excluded_lines": 2}, "missing_lines": [2, 4, 5, 6, 7, 8, 10, 11, 12, 14, 15, 16, 17, 20, 28, 29, 30, 32, 33, 34, 35, 37, 38, 39, 41], "excluded_lines": [43, 44]}, "database.py": {"executed_lines": [1, 2, 3, 4, 6, 9, 10, 12, 13, 14, 17, 18, 37, 43, 49, 57, 65, 66, 69], "summary": {"covered_lines": 19, "num_statements": 31, "percent_covered": 61.29032258064516, "percent_covered_display": "61.29", "missing_lines": 12, "excluded_lines": 0}, "missing_lines": [11, 20, 34, 50, 51, 52, 53, 54, 70, 71, 72, 74], "excluded_lines": []}, "debug_appointment_creation.py": {"executed_lines": [], "summary": {"covered_lines": 0, "num_statements": 119, "percent_covered": 0.0, "percent_covered_display": "0.00", "missing_lines": 119, "excluded_lines": 3}, "missing_lines": [2, 5, 6, 8, 9, 10, 11, 12, 14, 15, 16, 17, 18, 21, 22, 23, 24, 25, 28, 29, 30, 31, 32, 35, 36, 38, 39, 40, 41, 42, 43, 45, 46, 48, 50, 51, 52, 55, 56, 57, 58, 61, 70, 71, 72, 73, 74, 77, 78, 79, 81, 83, 84, 85, 88, 89, 90, 92, 94, 101, 102, 103, 104, 106, 107, 108, 111, 112, 113, 114, 115, 116, 117, 118, 120, 121, 122, 125, 126, 127, 129, 134, 135, 136, 138, 140, 141, 147, 149, 150, 151, 154, 156, 158, 159, 160, 162, 163, 166, 167, 172, 173, 174, 177, 179, 186, 191, 197, 198, 200, 201, 203, 206, 207, 209, 210, 211, 212, 213], "excluded_lines": [215, 216, 217]}, "debug_appointment_structure.py": {"executed_lines": [], "summary": {"covered_lines": 0, "num_statements": 46, "percent_covered": 0.0, "percent_covered_display": "0.00", "missing_lines": 46, "excluded_lines": 2}, "missing_lines": [2, 5, 6, 7, 9, 10, 11, 12, 13, 15, 17, 18, 20, 22, 23, 24, 26, 27, 28, 29, 30, 31, 32, 33, 34, 35, 36, 38, 39, 40, 41, 42, 43, 45, 46, 48, 49, 52, 53, 54, 55, 57, 58, 59, 60, 62], "excluded_lines": [64, 65]}, "debug_appointment_validation.py": {"executed_lines": [], "summary": {"covered_lines": 0, "num_statements": 47, "percent_covered": 0.0, "percent_covered_display": "0.00", "missing_lines": 47, "excluded_lines": 2}, "missing_lines": [2, 5, 6, 7, 9, 10, 11, 12, 13, 14, 16, 18, 19, 21, 23, 24, 25, 27, 28, 29, 30, 31, 33, 35, 41, 42, 43, 44, 46, 47, 48, 49, 50, 52, 53, 54, 55, 56, 57, 59, 60, 61, 63, 64, 65, 66, 68], "excluded_lines": [70, 71]}, "debug_appointments_flow.py": {"executed_lines": [], "summary": {"covered_lines": 0, "num_statements": 57, "percent_covered": 0.0, "percent_covered_display": "0.00", "missing_lines": 57, "excluded_lines": 2}, "missing_lines": [2, 5, 6, 7, 9, 10, 11, 14, 15, 16, 18, 20, 21, 25, 26, 27, 29, 30, 31, 33, 35, 36, 38, 40, 41, 43, 44, 45, 46, 48, 49, 50, 52, 53, 54, 55, 56, 58, 60, 62, 64, 66, 67, 68, 69, 70, 71, 73, 74, 75, 78, 81, 84, 87, 88, 89, 90], "excluded_lines": [92, 93]}, "debug_bookings_error.py": {"executed_lines": [], "summary": {"covered_lines": 0, "num_statements": 32, "percent_covered": 0.0, "percent_covered_display": "0.00", "missing_lines": 32, "excluded_lines": 2}, "missing_lines": [1, 2, 4, 5, 6, 8, 9, 10, 12, 13, 14, 15, 17, 20, 21, 22, 23, 25, 26, 28, 29, 30, 31, 34, 35, 36, 39, 40, 41, 42, 43, 46], "excluded_lines": [48, 49]}, "debug_schema_test.py": {"executed_lines": [2, 6, 7, 8, 9, 11, 57], "summary": {"covered_lines": 6, "num_statements": 26, "percent_covered": 23.076923076923077, "percent_covered_display": "23.08", "missing_lines": 20, "excluded_lines": 2}, "missing_lines": [13, 15, 16, 17, 18, 20, 23, 32, 33, 34, 37, 45, 46, 47, 49, 51, 52, 53, 54, 55], "excluded_lines": [57, 58]}, "demo_password_reset.py": {"executed_lines": [], "summary": {"covered_lines": 0, "num_statements": 63, "percent_covered": 0.0, "percent_covered_display": "0.00", "missing_lines": 63, "excluded_lines": 2}, "missing_lines": [2, 5, 6, 7, 8, 11, 13, 14, 15, 16, 17, 19, 21, 22, 25, 26, 28, 31, 33, 35, 37, 39, 44, 45, 46, 47, 49, 52, 53, 54, 55, 58, 59, 61, 62, 63, 64, 67, 68, 71, 72, 73, 74, 75, 76, 77, 78, 79, 80, 82, 83, 84, 85, 88, 89, 90, 91, 93, 94, 95, 96, 98, 100], "excluded_lines": [102, 103]}, "demo_smart_cta_service.py": {"executed_lines": [], "summary": {"covered_lines": 0, "num_statements": 252, "percent_covered": 0.0, "percent_covered_display": "0.00", "missing_lines": 252, "excluded_lines": 2}, "missing_lines": [6, 7, 8, 9, 10, 11, 14, 18, 19, 22, 25, 26, 27, 30, 32, 48, 50, 53, 54, 55, 56, 57, 58, 59, 60, 63, 64, 65, 66, 67, 68, 69, 70, 73, 74, 75, 76, 77, 78, 79, 80, 82, 85, 87, 88, 89, 92, 93, 94, 95, 98, 99, 100, 102, 108, 109, 110, 111, 112, 113, 115, 116, 117, 118, 121, 123, 124, 125, 128, 129, 130, 131, 134, 136, 137, 139, 145, 146, 147, 150, 152, 153, 154, 157, 158, 159, 162, 164, 165, 167, 172, 173, 176, 178, 179, 180, 183, 184, 185, 188, 189, 192, 194, 195, 197, 203, 206, 208, 209, 210, 213, 214, 215, 218, 226, 235, 241, 242, 243, 246, 249, 250, 251, 252, 253, 254, 257, 258, 259, 260, 261, 262, 265, 267, 268, 269, 270, 271, 273, 274, 275, 279, 281, 282, 283, 286, 287, 290, 292, 294, 295, 296, 298, 299, 300, 301, 302, 303, 306, 308, 309, 310, 311, 312, 313, 314, 315, 318, 319, 321, 327, 328, 329, 330, 331, 332, 333, 334, 337, 339, 340, 341, 344, 345, 346, 347, 350, 357, 359, 360, 363, 378, 379, 385, 388, 390, 391, 392, 395, 396, 399, 410, 411, 413, 414, 415, 416, 418, 419, 420, 423, 425, 426, 427, 428, 430, 431, 432, 433, 434, 435, 436, 437, 438, 440, 441, 442, 443, 444, 445, 446, 447, 448, 449, 450, 451, 453, 454, 455, 456, 457, 459, 460, 461, 462, 463, 464, 465, 467, 468, 469, 470], "excluded_lines": [473, 474]}, "dependencies.py": {"executed_lines": [1, 2, 3, 4, 5, 7, 13, 22], "summary": {"covered_lines": 8, "num_statements": 19, "percent_covered": 42.10526315789474, "percent_covered_display": "42.11", "missing_lines": 11, "excluded_lines": 0}, "missing_lines": [9, 10, 11, 15, 16, 20, 24, 25, 26, 30, 31], "excluded_lines": []}, "dependencies_v2.py": {"executed_lines": [1, 6, 7, 8, 9, 10], "summary": {"covered_lines": 5, "num_statements": 132, "percent_covered": 3.787878787878788, "percent_covered_display": "3.79", "missing_lines": 127, "excluded_lines": 0}, "missing_lines": [11, 12, 15, 19, 20, 23, 24, 29, 32, 36, 37, 41, 44, 50, 51, 54, 57, 58, 59, 61, 63, 68, 74, 76, 78, 79, 81, 84, 86, 89, 95, 96, 101, 102, 103, 106, 112, 114, 116, 119, 121, 124, 130, 132, 134, 137, 139, 142, 148, 150, 152, 153, 155, 158, 159, 161, 166, 173, 175, 176, 182, 184, 185, 186, 188, 189, 192, 193, 195, 198, 205, 207, 208, 214, 215, 216, 217, 218, 220, 223, 230, 232, 233, 239, 241, 242, 243, 244, 246, 247, 249, 250, 253, 255, 258, 265, 267, 268, 274, 276, 277, 278, 279, 281, 282, 284, 285, 287, 292, 299, 301, 303, 308, 309, 315, 316, 318, 323, 324, 326, 329, 336, 338, 340, 345, 346, 348], "excluded_lines": []}, "e2e_booking_performance_test.py": {"executed_lines": [2, 7, 8, 9, 10, 11, 12, 13, 14, 15, 16, 17, 18, 21, 22, 24, 25, 26, 27, 28, 29, 30, 31, 32, 34, 35, 36, 37, 38, 39, 40, 41, 42, 44, 45, 126, 277, 327, 412, 454, 480, 533, 545, 556, 607], "summary": {"covered_lines": 42, "num_statements": 280, "percent_covered": 15.0, "percent_covered_display": "15.00", "missing_lines": 238, "excluded_lines": 2}, "missing_lines": [46, 47, 48, 51, 119, 128, 130, 131, 132, 133, 134, 135, 137, 138, 139, 142, 143, 146, 147, 150, 151, 152, 154, 160, 163, 164, 165, 166, 167, 168, 169, 170, 171, 172, 173, 174, 175, 177, 179, 180, 183, 186, 187, 188, 189, 191, 192, 195, 206, 207, 208, 209, 211, 214, 215, 217, 218, 219, 220, 230, 231, 233, 234, 235, 236, 246, 247, 250, 252, 253, 255, 257, 266, 267, 268, 270, 279, 281, 282, 284, 286, 287, 289, 290, 291, 292, 300, 302, 305, 306, 308, 309, 312, 315, 318, 319, 320, 321, 323, 325, 329, 330, 333, 334, 335, 337, 349, 350, 353, 354, 356, 357, 358, 359, 360, 363, 364, 365, 366, 367, 368, 370, 371, 378, 379, 381, 384, 389, 390, 391, 397, 400, 401, 402, 403, 404, 405, 406, 408, 410, 414, 416, 417, 419, 422, 423, 425, 426, 429, 430, 431, 432, 433, 435, 436, 437, 440, 449, 450, 452, 456, 457, 458, 461, 464, 467, 469, 475, 476, 477, 478, 482, 483, 484, 485, 487, 489, 499, 500, 501, 504, 505, 506, 512, 513, 514, 515, 518, 519, 520, 523, 524, 527, 528, 529, 531, 535, 547, 548, 549, 551, 552, 554, 558, 561, 562, 563, 564, 565, 566, 567, 568, 569, 570, 573, 574, 577, 578, 579, 582, 583, 584, 586, 587, 588, 590, 591, 592, 593, 594, 596, 597, 598, 600, 601, 602, 603, 605], "excluded_lines": [607, 608]}, "find_the_bug.py": {"executed_lines": [], "summary": {"covered_lines": 0, "num_statements": 50, "percent_covered": 0.0, "percent_covered_display": "0.00", "missing_lines": 50, "excluded_lines": 0}, "missing_lines": [2, 7, 8, 11, 13, 14, 16, 17, 18, 21, 22, 24, 25, 26, 28, 29, 30, 31, 32, 33, 36, 37, 38, 41, 42, 44, 45, 46, 47, 50, 51, 52, 53, 54, 56, 57, 59, 62, 63, 64, 65, 66, 67, 69, 70, 72, 73, 74, 75, 76], "excluded_lines": []}, "force_reset_password.py": {"executed_lines": [], "summary": {"covered_lines": 0, "num_statements": 13, "percent_covered": 0.0, "percent_covered_display": "0.00", "missing_lines": 13, "excluded_lines": 0}, "missing_lines": [1, 2, 5, 8, 9, 12, 15, 21, 22, 23, 25, 28, 29], "excluded_lines": []}, "generate_production_keys.py": {"executed_lines": [], "summary": {"covered_lines": 0, "num_statements": 64, "percent_covered": 0.0, "percent_covered_display": "0.00", "missing_lines": 64, "excluded_lines": 2}, "missing_lines": [2, 7, 8, 9, 10, 11, 13, 15, 17, 19, 21, 23, 24, 25, 27, 29, 31, 32, 33, 34, 35, 38, 39, 40, 41, 42, 45, 48, 92, 93, 94, 96, 97, 98, 99, 100, 101, 102, 103, 104, 105, 106, 107, 108, 109, 110, 111, 112, 113, 114, 115, 116, 117, 118, 119, 120, 121, 122, 123, 124, 125, 126, 127, 128], "excluded_lines": [130, 131]}, "integration_demo_review_assembly.py": {"executed_lines": [], "summary": {"covered_lines": 0, "num_statements": 101, "percent_covered": 0.0, "percent_covered_display": "0.00", "missing_lines": 101, "excluded_lines": 7}, "missing_lines": [2, 7, 8, 9, 12, 14, 15, 16, 17, 18, 21, 27, 28, 30, 31, 33, 41, 42, 43, 45, 48, 82, 83, 84, 87, 88, 89, 90, 93, 94, 107, 108, 109, 111, 112, 113, 114, 115, 116, 119, 120, 121, 122, 124, 125, 126, 127, 129, 130, 133, 134, 136, 137, 142, 144, 145, 148, 149, 153, 155, 156, 162, 164, 165, 166, 169, 170, 171, 174, 175, 177, 178, 181, 182, 183, 185, 186, 187, 188, 189, 190, 191, 193, 194, 196, 197, 198, 199, 201, 202, 204, 205, 206, 207, 209, 212, 214, 215, 216, 218, 339], "excluded_lines": [342, 343, 344, 346, 347, 348, 349]}, "integration_examples_keyword_service.py": {"executed_lines": [], "summary": {"covered_lines": 0, "num_statements": 142, "percent_covered": 0.0, "percent_covered_display": "0.00", "missing_lines": 142, "excluded_lines": 2}, "missing_lines": [6, 7, 8, 9, 12, 14, 15, 16, 17, 20, 25, 26, 29, 32, 35, 43, 49, 50, 51, 52, 53, 54, 55, 58, 60, 61, 62, 63, 66, 67, 71, 74, 88, 89, 92, 93, 94, 95, 96, 98, 100, 103, 108, 109, 112, 113, 116, 133, 134, 137, 139, 140, 141, 144, 149, 150, 153, 154, 157, 160, 162, 163, 164, 166, 167, 170, 171, 174, 179, 180, 183, 184, 187, 195, 201, 202, 204, 205, 207, 208, 210, 211, 214, 215, 216, 217, 220, 225, 226, 229, 230, 233, 241, 243, 244, 247, 250, 251, 252, 254, 255, 256, 259, 264, 265, 270, 331, 332, 334, 335, 336, 337, 338, 339, 342, 344, 345, 347, 348, 349, 350, 351, 352, 353, 355, 356, 357, 358, 359, 360, 361, 362, 363, 365, 366, 367, 368, 369, 371, 372, 373, 374], "excluded_lines": [377, 378]}, "integration_scripts/booking_flow_test.py": {"executed_lines": [2, 6, 7, 8, 10, 11, 12, 14, 22, 114, 164, 191, 216, 237], "summary": {"covered_lines": 13, "num_statements": 137, "percent_covered": 9.489051094890511, "percent_covered_display": "9.49", "missing_lines": 124, "excluded_lines": 2}, "missing_lines": [16, 20, 24, 26, 27, 28, 29, 31, 34, 35, 37, 38, 43, 44, 45, 46, 47, 49, 50, 51, 54, 55, 56, 57, 58, 59, 60, 61, 63, 64, 65, 68, 69, 70, 71, 72, 73, 74, 75, 76, 78, 79, 80, 83, 84, 86, 95, 101, 102, 103, 104, 105, 106, 108, 109, 110, 111, 112, 116, 117, 118, 120, 122, 123, 126, 127, 128, 133, 134, 135, 136, 137, 138, 140, 141, 142, 145, 146, 147, 151, 157, 158, 160, 161, 162, 166, 168, 169, 171, 172, 174, 175, 176, 177, 180, 181, 182, 183, 185, 187, 188, 189, 193, 195, 196, 199, 200, 202, 203, 208, 209, 210, 212, 213, 214, 218, 219, 222, 225, 228, 231, 233, 234, 235], "excluded_lines": [237, 238]}, "location_models.py": {"executed_lines": [1, 5, 6, 7, 8, 9, 12, 13, 14, 15, 16, 17, 20, 21, 22, 23, 24, 25, 28, 29, 30, 31, 32, 33, 34, 37, 38, 39, 40, 41, 42, 45, 46, 47, 49, 50, 51, 52, 53, 54, 55, 56, 57, 58, 59, 60, 61, 62, 63, 64, 65, 66, 67, 68, 69, 72, 73, 77, 78, 79, 81, 82, 83, 84, 85, 86, 87, 88, 89, 90, 93, 94, 95, 97, 98, 99, 100, 101, 102, 103, 104, 105, 106, 107, 108, 109, 110, 111, 112, 113, 114, 115, 116, 117, 118, 119, 120, 121, 122, 125, 128, 129, 130, 132, 133, 134, 135, 136, 137, 138, 139, 140, 141, 142, 143, 144, 147, 148, 149, 151, 152, 153, 154, 155, 156, 157, 158, 159, 160, 161, 162, 163, 164, 165, 166, 169], "summary": {"covered_lines": 126, "num_statements": 126, "percent_covered": 100.0, "percent_covered_display": "100.00", "missing_lines": 0, "excluded_lines": 0}, "missing_lines": [], "excluded_lines": []}, "location_schemas.py": {"executed_lines": [1, 5, 6, 7, 8, 11, 12, 13, 14, 15, 18, 19, 20, 21, 22, 25, 26, 27, 28, 29, 30, 31, 32, 33, 34, 35, 36, 37, 38, 39, 40, 41, 44, 45, 48, 49, 50, 51, 52, 53, 54, 55, 56, 57, 58, 59, 60, 61, 62, 63, 66, 67, 68, 69, 70, 71, 72, 73, 75, 76], "summary": {"covered_lines": 59, "num_statements": 59, "percent_covered": 100.0, "percent_covered_display": "100.00", "missing_lines": 0, "excluded_lines": 0}, "missing_lines": [], "excluded_lines": []}, "main.py": {"executed_lines": [1, 2, 3, 4, 5, 6, 7, 8, 9, 10, 11, 12, 13, 14, 15, 16, 17, 20, 21, 24, 27, 30, 33, 34, 88, 89, 92, 97, 100, 103, 106, 109, 112, 115, 118, 121, 124, 125, 127, 129, 132, 152, 153, 154, 155, 156, 157, 158, 159, 160, 161, 162, 163, 164, 165, 166, 167, 168, 169, 170, 171, 172, 173, 174, 175, 176, 177, 178, 179, 180, 182, 183, 184, 185, 186, 187, 188, 193, 195, 196, 199, 200], "summary": {"covered_lines": 82, "num_statements": 123, "percent_covered": 66.66666666666667, "percent_covered_display": "66.67", "missing_lines": 41, "excluded_lines": 0}, "missing_lines": [36, 38, 46, 47, 50, 51, 52, 53, 54, 56, 59, 60, 61, 65, 66, 68, 69, 70, 73, 74, 76, 78, 79, 80, 83, 84, 85, 93, 94, 128, 130, 197, 202, 205, 206, 207, 208, 209, 210, 212, 214], "excluded_lines": []}, "middleware/__init__.py": {"executed_lines": [1, 5, 11, 16], "summary": {"covered_lines": 3, "num_statements": 3, "percent_covered": 100.0, "percent_covered_display": "100.00", "missing_lines": 0, "excluded_lines": 0}, "missing_lines": [], "excluded_lines": []}, "middleware/financial_security.py": {"executed_lines": [1, 6, 7, 8, 9, 10, 11, 12, 13, 14, 15, 16, 17, 19, 22, 23, 32, 45, 56, 99, 103, 111, 139, 173, 207, 229, 248, 261, 266, 278, 290, 304, 305, 310, 334, 385, 394], "summary": {"covered_lines": 34, "num_statements": 185, "percent_covered": 18.37837837837838, "percent_covered_display": "18.38", "missing_lines": 151, "excluded_lines": 0}, "missing_lines": [46, 47, 48, 51, 52, 53, 54, 60, 61, 64, 65, 66, 67, 70, 72, 75, 76, 79, 80, 81, 84, 86, 87, 91, 94, 95, 97, 101, 106, 107, 108, 109, 113, 114, 116, 117, 119, 120, 121, 122, 124, 125, 127, 128, 131, 133, 137, 141, 144, 145, 146, 147, 148, 149, 150, 151, 152, 155, 156, 157, 158, 159, 160, 163, 164, 165, 168, 169, 171, 180, 182, 183, 185, 186, 189, 190, 193, 194, 195, 198, 199, 200, 201, 202, 204, 205, 209, 210, 212, 213, 215, 216, 219, 222, 224, 225, 227, 231, 232, 234, 235, 237, 238, 239, 240, 243, 250, 264, 268, 269, 270, 272, 273, 274, 275, 276, 280, 292, 311, 314, 327, 345, 346, 347, 350, 351, 352, 353, 355, 356, 358, 361, 363, 365, 366, 367, 368, 369, 372, 373, 375, 377, 378, 380, 383, 388, 389, 390, 391, 397, 398], "excluded_lines": []}, "middleware/mfa_enforcement.py": {"executed_lines": [1, 7, 8, 9, 10, 11, 12, 13, 14, 15, 16, 17, 19, 20, 21, 22, 23, 25, 28, 29, 40, 82, 89, 96, 157, 180, 215, 234, 267, 275, 282, 307, 320, 336, 370, 390, 401, 402, 407, 410, 419, 423], "summary": {"covered_lines": 39, "num_statements": 165, "percent_covered": 23.636363636363637, "percent_covered_display": "23.64", "missing_lines": 126, "excluded_lines": 0}, "missing_lines": [90, 92, 94, 100, 101, 104, 105, 106, 109, 110, 113, 114, 116, 118, 120, 123, 125, 133, 136, 139, 148, 149, 152, 155, 159, 162, 163, 166, 167, 168, 171, 173, 174, 175, 176, 178, 182, 184, 185, 186, 189, 190, 197, 198, 199, 201, 202, 203, 204, 206, 208, 209, 210, 211, 212, 213, 217, 218, 222, 223, 225, 230, 231, 232, 237, 238, 240, 242, 243, 246, 247, 249, 250, 253, 255, 256, 259, 260, 262, 263, 265, 270, 271, 272, 273, 277, 278, 279, 280, 292, 293, 301, 302, 303, 304, 305, 309, 322, 346, 349, 352, 362, 363, 366, 368, 376, 378, 379, 380, 383, 387, 388, 392, 393, 397, 398, 408, 417, 421, 425, 426, 428, 429, 431, 432, 434], "excluded_lines": []}, "middleware/multi_tenancy.py": {"executed_lines": [1, 6, 7, 8, 9, 10, 11, 12, 14, 17, 18, 19, 26, 27, 32, 36, 50, 57, 63, 101, 105, 109, 122, 167, 210, 243, 244, 249, 254, 260, 274, 286, 299], "summary": {"covered_lines": 29, "num_statements": 122, "percent_covered": 23.770491803278688, "percent_covered_display": "23.77", "missing_lines": 93, "excluded_lines": 0}, "missing_lines": [20, 33, 59, 60, 61, 67, 68, 71, 72, 74, 77, 78, 79, 82, 83, 86, 87, 90, 93, 98, 99, 103, 107, 111, 112, 113, 116, 119, 134, 136, 138, 140, 142, 145, 146, 149, 150, 153, 154, 159, 164, 184, 185, 188, 189, 190, 192, 197, 198, 199, 201, 205, 220, 221, 222, 224, 225, 227, 228, 234, 237, 239, 240, 250, 251, 252, 256, 257, 258, 262, 263, 265, 266, 269, 270, 272, 276, 277, 279, 280, 284, 288, 289, 291, 292, 293, 297, 301, 302, 304, 305, 306, 310], "excluded_lines": []}, "middleware/performance.py": {"executed_lines": [], "summary": {"covered_lines": 0, "num_statements": 134, "percent_covered": 0.0, "percent_covered_display": "0.00", "missing_lines": 134, "excluded_lines": 0}, "missing_lines": [12, 13, 14, 15, 16, 17, 18, 19, 22, 23, 25, 30, 31, 32, 33, 35, 37, 40, 43, 46, 49, 50, 53, 54, 60, 69, 70, 73, 74, 75, 76, 78, 80, 82, 83, 85, 90, 91, 93, 95, 106, 108, 110, 111, 112, 113, 114, 116, 117, 118, 119, 120, 121, 128, 130, 135, 137, 139, 141, 143, 146, 147, 149, 151, 156, 157, 160, 161, 163, 166, 171, 172, 174, 175, 176, 178, 179, 181, 182, 185, 187, 191, 194, 196, 198, 199, 201, 204, 205, 206, 207, 210, 211, 214, 216, 217, 218, 220, 221, 222, 224, 226, 227, 228, 229, 230, 232, 233, 235, 236, 237, 238, 239, 241, 244, 246, 247, 249, 250, 252, 255, 256, 257, 258, 259, 261, 264, 267, 268, 269, 270, 271, 273, 275], "excluded_lines": []}, "middleware/request_validation.py": {"executed_lines": [1, 6, 7, 8, 9, 10, 11, 12, 13, 14, 15, 16, 18, 19, 21, 22, 25, 26, 28, 60, 61, 66, 82, 127, 150, 167, 187, 208, 246, 259, 315, 342, 361, 381, 382, 386, 393, 413, 433, 434, 438, 444], "summary": {"covered_lines": 37, "num_statements": 196, "percent_covered": 18.877551020408163, "percent_covered_display": "18.88", "missing_lines": 159, "excluded_lines": 0}, "missing_lines": [29, 32, 33, 34, 35, 36, 39, 51, 54, 55, 57, 67, 68, 69, 77, 84, 85, 88, 90, 92, 95, 98, 99, 102, 104, 106, 108, 109, 111, 116, 118, 119, 120, 122, 131, 132, 138, 141, 144, 147, 148, 153, 154, 155, 161, 162, 169, 171, 172, 178, 181, 182, 190, 191, 194, 195, 196, 202, 203, 211, 213, 214, 220, 223, 224, 230, 231, 232, 233, 234, 236, 239, 240, 241, 242, 244, 248, 249, 250, 251, 257, 262, 263, 268, 270, 271, 276, 278, 279, 284, 285, 291, 293, 295, 296, 301, 302, 304, 306, 307, 313, 317, 318, 319, 320, 326, 327, 328, 329, 330, 333, 334, 335, 340, 344, 345, 348, 350, 351, 352, 356, 364, 374, 375, 376, 378, 387, 388, 395, 396, 398, 399, 405, 406, 411, 417, 418, 421, 430, 439, 440, 441, 442, 446, 447, 450, 451, 454, 457, 460, 461, 462, 467, 468, 473, 476, 477, 478, 487], "excluded_lines": []}, "middleware/security.py": {"executed_lines": [], "summary": {"covered_lines": 0, "num_statements": 158, "percent_covered": 0.0, "percent_covered_display": "0.00", "missing_lines": 158, "excluded_lines": 0}, "missing_lines": [13, 14, 15, 16, 17, 18, 19, 20, 21, 22, 25, 26, 28, 33, 34, 36, 37, 40, 84, 85, 88, 89, 92, 94, 96, 101, 102, 104, 105, 107, 117, 122, 124, 125, 128, 129, 132, 133, 134, 136, 137, 142, 144, 145, 147, 149, 151, 152, 155, 156, 157, 161, 162, 163, 164, 165, 169, 170, 171, 174, 176, 178, 179, 180, 182, 185, 186, 187, 190, 191, 192, 193, 195, 197, 202, 203, 204, 205, 213, 214, 215, 218, 219, 220, 221, 222, 224, 226, 228, 229, 231, 233, 234, 235, 241, 243, 244, 249, 251, 256, 257, 258, 260, 262, 263, 272, 274, 275, 277, 280, 281, 283, 285, 287, 289, 297, 299, 301, 303, 308, 309, 310, 312, 314, 315, 318, 319, 320, 325, 327, 329, 330, 332, 333, 335, 336, 339, 340, 342, 343, 344, 347, 349, 350, 352, 354, 356, 358, 360, 362, 363, 366, 369, 370, 371, 373, 375, 377], "excluded_lines": []}, "middleware/sentry_middleware.py": {"executed_lines": [1, 13, 14, 15, 16, 17, 19, 20, 21, 22, 23, 24, 26, 28, 31, 32, 43, 63, 118, 143, 190, 238, 280, 312, 354, 393, 397, 424, 438], "summary": {"covered_lines": 27, "num_statements": 177, "percent_covered": 15.254237288135593, "percent_covered_display": "15.25", "missing_lines": 150, "excluded_lines": 0}, "missing_lines": [44, 45, 48, 57, 66, 69, 70, 72, 75, 78, 81, 94, 97, 100, 103, 104, 106, 108, 110, 113, 116, 122, 123, 124, 127, 128, 131, 141, 146, 148, 149, 150, 152, 155, 156, 157, 160, 161, 162, 163, 166, 174, 175, 176, 177, 178, 179, 181, 183, 185, 187, 188, 193, 194, 197, 198, 199, 200, 201, 202, 203, 204, 205, 206, 209, 210, 211, 212, 213, 214, 215, 218, 221, 222, 223, 224, 225, 226, 227, 230, 231, 243, 244, 247, 248, 249, 250, 251, 252, 254, 256, 259, 267, 270, 273, 283, 286, 287, 293, 294, 300, 301, 317, 325, 328, 329, 332, 340, 341, 342, 343, 344, 345, 346, 347, 348, 349, 352, 357, 360, 361, 364, 365, 368, 369, 372, 373, 376, 377, 380, 381, 384, 385, 388, 389, 391, 395, 401, 402, 404, 407, 408, 409, 412, 413, 414, 417, 418, 420, 434], "excluded_lines": []}, "models.py": {"executed_lines": [1, 2, 3, 4, 5, 6, 9, 16, 17, 19, 20, 21, 22, 23, 24, 25, 26, 27, 30, 31, 32, 35, 36, 37, 40, 41, 44, 47, 50, 53, 54, 55, 56, 57, 58, 60, 61, 64, 65, 66, 67, 73, 74, 76, 77, 78, 79, 80, 81, 82, 83, 84, 85, 86, 87, 90, 91, 92, 95, 98, 99, 100, 103, 104, 105, 106, 107, 110, 113, 116, 117, 118, 119, 120, 121, 122, 124, 125, 127, 128, 129, 130, 131, 132, 133, 134, 135, 138, 139, 140, 143, 144, 145, 146, 149, 150, 152, 153, 156, 157, 158, 159, 160, 162, 163, 165, 166, 167, 168, 169, 170, 173, 175, 179, 184, 185, 187, 190, 191, 192, 193, 196, 197, 198, 201, 202, 203, 206, 207, 208, 211, 212, 213, 216, 219, 220, 222, 248, 262, 263, 281, 282, 284, 287, 288, 289, 290, 291, 294, 295, 296, 297, 298, 301, 302, 303, 304, 305, 308, 309, 310, 311, 314, 317, 320, 321, 322, 323, 326, 327, 330, 331, 332, 333, 336, 337, 338, 340, 341, 346, 347, 349, 350, 351, 352, 353, 354, 355, 356, 357, 360, 361, 364, 365, 367, 368, 369, 370, 371, 372, 373, 374, 375, 376, 377, 380, 383, 384, 386, 387, 388, 389, 390, 393, 394, 395, 396, 397, 400, 401, 404, 405, 406, 407, 410, 411, 413, 427, 428, 429, 430, 431, 432, 433, 434, 435, 439, 450, 461, 462, 464, 467, 468, 469, 470, 473, 474, 475, 478, 479, 482, 483, 484, 485, 488, 489, 490, 493, 494, 497, 500, 503, 504, 505, 508, 509, 510, 513, 522, 528, 542, 557, 558, 559, 561, 562, 565, 568, 569, 570, 571, 572, 575, 576, 579, 582, 583, 586, 588, 599, 600, 601, 603, 604, 607, 610, 611, 612, 613, 614, 617, 618, 619, 622, 623, 626, 627, 628, 631, 634, 635, 637, 638, 639, 640, 641, 642, 643, 644, 645, 648, 649, 651, 652, 655, 656, 657, 658, 659, 662, 663, 664, 665, 666, 669, 671, 672, 675, 678, 679, 680, 681, 682, 685, 686, 688, 689, 690, 691, 692, 693, 694, 695, 696, 697, 698, 699, 700, 701, 702, 703, 706, 707, 711, 712, 713, 715, 716, 717, 718, 719, 722, 723, 724, 727, 728, 731, 732, 734, 735, 738, 739, 740, 743, 744, 745, 748, 749, 750, 751, 752, 753, 756, 757, 758, 760, 761, 764, 765, 768, 769, 772, 773, 776, 779, 780, 781, 782, 785, 786, 789, 791, 792, 795, 796, 800, 801, 802, 804, 805, 808, 811, 812, 815, 818, 821, 822, 825, 828, 829, 830, 832, 833, 836, 837, 840, 841, 844, 845, 848, 849, 852, 855, 856, 859, 860, 863, 864, 865, 867, 868, 871, 874, 875, 878, 881, 884, 885, 888, 892, 893, 894, 896, 897, 898, 899, 900, 901, 904, 907, 908, 911, 914, 915, 916, 919, 920, 921, 922, 925, 926, 927, 930, 931, 932, 933, 936, 937, 940, 941, 942, 943, 944, 946, 947, 950, 951, 952, 953, 954, 957, 965, 969, 982, 983, 984, 986, 987, 990, 991, 994, 995, 996, 997, 998, 1001, 1002, 1005, 1006, 1009, 1010, 1011, 1012, 1015, 1020, 1021, 1022, 1024, 1025, 1028, 1029, 1030, 1033, 1034, 1035, 1036, 1039, 1040, 1043, 1044, 1045, 1048, 1049, 1052, 1053, 1054, 1056, 1059, 1060, 1061, 1064, 1065, 1066, 1069, 1070, 1073, 1074, 1075, 1078, 1079, 1080, 1083, 1086, 1091, 1092, 1093, 1095, 1096, 1097, 1100, 1101, 1104, 1105, 1108, 1109, 1112, 1113, 1114, 1117, 1118, 1119, 1122, 1123, 1124, 1125, 1129, 1130, 1133, 1139, 1140, 1141, 1143, 1144, 1145, 1148, 1149, 1152, 1153, 1154, 1155, 1158, 1159, 1160, 1161, 1164, 1165, 1168, 1169, 1170, 1173, 1174, 1175, 1187, 1188, 1189, 1191, 1192, 1195, 1196, 1199, 1202, 1203, 1204, 1205, 1208, 1209, 1212, 1213, 1214, 1217, 1224, 1225, 1226, 1227, 1228, 1229, 1230, 1233, 1234, 1235, 1236, 1237, 1238, 1241, 1242, 1243, 1244, 1245, 1246, 1247, 1248, 1249, 1250, 1251, 1252, 1255, 1256, 1257, 1259, 1260, 1261, 1262, 1263, 1266, 1267, 1268, 1269, 1272, 1273, 1274, 1275, 1278, 1279, 1280, 1283, 1284, 1285, 1286, 1287, 1288, 1291, 1292, 1294, 1295, 1301, 1314, 1315, 1316, 1318, 1319, 1322, 1323, 1326, 1327, 1330, 1331, 1332, 1333, 1336, 1337, 1338, 1341, 1342, 1343, 1346, 1347, 1348, 1351, 1353, 1354, 1358, 1359, 1369, 1388, 1399, 1414, 1415, 1416, 1418, 1419, 1420, 1421, 1424, 1425, 1426, 1429, 1430, 1433, 1434, 1435, 1438, 1439, 1440, 1441, 1444, 1445, 1446, 1447, 1448, 1451, 1452, 1453, 1455, 1456, 1457, 1458, 1459, 1462, 1463, 1464, 1465, 1468, 1469, 1472, 1473, 1474, 1477, 1480, 1481, 1482, 1484, 1485, 1486, 1487, 1490, 1491, 1492, 1495, 1496, 1499, 1500, 1501, 1503, 1504, 1505, 1506, 1507, 1510, 1511, 1512, 1515, 1518, 1519, 1520, 1522, 1523, 1524, 1525, 1528, 1529, 1532, 1537, 1538, 1539, 1541, 1542, 1545, 1546, 1547, 1550, 1551, 1554, 1555, 1556, 1559, 1560, 1563, 1564, 1565, 1566, 1569, 1570, 1573, 1576, 1577, 1578, 1580, 1581, 1582, 1585, 1586, 1587, 1588, 1591, 1592, 1595, 1596, 1597, 1600, 1601, 1604, 1605, 1608, 1617, 1618, 1619, 1621, 1622, 1625, 1626, 1627, 1630, 1631, 1632, 1633, 1634, 1635, 1636, 1637, 1638, 1639, 1642, 1643, 1644, 1645, 1646, 1647, 1648, 1649, 1650, 1653, 1654, 1657, 1660, 1661, 1662, 1663, 1666, 1667, 1668, 1669, 1670, 1673, 1676, 1677, 1680, 1681, 1683, 1688, 1698, 1729, 1735, 1765, 1813, 1814, 1815, 1817, 1818, 1819, 1822, 1823, 1824, 1825, 1828, 1829, 1830, 1833, 1834, 1837, 1838, 1839, 1841, 1842, 1843, 1844, 1847, 1848, 1849, 1852, 1853, 1854, 1857, 1858, 1859, 1862, 1865, 1868, 1869, 1870, 1872, 1873, 1874, 1875, 1878, 1879, 1880, 1881, 1884, 1885, 1888, 1891, 1892, 1899, 1900, 1901, 1903, 1906, 1907, 1908, 1909, 1912, 1913, 1916, 1917, 1918, 1921, 1922, 1923, 1926, 1927, 1928, 1931, 1932, 1933, 1936, 1937, 1940, 1942, 1945, 1946, 1950, 1953, 1954, 1955, 1957, 1960, 1961, 1962, 1965, 1966, 1967, 1970, 1971, 1972, 1974, 1975, 1976, 1979, 1980, 1981, 1982, 1985, 1986, 1989, 1990, 1991, 1993, 1996, 1997, 2000, 2001, 2004, 2005, 2006, 2009, 2010, 2011, 2013, 2014, 2015, 2016, 2019, 2020, 2021, 2022, 2023, 2024, 2027, 2028, 2031, 2032, 2033, 2035, 2036, 2039, 2044, 2045, 2046, 2048, 2051, 2052, 2055, 2056, 2059, 2060, 2063, 2064, 2065, 2068, 2069, 2070, 2073, 2074, 2075, 2078, 2079, 2082, 2085, 2086, 2087, 2090, 2091, 2094, 2095, 2096, 2098, 2101, 2102, 2103, 2106, 2107, 2108, 2109, 2112, 2113, 2116, 2117, 2120, 2121, 2124, 2125, 2126, 2129, 2130, 2131, 2134, 2137, 2138, 2141, 2144, 2145, 2146, 2148, 2151, 2152, 2155, 2156, 2157, 2158, 2161, 2162, 2163, 2166, 2167, 2168, 2171, 2174, 2175, 2182, 2183, 2184, 2186, 2187, 2188, 2189, 2190, 2191, 2192, 2193, 2194, 2195, 2196, 2199, 2200, 2201, 2203, 2204, 2205, 2206, 2207, 2208, 2209, 2210, 2211, 2212, 2215, 2216], "summary": {"covered_lines": 1079, "num_statements": 1205, "percent_covered": 89.54356846473028, "percent_covered_display": "89.54", "missing_lines": 126, "excluded_lines": 0}, "missing_lines": [10, 177, 181, 231, 234, 235, 236, 239, 240, 241, 243, 244, 246, 257, 259, 260, 265, 343, 415, 416, 417, 418, 419, 420, 421, 422, 423, 531, 538, 539, 540, 545, 552, 553, 554, 590, 591, 593, 594, 596, 959, 960, 961, 962, 963, 967, 971, 972, 975, 977, 979, 1297, 1298, 1299, 1303, 1304, 1306, 1307, 1308, 1310, 1311, 1356, 1361, 1362, 1363, 1371, 1372, 1373, 1374, 1375, 1378, 1379, 1380, 1382, 1383, 1384, 1386, 1390, 1391, 1392, 1394, 1395, 1397, 1401, 1402, 1403, 1406, 1407, 1409, 1410, 1684, 1685, 1686, 1690, 1691, 1693, 1695, 1696, 1710, 1711, 1712, 1713, 1716, 1717, 1718, 1719, 1722, 1723, 1724, 1727, 1731, 1732, 1733, 1745, 1746, 1748, 1749, 1752, 1753, 1755, 1756, 1757, 1760, 1761, 1763, 1767], "excluded_lines": []}, "models/__init__.py": {"executed_lines": [1, 7, 8, 11, 12, 13, 14, 17, 18, 19, 20, 21, 22, 23, 24, 25, 26, 27, 28, 29, 30, 31, 32, 33, 34, 35, 36, 37, 38, 39, 40, 41, 42, 43, 44, 45, 46, 47, 48, 49, 50, 51, 52, 53, 54, 55, 56, 57, 58, 59, 60, 61, 62, 63, 64, 65, 66, 69, 70, 73, 76, 77, 78, 82, 83, 84, 88, 92, 96, 100], "summary": {"covered_lines": 69, "num_statements": 69, "percent_covered": 100.0, "percent_covered_display": "100.00", "missing_lines": 0, "excluded_lines": 0}, "missing_lines": [], "excluded_lines": []}, "models/ai_analytics.py": {"executed_lines": [1, 6, 7, 8, 9, 11, 12, 13, 15, 18, 23, 24, 25, 26, 27, 28, 29, 30, 31, 34, 35, 36, 37, 38, 39, 40, 41, 42, 43, 46, 47, 48, 49, 50, 51, 52, 55, 56, 60, 62, 65, 66, 67, 70, 71, 72, 75, 76, 77, 78, 79, 80, 81, 82, 85, 88, 89, 90, 93, 100, 101, 105, 107, 110, 111, 112, 115, 116, 117, 120, 121, 122, 125, 126, 127, 130, 131, 132, 133, 134, 135, 138, 139, 140, 143, 146, 154, 155, 159, 161, 164, 165, 168, 169, 170, 173, 174, 175, 176, 179, 180, 181, 182, 183, 186, 187, 190, 191, 192, 195, 202, 203, 206, 208, 211, 212, 213, 216, 217, 220, 221, 222, 225, 226, 227, 228, 229, 230, 231, 234, 235, 238, 239, 240, 241, 244, 245, 248, 254, 255, 258, 260, 263, 264, 265, 268, 269, 270, 271, 272, 275, 276, 277, 280, 281, 282, 285, 286, 287, 288, 291, 294], "summary": {"covered_lines": 153, "num_statements": 154, "percent_covered": 99.35064935064935, "percent_covered_display": "99.35", "missing_lines": 1, "excluded_lines": 0}, "missing_lines": [20], "excluded_lines": []}, "models/api_key.py": {"executed_lines": [1, 5, 6, 7, 8, 10, 13, 14, 15, 16, 17, 18, 21, 22, 28, 30, 33, 34, 37, 38, 39, 40, 43, 44, 45, 48, 49, 50, 51, 54, 55, 58, 59, 60, 61, 62, 65, 71, 74, 75, 85, 86, 90, 112, 116, 120, 127], "summary": {"covered_lines": 43, "num_statements": 74, "percent_covered": 58.108108108108105, "percent_covered_display": "58.11", "missing_lines": 31, "excluded_lines": 2}, "missing_lines": [77, 78, 80, 81, 83, 88, 92, 93, 96, 97, 100, 101, 104, 105, 106, 107, 108, 110, 114, 118, 122, 123, 125, 129, 130, 133, 134, 135, 136, 137, 139], "excluded_lines": [71, 72]}, "models/cancellation.py": {"executed_lines": [1, 2, 3, 4, 5, 8, 11, 12, 13, 14, 15, 16, 17, 18, 19, 21, 22, 23, 24, 25, 27, 28, 29, 31, 34, 35, 36, 37, 40, 41, 44, 45, 46, 49, 50, 51, 54, 55, 56, 59, 60, 63, 64, 65, 68, 69, 72, 73, 74, 77, 78, 81, 82, 83, 86, 89, 90, 91, 93, 94, 95, 97, 100, 101, 104, 105, 106, 107, 110, 111, 114, 115, 116, 117, 118, 119, 122, 123, 124, 125, 128, 129, 130, 133, 134, 137, 138, 139, 142, 145, 146, 149, 150, 151, 152, 153, 154, 156, 157, 158, 160, 163, 164, 167, 168, 169, 172, 173, 174, 175, 176, 179, 180, 181, 184, 185, 186, 187, 190, 191, 192, 193, 196, 197, 198, 201, 202, 205, 206, 207, 210, 211, 212, 213, 214, 215, 217, 218, 219, 221, 222, 225, 226, 229, 230, 233, 236, 237], "summary": {"covered_lines": 144, "num_statements": 145, "percent_covered": 99.3103448275862, "percent_covered_display": "99.31", "missing_lines": 1, "excluded_lines": 0}, "missing_lines": [9], "excluded_lines": []}, "models/consent.py": {"executed_lines": [1, 6, 7, 8, 9, 10, 11, 12, 15, 17, 20, 25, 30, 31, 32, 33, 34, 35, 36, 37, 39, 40, 41, 42, 45, 46, 47, 48, 49, 50, 53, 54, 55, 56, 57, 58, 61, 62, 63, 64, 65, 66, 67, 68, 71, 72, 73, 74, 75, 76, 77, 80, 81, 85, 87, 88, 89, 90, 93, 94, 97, 98, 99, 100, 103, 104, 107, 109, 112, 123, 134, 135, 139, 141, 142, 143, 146, 147, 148, 149, 152, 153, 156, 157, 160, 161, 164, 166, 169, 173, 186, 187, 191, 193, 194, 197, 198, 199, 202, 203, 206, 207, 210, 211, 214, 217, 219, 223, 224, 228, 230, 231, 232, 235, 238, 239, 240, 243, 244, 245, 246, 249, 250, 253, 254, 257, 259, 262, 267, 276, 282, 289, 290, 294, 296, 297, 298, 301, 302, 303, 304, 307, 308, 311, 312, 313, 316, 319, 320, 322], "summary": {"covered_lines": 134, "num_statements": 175, "percent_covered": 76.57142857142857, "percent_covered_display": "76.57", "missing_lines": 41, "excluded_lines": 10}, "missing_lines": [22, 27, 114, 115, 116, 117, 118, 119, 120, 121, 125, 126, 127, 128, 129, 130, 131, 171, 175, 176, 177, 178, 179, 180, 181, 182, 183, 264, 265, 269, 270, 271, 272, 273, 274, 278, 279, 280, 284, 285, 286], "excluded_lines": [109, 110, 166, 167, 219, 220, 259, 260, 322, 323]}, "models/idempotency.py": {"executed_lines": [1, 8, 9, 10, 11, 13, 16, 17, 27, 29, 32, 35, 38, 41, 44, 47, 48, 51, 54, 65, 68, 69, 73, 89, 90, 93, 94, 95, 98, 99, 102, 103, 106, 107, 110, 111, 112, 115, 116, 119, 120, 124, 138], "summary": {"covered_lines": 39, "num_statements": 56, "percent_covered": 69.64285714285714, "percent_covered_display": "69.64", "missing_lines": 17, "excluded_lines": 2}, "missing_lines": [71, 75, 126, 127, 129, 130, 133, 134, 135, 140, 141, 143, 145, 147, 148, 149, 151], "excluded_lines": [65, 66]}, "models/integration.py": {"executed_lines": [1, 6, 7, 8, 9, 10, 11, 14, 16, 17, 20, 25, 26, 27, 28, 29, 30, 31, 32, 33, 34, 35, 36, 37, 38, 39, 40, 43, 44, 45, 46, 47, 48, 49, 50, 53, 54, 58, 61, 62, 63, 64, 67, 68, 69, 72, 73, 74, 77, 78, 79, 82, 83, 84, 85, 86, 87, 90, 91, 92, 95, 97, 100, 106, 113, 120], "summary": {"covered_lines": 61, "num_statements": 79, "percent_covered": 77.21518987341773, "percent_covered_display": "77.22", "missing_lines": 18, "excluded_lines": 2}, "missing_lines": [22, 102, 103, 104, 108, 109, 110, 111, 115, 116, 117, 118, 122, 123, 124, 127, 128, 130], "excluded_lines": [97, 98]}, "models/mfa.py": {"executed_lines": [1, 6, 7, 8, 9, 10, 12, 15, 16, 19, 21, 24, 25, 28, 31, 32, 35, 36, 39, 40, 41, 44, 45, 46, 47, 50, 54, 58, 59, 63, 65, 68, 69, 72, 75, 76, 79, 80, 83, 88, 91, 92, 108, 109, 112, 114, 117, 118, 121, 122, 123, 124, 127, 128, 131, 132, 135, 136, 139, 140, 141, 144, 150, 153, 154, 161, 162, 165, 167, 170, 171, 174, 175, 176, 179, 180, 181, 184, 187, 192], "summary": {"covered_lines": 71, "num_statements": 81, "percent_covered": 87.65432098765432, "percent_covered_display": "87.65", "missing_lines": 10, "excluded_lines": 8}, "missing_lines": [95, 97, 100, 101, 102, 103, 105, 156, 157, 158], "excluded_lines": [54, 55, 88, 89, 150, 151, 192, 193]}, "models/notification_preferences.py": {"executed_lines": [], "summary": {"covered_lines": 0, "num_statements": 164, "percent_covered": 0.0, "percent_covered_display": "0.00", "missing_lines": 164, "excluded_lines": 0}, "missing_lines": [1, 2, 3, 4, 5, 6, 9, 10, 12, 14, 16, 17, 20, 21, 22, 25, 26, 27, 28, 29, 30, 31, 32, 33, 34, 37, 38, 39, 40, 41, 42, 43, 44, 45, 48, 49, 52, 55, 56, 57, 58, 61, 62, 63, 64, 65, 68, 71, 72, 75, 76, 78, 79, 80, 81, 83, 85, 87, 88, 90, 102, 103, 104, 105, 108, 109, 110, 111, 114, 115, 116, 119, 121, 123, 124, 125, 127, 137, 138, 140, 141, 144, 145, 147, 148, 149, 152, 153, 155, 157, 159, 205, 207, 209, 210, 211, 214, 215, 216, 217, 220, 221, 222, 225, 226, 229, 231, 233, 234, 235, 236, 239, 240, 241, 244, 245, 246, 249, 250, 251, 254, 257, 260, 262, 264, 265, 266, 267, 270, 271, 272, 273, 276, 277, 280, 283, 284, 287, 289, 291, 292, 293, 294, 297, 298, 301, 302, 303, 306, 307, 308, 311, 312, 315, 316, 317, 320, 321, 324, 325, 326, 329, 330, 333], "excluded_lines": []}, "models/product.py": {"executed_lines": [1, 6, 7, 8, 9, 10, 11, 12, 15, 17, 20, 25, 26, 27, 28, 29, 30, 33, 34, 35, 36, 37, 38, 39, 42, 43, 44, 45, 46, 47, 48, 49, 50, 51, 54, 55, 56, 57, 58, 59, 62, 63, 66, 69, 70, 71, 72, 73, 76, 77, 78, 81, 82, 83, 86, 87, 88, 91, 92, 93, 96, 97, 98, 101, 102, 103, 104, 107, 108, 111, 112, 113, 115, 119, 120, 123, 126, 127, 128, 129, 132, 133, 134, 135, 138, 139, 140, 143, 144, 145, 146, 149, 150, 151, 154, 155, 158, 159, 162, 163, 166, 167, 169, 173, 174, 177, 180, 181, 182, 183, 186, 187, 188, 189, 190, 193, 194, 197, 198, 201, 202, 205, 206, 209, 211, 212, 216, 217, 221, 225, 226, 229, 232, 233, 234, 237, 238, 239, 242, 243, 244, 245, 248, 249, 250, 251, 252, 253, 256, 257, 258, 261, 262, 263, 264, 267, 268, 271, 272, 273, 276, 277, 278, 279, 280, 281, 284, 285, 286, 287, 289, 293, 294, 297, 300, 301, 302, 303, 304, 307, 308, 309, 312, 313, 314, 315, 318, 319, 320, 323, 324, 327, 328, 329, 332, 335, 336, 339, 340, 341, 343, 347, 348, 352, 355, 356, 359, 360, 361, 364, 365, 366, 367, 370, 371, 372, 373, 374, 377, 378, 381, 382, 383, 384, 387, 388, 391, 392, 393, 396, 397, 398, 400], "summary": {"covered_lines": 216, "num_statements": 219, "percent_covered": 98.63013698630137, "percent_covered_display": "98.63", "missing_lines": 3, "excluded_lines": 12}, "missing_lines": [22, 214, 219], "excluded_lines": [115, 116, 169, 170, 221, 222, 289, 290, 343, 344, 400, 401]}, "models/review.py": {"executed_lines": [1, 6, 7, 8, 9, 10, 11, 14, 16, 17, 20, 25, 26, 27, 28, 29, 30, 31, 32, 33, 34, 37, 38, 39, 40, 41, 42, 45, 46, 47, 48, 49, 50, 51, 54, 55, 56, 57, 58, 59, 62, 63, 64, 65, 66, 67, 68, 69, 70, 71, 72, 75, 76, 80, 83, 84, 85, 88, 89, 90, 93, 94, 95, 96, 97, 98, 99, 100, 101, 102, 103, 104, 107, 108, 109, 110, 113, 114, 115, 116, 117, 120, 123, 124, 125, 126, 129, 130, 131, 132, 133, 136, 137, 138, 141, 142, 145, 146, 147, 149, 152, 153, 157, 158, 162, 163, 171, 172, 180, 191, 200, 213, 214, 218, 221, 222, 223, 226, 227, 228, 231, 232, 233, 234, 237, 238, 239, 242, 243, 244, 247, 248, 251, 252, 255, 256, 259, 260, 262, 265, 266, 275, 280, 289, 301, 302, 306, 309, 310, 313, 314, 315, 316, 319, 320, 323, 324, 325, 326, 329, 330, 331, 332, 335, 336, 337, 340, 341, 342, 345, 346, 347, 350, 352, 355, 379, 400], "summary": {"covered_lines": 165, "num_statements": 226, "percent_covered": 73.00884955752213, "percent_covered_display": "73.01", "missing_lines": 61, "excluded_lines": 6}, "missing_lines": [22, 155, 160, 165, 174, 182, 183, 184, 185, 186, 187, 188, 189, 193, 194, 195, 196, 197, 198, 202, 203, 204, 205, 210, 268, 277, 278, 282, 283, 284, 285, 286, 287, 291, 292, 293, 297, 298, 358, 359, 360, 361, 364, 365, 368, 369, 372, 373, 374, 375, 377, 381, 384, 391, 392, 395, 396, 398, 402, 403, 404], "excluded_lines": [149, 150, 262, 263, 352, 353]}, "models/tracking.py": {"executed_lines": [1, 6, 10, 11, 12, 13, 15, 18, 19, 20, 21, 22, 23, 24, 25, 26, 27, 28, 29, 32, 33, 34, 35, 36, 37, 38, 39, 42, 43, 44, 45, 46, 47, 50, 51, 55, 57, 58, 61, 62, 63, 66, 67, 68, 71, 72, 73, 74, 75, 78, 79, 80, 81, 82, 83, 84, 87, 88, 89, 90, 91, 92, 95, 96, 99, 102, 103, 106, 107, 110, 117, 121, 122, 126, 128, 129, 130, 133, 134, 135, 136, 139, 140, 143, 146, 147, 149, 153, 154, 158, 160, 161, 164, 165, 166, 169, 170, 171, 174, 175, 176, 179, 180, 181, 184, 185, 186, 189, 190, 193, 194, 197, 199, 203, 204, 208, 210, 211, 214, 215, 216, 217, 220, 221, 224, 227, 230, 231, 234, 235, 238, 241, 246, 250, 251, 255, 257, 258, 261, 262, 263, 264, 267, 268, 271, 272, 275, 276, 277, 278, 281, 282, 283, 284, 285, 288, 291, 292, 293, 296, 299, 305, 320, 325], "summary": {"covered_lines": 150, "num_statements": 160, "percent_covered": 93.75, "percent_covered_display": "93.75", "missing_lines": 10, "excluded_lines": 10}, "missing_lines": [307, 308, 310, 311, 312, 314, 315, 317, 318, 339], "excluded_lines": [117, 118, 149, 150, 199, 200, 246, 247, 320, 321]}, "routers/__init__.py": {"executed_lines": [0], "summary": {"covered_lines": 0, "num_statements": 0, "percent_covered": 100.0, "percent_covered_display": "100.00", "missing_lines": 0, "excluded_lines": 0}, "missing_lines": [], "excluded_lines": []}, "routers/ai_analytics.py": {"executed_lines": [1, 8, 9, 10, 11, 12, 14, 15, 16, 17, 18, 19, 20, 22, 25, 26, 27, 28, 29, 32, 33, 34, 35, 36, 39, 40, 41, 44, 61, 62, 124, 125, 195, 196, 231, 232, 324, 325, 388, 389, 430, 431, 500, 522, 542, 562, 593, 606, 618, 630, 641, 656], "summary": {"covered_lines": 48, "num_statements": 189, "percent_covered": 25.396825396825395, "percent_covered_display": "25.40", "missing_lines": 141, "excluded_lines": 0}, "missing_lines": [46, 48, 58, 72, 75, 82, 83, 84, 90, 92, 93, 95, 100, 101, 102, 104, 110, 112, 114, 116, 139, 140, 146, 147, 148, 153, 154, 157, 158, 159, 162, 163, 164, 165, 166, 167, 169, 189, 190, 191, 192, 206, 207, 212, 213, 214, 216, 227, 228, 243, 244, 249, 250, 252, 253, 259, 281, 282, 284, 292, 293, 295, 302, 303, 305, 313, 318, 319, 320, 321, 335, 336, 341, 342, 343, 346, 349, 352, 355, 376, 384, 385, 399, 400, 405, 406, 407, 410, 418, 426, 427, 441, 442, 445, 447, 457, 458, 459, 465, 487, 494, 495, 503, 505, 507, 508, 509, 510, 512, 514, 515, 516, 517, 519, 525, 527, 528, 530, 531, 533, 534, 535, 537, 539, 545, 548, 549, 550, 553, 554, 555, 557, 559, 565, 588, 598, 610, 621, 627, 633, 644], "excluded_lines": []}, "routers/analytics.py": {"executed_lines": [1, 13, 14, 15, 16, 18, 19, 20, 21, 22, 24, 27, 28, 59, 60, 95, 96, 124, 125, 153, 154, 182, 183, 211, 212, 244, 245, 272, 273, 296, 297, 367, 368, 414, 515, 561], "summary": {"covered_lines": 35, "num_statements": 228, "percent_covered": 15.350877192982455, "percent_covered_display": "15.35", "missing_lines": 193, "excluded_lines": 0}, "missing_lines": [41, 42, 45, 48, 49, 50, 55, 56, 74, 75, 78, 79, 81, 84, 85, 86, 91, 92, 107, 108, 110, 113, 114, 115, 120, 121, 136, 137, 139, 142, 143, 144, 149, 150, 165, 166, 168, 171, 172, 173, 178, 179, 194, 195, 197, 200, 201, 202, 207, 208, 223, 225, 226, 227, 230, 233, 234, 235, 240, 241, 255, 257, 258, 259, 262, 265, 266, 268, 269, 283, 284, 287, 288, 290, 292, 293, 310, 311, 314, 315, 317, 318, 320, 323, 324, 325, 330, 333, 334, 335, 336, 337, 338, 339, 340, 341, 342, 343, 344, 347, 360, 362, 364, 379, 380, 382, 385, 386, 387, 392, 395, 398, 399, 402, 404, 416, 417, 418, 421, 422, 423, 424, 425, 426, 427, 429, 431, 432, 435, 436, 437, 438, 439, 440, 441, 443, 445, 446, 449, 450, 451, 452, 453, 454, 455, 457, 459, 460, 463, 464, 465, 466, 467, 468, 469, 471, 473, 474, 477, 478, 479, 480, 481, 482, 483, 484, 486, 488, 490, 491, 494, 495, 496, 497, 498, 499, 500, 501, 502, 504, 506, 517, 520, 521, 522, 533, 534, 535, 546, 547, 548, 558, 563], "excluded_lines": []}, "routers/api_keys.py": {"executed_lines": [1, 5, 6, 7, 8, 10, 11, 12, 13, 14, 18, 20, 26, 29, 30, 78, 79, 111, 112, 157, 158, 211, 212, 255, 256], "summary": {"covered_lines": 24, "num_statements": 81, "percent_covered": 29.62962962962963, "percent_covered_display": "29.63", "missing_lines": 57, "excluded_lines": 0}, "missing_lines": [42, 43, 44, 49, 52, 53, 58, 59, 69, 71, 72, 92, 93, 94, 98, 100, 102, 108, 123, 125, 126, 128, 129, 134, 135, 140, 146, 148, 149, 150, 151, 170, 172, 173, 175, 176, 181, 182, 187, 194, 195, 200, 202, 203, 204, 205, 223, 225, 227, 228, 233, 234, 239, 263, 311, 313, 315], "excluded_lines": []}, "routers/appointments.py": {"executed_lines": [1, 9, 10, 11, 12, 13, 14, 15, 16, 17, 18, 19, 20, 27, 30, 35, 36, 37, 122, 123, 124, 154, 155, 156, 175, 176, 198, 199, 215, 216, 236, 237, 238, 275, 276, 277, 295, 296, 336, 337, 371, 372, 401, 402, 424, 425, 434, 435, 446, 447, 448, 476, 477, 478, 572, 573, 574, 685, 686], "summary": {"covered_lines": 58, "num_statements": 280, "percent_covered": 20.714285714285715, "percent_covered_display": "20.71", "missing_lines": 222, "excluded_lines": 0}, "missing_lines": [48, 49, 50, 53, 56, 57, 60, 61, 62, 67, 70, 80, 81, 83, 84, 85, 86, 87, 94, 97, 98, 99, 100, 101, 102, 105, 106, 108, 109, 110, 112, 119, 120, 131, 133, 134, 135, 137, 140, 150, 151, 152, 163, 165, 170, 171, 172, 173, 184, 185, 186, 189, 191, 195, 196, 205, 206, 207, 208, 209, 210, 211, 212, 213, 223, 225, 227, 228, 229, 230, 231, 232, 233, 234, 246, 248, 251, 252, 254, 256, 257, 259, 267, 268, 269, 270, 271, 272, 273, 284, 285, 286, 287, 288, 289, 290, 291, 292, 307, 309, 318, 327, 329, 333, 334, 343, 345, 348, 349, 350, 351, 354, 367, 368, 369, 378, 380, 383, 384, 385, 386, 388, 390, 395, 396, 407, 410, 411, 412, 413, 419, 420, 421, 430, 431, 441, 442, 443, 456, 460, 461, 464, 466, 469, 470, 471, 473, 484, 486, 492, 494, 495, 496, 502, 507, 509, 510, 516, 519, 522, 523, 525, 528, 530, 538, 540, 551, 553, 554, 555, 556, 558, 562, 565, 566, 567, 569, 580, 581, 582, 583, 584, 585, 588, 594, 596, 597, 598, 604, 609, 611, 612, 618, 621, 622, 623, 624, 627, 629, 635, 637, 638, 644, 646, 648, 651, 662, 664, 665, 666, 667, 668, 669, 672, 676, 679, 680, 681, 683, 692, 697, 699], "excluded_lines": []}, "routers/appointments_enhanced.py": {"executed_lines": [], "summary": {"covered_lines": 0, "num_statements": 114, "percent_covered": 0.0, "percent_covered_display": "0.00", "missing_lines": 114, "excluded_lines": 0}, "missing_lines": [8, 9, 10, 11, 12, 14, 15, 16, 17, 23, 24, 25, 27, 28, 31, 32, 46, 48, 51, 55, 56, 62, 73, 76, 77, 87, 88, 89, 90, 97, 99, 101, 103, 105, 114, 117, 132, 134, 147, 148, 149, 150, 151, 157, 158, 165, 167, 172, 173, 179, 180, 186, 191, 192, 193, 195, 204, 206, 216, 218, 219, 220, 229, 230, 232, 233, 235, 236, 238, 239, 241, 242, 244, 245, 247, 248, 251, 253, 254, 256, 258, 269, 270, 271, 272, 273, 274, 280, 281, 291, 293, 297, 298, 304, 313, 315, 316, 325, 327, 332, 333, 334, 340, 341, 351, 352, 353, 355, 357, 364, 371, 376, 377, 378], "excluded_lines": []}, "routers/auth.py": {"executed_lines": [1, 2, 3, 4, 5, 6, 16, 22, 23, 25, 27, 28, 32, 34, 60, 61, 62, 88, 89, 93, 94, 95, 116, 117, 141, 142, 143, 174, 175, 194, 195], "summary": {"covered_lines": 31, "num_statements": 79, "percent_covered": 39.24050632911393, "percent_covered_display": "39.24", "missing_lines": 48, "excluded_lines": 0}, "missing_lines": [30, 36, 38, 39, 45, 46, 50, 54, 68, 71, 72, 78, 82, 91, 102, 105, 106, 109, 112, 114, 123, 125, 126, 132, 135, 137, 139, 150, 151, 152, 158, 159, 165, 166, 167, 169, 182, 183, 189, 190, 192, 201, 204, 205, 211, 212, 213, 215], "excluded_lines": []}, "routers/auth_simple.py": {"executed_lines": [1, 5, 6, 7, 8, 9, 15, 17, 19, 20, 24, 25], "summary": {"covered_lines": 11, "num_statements": 19, "percent_covered": 57.89473684210526, "percent_covered_display": "57.89", "missing_lines": 8, "excluded_lines": 0}, "missing_lines": [22, 27, 29, 30, 36, 37, 41, 45], "excluded_lines": []}, "routers/barber_availability.py": {"executed_lines": [1, 2, 3, 4, 5, 6, 7, 8, 9, 10, 12, 18, 19, 56, 57, 86, 87, 122, 123, 160, 161, 195, 196, 231, 232, 272, 273, 306, 307, 344, 345, 387, 388], "summary": {"covered_lines": 33, "num_statements": 144, "percent_covered": 22.916666666666668, "percent_covered_display": "22.92", "missing_lines": 111, "excluded_lines": 0}, "missing_lines": [30, 31, 34, 40, 41, 43, 44, 51, 52, 53, 66, 72, 73, 75, 76, 81, 82, 83, 96, 97, 100, 106, 107, 109, 110, 117, 118, 119, 132, 136, 137, 140, 141, 143, 144, 145, 152, 153, 155, 156, 157, 169, 173, 174, 177, 178, 180, 181, 187, 188, 190, 191, 192, 206, 207, 210, 216, 217, 219, 220, 226, 227, 228, 241, 242, 245, 251, 252, 254, 255, 265, 266, 267, 268, 269, 282, 283, 286, 292, 293, 295, 296, 301, 302, 303, 316, 317, 320, 326, 327, 329, 330, 339, 340, 341, 357, 363, 364, 366, 367, 376, 383, 384, 398, 399, 408, 409, 412, 424, 428, 429], "excluded_lines": []}, "routers/barbers.py": {"executed_lines": [1, 2, 3, 4, 5, 6, 7, 9, 11, 12, 33, 34], "summary": {"covered_lines": 12, "num_statements": 18, "percent_covered": 66.66666666666667, "percent_covered_display": "66.67", "missing_lines": 6, "excluded_lines": 0}, "missing_lines": [16, 22, 40, 46, 47, 49], "excluded_lines": []}, "routers/booking_rules.py": {"executed_lines": [1, 2, 3, 4, 5, 6, 7, 8, 9, 10, 12, 18, 19, 41, 42, 67, 68, 85, 86, 110, 111, 129, 130, 160, 161, 175, 176, 201, 202], "summary": {"covered_lines": 29, "num_statements": 83, "percent_covered": 34.93975903614458, "percent_covered_display": "34.94", "missing_lines": 54, "excluded_lines": 0}, "missing_lines": [27, 28, 30, 31, 36, 37, 38, 49, 50, 62, 63, 64, 75, 76, 78, 79, 80, 82, 94, 95, 96, 102, 103, 105, 106, 107, 118, 119, 121, 122, 124, 125, 126, 137, 138, 149, 154, 155, 156, 157, 168, 169, 170, 171, 172, 185, 186, 187, 189, 190, 196, 197, 198, 208], "excluded_lines": []}, "routers/bookings.py": {"executed_lines": [1, 2, 3, 4, 5, 6, 7, 8, 9, 10, 11, 15, 22, 28, 29, 61, 62, 133, 134, 145, 146, 159, 160, 178, 179, 216, 217, 243, 244, 282, 283, 325, 326, 365, 366, 402, 403, 466, 467, 498, 499, 560, 561, 626, 627], "summary": {"covered_lines": 45, "num_statements": 277, "percent_covered": 16.24548736462094, "percent_covered_display": "16.25", "missing_lines": 232, "excluded_lines": 0}, "missing_lines": [37, 38, 39, 41, 44, 45, 48, 49, 50, 55, 56, 57, 58, 59, 69, 70, 73, 76, 77, 78, 79, 80, 81, 82, 88, 89, 90, 91, 94, 95, 96, 97, 103, 104, 105, 110, 112, 115, 125, 126, 127, 128, 129, 130, 131, 139, 140, 152, 154, 155, 157, 166, 167, 169, 170, 172, 173, 174, 175, 176, 186, 188, 191, 192, 195, 196, 197, 198, 200, 207, 208, 210, 211, 212, 213, 214, 224, 225, 234, 235, 237, 238, 239, 240, 241, 250, 252, 254, 255, 261, 264, 275, 277, 278, 279, 280, 292, 293, 294, 295, 298, 299, 302, 305, 307, 308, 310, 311, 316, 321, 322, 335, 336, 337, 340, 343, 344, 347, 348, 349, 354, 355, 358, 359, 360, 361, 362, 374, 375, 376, 379, 382, 383, 386, 387, 388, 393, 394, 397, 398, 399, 410, 411, 414, 417, 418, 419, 420, 421, 422, 423, 429, 430, 431, 432, 438, 439, 440, 445, 447, 460, 461, 462, 463, 464, 472, 473, 476, 494, 495, 496, 505, 507, 510, 512, 513, 515, 516, 517, 518, 519, 520, 525, 528, 530, 531, 534, 552, 553, 554, 555, 556, 567, 568, 571, 574, 575, 576, 577, 578, 579, 580, 586, 587, 588, 591, 592, 593, 594, 600, 601, 602, 607, 609, 618, 619, 620, 621, 622, 623, 624, 632, 634, 637, 639, 640, 646, 655, 657, 658, 659, 660], "excluded_lines": []}, "routers/cache.py": {"executed_lines": [1, 5, 6, 7, 8, 9, 11, 12, 13, 14, 15, 16, 17, 19, 21, 22, 52, 53, 65, 66, 80, 81, 94, 95, 108, 109, 172, 173, 191, 192, 228, 229, 271, 272, 290, 291, 310, 311, 341, 342], "summary": {"covered_lines": 39, "num_statements": 128, "percent_covered": 30.46875, "percent_covered_display": "30.47", "missing_lines": 89, "excluded_lines": 0}, "missing_lines": [26, 27, 29, 46, 47, 57, 58, 59, 60, 71, 72, 73, 74, 75, 85, 86, 87, 88, 89, 99, 100, 101, 102, 103, 117, 119, 120, 126, 127, 128, 134, 135, 141, 142, 143, 149, 153, 164, 165, 166, 167, 177, 178, 180, 185, 186, 198, 200, 205, 206, 211, 213, 220, 221, 222, 223, 235, 237, 238, 244, 245, 246, 251, 253, 263, 264, 265, 266, 276, 277, 279, 284, 285, 296, 297, 299, 304, 305, 315, 316, 319, 330, 335, 336, 344, 345, 347, 352, 353], "excluded_lines": []}, "routers/calendar.py": {"executed_lines": [1, 2, 3, 4, 5, 6, 7, 8, 9, 10, 11, 13, 14, 15, 16, 17, 18, 20, 23, 43, 44, 75, 76, 137, 138, 149, 150, 192, 193, 262, 263, 299, 300, 330, 331, 368, 369, 415, 416, 444, 445, 478, 479, 501, 502, 523, 524, 559, 560, 592, 593], "summary": {"covered_lines": 51, "num_statements": 213, "percent_covered": 23.943661971830984, "percent_covered_display": "23.94", "missing_lines": 162, "excluded_lines": 0}, "missing_lines": [25, 37, 38, 39, 40, 49, 52, 60, 67, 68, 70, 72, 82, 84, 85, 86, 87, 89, 90, 96, 97, 98, 104, 105, 108, 112, 121, 124, 129, 131, 143, 144, 146, 154, 156, 157, 159, 160, 170, 171, 174, 175, 177, 182, 183, 189, 198, 199, 204, 206, 207, 217, 218, 221, 229, 232, 235, 236, 238, 250, 251, 255, 256, 269, 270, 275, 277, 278, 280, 281, 287, 288, 290, 292, 293, 307, 308, 313, 314, 315, 317, 323, 324, 338, 339, 344, 345, 346, 348, 361, 362, 375, 376, 382, 387, 388, 393, 394, 395, 397, 398, 403, 408, 409, 422, 423, 428, 429, 430, 432, 437, 438, 452, 457, 458, 463, 464, 465, 467, 471, 472, 484, 485, 486, 488, 490, 491, 507, 508, 509, 510, 512, 513, 531, 536, 537, 542, 543, 544, 546, 552, 553, 566, 567, 572, 573, 574, 580, 585, 586, 598, 599, 604, 605, 606, 608, 609, 614, 619, 620, 621, 622], "excluded_lines": []}, "routers/cancellation.py": {"executed_lines": [], "summary": {"covered_lines": 0, "num_statements": 315, "percent_covered": 0.0, "percent_covered_display": "0.00", "missing_lines": 315, "excluded_lines": 0}, "missing_lines": [1, 2, 3, 4, 5, 7, 8, 9, 10, 14, 16, 19, 20, 21, 22, 23, 24, 25, 26, 27, 28, 29, 30, 31, 32, 33, 34, 35, 36, 37, 38, 39, 40, 41, 42, 43, 45, 46, 47, 48, 49, 50, 51, 52, 53, 54, 55, 56, 57, 58, 59, 60, 61, 62, 63, 64, 65, 66, 67, 69, 70, 71, 72, 73, 74, 75, 76, 77, 78, 79, 80, 81, 82, 83, 84, 85, 86, 87, 88, 89, 90, 91, 92, 93, 94, 95, 96, 97, 99, 100, 102, 103, 104, 105, 107, 108, 109, 110, 111, 112, 113, 114, 115, 116, 117, 118, 120, 121, 122, 123, 124, 125, 126, 127, 128, 129, 130, 131, 132, 133, 134, 135, 136, 137, 139, 140, 142, 143, 144, 145, 146, 147, 148, 149, 150, 151, 152, 153, 154, 156, 157, 158, 159, 160, 161, 162, 163, 164, 165, 166, 167, 168, 169, 170, 171, 172, 173, 175, 176, 179, 180, 186, 187, 192, 193, 194, 195, 196, 198, 199, 208, 210, 211, 213, 214, 216, 217, 219, 220, 226, 227, 228, 229, 231, 232, 239, 240, 241, 244, 250, 251, 252, 255, 256, 257, 259, 260, 261, 264, 269, 270, 271, 272, 274, 275, 281, 282, 283, 286, 290, 292, 293, 294, 297, 298, 299, 301, 302, 307, 308, 309, 313, 314, 317, 318, 326, 331, 332, 334, 335, 337, 338, 340, 341, 343, 350, 351, 352, 354, 355, 363, 368, 369, 371, 372, 374, 375, 377, 378, 381, 389, 390, 391, 396, 397, 399, 408, 409, 410, 411, 412, 415, 416, 422, 424, 425, 427, 433, 434, 435, 437, 438, 439, 440, 442, 443, 448, 453, 455, 456, 462, 467, 468, 470, 471, 473, 476, 477, 487, 489, 490, 492, 493, 495, 496, 498, 499, 501, 502, 508, 509, 515, 519, 520, 521, 522, 524, 525, 534, 536, 537, 539, 540, 542, 543], "excluded_lines": []}, "routers/clients.py": {"executed_lines": [1, 2, 3, 4, 5, 7, 8, 9, 10, 11, 13, 16, 17, 45, 46, 91, 92, 107, 108, 136, 137, 162, 163, 203, 204, 232, 233, 265, 266, 287, 288, 309, 310, 331, 332, 356, 357, 385, 386, 410, 411, 426, 427], "summary": {"covered_lines": 43, "num_statements": 161, "percent_covered": 26.70807453416149, "percent_covered_display": "26.71", "missing_lines": 118, "excluded_lines": 0}, "missing_lines": [24, 25, 26, 31, 32, 37, 38, 39, 56, 59, 60, 66, 69, 70, 73, 74, 77, 80, 81, 83, 98, 99, 100, 104, 115, 116, 117, 123, 124, 125, 128, 130, 131, 133, 143, 144, 149, 150, 151, 156, 157, 159, 169, 170, 171, 176, 178, 181, 186, 188, 196, 197, 211, 212, 217, 218, 219, 224, 225, 227, 229, 240, 241, 248, 258, 259, 272, 273, 274, 275, 276, 280, 281, 294, 295, 296, 297, 298, 302, 303, 316, 317, 318, 319, 320, 324, 325, 339, 340, 343, 344, 345, 349, 350, 364, 365, 372, 373, 374, 378, 379, 393, 394, 397, 398, 399, 403, 404, 416, 417, 418, 419, 420, 438, 439, 448, 449, 450], "excluded_lines": []}, "routers/commissions.py": {"executed_lines": [1, 5, 6, 7, 8, 9, 10, 12, 13, 14, 15, 16, 17, 18, 19, 25, 27, 32, 35, 36, 37, 149, 150, 151, 246, 247, 248, 308, 309, 310, 391, 392, 393, 435, 436, 437, 516, 517, 518, 602, 603, 604], "summary": {"covered_lines": 41, "num_statements": 173, "percent_covered": 23.69942196531792, "percent_covered_display": "23.70", "missing_lines": 132, "excluded_lines": 0}, "missing_lines": [53, 54, 55, 56, 59, 61, 62, 63, 68, 71, 73, 81, 82, 83, 89, 103, 110, 113, 114, 120, 122, 123, 124, 131, 144, 146, 167, 168, 172, 173, 179, 180, 181, 182, 184, 187, 195, 198, 210, 212, 213, 224, 225, 236, 243, 264, 265, 269, 270, 275, 278, 286, 287, 299, 305, 326, 327, 328, 329, 335, 345, 347, 348, 354, 355, 356, 367, 368, 376, 379, 385, 406, 407, 411, 412, 417, 418, 419, 421, 423, 424, 428, 429, 450, 451, 456, 457, 458, 460, 463, 464, 465, 466, 467, 469, 471, 473, 492, 499, 504, 505, 509, 510, 534, 535, 539, 540, 545, 546, 549, 555, 556, 558, 559, 567, 583, 590, 591, 595, 596, 617, 618, 622, 623, 628, 629, 630, 632, 634, 635, 639, 640], "excluded_lines": []}, "routers/email_analytics.py": {"executed_lines": [1, 4, 5, 6, 7, 8, 10, 11, 12, 13, 14, 21, 22, 24, 25, 61, 62, 97, 98, 124, 125, 142, 143, 170, 171, 189, 190, 209, 210, 233, 234], "summary": {"covered_lines": 30, "num_statements": 104, "percent_covered": 28.846153846153847, "percent_covered_display": "28.85", "missing_lines": 74, "excluded_lines": 0}, "missing_lines": [35, 37, 40, 42, 43, 45, 46, 47, 49, 51, 57, 58, 59, 79, 80, 81, 85, 87, 88, 95, 105, 106, 108, 110, 114, 115, 117, 118, 119, 120, 122, 131, 132, 134, 135, 137, 138, 140, 151, 152, 154, 155, 161, 178, 179, 181, 182, 187, 197, 198, 199, 204, 205, 207, 219, 220, 222, 223, 230, 231, 247, 248, 250, 253, 256, 259, 262, 263, 267, 268, 269, 270, 271, 273], "excluded_lines": []}, "routers/enhanced_users.py": {"executed_lines": [], "summary": {"covered_lines": 0, "num_statements": 112, "percent_covered": 0.0, "percent_covered_display": "0.00", "missing_lines": 112, "excluded_lines": 0}, "missing_lines": [5, 6, 7, 8, 10, 11, 12, 13, 14, 15, 17, 19, 22, 23, 28, 29, 31, 38, 39, 47, 48, 54, 55, 61, 68, 69, 74, 77, 78, 85, 88, 89, 95, 96, 102, 104, 105, 108, 109, 111, 112, 113, 114, 115, 116, 118, 119, 125, 131, 138, 139, 144, 146, 155, 156, 163, 166, 167, 168, 169, 170, 171, 176, 177, 184, 185, 190, 203, 204, 213, 217, 218, 220, 221, 225, 246, 247, 253, 254, 258, 260, 261, 263, 264, 265, 266, 268, 270, 284, 285, 286, 292, 293, 299, 300, 305, 307, 308, 313, 316, 317, 328, 330, 331, 332, 337, 338, 340, 341, 343, 344, 349], "excluded_lines": []}, "routers/enterprise.py": {"executed_lines": [1, 4, 5, 6, 7, 9, 10, 11, 12, 13, 14, 19, 21, 28, 38, 48, 49, 90, 91, 119, 120, 161, 162, 199, 200, 201, 238, 239, 276, 277, 321, 322, 370, 371, 423, 424, 468, 469], "summary": {"covered_lines": 37, "num_statements": 172, "percent_covered": 21.511627906976745, "percent_covered_display": "21.51", "missing_lines": 135, "excluded_lines": 0}, "missing_lines": [30, 31, 35, 40, 41, 45, 65, 66, 67, 68, 70, 72, 74, 75, 76, 77, 79, 82, 83, 84, 105, 107, 108, 111, 112, 113, 137, 138, 139, 140, 142, 143, 145, 147, 148, 153, 154, 155, 178, 179, 180, 181, 183, 185, 186, 191, 192, 193, 217, 218, 219, 220, 222, 224, 225, 230, 231, 232, 255, 256, 257, 258, 260, 262, 263, 268, 269, 270, 290, 292, 294, 298, 299, 305, 306, 307, 308, 310, 311, 312, 313, 314, 315, 336, 338, 339, 345, 346, 351, 353, 354, 355, 357, 358, 359, 361, 362, 363, 364, 387, 389, 390, 396, 397, 402, 403, 404, 405, 407, 409, 410, 415, 416, 417, 438, 440, 441, 447, 448, 453, 455, 456, 460, 461, 462, 484, 485, 486, 487, 489, 491, 492, 496, 497, 498], "excluded_lines": []}, "routers/exports.py": {"executed_lines": [], "summary": {"covered_lines": 0, "num_statements": 216, "percent_covered": 0.0, "percent_covered_display": "0.00", "missing_lines": 216, "excluded_lines": 0}, "missing_lines": [1, 2, 3, 4, 5, 6, 7, 8, 10, 11, 12, 13, 16, 17, 19, 22, 24, 25, 27, 29, 30, 31, 32, 33, 35, 37, 38, 39, 40, 41, 43, 45, 46, 47, 48, 49, 50, 52, 54, 55, 56, 57, 58, 59, 61, 63, 64, 65, 66, 67, 68, 69, 72, 74, 75, 94, 96, 97, 100, 101, 104, 105, 106, 107, 108, 109, 110, 111, 112, 113, 114, 115, 116, 117, 118, 121, 122, 127, 130, 139, 140, 141, 142, 143, 145, 147, 149, 150, 151, 152, 153, 155, 156, 175, 177, 179, 181, 184, 185, 186, 187, 188, 189, 190, 191, 192, 193, 194, 195, 196, 197, 200, 201, 206, 209, 218, 219, 220, 221, 222, 224, 226, 228, 229, 230, 231, 232, 234, 235, 249, 251, 252, 255, 256, 257, 258, 259, 260, 261, 264, 265, 266, 271, 274, 283, 284, 285, 286, 287, 289, 291, 293, 294, 295, 296, 297, 299, 300, 312, 314, 315, 318, 319, 325, 326, 327, 332, 335, 343, 344, 345, 346, 347, 349, 351, 353, 354, 355, 356, 357, 359, 360, 370, 372, 373, 375, 380, 381, 383, 384, 388, 390, 391, 392, 393, 394, 396, 397, 406, 407, 409, 411, 412, 420, 458, 459, 467, 470, 474, 476, 478, 479, 480, 483, 489, 491], "excluded_lines": []}, "routers/imports.py": {"executed_lines": [1, 2, 3, 4, 5, 6, 7, 8, 9, 11, 12, 13, 14, 15, 16, 17, 19, 25, 26, 27, 28, 29, 30, 31, 34, 36, 37, 137, 138, 180, 181, 244, 245, 295, 296, 352, 353, 424, 467, 513, 544], "summary": {"covered_lines": 41, "num_statements": 165, "percent_covered": 24.848484848484848, "percent_covered_display": "24.85", "missing_lines": 124, "excluded_lines": 0}, "missing_lines": [59, 60, 62, 63, 65, 66, 72, 74, 76, 79, 80, 81, 87, 108, 117, 128, 129, 133, 134, 151, 152, 154, 157, 158, 160, 196, 197, 199, 201, 202, 207, 209, 210, 211, 213, 214, 223, 224, 226, 238, 239, 240, 241, 261, 262, 264, 266, 267, 273, 274, 275, 278, 286, 311, 312, 314, 316, 317, 322, 323, 329, 330, 331, 332, 334, 342, 372, 373, 375, 377, 378, 379, 380, 381, 382, 383, 384, 385, 386, 387, 388, 390, 405, 408, 409, 410, 411, 413, 432, 433, 436, 437, 440, 441, 442, 445, 446, 454, 462, 463, 464, 474, 475, 476, 479, 491, 502, 503, 504, 505, 507, 508, 509, 510, 520, 521, 522, 524, 533, 539, 540, 541, 546, 547], "excluded_lines": []}, "routers/integrations.py": {"executed_lines": [1, 6, 7, 8, 9, 11, 12, 13, 14, 15, 29, 30, 32, 34, 41, 42, 100, 101, 155, 156, 185, 186, 210, 211, 232, 233, 275, 276, 316, 317, 383, 384, 436, 437, 501, 502], "summary": {"covered_lines": 35, "num_statements": 178, "percent_covered": 19.662921348314608, "percent_covered_display": "19.66", "missing_lines": 143, "excluded_lines": 0}, "missing_lines": [51, 53, 56, 59, 62, 63, 66, 77, 78, 80, 82, 87, 88, 92, 93, 94, 114, 115, 116, 121, 123, 126, 129, 130, 133, 136, 138, 145, 146, 147, 148, 149, 163, 166, 167, 182, 196, 199, 200, 202, 203, 205, 207, 217, 218, 223, 224, 229, 240, 241, 246, 247, 253, 254, 255, 256, 257, 258, 259, 260, 262, 263, 264, 265, 266, 267, 268, 269, 285, 286, 291, 292, 297, 298, 299, 300, 302, 307, 308, 309, 310, 326, 327, 329, 330, 331, 332, 334, 335, 336, 337, 347, 349, 351, 352, 353, 355, 356, 358, 360, 361, 362, 363, 374, 393, 394, 399, 400, 405, 406, 417, 419, 420, 422, 423, 424, 447, 448, 453, 454, 459, 460, 465, 467, 470, 471, 473, 474, 475, 481, 486, 492, 493, 494, 514, 515, 520, 522, 523, 524, 525, 527, 529], "excluded_lines": []}, "routers/locations.py": {"executed_lines": [], "summary": {"covered_lines": 0, "num_statements": 114, "percent_covered": 0.0, "percent_covered_display": "0.00", "missing_lines": 114, "excluded_lines": 0}, "missing_lines": [5, 6, 7, 8, 9, 10, 11, 12, 13, 14, 16, 18, 21, 22, 33, 34, 37, 39, 41, 44, 50, 51, 53, 54, 56, 81, 83, 84, 86, 87, 88, 94, 95, 96, 102, 103, 108, 109, 115, 116, 118, 144, 146, 147, 148, 149, 150, 156, 157, 163, 164, 169, 171, 175, 176, 182, 183, 184, 185, 188, 189, 191, 217, 218, 220, 221, 222, 223, 224, 225, 231, 232, 233, 241, 242, 247, 248, 252, 253, 259, 260, 261, 263, 264, 267, 268, 270, 296, 297, 299, 300, 301, 302, 303, 304, 310, 311, 312, 319, 320, 325, 326, 330, 331, 337, 338, 340, 341, 343, 344, 345, 346, 347, 348], "excluded_lines": []}, "routers/marketing.py": {"executed_lines": [1, 2, 3, 4, 5, 6, 7, 9, 10, 11, 19, 20, 21, 22, 23, 25, 28, 29, 31, 34, 35, 37, 46, 47, 72, 73, 101, 102, 119, 120, 146, 147, 165, 166, 167, 216, 217, 242, 243, 260, 261, 278, 279, 305, 306, 330, 331, 361, 362, 363, 406, 407, 435, 436, 437, 467, 468, 
[...]
3, 254, 277, 299, 300, 326, 327, 332, 333, 336, 341, 343, 344, 345, 349, 361, 375, 390, 391, 394, 395, 398, 399, 402, 403, 404, 407, 410, 412, 415, 416, 421, 422, 425, 430, 431, 432, 437, 438, 441, 442, 443, 445, 448, 449, 451, 459, 466, 475, 476, 477, 478, 479, 480, 483, 484, 494, 497, 499, 500, 513], "excluded_lines": []}, "utils/migration_validator.py": {"executed_lines": [], "summary": {"covered_lines": 0, "num_statements": 169, "percent_covered": 0.0, "percent_covered_display": "0.00", "missing_lines": 169, "excluded_lines": 8}, "missing_lines": [6, 7, 8, 9, 10, 11, 12, 13, 14, 15, 18, 21, 22, 23, 24, 26, 31, 33, 42, 43, 49, 50, 56, 57, 63, 64, 70, 71, 77, 78, 84, 89, 92, 94, 96, 98, 105, 107, 114, 115, 118, 119, 120, 128, 129, 132, 139, 140, 143, 144, 151, 152, 153, 155, 156, 158, 164, 166, 168, 176, 177, 178, 179, 182, 183, 184, 188, 189, 191, 197, 199, 201, 211, 212, 214, 220, 222, 224, 231, 233, 235, 236, 242, 244, 251, 252, 253, 254, 255, 256, 257, 259, 261, 262, 264, 269, 271, 273, 283, 284, 285, 287, 289, 295, 297, 299, 310, 316, 318, 320, 321, 324, 325, 326, 327, 329, 331, 332, 333, 334, 335, 336, 337, 339, 341, 343, 344, 346, 347, 349, 350, 352, 355, 356, 357, 359, 360, 362, 363, 365, 366, 367, 369, 371, 373, 374, 376, 377, 379, 381, 382, 383, 385, 386, 387, 389, 391, 395, 398, 399, 400, 401, 403, 408, 410, 411, 416, 417, 419], "excluded_lines": [422, 424, 427, 428, 429, 432, 433, 434]}, "utils/mjml_compiler.py": {"executed_lines": [1, 5, 6, 7, 8, 9, 11, 12, 16, 18, 19, 21, 28, 82, 98, 110, 134, 169, 171], "summary": {"covered_lines": 17, "num_statements": 74, "percent_covered": 22.972972972972972, "percent_covered_display": "22.97", "missing_lines": 57, "excluded_lines": 0}, "missing_lines": [13, 14, 22, 23, 45, 47, 48, 51, 52, 53, 54, 55, 56, 57, 58, 59, 60, 62, 64, 65, 66, 68, 71, 73, 75, 76, 77, 78, 80, 84, 86, 88, 89, 90, 91, 92, 93, 95, 96, 100, 101, 102, 103, 104, 106, 107, 108, 112, 136, 139, 166, 175, 176, 178, 179, 181, 183], "excluded_lines": []}, "utils/password_reset.py": {"executed_lines": [1, 4, 5, 6, 7, 8, 11, 12, 14, 18, 42, 56, 70], "summary": {"covered_lines": 12, "num_statements": 66, "percent_covered": 18.181818181818183, "percent_covered_display": "18.18", "missing_lines": 54, "excluded_lines": 0}, "missing_lines": [16, 21, 27, 28, 30, 36, 37, 38, 40, 44, 48, 49, 51, 52, 54, 58, 62, 63, 65, 66, 68, 72, 73, 76, 77, 80, 81, 84, 91, 92, 94, 95, 97, 98, 100, 101, 102, 103, 104, 106, 108, 109, 110, 111, 112, 115, 129, 130, 135, 136, 139, 148, 150, 151], "excluded_lines": []}, "utils/rate_limit.py": {"executed_lines": [1, 4, 5, 6, 7, 8, 9, 10, 14, 20, 24, 26, 48, 61, 62, 63, 64, 65, 66, 67, 68, 69, 70, 71, 72, 74, 75, 76, 77, 78, 79], "summary": {"covered_lines": 30, "num_statements": 36, "percent_covered": 83.33333333333333, "percent_covered_display": "83.33", "missing_lines": 6, "excluded_lines": 0}, "missing_lines": [16, 17, 18, 50, 57, 58], "excluded_lines": []}, "utils/rate_limiter.py": {"executed_lines": [1, 6, 7, 8, 9, 12, 13, 15, 16, 17, 18, 19, 21, 61], "summary": {"covered_lines": 12, "num_statements": 34, "percent_covered": 35.294117647058826, "percent_covered_display": "35.29", "missing_lines": 22, "excluded_lines": 0}, "missing_lines": [33, 34, 37, 38, 41, 47, 48, 54, 55, 58, 59, 63, 64, 65, 66, 69, 70, 71, 74, 75, 78, 79], "excluded_lines": []}, "utils/registry_manager.py": {"executed_lines": [], "summary": {"covered_lines": 0, "num_statements": 114, "percent_covered": 0.0, "percent_covered_display": "0.00", "missing_lines": 114, "excluded_lines": 2}, "missing_lines": [2, 6, 7, 8, 9, 10, 13, 16, 17, 18, 20, 22, 23, 24, 25, 33, 35, 36, 38, 40, 41, 42, 43, 44, 46, 47, 48, 49, 50, 52, 54, 56, 57, 58, 59, 60, 61, 62, 63, 66, 67, 68, 69, 70, 71, 72, 73, 75, 76, 77, 79, 81, 83, 84, 85, 86, 88, 89, 90, 92, 99, 100, 101, 103, 105, 106, 108, 109, 110, 111, 114, 116, 117, 118, 119, 120, 122, 124, 127, 129, 131, 132, 133, 134, 135, 136, 137, 139, 141, 142, 143, 145, 146, 147, 148, 149, 150, 151, 153, 154, 155, 156, 157, 158, 159, 160, 161, 163, 164, 165, 166, 167, 168, 171], "excluded_lines": [174, 175]}, "utils/sanitization.py": {"executed_lines": [1, 4, 5, 6, 7, 11, 17, 22, 51, 62, 84, 108, 139, 165, 209], "summary": {"covered_lines": 14, "num_statements": 97, "percent_covered": 14.43298969072165, "percent_covered_display": "14.43", "missing_lines": 83, "excluded_lines": 0}, "missing_lines": [27, 28, 31, 39, 40, 43, 46, 48, 56, 57, 59, 67, 70, 73, 76, 77, 78, 79, 81, 88, 89, 91, 94, 95, 97, 98, 99, 102, 103, 105, 112, 113, 115, 117, 120, 123, 124, 125, 128, 131, 132, 134, 135, 136, 143, 144, 146, 148, 151, 154, 157, 158, 160, 161, 162, 170, 171, 174, 178, 181, 192, 193, 196, 199, 202, 203, 204, 206, 214, 215, 218, 230, 232, 233, 234, 237, 248, 249, 250, 253, 254, 255, 257], "excluded_lines": []}, "utils/sub_agent_manager.py": {"executed_lines": [], "summary": {"covered_lines": 0, "num_statements": 181, "percent_covered": 0.0, "percent_covered_display": "0.00", "missing_lines": 181, "excluded_lines": 6}, "missing_lines": [6, 7, 8, 9, 10, 11, 12, 13, 16, 17, 18, 19, 20, 21, 22, 25, 26, 27, 28, 29, 30, 33, 36, 39, 40, 41, 42, 43, 44, 45, 46, 47, 48, 49, 51, 52, 67, 70, 71, 72, 73, 74, 75, 76, 77, 78, 79, 80, 82, 85, 86, 87, 89, 90, 92, 96, 97, 105, 108, 110, 112, 120, 123, 125, 133, 136, 144, 147, 155, 158, 159, 161, 163, 169, 170, 171, 180, 183, 185, 187, 189, 190, 191, 192, 193, 196, 197, 199, 200, 202, 204, 206, 208, 211, 212, 213, 216, 217, 218, 220, 221, 223, 225, 228, 229, 231, 232, 233, 234, 237, 238, 240, 241, 242, 245, 246, 247, 248, 249, 251, 253, 255, 256, 257, 259, 260, 261, 262, 263, 264, 266, 267, 269, 271, 272, 273, 274, 275, 276, 277, 278, 280, 282, 284, 285, 286, 287, 288, 289, 291, 293, 294, 303, 304, 313, 314, 323, 324, 333, 334, 343, 345, 350, 351, 356, 357, 358, 361, 362, 363, 364, 365, 366, 368, 371, 374, 377, 380, 386, 387, 393], "excluded_lines": [397, 398, 401, 403, 404, 406]}, "utils/timezone.py": {"executed_lines": [1, 3, 4, 5, 8, 25, 84, 114, 145, 169, 194, 199, 209, 220], "summary": {"covered_lines": 13, "num_statements": 58, "percent_covered": 22.413793103448278, "percent_covered_display": "22.41", "missing_lines": 45, "excluded_lines": 0}, "missing_lines": [18, 19, 20, 21, 22, 32, 81, 100, 101, 104, 105, 108, 111, 125, 126, 128, 131, 132, 134, 137, 140, 141, 142, 155, 156, 158, 161, 164, 165, 166, 188, 189, 191, 196, 201, 203, 205, 206, 211, 213, 214, 217, 222, 224, 226], "excluded_lines": []}, "utils/url_shortener.py": {"executed_lines": [1, 6, 7, 8, 9, 10, 11, 12, 13, 14, 15, 17, 19, 20, 21, 23, 24, 25, 26, 27, 30, 31, 34, 35, 36, 39, 40, 43, 45, 46, 48, 49, 50, 52, 56, 145, 191, 216, 260, 314, 333, 356, 359, 367, 375], "summary": {"covered_lines": 42, "num_statements": 136, "percent_covered": 30.88235294117647, "percent_covered_display": "30.88", "missing_lines": 94, "excluded_lines": 0}, "missing_lines": [54, 81, 83, 84, 86, 89, 90, 93, 94, 95, 96, 99, 100, 102, 105, 106, 107, 110, 119, 120, 123, 125, 127, 137, 138, 139, 140, 156, 158, 163, 164, 165, 168, 169, 170, 173, 174, 175, 177, 179, 187, 188, 189, 193, 194, 198, 199, 201, 212, 213, 214, 235, 242, 243, 244, 246, 248, 258, 280, 281, 283, 284, 285, 286, 288, 289, 291, 294, 295, 296, 297, 298, 300, 302, 312, 316, 317, 324, 325, 326, 328, 329, 330, 331, 335, 336, 340, 351, 352, 353, 365, 373, 377, 378], "excluded_lines": []}, "utils/validators.py": {"executed_lines": [1, 4, 5, 9, 30, 57, 71, 103, 118, 123], "summary": {"covered_lines": 9, "num_statements": 30, "percent_covered": 30.0, "percent_covered_display": "30.00", "missing_lines": 21, "excluded_lines": 0}, "missing_lines": [43, 44, 46, 48, 49, 51, 52, 54, 68, 85, 86, 87, 88, 91, 92, 98, 100, 113, 114, 120, 125], "excluded_lines": []}, "validate_complete_sentry_integration.py": {"executed_lines": [], "summary": {"covered_lines": 0, "num_statements": 245, "percent_covered": 0.0, "percent_covered_display": "0.00", "missing_lines": 245, "excluded_lines": 2}, "missing_lines": [2, 7, 8, 9, 10, 11, 12, 13, 14, 15, 16, 18, 19, 20, 21, 22, 23, 24, 26, 27, 28, 29, 30, 32, 34, 36, 38, 41, 42, 43, 44, 45, 47, 49, 52, 61, 62, 63, 64, 66, 68, 70, 72, 74, 75, 76, 77, 80, 81, 82, 83, 84, 85, 86, 88, 89, 90, 92, 95, 106, 107, 108, 109, 111, 114, 115, 116, 117, 118, 120, 122, 124, 126, 128, 131, 132, 133, 134, 135, 137, 138, 140, 141, 143, 146, 147, 148, 149, 150, 152, 153, 155, 157, 159, 161, 163, 165, 167, 168, 169, 172, 173, 174, 176, 178, 180, 181, 184, 185, 186, 187, 189, 190, 192, 193, 194, 195, 196, 198, 200, 202, 204, 206, 207, 208, 209, 212, 213, 215, 217, 218, 219, 220, 223, 224, 225, 227, 230, 231, 232, 235, 236, 238, 240, 241, 242, 243, 245, 247, 249, 251, 253, 254, 255, 256, 258, 259, 261, 263, 264, 265, 267, 268, 270, 272, 275, 277, 278, 281, 283, 284, 285, 286, 288, 291, 293, 295, 296, 298, 310, 311, 312, 313, 314, 315, 324, 325, 326, 330, 332, 334, 336, 337, 340, 341, 342, 343, 344, 345, 348, 350, 352, 353, 354, 357, 358, 359, 360, 361, 362, 365, 366, 367, 368, 371, 372, 373, 374, 377, 378, 379, 380, 382, 384, 386, 388, 389, 390, 393, 394, 395, 396, 399, 400, 402, 403, 404, 405, 406, 407, 409, 410, 412, 413, 414], "excluded_lines": [416, 417]}, "validate_environment.py": {"executed_lines": [], "summary": {"covered_lines": 0, "num_statements": 199, "percent_covered": 0.0, "percent_covered_display": "0.00", "missing_lines": 199, "excluded_lines": 2}, "missing_lines": [2, 7, 8, 9, 10, 11, 12, 14, 15, 16, 17, 18, 19, 21, 23, 24, 27, 28, 29, 30, 31, 32, 33, 35, 37, 39, 42, 43, 44, 47, 48, 49, 52, 53, 54, 56, 58, 60, 62, 63, 64, 65, 68, 69, 70, 71, 72, 73, 75, 76, 78, 80, 82, 84, 87, 88, 89, 90, 91, 92, 93, 96, 97, 98, 101, 102, 103, 104, 106, 108, 110, 112, 113, 114, 116, 117, 120, 121, 122, 124, 125, 126, 127, 129, 130, 131, 133, 134, 136, 137, 139, 141, 143, 145, 146, 147, 149, 151, 152, 153, 154, 155, 157, 159, 161, 164, 165, 167, 168, 169, 170, 173, 174, 176, 177, 178, 179, 182, 183, 185, 186, 187, 188, 191, 192, 193, 195, 197, 199, 202, 203, 206, 207, 210, 211, 214, 215, 216, 217, 218, 219, 220, 222, 224, 226, 227, 229, 231, 232, 233, 236, 237, 238, 239, 240, 242, 243, 245, 246, 248, 249, 250, 253, 254, 255, 256, 258, 259, 260, 261, 263, 264, 265, 266, 269, 285, 287, 289, 290, 293, 294, 295, 296, 297, 298, 299, 300, 301, 304, 305, 308, 309, 310, 312, 315, 316, 317, 318, 320], "excluded_lines": [322, 323]}, "validate_gdpr_compliance.py": {"executed_lines": [], "summary": {"covered_lines": 0, "num_statements": 295, "percent_covered": 0.0, "percent_covered_display": "0.00", "missing_lines": 295, "excluded_lines": 2}, "missing_lines": [2, 12, 13, 14, 15, 16, 17, 18, 19, 20, 22, 23, 24, 27, 28, 32, 35, 36, 38, 39, 40, 41, 42, 45, 46, 48, 49, 50, 51, 52, 53, 54, 55, 58, 61, 62, 63, 64, 65, 68, 69, 70, 73, 74, 76, 78, 85, 87, 88, 90, 92, 95, 98, 101, 104, 107, 110, 113, 116, 119, 121, 123, 125, 127, 128, 130, 138, 139, 140, 141, 147, 155, 162, 164, 172, 176, 177, 183, 190, 191, 198, 200, 203, 215, 216, 217, 219, 220, 222, 223, 224, 225, 226, 227, 229, 232, 233, 240, 246, 247, 253, 254, 260, 262, 264, 266, 268, 269, 270, 272, 273, 279, 286, 287, 293, 300, 308, 312, 313, 319, 326, 328, 330, 332, 334, 336, 337, 342, 343, 349, 356, 357, 363, 371, 372, 374, 381, 388, 390, 392, 394, 396, 398, 399, 403, 404, 405, 411, 419, 420, 422, 423, 429, 436, 437, 443, 451, 456, 457, 463, 471, 478, 480, 482, 484, 486, 488, 490, 497, 499, 500, 506, 514, 515, 520, 521, 528, 535, 542, 544, 546, 548, 549, 551, 552, 554, 555, 561, 569, 573, 574, 580, 588, 592, 593, 599, 606, 608, 611, 619, 627, 629, 634, 636, 637, 644, 650, 652, 655, 656, 661, 662, 663, 664, 665, 667, 669, 670, 675, 676, 683, 690, 691, 698, 699, 700, 701, 702, 704, 706, 707, 713, 720, 721, 727, 729, 730, 731, 732, 735, 736, 737, 738, 740, 743, 757, 769, 771, 772, 773, 774, 775, 777, 780, 786, 788, 791, 792, 793, 794, 795, 796, 797, 798, 799, 801, 802, 803, 804, 805, 806, 807, 809, 810, 811, 812, 813, 814, 815, 818, 819, 820, 821, 822, 825, 826, 827, 828, 830, 832, 833, 834, 835, 836, 837], "excluded_lines": [840, 841]}, "validate_keyword_service_installation.py": {"executed_lines": [], "summary": {"covered_lines": 0, "num_statements": 260, "percent_covered": 0.0, "percent_covered_display": "0.00", "missing_lines": 260, "excluded_lines": 19}, "missing_lines": [6, 7, 8, 9, 10, 13, 15, 17, 19, 20, 27, 29, 30, 32, 33, 35, 36, 38, 40, 41, 42, 43, 44, 45, 48, 50, 52, 53, 54, 57, 60, 61, 64, 65, 66, 67, 68, 69, 72, 77, 78, 79, 81, 82, 84, 86, 87, 88, 91, 93, 95, 96, 97, 98, 101, 102, 105, 106, 107, 109, 110, 113, 114, 115, 116, 118, 119, 122, 127, 128, 129, 131, 132, 135, 136, 137, 138, 140, 141, 143, 145, 146, 147, 148, 151, 153, 155, 156, 157, 158, 161, 162, 165, 172, 174, 175, 176, 178, 179, 182, 183, 184, 186, 187, 190, 191, 193, 194, 196, 197, 198, 200, 201, 203, 204, 206, 208, 209, 210, 213, 215, 217, 218, 219, 220, 221, 224, 225, 228, 235, 236, 237, 238, 239, 240, 242, 246, 247, 249, 250, 253, 259, 264, 265, 266, 268, 269, 271, 273, 274, 275, 278, 280, 282, 283, 289, 290, 291, 293, 294, 297, 298, 299, 300, 302, 303, 306, 307, 308, 309, 311, 312, 314, 316, 317, 318, 321, 323, 325, 326, 327, 328, 331, 332, 335, 337, 338, 339, 341, 343, 344, 346, 347, 350, 352, 353, 354, 356, 358, 359, 361, 362, 364, 366, 367, 368, 371, 373, 374, 375, 377, 380, 390, 391, 392, 393, 394, 395, 396, 399, 400, 402, 403, 405, 406, 407, 408, 409, 411, 412, 414, 415, 416, 417, 418, 419, 420, 421, 422, 424, 425, 426, 427, 428, 429, 430, 431, 433, 434, 435, 436, 437, 438, 441, 442, 443, 444, 445, 446, 448], "excluded_lines": [451, 452, 454, 455, 456, 457, 458, 460, 461, 463, 464, 465, 466, 467, 468, 470, 471, 472, 473]}, "validate_sentry_setup.py": {"executed_lines": [], "summary": {"covered_lines": 0, "num_statements": 333, "percent_covered": 0.0, "percent_covered_display": "0.00", "missing_lines": 333, "excluded_lines": 2}, "missing_lines": [2, 27, 28, 29, 30, 31, 32, 33, 34, 35, 36, 37, 40, 43, 44, 51, 55, 58, 61, 62, 63, 64, 65, 67, 70, 73, 85, 86, 87, 88, 89, 95, 96, 98, 99, 100, 107, 108, 110, 121, 122, 124, 127, 128, 129, 132, 133, 138, 139, 140, 142, 144, 145, 146, 149, 150, 151, 153, 160, 161, 163, 166, 167, 168, 174, 175, 177, 185, 186, 188, 189, 195, 201, 202, 204, 207, 208, 209, 215, 216, 218, 219, 225, 227, 228, 231, 232, 233, 234, 235, 236, 238, 246, 247, 253, 254, 256, 259, 261, 263, 264, 270, 273, 274, 278, 279, 280, 283, 284, 285, 286, 287, 288, 289, 290, 293, 294, 299, 300, 301, 304, 305, 309, 310, 311, 314, 316, 318, 324, 325, 327, 330, 332, 333, 335, 338, 339, 340, 341, 342, 343, 344, 347, 348, 349, 350, 351, 352, 355, 357, 365, 366, 368, 371, 373, 376, 382, 387, 388, 389, 390, 391, 392, 394, 395, 396, 399, 400, 401, 402, 403, 404, 405, 406, 407, 409, 414, 415, 417, 420, 421, 422, 425, 426, 427, 429, 432, 433, 434, 436, 439, 441, 444, 445, 446, 448, 450, 459, 460, 462, 465, 466, 467, 470, 471, 473, 476, 477, 479, 482, 483, 485, 486, 487, 488, 489, 492, 493, 494, 495, 496, 499, 500, 501, 502, 503, 505, 512, 513, 515, 518, 519, 521, 523, 524, 526, 527, 529, 531, 532, 534, 536, 538, 539, 541, 543, 544, 546, 548, 551, 552, 553, 554, 556, 558, 561, 562, 563, 564, 565, 566, 567, 568, 570, 573, 576, 577, 578, 580, 581, 583, 584, 585, 587, 588, 589, 591, 592, 594, 595, 598, 599, 600, 603, 606, 609, 610, 613, 617, 618, 620, 623, 626, 627, 630, 638, 639, 640, 641, 649, 650, 653, 654, 655, 656, 657, 658, 659, 662, 663, 664, 666, 667, 668, 670, 671, 672, 673, 674, 676, 677, 678, 679, 680, 683, 684, 685, 686, 689, 690, 691, 693, 696], "excluded_lines": [699, 700]}, "validators/__init__.py": {"executed_lines": [], "summary": {"covered_lines": 0, "num_statements": 2, "percent_covered": 0.0, "percent_covered_display": "0.00", "missing_lines": 2, "excluded_lines": 0}, "missing_lines": [5, 16], "excluded_lines": []}, "validators/booking_validators.py": {"executed_lines": [], "summary": {"covered_lines": 0, "num_statements": 232, "percent_covered": 0.0, "percent_covered_display": "0.00", "missing_lines": 232, "excluded_lines": 0}, "missing_lines": [8, 9, 10, 11, 12, 13, 16, 19, 24, 25, 26, 27, 29, 31, 32, 34, 35, 37, 39, 42, 43, 44, 45, 48, 49, 51, 53, 56, 57, 58, 61, 62, 63, 65, 68, 71, 76, 77, 78, 79, 81, 85, 86, 89, 90, 93, 94, 97, 98, 99, 100, 101, 102, 103, 104, 106, 108, 111, 112, 113, 116, 117, 120, 121, 123, 126, 129, 133, 134, 135, 137, 139, 140, 142, 143, 144, 147, 148, 150, 152, 154, 156, 162, 163, 164, 166, 167, 169, 172, 175, 178, 179, 181, 186, 188, 189, 192, 195, 196, 199, 200, 203, 204, 205, 208, 210, 212, 213, 216, 219, 220, 222, 228, 230, 233, 256, 257, 259, 261, 262, 264, 266, 272, 274, 277, 292, 293, 295, 297, 298, 300, 303, 306, 311, 312, 313, 314, 316, 317, 319, 320, 322, 324, 329, 330, 335, 337, 344, 345, 350, 351, 354, 357, 363, 365, 366, 368, 369, 371, 372, 374, 375, 377, 379, 385, 386, 388, 389, 391, 392, 394, 395, 396, 397, 398, 399, 400, 402, 403, 405, 406, 408, 412, 415, 416, 417, 420, 427, 434, 439, 440, 442, 447, 450, 451, 452, 453, 454, 455, 458, 459, 460, 461, 464, 465, 466, 469, 470, 471, 474, 475, 476, 479, 484, 485, 488, 489, 492, 493, 495, 496, 499, 500, 503, 504, 507, 508, 510, 511, 518, 519, 521], "excluded_lines": []}, "verify_calendar_flow.py": {"executed_lines": [], "summary": {"covered_lines": 0, "num_statements": 72, "percent_covered": 0.0, "percent_covered_display": "0.00", "missing_lines": 72, "excluded_lines": 2}, "missing_lines": [2, 5, 6, 7, 9, 10, 11, 14, 16, 18, 21, 29, 32, 33, 38, 39, 40, 42, 43, 44, 46, 48, 49, 51, 53, 55, 56, 57, 58, 60, 61, 62, 64, 65, 66, 67, 70, 71, 73, 74, 76, 79, 80, 81, 82, 83, 85, 87, 88, 90, 92, 93, 94, 95, 96, 97, 99, 100, 101, 104, 105, 106, 107, 110, 113, 116, 117, 118, 119, 120, 121, 122], "excluded_lines": [124, 125]}, "verify_password_reset_integration.py": {"executed_lines": [], "summary": {"covered_lines": 0, "num_statements": 124, "percent_covered": 0.0, "percent_covered_display": "0.00", "missing_lines": 124, "excluded_lines": 2}, "missing_lines": [2, 5, 6, 7, 8, 11, 13, 15, 16, 18, 20, 21, 23, 24, 26, 28, 29, 31, 33, 35, 37, 38, 40, 42, 47, 48, 49, 50, 51, 53, 54, 55, 56, 57, 58, 60, 61, 63, 65, 67, 68, 70, 71, 73, 75, 76, 78, 81, 82, 84, 86, 87, 88, 89, 91, 93, 94, 96, 97, 99, 102, 103, 104, 106, 107, 108, 111, 113, 114, 116, 117, 118, 119, 120, 121, 123, 125, 126, 128, 129, 131, 132, 135, 136, 138, 139, 140, 142, 144, 145, 147, 148, 149, 150, 152, 153, 154, 155, 158, 167, 168, 170, 171, 172, 173, 174, 175, 177, 178, 179, 180, 181, 182, 183, 185, 187, 188, 189, 191, 192, 193, 194, 195, 196], "excluded_lines": [198, 199]}, "verify_slot_fix.py": {"executed_lines": [], "summary": {"covered_lines": 0, "num_statements": 131, "percent_covered": 0.0, "percent_covered_display": "0.00", "missing_lines": 131, "excluded_lines": 6}, "missing_lines": [2, 7, 8, 9, 10, 11, 14, 16, 17, 18, 19, 20, 21, 22, 25, 28, 29, 31, 34, 35, 38, 45, 48, 49, 50, 51, 57, 59, 61, 63, 64, 65, 66, 67, 69, 72, 75, 77, 78, 83, 84, 87, 90, 91, 92, 93, 94, 97, 98, 99, 106, 107, 108, 109, 110, 111, 112, 119, 120, 121, 122, 124, 126, 128, 130, 132, 148, 150, 151, 152, 153, 154, 155, 158, 159, 162, 189, 190, 191, 193, 195, 196, 197, 199, 200, 201, 202, 203, 205, 206, 208, 210, 211, 213, 214, 215, 216, 219, 220, 221, 222, 224, 225, 226, 228, 229, 231, 232, 233, 235, 237, 238, 241, 242, 245, 247, 248, 249, 251, 252, 253, 255, 256, 258, 259, 262, 263, 264, 265, 266, 268], "excluded_lines": [270, 272, 273, 274, 275, 277]}, "verify_test_user_simple.py": {"executed_lines": [], "summary": {"covered_lines": 0, "num_statements": 35, "percent_covered": 0.0, "percent_covered_display": "0.00", "missing_lines": 35, "excluded_lines": 2}, "missing_lines": [2, 6, 7, 10, 12, 13, 15, 18, 20, 26, 28, 29, 30, 32, 33, 34, 35, 36, 37, 38, 39, 40, 43, 50, 51, 52, 53, 56, 59, 60, 62, 63, 64, 65, 66], "excluded_lines": [68, 69]}}, "totals": {"covered_lines": 9590, "num_statements": 40451, "percent_covered": 23.707695730637067, "percent_covered_display": "23.71", "missing_lines": 30861, "excluded_lines": 251}}