<testsuites id="" name="" tests="210" failures="207" skipped="0" errors="0" time="102.562194">
<testsuite name="e2e/gdpr-compliance.spec.ts" timestamp="2025-07-03T12:34:35.891Z" hostname="chromium" tests="28" failures="28" skipped="0" time="45.65" errors="0">
<testcase name="GDPR Compliance E2E Tests › Cookie Banner Flow › displays cookie banner on first visit" classname="e2e/gdpr-compliance.spec.ts" time="2.059">
<failure message="gdpr-compliance.spec.ts:16:9 displays cookie banner on first visit" type="FAILURE">
<![CDATA[  [chromium] › e2e/gdpr-compliance.spec.ts:16:9 › GDPR Compliance E2E Tests › Cookie Banner Flow › displays cookie banner on first visit 

    Error: page.evaluate: SecurityError: Failed to read the 'localStorage' property from 'Window': Access is denied for this document.
        at UtilityScript.evaluate (<anonymous>:293:16)
        at UtilityScript.<anonymous> (<anonymous>:1:44)
        at UtilityScript.evaluate (<anonymous>:293:16)
        at UtilityScript.<anonymous> (<anonymous>:1:44)
        at /Users/bossio/6fb-booking/backend-v2/frontend-v2/tests/e2e/gdpr-compliance.spec.ts:12:16

    attachment #1: screenshot (image/png) ──────────────────────────────────────────────────────────
    test-results/e2e-gdpr-compliance-GDPR-C-c7a75-ookie-banner-on-first-visit-chromium/test-failed-1.png
    ────────────────────────────────────────────────────────────────────────────────────────────────

    attachment #2: video (video/webm) ──────────────────────────────────────────────────────────────
    test-results/e2e-gdpr-compliance-GDPR-C-c7a75-ookie-banner-on-first-visit-chromium/video.webm
    ────────────────────────────────────────────────────────────────────────────────────────────────
]]>
</failure>
<system-out>
<![CDATA[
[[ATTACHMENT|e2e-gdpr-compliance-GDPR-C-c7a75-ookie-banner-on-first-visit-chromium/test-failed-1.png]]

[[ATTACHMENT|e2e-gdpr-compliance-GDPR-C-c7a75-ookie-banner-on-first-visit-chromium/video.webm]]
]]>
</system-out>
</testcase>
<testcase name="GDPR Compliance E2E Tests › Cookie Banner Flow › hides banner after accepting all cookies" classname="e2e/gdpr-compliance.spec.ts" time="1.94">
<failure message="gdpr-compliance.spec.ts:30:9 hides banner after accepting all cookies" type="FAILURE">
<![CDATA[  [chromium] › e2e/gdpr-compliance.spec.ts:30:9 › GDPR Compliance E2E Tests › Cookie Banner Flow › hides banner after accepting all cookies 

    Error: page.evaluate: SecurityError: Failed to read the 'localStorage' property from 'Window': Access is denied for this document.
        at UtilityScript.evaluate (<anonymous>:293:16)
        at UtilityScript.<anonymous> (<anonymous>:1:44)
        at UtilityScript.evaluate (<anonymous>:293:16)
        at UtilityScript.<anonymous> (<anonymous>:1:44)
        at /Users/bossio/6fb-booking/backend-v2/frontend-v2/tests/e2e/gdpr-compliance.spec.ts:12:16

    attachment #1: screenshot (image/png) ──────────────────────────────────────────────────────────
    test-results/e2e-gdpr-compliance-GDPR-C-aaafc-after-accepting-all-cookies-chromium/test-failed-1.png
    ────────────────────────────────────────────────────────────────────────────────────────────────

    attachment #2: video (video/webm) ──────────────────────────────────────────────────────────────
    test-results/e2e-gdpr-compliance-GDPR-C-aaafc-after-accepting-all-cookies-chromium/video.webm
    ────────────────────────────────────────────────────────────────────────────────────────────────
]]>
</failure>
<system-out>
<![CDATA[
[[ATTACHMENT|e2e-gdpr-compliance-GDPR-C-aaafc-after-accepting-all-cookies-chromium/test-failed-1.png]]

[[ATTACHMENT|e2e-gdpr-compliance-GDPR-C-aaafc-after-accepting-all-cookies-chromium/video.webm]]
]]>
</system-out>
</testcase>
<testcase name="GDPR Compliance E2E Tests › Cookie Banner Flow › hides banner after rejecting all cookies" classname="e2e/gdpr-compliance.spec.ts" time="2.041">
<failure message="gdpr-compliance.spec.ts:45:9 hides banner after rejecting all cookies" type="FAILURE">
<![CDATA[  [chromium] › e2e/gdpr-compliance.spec.ts:45:9 › GDPR Compliance E2E Tests › Cookie Banner Flow › hides banner after rejecting all cookies 

    Error: page.evaluate: SecurityError: Failed to read the 'localStorage' property from 'Window': Access is denied for this document.
        at UtilityScript.evaluate (<anonymous>:293:16)
        at UtilityScript.<anonymous> (<anonymous>:1:44)
        at UtilityScript.evaluate (<anonymous>:293:16)
        at UtilityScript.<anonymous> (<anonymous>:1:44)
        at /Users/bossio/6fb-booking/backend-v2/frontend-v2/tests/e2e/gdpr-compliance.spec.ts:12:16

    attachment #1: screenshot (image/png) ──────────────────────────────────────────────────────────
    test-results/e2e-gdpr-compliance-GDPR-C-4f9fa-after-rejecting-all-cookies-chromium/test-failed-1.png
    ────────────────────────────────────────────────────────────────────────────────────────────────

    attachment #2: video (video/webm) ──────────────────────────────────────────────────────────────
    test-results/e2e-gdpr-compliance-GDPR-C-4f9fa-after-rejecting-all-cookies-chromium/video.webm
    ────────────────────────────────────────────────────────────────────────────────────────────────
]]>
</failure>
<system-out>
<![CDATA[
[[ATTACHMENT|e2e-gdpr-compliance-GDPR-C-4f9fa-after-rejecting-all-cookies-chromium/test-failed-1.png]]

[[ATTACHMENT|e2e-gdpr-compliance-GDPR-C-4f9fa-after-rejecting-all-cookies-chromium/video.webm]]
]]>
</system-out>
</testcase>
<testcase name="GDPR Compliance E2E Tests › Cookie Banner Flow › expands and collapses cookie details" classname="e2e/gdpr-compliance.spec.ts" time="2.029">
<failure message="gdpr-compliance.spec.ts:60:9 expands and collapses cookie details" type="FAILURE">
<![CDATA[  [chromium] › e2e/gdpr-compliance.spec.ts:60:9 › GDPR Compliance E2E Tests › Cookie Banner Flow › expands and collapses cookie details 

    Error: page.evaluate: SecurityError: Failed to read the 'localStorage' property from 'Window': Access is denied for this document.
        at UtilityScript.evaluate (<anonymous>:293:16)
        at UtilityScript.<anonymous> (<anonymous>:1:44)
        at UtilityScript.evaluate (<anonymous>:293:16)
        at UtilityScript.<anonymous> (<anonymous>:1:44)
        at /Users/bossio/6fb-booking/backend-v2/frontend-v2/tests/e2e/gdpr-compliance.spec.ts:12:16

    attachment #1: screenshot (image/png) ──────────────────────────────────────────────────────────
    test-results/e2e-gdpr-compliance-GDPR-C-521c9-nd-collapses-cookie-details-chromium/test-failed-1.png
    ────────────────────────────────────────────────────────────────────────────────────────────────

    attachment #2: video (video/webm) ──────────────────────────────────────────────────────────────
    test-results/e2e-gdpr-compliance-GDPR-C-521c9-nd-collapses-cookie-details-chromium/video.webm
    ────────────────────────────────────────────────────────────────────────────────────────────────
]]>
</failure>
<system-out>
<![CDATA[
[[ATTACHMENT|e2e-gdpr-compliance-GDPR-C-521c9-nd-collapses-cookie-details-chromium/test-failed-1.png]]

[[ATTACHMENT|e2e-gdpr-compliance-GDPR-C-521c9-nd-collapses-cookie-details-chromium/video.webm]]
]]>
</system-out>
</testcase>
<testcase name="GDPR Compliance E2E Tests › Cookie Banner Flow › toggles cookie categories in expanded view" classname="e2e/gdpr-compliance.spec.ts" time="2.032">
<failure message="gdpr-compliance.spec.ts:82:9 toggles cookie categories in expanded view" type="FAILURE">
<![CDATA[  [chromium] › e2e/gdpr-compliance.spec.ts:82:9 › GDPR Compliance E2E Tests › Cookie Banner Flow › toggles cookie categories in expanded view 

    Error: page.evaluate: SecurityError: Failed to read the 'localStorage' property from 'Window': Access is denied for this document.
        at UtilityScript.evaluate (<anonymous>:293:16)
        at UtilityScript.<anonymous> (<anonymous>:1:44)
        at UtilityScript.evaluate (<anonymous>:293:16)
        at UtilityScript.<anonymous> (<anonymous>:1:44)
        at /Users/bossio/6fb-booking/backend-v2/frontend-v2/tests/e2e/gdpr-compliance.spec.ts:12:16

    attachment #1: screenshot (image/png) ──────────────────────────────────────────────────────────
    test-results/e2e-gdpr-compliance-GDPR-C-e6dba-categories-in-expanded-view-chromium/test-failed-1.png
    ────────────────────────────────────────────────────────────────────────────────────────────────

    attachment #2: video (video/webm) ──────────────────────────────────────────────────────────────
    test-results/e2e-gdpr-compliance-GDPR-C-e6dba-categories-in-expanded-view-chromium/video.webm
    ────────────────────────────────────────────────────────────────────────────────────────────────
]]>
</failure>
<system-out>
<![CDATA[
[[ATTACHMENT|e2e-gdpr-compliance-GDPR-C-e6dba-categories-in-expanded-view-chromium/test-failed-1.png]]

[[ATTACHMENT|e2e-gdpr-compliance-GDPR-C-e6dba-categories-in-expanded-view-chromium/video.webm]]
]]>
</system-out>
</testcase>
<testcase name="GDPR Compliance E2E Tests › Cookie Preferences Modal › opens preferences modal from banner" classname="e2e/gdpr-compliance.spec.ts" time="2.034">
<failure message="gdpr-compliance.spec.ts:109:9 opens preferences modal from banner" type="FAILURE">
<![CDATA[  [chromium] › e2e/gdpr-compliance.spec.ts:109:9 › GDPR Compliance E2E Tests › Cookie Preferences Modal › opens preferences modal from banner 

    Error: page.evaluate: SecurityError: Failed to read the 'localStorage' property from 'Window': Access is denied for this document.
        at UtilityScript.evaluate (<anonymous>:293:16)
        at UtilityScript.<anonymous> (<anonymous>:1:44)
        at UtilityScript.evaluate (<anonymous>:293:16)
        at UtilityScript.<anonymous> (<anonymous>:1:44)
        at /Users/bossio/6fb-booking/backend-v2/frontend-v2/tests/e2e/gdpr-compliance.spec.ts:12:16

    attachment #1: screenshot (image/png) ──────────────────────────────────────────────────────────
    test-results/e2e-gdpr-compliance-GDPR-C-f4998-eferences-modal-from-banner-chromium/test-failed-1.png
    ────────────────────────────────────────────────────────────────────────────────────────────────

    attachment #2: video (video/webm) ──────────────────────────────────────────────────────────────
    test-results/e2e-gdpr-compliance-GDPR-C-f4998-eferences-modal-from-banner-chromium/video.webm
    ────────────────────────────────────────────────────────────────────────────────────────────────
]]>
</failure>
<system-out>
<![CDATA[
[[ATTACHMENT|e2e-gdpr-compliance-GDPR-C-f4998-eferences-modal-from-banner-chromium/test-failed-1.png]]

[[ATTACHMENT|e2e-gdpr-compliance-GDPR-C-f4998-eferences-modal-from-banner-chromium/video.webm]]
]]>
</system-out>
</testcase>
<testcase name="GDPR Compliance E2E Tests › Cookie Preferences Modal › displays all cookie categories in modal" classname="e2e/gdpr-compliance.spec.ts" time="1.963">
<failure message="gdpr-compliance.spec.ts:121:9 displays all cookie categories in modal" type="FAILURE">
<![CDATA[  [chromium] › e2e/gdpr-compliance.spec.ts:121:9 › GDPR Compliance E2E Tests › Cookie Preferences Modal › displays all cookie categories in modal 

    Error: page.evaluate: SecurityError: Failed to read the 'localStorage' property from 'Window': Access is denied for this document.
        at UtilityScript.evaluate (<anonymous>:293:16)
        at UtilityScript.<anonymous> (<anonymous>:1:44)
        at UtilityScript.evaluate (<anonymous>:293:16)
        at UtilityScript.<anonymous> (<anonymous>:1:44)
        at /Users/bossio/6fb-booking/backend-v2/frontend-v2/tests/e2e/gdpr-compliance.spec.ts:12:16

    attachment #1: screenshot (image/png) ──────────────────────────────────────────────────────────
    test-results/e2e-gdpr-compliance-GDPR-C-4cc32--cookie-categories-in-modal-chromium/test-failed-1.png
    ────────────────────────────────────────────────────────────────────────────────────────────────

    attachment #2: video (video/webm) ──────────────────────────────────────────────────────────────
    test-results/e2e-gdpr-compliance-GDPR-C-4cc32--cookie-categories-in-modal-chromium/video.webm
    ────────────────────────────────────────────────────────────────────────────────────────────────
]]>
</failure>
<system-out>
<![CDATA[
[[ATTACHMENT|e2e-gdpr-compliance-GDPR-C-4cc32--cookie-categories-in-modal-chromium/test-failed-1.png]]

[[ATTACHMENT|e2e-gdpr-compliance-GDPR-C-4cc32--cookie-categories-in-modal-chromium/video.webm]]
]]>
</system-out>
</testcase>
<testcase name="GDPR Compliance E2E Tests › Cookie Preferences Modal › saves custom preferences from modal" classname="e2e/gdpr-compliance.spec.ts" time="2.066">
<failure message="gdpr-compliance.spec.ts:139:9 saves custom preferences from modal" type="FAILURE">
<![CDATA[  [chromium] › e2e/gdpr-compliance.spec.ts:139:9 › GDPR Compliance E2E Tests › Cookie Preferences Modal › saves custom preferences from modal 

    Error: page.evaluate: SecurityError: Failed to read the 'localStorage' property from 'Window': Access is denied for this document.
        at UtilityScript.evaluate (<anonymous>:293:16)
        at UtilityScript.<anonymous> (<anonymous>:1:44)
        at UtilityScript.evaluate (<anonymous>:293:16)
        at UtilityScript.<anonymous> (<anonymous>:1:44)
        at /Users/bossio/6fb-booking/backend-v2/frontend-v2/tests/e2e/gdpr-compliance.spec.ts:12:16

    attachment #1: screenshot (image/png) ──────────────────────────────────────────────────────────
    test-results/e2e-gdpr-compliance-GDPR-C-034a5-stom-preferences-from-modal-chromium/test-failed-1.png
    ────────────────────────────────────────────────────────────────────────────────────────────────

    attachment #2: video (video/webm) ──────────────────────────────────────────────────────────────
    test-results/e2e-gdpr-compliance-GDPR-C-034a5-stom-preferences-from-modal-chromium/video.webm
    ────────────────────────────────────────────────────────────────────────────────────────────────
]]>
</failure>
<system-out>
<![CDATA[
[[ATTACHMENT|e2e-gdpr-compliance-GDPR-C-034a5-stom-preferences-from-modal-chromium/test-failed-1.png]]

[[ATTACHMENT|e2e-gdpr-compliance-GDPR-C-034a5-stom-preferences-from-modal-chromium/video.webm]]
]]>
</system-out>
</testcase>
<testcase name="GDPR Compliance E2E Tests › Cookie Preferences Modal › cancels preference changes" classname="e2e/gdpr-compliance.spec.ts" time="0.843">
<failure message="gdpr-compliance.spec.ts:160:9 cancels preference changes" type="FAILURE">
<![CDATA[  [chromium] › e2e/gdpr-compliance.spec.ts:160:9 › GDPR Compliance E2E Tests › Cookie Preferences Modal › cancels preference changes 

    Error: page.evaluate: SecurityError: Failed to read the 'localStorage' property from 'Window': Access is denied for this document.
        at UtilityScript.evaluate (<anonymous>:293:16)
        at UtilityScript.<anonymous> (<anonymous>:1:44)
        at UtilityScript.evaluate (<anonymous>:293:16)
        at UtilityScript.<anonymous> (<anonymous>:1:44)
        at /Users/bossio/6fb-booking/backend-v2/frontend-v2/tests/e2e/gdpr-compliance.spec.ts:12:16

    attachment #1: screenshot (image/png) ──────────────────────────────────────────────────────────
    test-results/e2e-gdpr-compliance-GDPR-C-2d942--cancels-preference-changes-chromium/test-failed-1.png
    ────────────────────────────────────────────────────────────────────────────────────────────────

    attachment #2: video (video/webm) ──────────────────────────────────────────────────────────────
    test-results/e2e-gdpr-compliance-GDPR-C-2d942--cancels-preference-changes-chromium/video.webm
    ────────────────────────────────────────────────────────────────────────────────────────────────
]]>
</failure>
<system-out>
<![CDATA[
[[ATTACHMENT|e2e-gdpr-compliance-GDPR-C-2d942--cancels-preference-changes-chromium/test-failed-1.png]]

[[ATTACHMENT|e2e-gdpr-compliance-GDPR-C-2d942--cancels-preference-changes-chromium/video.webm]]
]]>
</system-out>
</testcase>
<testcase name="GDPR Compliance E2E Tests › Cookie Preferences Modal › includes privacy information and links" classname="e2e/gdpr-compliance.spec.ts" time="0.856">
<failure message="gdpr-compliance.spec.ts:179:9 includes privacy information and links" type="FAILURE">
<![CDATA[  [chromium] › e2e/gdpr-compliance.spec.ts:179:9 › GDPR Compliance E2E Tests › Cookie Preferences Modal › includes privacy information and links 

    Error: page.evaluate: SecurityError: Failed to read the 'localStorage' property from 'Window': Access is denied for this document.
        at UtilityScript.evaluate (<anonymous>:293:16)
        at UtilityScript.<anonymous> (<anonymous>:1:44)
        at UtilityScript.evaluate (<anonymous>:293:16)
        at UtilityScript.<anonymous> (<anonymous>:1:44)
        at /Users/bossio/6fb-booking/backend-v2/frontend-v2/tests/e2e/gdpr-compliance.spec.ts:12:16

    attachment #1: screenshot (image/png) ──────────────────────────────────────────────────────────
    test-results/e2e-gdpr-compliance-GDPR-C-99f4f-ivacy-information-and-links-chromium/test-failed-1.png
    ────────────────────────────────────────────────────────────────────────────────────────────────

    attachment #2: video (video/webm) ──────────────────────────────────────────────────────────────
    test-results/e2e-gdpr-compliance-GDPR-C-99f4f-ivacy-information-and-links-chromium/video.webm
    ────────────────────────────────────────────────────────────────────────────────────────────────
]]>
</failure>
<system-out>
<![CDATA[
[[ATTACHMENT|e2e-gdpr-compliance-GDPR-C-99f4f-ivacy-information-and-links-chromium/test-failed-1.png]]

[[ATTACHMENT|e2e-gdpr-compliance-GDPR-C-99f4f-ivacy-information-and-links-chromium/video.webm]]
]]>
</system-out>
</testcase>
<testcase name="GDPR Compliance E2E Tests › Privacy Dashboard › displays privacy status overview" classname="e2e/gdpr-compliance.spec.ts" time="3.088">
<failure message="gdpr-compliance.spec.ts:199:9 displays privacy status overview" type="FAILURE">
<![CDATA[  [chromium] › e2e/gdpr-compliance.spec.ts:199:9 › GDPR Compliance E2E Tests › Privacy Dashboard › displays privacy status overview 

    Error: page.evaluate: SecurityError: Failed to read the 'localStorage' property from 'Window': Access is denied for this document.
        at UtilityScript.evaluate (<anonymous>:293:16)
        at UtilityScript.<anonymous> (<anonymous>:1:44)
        at UtilityScript.evaluate (<anonymous>:293:16)
        at UtilityScript.<anonymous> (<anonymous>:1:44)
        at /Users/bossio/6fb-booking/backend-v2/frontend-v2/tests/e2e/gdpr-compliance.spec.ts:12:16

    attachment #1: screenshot (image/png) ──────────────────────────────────────────────────────────
    test-results/e2e-gdpr-compliance-GDPR-C-b0ffa-ays-privacy-status-overview-chromium/test-failed-1.png
    ────────────────────────────────────────────────────────────────────────────────────────────────

    attachment #2: video (video/webm) ──────────────────────────────────────────────────────────────
    test-results/e2e-gdpr-compliance-GDPR-C-b0ffa-ays-privacy-status-overview-chromium/video.webm
    ────────────────────────────────────────────────────────────────────────────────────────────────

    Error Context: ../test-results/e2e-gdpr-compliance-GDPR-C-b0ffa-ays-privacy-status-overview-chromium/error-context.md
]]>
</failure>
<system-out>
<![CDATA[
[[ATTACHMENT|e2e-gdpr-compliance-GDPR-C-b0ffa-ays-privacy-status-overview-chromium/test-failed-1.png]]

[[ATTACHMENT|e2e-gdpr-compliance-GDPR-C-b0ffa-ays-privacy-status-overview-chromium/video.webm]]

[[ATTACHMENT|e2e-gdpr-compliance-GDPR-C-b0ffa-ays-privacy-status-overview-chromium/error-context.md]]
]]>
</system-out>
</testcase>
<testcase name="GDPR Compliance E2E Tests › Privacy Dashboard › manages cookie preferences in dashboard" classname="e2e/gdpr-compliance.spec.ts" time="3.139">
<failure message="gdpr-compliance.spec.ts:215:9 manages cookie preferences in dashboard" type="FAILURE">
<![CDATA[  [chromium] › e2e/gdpr-compliance.spec.ts:215:9 › GDPR Compliance E2E Tests › Privacy Dashboard › manages cookie preferences in dashboard 

    Error: page.evaluate: SecurityError: Failed to read the 'localStorage' property from 'Window': Access is denied for this document.
        at UtilityScript.evaluate (<anonymous>:293:16)
        at UtilityScript.<anonymous> (<anonymous>:1:44)
        at UtilityScript.evaluate (<anonymous>:293:16)
        at UtilityScript.<anonymous> (<anonymous>:1:44)
        at /Users/bossio/6fb-booking/backend-v2/frontend-v2/tests/e2e/gdpr-compliance.spec.ts:12:16

    attachment #1: screenshot (image/png) ──────────────────────────────────────────────────────────
    test-results/e2e-gdpr-compliance-GDPR-C-e6a35-ie-preferences-in-dashboard-chromium/test-failed-1.png
    ────────────────────────────────────────────────────────────────────────────────────────────────

    attachment #2: video (video/webm) ──────────────────────────────────────────────────────────────
    test-results/e2e-gdpr-compliance-GDPR-C-e6a35-ie-preferences-in-dashboard-chromium/video.webm
    ────────────────────────────────────────────────────────────────────────────────────────────────

    Error Context: ../test-results/e2e-gdpr-compliance-GDPR-C-e6a35-ie-preferences-in-dashboard-chromium/error-context.md
]]>
</failure>
<system-out>
<![CDATA[
[[ATTACHMENT|e2e-gdpr-compliance-GDPR-C-e6a35-ie-preferences-in-dashboard-chromium/test-failed-1.png]]

[[ATTACHMENT|e2e-gdpr-compliance-GDPR-C-e6a35-ie-preferences-in-dashboard-chromium/video.webm]]

[[ATTACHMENT|e2e-gdpr-compliance-GDPR-C-e6a35-ie-preferences-in-dashboard-chromium/error-context.md]]
]]>
</system-out>
</testcase>
<testcase name="GDPR Compliance E2E Tests › Privacy Dashboard › exports privacy data" classname="e2e/gdpr-compliance.spec.ts" time="3.185">
<failure message="gdpr-compliance.spec.ts:245:9 exports privacy data" type="FAILURE">
<![CDATA[  [chromium] › e2e/gdpr-compliance.spec.ts:245:9 › GDPR Compliance E2E Tests › Privacy Dashboard › exports privacy data 

    Error: page.evaluate: SecurityError: Failed to read the 'localStorage' property from 'Window': Access is denied for this document.
        at UtilityScript.evaluate (<anonymous>:293:16)
        at UtilityScript.<anonymous> (<anonymous>:1:44)
        at UtilityScript.evaluate (<anonymous>:293:16)
        at UtilityScript.<anonymous> (<anonymous>:1:44)
        at /Users/bossio/6fb-booking/backend-v2/frontend-v2/tests/e2e/gdpr-compliance.spec.ts:12:16

    attachment #1: screenshot (image/png) ──────────────────────────────────────────────────────────
    test-results/e2e-gdpr-compliance-GDPR-C-6ce7a-hboard-exports-privacy-data-chromium/test-failed-1.png
    ────────────────────────────────────────────────────────────────────────────────────────────────

    attachment #2: video (video/webm) ──────────────────────────────────────────────────────────────
    test-results/e2e-gdpr-compliance-GDPR-C-6ce7a-hboard-exports-privacy-data-chromium/video.webm
    ────────────────────────────────────────────────────────────────────────────────────────────────

    Error Context: ../test-results/e2e-gdpr-compliance-GDPR-C-6ce7a-hboard-exports-privacy-data-chromium/error-context.md
]]>
</failure>
<system-out>
<![CDATA[
[[ATTACHMENT|e2e-gdpr-compliance-GDPR-C-6ce7a-hboard-exports-privacy-data-chromium/test-failed-1.png]]

[[ATTACHMENT|e2e-gdpr-compliance-GDPR-C-6ce7a-hboard-exports-privacy-data-chromium/video.webm]]

[[ATTACHMENT|e2e-gdpr-compliance-GDPR-C-6ce7a-hboard-exports-privacy-data-chromium/error-context.md]]
]]>
</system-out>
</testcase>
<testcase name="GDPR Compliance E2E Tests › Privacy Dashboard › resets consent preferences" classname="e2e/gdpr-compliance.spec.ts" time="3.184">
<failure message="gdpr-compliance.spec.ts:274:9 resets consent preferences" type="FAILURE">
<![CDATA[  [chromium] › e2e/gdpr-compliance.spec.ts:274:9 › GDPR Compliance E2E Tests › Privacy Dashboard › resets consent preferences 

    Error: page.evaluate: SecurityError: Failed to read the 'localStorage' property from 'Window': Access is denied for this document.
        at UtilityScript.evaluate (<anonymous>:293:16)
        at UtilityScript.<anonymous> (<anonymous>:1:44)
        at UtilityScript.evaluate (<anonymous>:293:16)
        at UtilityScript.<anonymous> (<anonymous>:1:44)
        at /Users/bossio/6fb-booking/backend-v2/frontend-v2/tests/e2e/gdpr-compliance.spec.ts:12:16

    attachment #1: screenshot (image/png) ──────────────────────────────────────────────────────────
    test-results/e2e-gdpr-compliance-GDPR-C-8a12b--resets-consent-preferences-chromium/test-failed-1.png
    ────────────────────────────────────────────────────────────────────────────────────────────────

    attachment #2: video (video/webm) ──────────────────────────────────────────────────────────────
    test-results/e2e-gdpr-compliance-GDPR-C-8a12b--resets-consent-preferences-chromium/video.webm
    ────────────────────────────────────────────────────────────────────────────────────────────────

    Error Context: ../test-results/e2e-gdpr-compliance-GDPR-C-8a12b--resets-consent-preferences-chromium/error-context.md
]]>
</failure>
<system-out>
<![CDATA[
[[ATTACHMENT|e2e-gdpr-compliance-GDPR-C-8a12b--resets-consent-preferences-chromium/test-failed-1.png]]

[[ATTACHMENT|e2e-gdpr-compliance-GDPR-C-8a12b--resets-consent-preferences-chromium/video.webm]]

[[ATTACHMENT|e2e-gdpr-compliance-GDPR-C-8a12b--resets-consent-preferences-chromium/error-context.md]]
]]>
</system-out>
</testcase>
<testcase name="GDPR Compliance E2E Tests › Privacy Dashboard › displays consent history" classname="e2e/gdpr-compliance.spec.ts" time="3.174">
<failure message="gdpr-compliance.spec.ts:292:9 displays consent history" type="FAILURE">
<![CDATA[  [chromium] › e2e/gdpr-compliance.spec.ts:292:9 › GDPR Compliance E2E Tests › Privacy Dashboard › displays consent history 

    Error: page.evaluate: SecurityError: Failed to read the 'localStorage' property from 'Window': Access is denied for this document.
        at UtilityScript.evaluate (<anonymous>:293:16)
        at UtilityScript.<anonymous> (<anonymous>:1:44)
        at UtilityScript.evaluate (<anonymous>:293:16)
        at UtilityScript.<anonymous> (<anonymous>:1:44)
        at /Users/bossio/6fb-booking/backend-v2/frontend-v2/tests/e2e/gdpr-compliance.spec.ts:12:16

    attachment #1: screenshot (image/png) ──────────────────────────────────────────────────────────
    test-results/e2e-gdpr-compliance-GDPR-C-c6c85-rd-displays-consent-history-chromium/test-failed-1.png
    ────────────────────────────────────────────────────────────────────────────────────────────────

    attachment #2: video (video/webm) ──────────────────────────────────────────────────────────────
    test-results/e2e-gdpr-compliance-GDPR-C-c6c85-rd-displays-consent-history-chromium/video.webm
    ────────────────────────────────────────────────────────────────────────────────────────────────

    Error Context: ../test-results/e2e-gdpr-compliance-GDPR-C-c6c85-rd-displays-consent-history-chromium/error-context.md
]]>
</failure>
<system-out>
<![CDATA[
[[ATTACHMENT|e2e-gdpr-compliance-GDPR-C-c6c85-rd-displays-consent-history-chromium/test-failed-1.png]]

[[ATTACHMENT|e2e-gdpr-compliance-GDPR-C-c6c85-rd-displays-consent-history-chromium/video.webm]]

[[ATTACHMENT|e2e-gdpr-compliance-GDPR-C-c6c85-rd-displays-consent-history-chromium/error-context.md]]
]]>
</system-out>
</testcase>
<testcase name="GDPR Compliance E2E Tests › Privacy Dashboard › includes legal information links" classname="e2e/gdpr-compliance.spec.ts" time="3.333">
<failure message="gdpr-compliance.spec.ts:311:9 includes legal information links" type="FAILURE">
<![CDATA[  [chromium] › e2e/gdpr-compliance.spec.ts:311:9 › GDPR Compliance E2E Tests › Privacy Dashboard › includes legal information links 

    Error: page.evaluate: SecurityError: Failed to read the 'localStorage' property from 'Window': Access is denied for this document.
        at UtilityScript.evaluate (<anonymous>:293:16)
        at UtilityScript.<anonymous> (<anonymous>:1:44)
        at UtilityScript.evaluate (<anonymous>:293:16)
        at UtilityScript.<anonymous> (<anonymous>:1:44)
        at /Users/bossio/6fb-booking/backend-v2/frontend-v2/tests/e2e/gdpr-compliance.spec.ts:12:16

    attachment #1: screenshot (image/png) ──────────────────────────────────────────────────────────
    test-results/e2e-gdpr-compliance-GDPR-C-8ee20-des-legal-information-links-chromium/test-failed-1.png
    ────────────────────────────────────────────────────────────────────────────────────────────────

    attachment #2: video (video/webm) ──────────────────────────────────────────────────────────────
    test-results/e2e-gdpr-compliance-GDPR-C-8ee20-des-legal-information-links-chromium/video.webm
    ────────────────────────────────────────────────────────────────────────────────────────────────

    Error Context: ../test-results/e2e-gdpr-compliance-GDPR-C-8ee20-des-legal-information-links-chromium/error-context.md
]]>
</failure>
<system-out>
<![CDATA[
[[ATTACHMENT|e2e-gdpr-compliance-GDPR-C-8ee20-des-legal-information-links-chromium/test-failed-1.png]]

[[ATTACHMENT|e2e-gdpr-compliance-GDPR-C-8ee20-des-legal-information-links-chromium/video.webm]]

[[ATTACHMENT|e2e-gdpr-compliance-GDPR-C-8ee20-des-legal-information-links-chromium/error-context.md]]
]]>
</system-out>
</testcase>
<testcase name="GDPR Compliance E2E Tests › Registration Consent Flow › shows consent checkboxes during registration" classname="e2e/gdpr-compliance.spec.ts" time="0.372">
<failure message="gdpr-compliance.spec.ts:333:9 shows consent checkboxes during registration" type="FAILURE">
<![CDATA[  [chromium] › e2e/gdpr-compliance.spec.ts:333:9 › GDPR Compliance E2E Tests › Registration Consent Flow › shows consent checkboxes during registration 

    Error: page.evaluate: SecurityError: Failed to read the 'localStorage' property from 'Window': Access is denied for this document.
        at UtilityScript.evaluate (<anonymous>:293:16)
        at UtilityScript.<anonymous> (<anonymous>:1:44)
        at UtilityScript.evaluate (<anonymous>:293:16)
        at UtilityScript.<anonymous> (<anonymous>:1:44)
        at /Users/bossio/6fb-booking/backend-v2/frontend-v2/tests/e2e/gdpr-compliance.spec.ts:12:16

    attachment #1: screenshot (image/png) ──────────────────────────────────────────────────────────
    test-results/e2e-gdpr-compliance-GDPR-C-80d13-ckboxes-during-registration-chromium/test-failed-1.png
    ────────────────────────────────────────────────────────────────────────────────────────────────

    attachment #2: video (video/webm) ──────────────────────────────────────────────────────────────
    test-results/e2e-gdpr-compliance-GDPR-C-80d13-ckboxes-during-registration-chromium/video.webm
    ────────────────────────────────────────────────────────────────────────────────────────────────
]]>
</failure>
<system-out>
<![CDATA[
[[ATTACHMENT|e2e-gdpr-compliance-GDPR-C-80d13-ckboxes-during-registration-chromium/test-failed-1.png]]

[[ATTACHMENT|e2e-gdpr-compliance-GDPR-C-80d13-ckboxes-during-registration-chromium/video.webm]]
]]>
</system-out>
</testcase>
<testcase name="GDPR Compliance E2E Tests › Registration Consent Flow › requires mandatory consents for registration" classname="e2e/gdpr-compliance.spec.ts" time="0.38">
<failure message="gdpr-compliance.spec.ts:347:9 requires mandatory consents for registration" type="FAILURE">
<![CDATA[  [chromium] › e2e/gdpr-compliance.spec.ts:347:9 › GDPR Compliance E2E Tests › Registration Consent Flow › requires mandatory consents for registration 

    Error: page.evaluate: SecurityError: Failed to read the 'localStorage' property from 'Window': Access is denied for this document.
        at UtilityScript.evaluate (<anonymous>:293:16)
        at UtilityScript.<anonymous> (<anonymous>:1:44)
        at UtilityScript.evaluate (<anonymous>:293:16)
        at UtilityScript.<anonymous> (<anonymous>:1:44)
        at /Users/bossio/6fb-booking/backend-v2/frontend-v2/tests/e2e/gdpr-compliance.spec.ts:12:16

    attachment #1: screenshot (image/png) ──────────────────────────────────────────────────────────
    test-results/e2e-gdpr-compliance-GDPR-C-c13d8-y-consents-for-registration-chromium/test-failed-1.png
    ────────────────────────────────────────────────────────────────────────────────────────────────

    attachment #2: video (video/webm) ──────────────────────────────────────────────────────────────
    test-results/e2e-gdpr-compliance-GDPR-C-c13d8-y-consents-for-registration-chromium/video.webm
    ────────────────────────────────────────────────────────────────────────────────────────────────
]]>
</failure>
<system-out>
<![CDATA[
[[ATTACHMENT|e2e-gdpr-compliance-GDPR-C-c13d8-y-consents-for-registration-chromium/test-failed-1.png]]

[[ATTACHMENT|e2e-gdpr-compliance-GDPR-C-c13d8-y-consents-for-registration-chromium/video.webm]]
]]>
</system-out>
</testcase>
<testcase name="GDPR Compliance E2E Tests › Registration Consent Flow › allows registration with mandatory consents" classname="e2e/gdpr-compliance.spec.ts" time="0.515">
<failure message="gdpr-compliance.spec.ts:371:9 allows registration with mandatory consents" type="FAILURE">
<![CDATA[  [chromium] › e2e/gdpr-compliance.spec.ts:371:9 › GDPR Compliance E2E Tests › Registration Consent Flow › allows registration with mandatory consents 

    Error: page.evaluate: SecurityError: Failed to read the 'localStorage' property from 'Window': Access is denied for this document.
        at UtilityScript.evaluate (<anonymous>:293:16)
        at UtilityScript.<anonymous> (<anonymous>:1:44)
        at UtilityScript.evaluate (<anonymous>:293:16)
        at UtilityScript.<anonymous> (<anonymous>:1:44)
        at /Users/bossio/6fb-booking/backend-v2/frontend-v2/tests/e2e/gdpr-compliance.spec.ts:12:16

    attachment #1: screenshot (image/png) ──────────────────────────────────────────────────────────
    test-results/e2e-gdpr-compliance-GDPR-C-da160-ion-with-mandatory-consents-chromium/test-failed-1.png
    ────────────────────────────────────────────────────────────────────────────────────────────────

    attachment #2: video (video/webm) ──────────────────────────────────────────────────────────────
    test-results/e2e-gdpr-compliance-GDPR-C-da160-ion-with-mandatory-consents-chromium/video.webm
    ────────────────────────────────────────────────────────────────────────────────────────────────
]]>
</failure>
<system-out>
<![CDATA[
[[ATTACHMENT|e2e-gdpr-compliance-GDPR-C-da160-ion-with-mandatory-consents-chromium/test-failed-1.png]]

[[ATTACHMENT|e2e-gdpr-compliance-GDPR-C-da160-ion-with-mandatory-consents-chromium/video.webm]]
]]>
</system-out>
</testcase>
<testcase name="GDPR Compliance E2E Tests › Cross-Page Consent Persistence › persists cookie preferences across page navigation" classname="e2e/gdpr-compliance.spec.ts" time="0.424">
<failure message="gdpr-compliance.spec.ts:399:9 persists cookie preferences across page navigation" type="FAILURE">
<![CDATA[  [chromium] › e2e/gdpr-compliance.spec.ts:399:9 › GDPR Compliance E2E Tests › Cross-Page Consent Persistence › persists cookie preferences across page navigation 

    Error: page.evaluate: SecurityError: Failed to read the 'localStorage' property from 'Window': Access is denied for this document.
        at UtilityScript.evaluate (<anonymous>:293:16)
        at UtilityScript.<anonymous> (<anonymous>:1:44)
        at UtilityScript.evaluate (<anonymous>:293:16)
        at UtilityScript.<anonymous> (<anonymous>:1:44)
        at /Users/bossio/6fb-booking/backend-v2/frontend-v2/tests/e2e/gdpr-compliance.spec.ts:12:16

    attachment #1: screenshot (image/png) ──────────────────────────────────────────────────────────
    test-results/e2e-gdpr-compliance-GDPR-C-55270-nces-across-page-navigation-chromium/test-failed-1.png
    ────────────────────────────────────────────────────────────────────────────────────────────────

    attachment #2: video (video/webm) ──────────────────────────────────────────────────────────────
    test-results/e2e-gdpr-compliance-GDPR-C-55270-nces-across-page-navigation-chromium/video.webm
    ────────────────────────────────────────────────────────────────────────────────────────────────
]]>
</failure>
<system-out>
<![CDATA[
[[ATTACHMENT|e2e-gdpr-compliance-GDPR-C-55270-nces-across-page-navigation-chromium/test-failed-1.png]]

[[ATTACHMENT|e2e-gdpr-compliance-GDPR-C-55270-nces-across-page-navigation-chromium/video.webm]]
]]>
</system-out>
</testcase>
<testcase name="GDPR Compliance E2E Tests › Cross-Page Consent Persistence › maintains consent state across browser sessions" classname="e2e/gdpr-compliance.spec.ts" time="0.968">
<failure message="gdpr-compliance.spec.ts:421:9 maintains consent state across browser sessions" type="FAILURE">
<![CDATA[  [chromium] › e2e/gdpr-compliance.spec.ts:421:9 › GDPR Compliance E2E Tests › Cross-Page Consent Persistence › maintains consent state across browser sessions 

    Error: page.evaluate: SecurityError: Failed to read the 'localStorage' property from 'Window': Access is denied for this document.
        at UtilityScript.evaluate (<anonymous>:293:16)
        at UtilityScript.<anonymous> (<anonymous>:1:44)
        at UtilityScript.evaluate (<anonymous>:293:16)
        at UtilityScript.<anonymous> (<anonymous>:1:44)
        at /Users/bossio/6fb-booking/backend-v2/frontend-v2/tests/e2e/gdpr-compliance.spec.ts:12:16

    attachment #1: screenshot (image/png) ──────────────────────────────────────────────────────────
    test-results/e2e-gdpr-compliance-GDPR-C-bf21b-ate-across-browser-sessions-chromium/test-failed-1.png
    ────────────────────────────────────────────────────────────────────────────────────────────────

    attachment #2: video (video/webm) ──────────────────────────────────────────────────────────────
    test-results/e2e-gdpr-compliance-GDPR-C-bf21b-ate-across-browser-sessions-chromium/video.webm
    ────────────────────────────────────────────────────────────────────────────────────────────────
]]>
</failure>
<system-out>
<![CDATA[
[[ATTACHMENT|e2e-gdpr-compliance-GDPR-C-bf21b-ate-across-browser-sessions-chromium/test-failed-1.png]]

[[ATTACHMENT|e2e-gdpr-compliance-GDPR-C-bf21b-ate-across-browser-sessions-chromium/video.webm]]
]]>
</system-out>
</testcase>
<testcase name="GDPR Compliance E2E Tests › Accessibility › cookie banner is accessible" classname="e2e/gdpr-compliance.spec.ts" time="0.859">
<failure message="gdpr-compliance.spec.ts:438:9 cookie banner is accessible" type="FAILURE">
<![CDATA[  [chromium] › e2e/gdpr-compliance.spec.ts:438:9 › GDPR Compliance E2E Tests › Accessibility › cookie banner is accessible 

    Error: page.evaluate: SecurityError: Failed to read the 'localStorage' property from 'Window': Access is denied for this document.
        at UtilityScript.evaluate (<anonymous>:293:16)
        at UtilityScript.<anonymous> (<anonymous>:1:44)
        at UtilityScript.evaluate (<anonymous>:293:16)
        at UtilityScript.<anonymous> (<anonymous>:1:44)
        at /Users/bossio/6fb-booking/backend-v2/frontend-v2/tests/e2e/gdpr-compliance.spec.ts:12:16

    attachment #1: screenshot (image/png) ──────────────────────────────────────────────────────────
    test-results/e2e-gdpr-compliance-GDPR-C-79f62-cookie-banner-is-accessible-chromium/test-failed-1.png
    ────────────────────────────────────────────────────────────────────────────────────────────────

    attachment #2: video (video/webm) ──────────────────────────────────────────────────────────────
    test-results/e2e-gdpr-compliance-GDPR-C-79f62-cookie-banner-is-accessible-chromium/video.webm
    ────────────────────────────────────────────────────────────────────────────────────────────────
]]>
</failure>
<system-out>
<![CDATA[
[[ATTACHMENT|e2e-gdpr-compliance-GDPR-C-79f62-cookie-banner-is-accessible-chromium/test-failed-1.png]]

[[ATTACHMENT|e2e-gdpr-compliance-GDPR-C-79f62-cookie-banner-is-accessible-chromium/video.webm]]
]]>
</system-out>
</testcase>
<testcase name="GDPR Compliance E2E Tests › Accessibility › preferences modal is accessible" classname="e2e/gdpr-compliance.spec.ts" time="0.847">
<failure message="gdpr-compliance.spec.ts:453:9 preferences modal is accessible" type="FAILURE">
<![CDATA[  [chromium] › e2e/gdpr-compliance.spec.ts:453:9 › GDPR Compliance E2E Tests › Accessibility › preferences modal is accessible 

    Error: page.evaluate: SecurityError: Failed to read the 'localStorage' property from 'Window': Access is denied for this document.
        at UtilityScript.evaluate (<anonymous>:293:16)
        at UtilityScript.<anonymous> (<anonymous>:1:44)
        at UtilityScript.evaluate (<anonymous>:293:16)
        at UtilityScript.<anonymous> (<anonymous>:1:44)
        at /Users/bossio/6fb-booking/backend-v2/frontend-v2/tests/e2e/gdpr-compliance.spec.ts:12:16

    attachment #1: screenshot (image/png) ──────────────────────────────────────────────────────────
    test-results/e2e-gdpr-compliance-GDPR-C-01273-erences-modal-is-accessible-chromium/test-failed-1.png
    ────────────────────────────────────────────────────────────────────────────────────────────────

    attachment #2: video (video/webm) ──────────────────────────────────────────────────────────────
    test-results/e2e-gdpr-compliance-GDPR-C-01273-erences-modal-is-accessible-chromium/video.webm
    ────────────────────────────────────────────────────────────────────────────────────────────────
]]>
</failure>
<system-out>
<![CDATA[
[[ATTACHMENT|e2e-gdpr-compliance-GDPR-C-01273-erences-modal-is-accessible-chromium/test-failed-1.png]]

[[ATTACHMENT|e2e-gdpr-compliance-GDPR-C-01273-erences-modal-is-accessible-chromium/video.webm]]
]]>
</system-out>
</testcase>
<testcase name="GDPR Compliance E2E Tests › Accessibility › toggle switches have proper labels" classname="e2e/gdpr-compliance.spec.ts" time="0.854">
<failure message="gdpr-compliance.spec.ts:471:9 toggle switches have proper labels" type="FAILURE">
<![CDATA[  [chromium] › e2e/gdpr-compliance.spec.ts:471:9 › GDPR Compliance E2E Tests › Accessibility › toggle switches have proper labels 

    Error: page.evaluate: SecurityError: Failed to read the 'localStorage' property from 'Window': Access is denied for this document.
        at UtilityScript.evaluate (<anonymous>:293:16)
        at UtilityScript.<anonymous> (<anonymous>:1:44)
        at UtilityScript.evaluate (<anonymous>:293:16)
        at UtilityScript.<anonymous> (<anonymous>:1:44)
        at /Users/bossio/6fb-booking/backend-v2/frontend-v2/tests/e2e/gdpr-compliance.spec.ts:12:16

    attachment #1: screenshot (image/png) ──────────────────────────────────────────────────────────
    test-results/e2e-gdpr-compliance-GDPR-C-e0a00-switches-have-proper-labels-chromium/test-failed-1.png
    ────────────────────────────────────────────────────────────────────────────────────────────────

    attachment #2: video (video/webm) ──────────────────────────────────────────────────────────────
    test-results/e2e-gdpr-compliance-GDPR-C-e0a00-switches-have-proper-labels-chromium/video.webm
    ────────────────────────────────────────────────────────────────────────────────────────────────
]]>
</failure>
<system-out>
<![CDATA[
[[ATTACHMENT|e2e-gdpr-compliance-GDPR-C-e0a00-switches-have-proper-labels-chromium/test-failed-1.png]]

[[ATTACHMENT|e2e-gdpr-compliance-GDPR-C-e0a00-switches-have-proper-labels-chromium/video.webm]]
]]>
</system-out>
</testcase>
<testcase name="GDPR Compliance E2E Tests › Mobile Responsiveness › cookie banner works on mobile" classname="e2e/gdpr-compliance.spec.ts" time="0.892">
<failure message="gdpr-compliance.spec.ts:484:9 cookie banner works on mobile" type="FAILURE">
<![CDATA[  [chromium] › e2e/gdpr-compliance.spec.ts:484:9 › GDPR Compliance E2E Tests › Mobile Responsiveness › cookie banner works on mobile 

    Error: page.evaluate: SecurityError: Failed to read the 'localStorage' property from 'Window': Access is denied for this document.
        at UtilityScript.evaluate (<anonymous>:293:16)
        at UtilityScript.<anonymous> (<anonymous>:1:44)
        at UtilityScript.evaluate (<anonymous>:293:16)
        at UtilityScript.<anonymous> (<anonymous>:1:44)
        at /Users/bossio/6fb-booking/backend-v2/frontend-v2/tests/e2e/gdpr-compliance.spec.ts:12:16

    attachment #1: screenshot (image/png) ──────────────────────────────────────────────────────────
    test-results/e2e-gdpr-compliance-GDPR-C-a6760-okie-banner-works-on-mobile-chromium/test-failed-1.png
    ────────────────────────────────────────────────────────────────────────────────────────────────

    attachment #2: video (video/webm) ──────────────────────────────────────────────────────────────
    test-results/e2e-gdpr-compliance-GDPR-C-a6760-okie-banner-works-on-mobile-chromium/video.webm
    ────────────────────────────────────────────────────────────────────────────────────────────────
]]>
</failure>
<system-out>
<![CDATA[
[[ATTACHMENT|e2e-gdpr-compliance-GDPR-C-a6760-okie-banner-works-on-mobile-chromium/test-failed-1.png]]

[[ATTACHMENT|e2e-gdpr-compliance-GDPR-C-a6760-okie-banner-works-on-mobile-chromium/video.webm]]
]]>
</system-out>
</testcase>
<testcase name="GDPR Compliance E2E Tests › Mobile Responsiveness › preferences modal works on mobile" classname="e2e/gdpr-compliance.spec.ts" time="0.86">
<failure message="gdpr-compliance.spec.ts:502:9 preferences modal works on mobile" type="FAILURE">
<![CDATA[  [chromium] › e2e/gdpr-compliance.spec.ts:502:9 › GDPR Compliance E2E Tests › Mobile Responsiveness › preferences modal works on mobile 

    Error: page.evaluate: SecurityError: Failed to read the 'localStorage' property from 'Window': Access is denied for this document.
        at UtilityScript.evaluate (<anonymous>:293:16)
        at UtilityScript.<anonymous> (<anonymous>:1:44)
        at UtilityScript.evaluate (<anonymous>:293:16)
        at UtilityScript.<anonymous> (<anonymous>:1:44)
        at /Users/bossio/6fb-booking/backend-v2/frontend-v2/tests/e2e/gdpr-compliance.spec.ts:12:16

    attachment #1: screenshot (image/png) ──────────────────────────────────────────────────────────
    test-results/e2e-gdpr-compliance-GDPR-C-1029c-ences-modal-works-on-mobile-chromium/test-failed-1.png
    ────────────────────────────────────────────────────────────────────────────────────────────────

    attachment #2: video (video/webm) ──────────────────────────────────────────────────────────────
    test-results/e2e-gdpr-compliance-GDPR-C-1029c-ences-modal-works-on-mobile-chromium/video.webm
    ────────────────────────────────────────────────────────────────────────────────────────────────
]]>
</failure>
<system-out>
<![CDATA[
[[ATTACHMENT|e2e-gdpr-compliance-GDPR-C-1029c-ences-modal-works-on-mobile-chromium/test-failed-1.png]]

[[ATTACHMENT|e2e-gdpr-compliance-GDPR-C-1029c-ences-modal-works-on-mobile-chromium/video.webm]]
]]>
</system-out>
</testcase>
<testcase name="GDPR Compliance E2E Tests › Performance › cookie banner loads quickly" classname="e2e/gdpr-compliance.spec.ts" time="0.833">
<failure message="gdpr-compliance.spec.ts:526:9 cookie banner loads quickly" type="FAILURE">
<![CDATA[  [chromium] › e2e/gdpr-compliance.spec.ts:526:9 › GDPR Compliance E2E Tests › Performance › cookie banner loads quickly 

    Error: page.evaluate: SecurityError: Failed to read the 'localStorage' property from 'Window': Access is denied for this document.
        at UtilityScript.evaluate (<anonymous>:293:16)
        at UtilityScript.<anonymous> (<anonymous>:1:44)
        at UtilityScript.evaluate (<anonymous>:293:16)
        at UtilityScript.<anonymous> (<anonymous>:1:44)
        at /Users/bossio/6fb-booking/backend-v2/frontend-v2/tests/e2e/gdpr-compliance.spec.ts:12:16

    attachment #1: screenshot (image/png) ──────────────────────────────────────────────────────────
    test-results/e2e-gdpr-compliance-GDPR-C-23855-cookie-banner-loads-quickly-chromium/test-failed-1.png
    ────────────────────────────────────────────────────────────────────────────────────────────────

    attachment #2: video (video/webm) ──────────────────────────────────────────────────────────────
    test-results/e2e-gdpr-compliance-GDPR-C-23855-cookie-banner-loads-quickly-chromium/video.webm
    ────────────────────────────────────────────────────────────────────────────────────────────────
]]>
</failure>
<system-out>
<![CDATA[
[[ATTACHMENT|e2e-gdpr-compliance-GDPR-C-23855-cookie-banner-loads-quickly-chromium/test-failed-1.png]]

[[ATTACHMENT|e2e-gdpr-compliance-GDPR-C-23855-cookie-banner-loads-quickly-chromium/video.webm]]
]]>
</system-out>
</testcase>
<testcase name="GDPR Compliance E2E Tests › Performance › preference changes are saved quickly" classname="e2e/gdpr-compliance.spec.ts" time="0.88">
<failure message="gdpr-compliance.spec.ts:538:9 preference changes are saved quickly" type="FAILURE">
<![CDATA[  [chromium] › e2e/gdpr-compliance.spec.ts:538:9 › GDPR Compliance E2E Tests › Performance › preference changes are saved quickly 

    Error: page.evaluate: SecurityError: Failed to read the 'localStorage' property from 'Window': Access is denied for this document.
        at UtilityScript.evaluate (<anonymous>:293:16)
        at UtilityScript.<anonymous> (<anonymous>:1:44)
        at UtilityScript.evaluate (<anonymous>:293:16)
        at UtilityScript.<anonymous> (<anonymous>:1:44)
        at /Users/bossio/6fb-booking/backend-v2/frontend-v2/tests/e2e/gdpr-compliance.spec.ts:12:16

    attachment #1: screenshot (image/png) ──────────────────────────────────────────────────────────
    test-results/e2e-gdpr-compliance-GDPR-C-10347-e-changes-are-saved-quickly-chromium/test-failed-1.png
    ────────────────────────────────────────────────────────────────────────────────────────────────

    attachment #2: video (video/webm) ──────────────────────────────────────────────────────────────
    test-results/e2e-gdpr-compliance-GDPR-C-10347-e-changes-are-saved-quickly-chromium/video.webm
    ────────────────────────────────────────────────────────────────────────────────────────────────
]]>
</failure>
<system-out>
<![CDATA[
[[ATTACHMENT|e2e-gdpr-compliance-GDPR-C-10347-e-changes-are-saved-quickly-chromium/test-failed-1.png]]

[[ATTACHMENT|e2e-gdpr-compliance-GDPR-C-10347-e-changes-are-saved-quickly-chromium/video.webm]]
]]>
</system-out>
</testcase>
</testsuite>
<testsuite name="sentry-integration.spec.ts" timestamp="2025-07-03T12:34:35.891Z" hostname="chromium" tests="14" failures="14" skipped="0" time="80.049" errors="0">
<testcase name="Sentry Integration › should initialize Sentry on page load" classname="sentry-integration.spec.ts" time="2.439">
<failure message="sentry-integration.spec.ts:57:7 should initialize Sentry on page load" type="FAILURE">
<![CDATA[  [chromium] › sentry-integration.spec.ts:57:7 › Sentry Integration › should initialize Sentry on page load 

    Error: expect(received).toBe(expected) // Object.is equality

    Expected: true
    Received: false

      60 |     // Check that Sentry is available globally
      61 |     const sentryExists = await page.evaluate(() => typeof window.Sentry !== 'undefined')
    > 62 |     expect(sentryExists).toBe(true)
         |                          ^
      63 |     
      64 |     // Check that initial breadcrumbs are created
      65 |     const breadcrumbs = await getSentryBreadcrumbs(page)
        at /Users/bossio/6fb-booking/backend-v2/frontend-v2/tests/sentry-integration.spec.ts:62:26

    attachment #1: screenshot (image/png) ──────────────────────────────────────────────────────────
    test-results/sentry-integration-Sentry--80318-tialize-Sentry-on-page-load-chromium/test-failed-1.png
    ────────────────────────────────────────────────────────────────────────────────────────────────

    attachment #2: video (video/webm) ──────────────────────────────────────────────────────────────
    test-results/sentry-integration-Sentry--80318-tialize-Sentry-on-page-load-chromium/video.webm
    ────────────────────────────────────────────────────────────────────────────────────────────────

    Error Context: ../test-results/sentry-integration-Sentry--80318-tialize-Sentry-on-page-load-chromium/error-context.md
]]>
</failure>
<system-err>
<![CDATA[
Warning: attachment sentry-integration-Sentry--80318-tialize-Sentry-on-page-load-chromium/test-failed-1.png is missing
Warning: attachment sentry-integration-Sentry--80318-tialize-Sentry-on-page-load-chromium/video.webm is missing
Warning: attachment sentry-integration-Sentry--80318-tialize-Sentry-on-page-load-chromium/error-context.md is missing]]>
</system-err>
</testcase>
<testcase name="Sentry Integration › should capture user interactions as breadcrumbs" classname="sentry-integration.spec.ts" time="2.619">
<failure message="sentry-integration.spec.ts:73:7 should capture user interactions as breadcrumbs" type="FAILURE">
<![CDATA[  [chromium] › sentry-integration.spec.ts:73:7 › Sentry Integration › should capture user interactions as breadcrumbs 

    Error: expect(received).toBeGreaterThan(expected)

    Expected: > 0
    Received:   0

      83 |         b.category?.includes('ui.click') || b.message?.includes('click')
      84 |       )
    > 85 |       expect(clickBreadcrumbs.length).toBeGreaterThan(0)
         |                                       ^
      86 |     }
      87 |   })
      88 |
        at /Users/bossio/6fb-booking/backend-v2/frontend-v2/tests/sentry-integration.spec.ts:85:39

    attachment #1: screenshot (image/png) ──────────────────────────────────────────────────────────
    test-results/sentry-integration-Sentry--8de3d-interactions-as-breadcrumbs-chromium/test-failed-1.png
    ────────────────────────────────────────────────────────────────────────────────────────────────

    attachment #2: video (video/webm) ──────────────────────────────────────────────────────────────
    test-results/sentry-integration-Sentry--8de3d-interactions-as-breadcrumbs-chromium/video.webm
    ────────────────────────────────────────────────────────────────────────────────────────────────

    Error Context: ../test-results/sentry-integration-Sentry--8de3d-interactions-as-breadcrumbs-chromium/error-context.md
]]>
</failure>
<system-err>
<![CDATA[
Warning: attachment sentry-integration-Sentry--8de3d-interactions-as-breadcrumbs-chromium/test-failed-1.png is missing
Warning: attachment sentry-integration-Sentry--8de3d-interactions-as-breadcrumbs-chromium/video.webm is missing
Warning: attachment sentry-integration-Sentry--8de3d-interactions-as-breadcrumbs-chromium/error-context.md is missing]]>
</system-err>
</testcase>
<testcase name="Sentry Integration › should track performance metrics" classname="sentry-integration.spec.ts" time="5.713">
<failure message="sentry-integration.spec.ts:89:7 should track performance metrics" type="FAILURE">
<![CDATA[  [chromium] › sentry-integration.spec.ts:89:7 › Sentry Integration › should track performance metrics 

    Error: expect(received).toBeGreaterThan(expected)

    Expected: > 0
    Received:   0

       99 |     
      100 |     // Should have some performance-related breadcrumbs
    > 101 |     expect(performanceBreadcrumbs.length).toBeGreaterThan(0)
          |                                           ^
      102 |   })
      103 |
      104 |   test('should capture errors through error boundary', async ({ page }) => {
        at /Users/bossio/6fb-booking/backend-v2/frontend-v2/tests/sentry-integration.spec.ts:101:43

    attachment #1: screenshot (image/png) ──────────────────────────────────────────────────────────
    test-results/sentry-integration-Sentry--40153-d-track-performance-metrics-chromium/test-failed-1.png
    ────────────────────────────────────────────────────────────────────────────────────────────────

    Error Context: ../test-results/sentry-integration-Sentry--40153-d-track-performance-metrics-chromium/error-context.md
]]>
</failure>
<system-out>
<![CDATA[
[[ATTACHMENT|sentry-integration-Sentry--40153-d-track-performance-metrics-chromium/test-failed-1.png]]

[[ATTACHMENT|sentry-integration-Sentry--40153-d-track-performance-metrics-chromium/error-context.md]]
]]>
</system-out>
</testcase>
<testcase name="Sentry Integration › should capture errors through error boundary" classname="sentry-integration.spec.ts" time="12.757">
<failure message="sentry-integration.spec.ts:104:7 should capture errors through error boundary" type="FAILURE">
<![CDATA[  [chromium] › sentry-integration.spec.ts:104:7 › Sentry Integration › should capture errors through error boundary 

    TimeoutError: page.click: Timeout 10000ms exceeded.
    Call log:
      - waiting for locator('div:has-text("Test Error Component")')
        - locator resolved to <div>Test Error Component</div>
      - attempting click action
        2 × waiting for element to be visible, enabled and stable
          - element is visible, enabled and stable
          - scrolling into view if needed
          - done scrolling
          - <div class="container mx-auto max-w-7xl px-4 py-4 sm:px-6 lg:px-8">…</div> from <div role="dialog" aria-labelledby="cookie-banner-title" aria-describedby="cookie-banner-description" class="fixed bottom-0 left-0 right-0 z-50 border-t bg-background/95 backdrop-blur supports-[backdrop-filter]:bg-background/60 shadow-lg transform transition-transform duration-300 ease-out">…</div> subtree intercepts pointer events
        - retrying click action
        - waiting 20ms
        2 × waiting for element to be visible, enabled and stable
          - element is visible, enabled and stable
          - scrolling into view if needed
          - done scrolling
          - <div class="container mx-auto max-w-7xl px-4 py-4 sm:px-6 lg:px-8">…</div> from <div role="dialog" aria-labelledby="cookie-banner-title" aria-describedby="cookie-banner-description" class="fixed bottom-0 left-0 right-0 z-50 border-t bg-background/95 backdrop-blur supports-[backdrop-filter]:bg-background/60 shadow-lg transform transition-transform duration-300 ease-out">…</div> subtree intercepts pointer events
        - retrying click action
          - waiting 100ms
        19 × waiting for element to be visible, enabled and stable
           - element is visible, enabled and stable
           - scrolling into view if needed
           - done scrolling
           - <div class="container mx-auto max-w-7xl px-4 py-4 sm:px-6 lg:px-8">…</div> from <div role="dialog" aria-labelledby="cookie-banner-title" aria-describedby="cookie-banner-description" class="fixed bottom-0 left-0 right-0 z-50 border-t bg-background/95 backdrop-blur supports-[backdrop-filter]:bg-background/60 shadow-lg transform transition-transform duration-300 ease-out">…</div> subtree intercepts pointer events
         - retrying click action
           - waiting 500ms


      118 |     
      119 |     // Trigger the error
    > 120 |     await page.click('div:has-text("Test Error Component")')
          |                ^
      121 |     
      122 |     // Wait for error to be processed
      123 |     await page.waitForTimeout(1000)
        at /Users/bossio/6fb-booking/backend-v2/frontend-v2/tests/sentry-integration.spec.ts:120:16

    attachment #1: screenshot (image/png) ──────────────────────────────────────────────────────────
    test-results/sentry-integration-Sentry--7d555-rors-through-error-boundary-chromium/test-failed-1.png
    ────────────────────────────────────────────────────────────────────────────────────────────────

    Error Context: ../test-results/sentry-integration-Sentry--7d555-rors-through-error-boundary-chromium/error-context.md
]]>
</failure>
<system-out>
<![CDATA[
[[ATTACHMENT|sentry-integration-Sentry--7d555-rors-through-error-boundary-chromium/test-failed-1.png]]

[[ATTACHMENT|sentry-integration-Sentry--7d555-rors-through-error-boundary-chromium/error-context.md]]
]]>
</system-out>
</testcase>
<testcase name="Sentry Integration › should track API requests with proper context" classname="sentry-integration.spec.ts" time="3.377">
<failure message="sentry-integration.spec.ts:133:7 should track API requests with proper context" type="FAILURE">
<![CDATA[  [chromium] › sentry-integration.spec.ts:133:7 › Sentry Integration › should track API requests with proper context 

    Error: expect(received).toBeGreaterThan(expected)

    Expected: > 0
    Received:   0

      174 |     )
      175 |     
    > 176 |     expect(apiBreadcrumbs.length).toBeGreaterThan(0)
          |                                   ^
      177 |   })
      178 |
      179 |   test('should handle API errors properly', async ({ page }) => {
        at /Users/bossio/6fb-booking/backend-v2/frontend-v2/tests/sentry-integration.spec.ts:176:35

    attachment #1: screenshot (image/png) ──────────────────────────────────────────────────────────
    test-results/sentry-integration-Sentry--e81bb-equests-with-proper-context-chromium/test-failed-1.png
    ────────────────────────────────────────────────────────────────────────────────────────────────

    Error Context: ../test-results/sentry-integration-Sentry--e81bb-equests-with-proper-context-chromium/error-context.md
]]>
</failure>
<system-out>
<![CDATA[
[[ATTACHMENT|sentry-integration-Sentry--e81bb-equests-with-proper-context-chromium/test-failed-1.png]]

[[ATTACHMENT|sentry-integration-Sentry--e81bb-equests-with-proper-context-chromium/error-context.md]]
]]>
</system-out>
</testcase>
<testcase name="Sentry Integration › should handle API errors properly" classname="sentry-integration.spec.ts" time="3.417">
<failure message="sentry-integration.spec.ts:179:7 should handle API errors properly" type="FAILURE">
<![CDATA[  [chromium] › sentry-integration.spec.ts:179:7 › Sentry Integration › should handle API errors properly 

    Error: expect(received).toBeGreaterThan(expected)

    Expected: > 0
    Received:   0

      209 |     const errorEvents = events.filter(e => e.type === 'exception')
      210 |     
    > 211 |     expect(errorEvents.length).toBeGreaterThan(0)
          |                                ^
      212 |     expect(errorEvents.some(e => e.error.includes('HTTP 500'))).toBe(true)
      213 |   })
      214 |
        at /Users/bossio/6fb-booking/backend-v2/frontend-v2/tests/sentry-integration.spec.ts:211:32

    attachment #1: screenshot (image/png) ──────────────────────────────────────────────────────────
    test-results/sentry-integration-Sentry--66af2--handle-API-errors-properly-chromium/test-failed-1.png
    ────────────────────────────────────────────────────────────────────────────────────────────────

    Error Context: ../test-results/sentry-integration-Sentry--66af2--handle-API-errors-properly-chromium/error-context.md
]]>
</failure>
<system-out>
<![CDATA[
[[ATTACHMENT|sentry-integration-Sentry--66af2--handle-API-errors-properly-chromium/test-failed-1.png]]

[[ATTACHMENT|sentry-integration-Sentry--66af2--handle-API-errors-properly-chromium/error-context.md]]
]]>
</system-out>
</testcase>
<testcase name="Sentry Integration › should track user context properly" classname="sentry-integration.spec.ts" time="2.798">
<failure message="sentry-integration.spec.ts:215:7 should track user context properly" type="FAILURE">
<![CDATA[  [chromium] › sentry-integration.spec.ts:215:7 › Sentry Integration › should track user context properly 

    Error: expect(received).toBeGreaterThan(expected)

    Expected: > 0
    Received:   0

      239 |     
      240 |     const events = await getSentryEvents(page)
    > 241 |     expect(events.length).toBeGreaterThan(0)
          |                           ^
      242 |   })
      243 |
      244 |   test('should track form interactions', async ({ page }) => {
        at /Users/bossio/6fb-booking/backend-v2/frontend-v2/tests/sentry-integration.spec.ts:241:27

    attachment #1: screenshot (image/png) ──────────────────────────────────────────────────────────
    test-results/sentry-integration-Sentry--b97e5-track-user-context-properly-chromium/test-failed-1.png
    ────────────────────────────────────────────────────────────────────────────────────────────────

    attachment #2: video (video/webm) ──────────────────────────────────────────────────────────────
    test-results/sentry-integration-Sentry--b97e5-track-user-context-properly-chromium/video.webm
    ────────────────────────────────────────────────────────────────────────────────────────────────

    Error Context: ../test-results/sentry-integration-Sentry--b97e5-track-user-context-properly-chromium/error-context.md
]]>
</failure>
<system-err>
<![CDATA[
Warning: attachment sentry-integration-Sentry--b97e5-track-user-context-properly-chromium/test-failed-1.png is missing
Warning: attachment sentry-integration-Sentry--b97e5-track-user-context-properly-chromium/video.webm is missing
Warning: attachment sentry-integration-Sentry--b97e5-track-user-context-properly-chromium/error-context.md is missing]]>
</system-err>
</testcase>
<testcase name="Sentry Integration › should track form interactions" classname="sentry-integration.spec.ts" time="12.406">
<failure message="sentry-integration.spec.ts:244:7 should track form interactions" type="FAILURE">
<![CDATA[  [chromium] › sentry-integration.spec.ts:244:7 › Sentry Integration › should track form interactions 

    TimeoutError: page.click: Timeout 10000ms exceeded.
    Call log:
      - waiting for locator('button[type="submit"]')
        - locator resolved to <button type="submit">Submit</button>
      - attempting click action
        2 × waiting for element to be visible, enabled and stable
          - element is not stable
        - retrying click action
        - waiting 20ms
        2 × waiting for element to be visible, enabled and stable
          - element is not stable
        - retrying click action
          - waiting 100ms
        - waiting for element to be visible, enabled and stable
        - element is not stable
      18 × retrying click action
           - waiting 500ms
           - waiting for element to be visible, enabled and stable
           - element is visible, enabled and stable
           - scrolling into view if needed
           - done scrolling
           - <div class="container mx-auto max-w-7xl px-4 py-4 sm:px-6 lg:px-8">…</div> from <div role="dialog" aria-labelledby="cookie-banner-title" aria-describedby="cookie-banner-description" class="fixed bottom-0 left-0 right-0 z-50 border-t bg-background/95 backdrop-blur supports-[backdrop-filter]:bg-background/60 shadow-lg transform transition-transform duration-300 ease-out">…</div> subtree intercepts pointer events
      - retrying click action
        - waiting 500ms


      261 |     
      262 |     // Submit form
    > 263 |     await page.click('button[type="submit"]')
          |                ^
      264 |     
      265 |     await page.waitForTimeout(1000)
      266 |     
        at /Users/bossio/6fb-booking/backend-v2/frontend-v2/tests/sentry-integration.spec.ts:263:16

    attachment #1: screenshot (image/png) ──────────────────────────────────────────────────────────
    test-results/sentry-integration-Sentry--0056b-uld-track-form-interactions-chromium/test-failed-1.png
    ────────────────────────────────────────────────────────────────────────────────────────────────

    Error Context: ../test-results/sentry-integration-Sentry--0056b-uld-track-form-interactions-chromium/error-context.md
]]>
</failure>
<system-out>
<![CDATA[
[[ATTACHMENT|sentry-integration-Sentry--0056b-uld-track-form-interactions-chromium/test-failed-1.png]]

[[ATTACHMENT|sentry-integration-Sentry--0056b-uld-track-form-interactions-chromium/error-context.md]]
]]>
</system-out>
</testcase>
<testcase name="Sentry Integration › should handle network connectivity changes" classname="sentry-integration.spec.ts" time="2.541">
<failure message="sentry-integration.spec.ts:275:7 should handle network connectivity changes" type="FAILURE">
<![CDATA[  [chromium] › sentry-integration.spec.ts:275:7 › Sentry Integration › should handle network connectivity changes 

    Error: expect(received).toBeGreaterThan(expected)

    Expected: > 0
    Received:   0

      296 |     )
      297 |     
    > 298 |     expect(connectivityBreadcrumbs.length).toBeGreaterThan(0)
          |                                            ^
      299 |   })
      300 |
      301 |   test('should track page visibility changes', async ({ page }) => {
        at /Users/bossio/6fb-booking/backend-v2/frontend-v2/tests/sentry-integration.spec.ts:298:44

    attachment #1: screenshot (image/png) ──────────────────────────────────────────────────────────
    test-results/sentry-integration-Sentry--e6736-etwork-connectivity-changes-chromium/test-failed-1.png
    ────────────────────────────────────────────────────────────────────────────────────────────────

    Error Context: ../test-results/sentry-integration-Sentry--e6736-etwork-connectivity-changes-chromium/error-context.md
]]>
</failure>
<system-out>
<![CDATA[
[[ATTACHMENT|sentry-integration-Sentry--e6736-etwork-connectivity-changes-chromium/test-failed-1.png]]

[[ATTACHMENT|sentry-integration-Sentry--e6736-etwork-connectivity-changes-chromium/error-context.md]]
]]>
</system-out>
</testcase>
<testcase name="Sentry Integration › should track page visibility changes" classname="sentry-integration.spec.ts" time="2.526">
<failure message="sentry-integration.spec.ts:301:7 should track page visibility changes" type="FAILURE">
<![CDATA[  [chromium] › sentry-integration.spec.ts:301:7 › Sentry Integration › should track page visibility changes 

    Error: expect(received).toBeGreaterThan(expected)

    Expected: > 0
    Received:   0

      329 |     )
      330 |     
    > 331 |     expect(visibilityBreadcrumbs.length).toBeGreaterThan(0)
          |                                          ^
      332 |   })
      333 |
      334 |   test('should handle memory tracking', async ({ page }) => {
        at /Users/bossio/6fb-booking/backend-v2/frontend-v2/tests/sentry-integration.spec.ts:331:42

    attachment #1: screenshot (image/png) ──────────────────────────────────────────────────────────
    test-results/sentry-integration-Sentry--04959-ack-page-visibility-changes-chromium/test-failed-1.png
    ────────────────────────────────────────────────────────────────────────────────────────────────

    attachment #2: video (video/webm) ──────────────────────────────────────────────────────────────
    test-results/sentry-integration-Sentry--04959-ack-page-visibility-changes-chromium/video.webm
    ────────────────────────────────────────────────────────────────────────────────────────────────

    Error Context: ../test-results/sentry-integration-Sentry--04959-ack-page-visibility-changes-chromium/error-context.md
]]>
</failure>
<system-out>
<![CDATA[
[[ATTACHMENT|sentry-integration-Sentry--04959-ack-page-visibility-changes-chromium/test-failed-1.png]]

[[ATTACHMENT|sentry-integration-Sentry--04959-ack-page-visibility-changes-chromium/video.webm]]

[[ATTACHMENT|sentry-integration-Sentry--04959-ack-page-visibility-changes-chromium/error-context.md]]
]]>
</system-out>
</testcase>
<testcase name="Sentry Integration › should handle memory tracking" classname="sentry-integration.spec.ts" time="4.155">
<failure message="sentry-integration.spec.ts:334:7 should handle memory tracking" type="FAILURE">
<![CDATA[  [chromium] › sentry-integration.spec.ts:334:7 › Sentry Integration › should handle memory tracking 

    Error: expect(received).toBeGreaterThan(expected)

    Expected: > 0
    Received:   0

      349 |       )
      350 |       
    > 351 |       expect(memoryBreadcrumbs.length).toBeGreaterThan(0)
          |                                        ^
      352 |     }
      353 |   })
      354 | })
        at /Users/bossio/6fb-booking/backend-v2/frontend-v2/tests/sentry-integration.spec.ts:351:40

    attachment #1: screenshot (image/png) ──────────────────────────────────────────────────────────
    test-results/sentry-integration-Sentry--667b1-ould-handle-memory-tracking-chromium/test-failed-1.png
    ────────────────────────────────────────────────────────────────────────────────────────────────

    attachment #2: video (video/webm) ──────────────────────────────────────────────────────────────
    test-results/sentry-integration-Sentry--667b1-ould-handle-memory-tracking-chromium/video.webm
    ────────────────────────────────────────────────────────────────────────────────────────────────

    Error Context: ../test-results/sentry-integration-Sentry--667b1-ould-handle-memory-tracking-chromium/error-context.md
]]>
</failure>
<system-out>
<![CDATA[
[[ATTACHMENT|sentry-integration-Sentry--667b1-ould-handle-memory-tracking-chromium/test-failed-1.png]]

[[ATTACHMENT|sentry-integration-Sentry--667b1-ould-handle-memory-tracking-chromium/video.webm]]

[[ATTACHMENT|sentry-integration-Sentry--667b1-ould-handle-memory-tracking-chromium/error-context.md]]
]]>
</system-out>
</testcase>
<testcase name="Sentry Error Boundary Integration › should show error boundary UI when error occurs" classname="sentry-integration.spec.ts" time="11.292">
<failure message="sentry-integration.spec.ts:361:7 should show error boundary UI when error occurs" type="FAILURE">
<![CDATA[  [chromium] › sentry-integration.spec.ts:361:7 › Sentry Error Boundary Integration › should show error boundary UI when error occurs 

    TimeoutError: page.click: Timeout 10000ms exceeded.
    Call log:
      - waiting for locator('button:has-text("Trigger Error")')
        - locator resolved to <button>Trigger Error</button>
      - attempting click action
        2 × waiting for element to be visible, enabled and stable
          - element is visible, enabled and stable
          - scrolling into view if needed
          - done scrolling
          - <div class="container mx-auto max-w-7xl px-4 py-4 sm:px-6 lg:px-8">…</div> from <div role="dialog" aria-labelledby="cookie-banner-title" aria-describedby="cookie-banner-description" class="fixed bottom-0 left-0 right-0 z-50 border-t bg-background/95 backdrop-blur supports-[backdrop-filter]:bg-background/60 shadow-lg transform transition-transform duration-300 ease-out">…</div> subtree intercepts pointer events
        - retrying click action
        - waiting 20ms
        2 × waiting for element to be visible, enabled and stable
          - element is visible, enabled and stable
          - scrolling into view if needed
          - done scrolling
          - <div class="container mx-auto max-w-7xl px-4 py-4 sm:px-6 lg:px-8">…</div> from <div role="dialog" aria-labelledby="cookie-banner-title" aria-describedby="cookie-banner-description" class="fixed bottom-0 left-0 right-0 z-50 border-t bg-background/95 backdrop-blur supports-[backdrop-filter]:bg-background/60 shadow-lg transform transition-transform duration-300 ease-out">…</div> subtree intercepts pointer events
        - retrying click action
          - waiting 100ms
        19 × waiting for element to be visible, enabled and stable
           - element is visible, enabled and stable
           - scrolling into view if needed
           - done scrolling
           - <div class="container mx-auto max-w-7xl px-4 py-4 sm:px-6 lg:px-8">…</div> from <div role="dialog" aria-labelledby="cookie-banner-title" aria-describedby="cookie-banner-description" class="fixed bottom-0 left-0 right-0 z-50 border-t bg-background/95 backdrop-blur supports-[backdrop-filter]:bg-background/60 shadow-lg transform transition-transform duration-300 ease-out">…</div> subtree intercepts pointer events
         - retrying click action
           - waiting 500ms


      388 |     
      389 |     // Trigger the error
    > 390 |     await page.click('button:has-text("Trigger Error")')
          |                ^
      391 |     
      392 |     // Check that error boundary UI is shown
      393 |     await expect(page.getByTestId('error-boundary')).toBeVisible()
        at /Users/bossio/6fb-booking/backend-v2/frontend-v2/tests/sentry-integration.spec.ts:390:16

    attachment #1: screenshot (image/png) ──────────────────────────────────────────────────────────
    test-results/sentry-integration-Sentry--a7465-undary-UI-when-error-occurs-chromium/test-failed-1.png
    ────────────────────────────────────────────────────────────────────────────────────────────────

    attachment #2: video (video/webm) ──────────────────────────────────────────────────────────────
    test-results/sentry-integration-Sentry--a7465-undary-UI-when-error-occurs-chromium/video.webm
    ────────────────────────────────────────────────────────────────────────────────────────────────

    Error Context: ../test-results/sentry-integration-Sentry--a7465-undary-UI-when-error-occurs-chromium/error-context.md
]]>
</failure>
<system-out>
<![CDATA[
[[ATTACHMENT|sentry-integration-Sentry--a7465-undary-UI-when-error-occurs-chromium/test-failed-1.png]]

[[ATTACHMENT|sentry-integration-Sentry--a7465-undary-UI-when-error-occurs-chromium/video.webm]]

[[ATTACHMENT|sentry-integration-Sentry--a7465-undary-UI-when-error-occurs-chromium/error-context.md]]
]]>
</system-out>
</testcase>
<testcase name="Sentry Error Boundary Integration › should allow user feedback submission" classname="sentry-integration.spec.ts" time="11.97">
<failure message="sentry-integration.spec.ts:403:7 should allow user feedback submission" type="FAILURE">
<![CDATA[  [chromium] › sentry-integration.spec.ts:403:7 › Sentry Error Boundary Integration › should allow user feedback submission 

    TimeoutError: page.click: Timeout 10000ms exceeded.
    Call log:
      - waiting for locator('[data-testid="report-issue"]')
        - locator resolved to <button data-testid="report-issue">Report Issue</button>
      - attempting click action
        2 × waiting for element to be visible, enabled and stable
          - element is visible, enabled and stable
          - scrolling into view if needed
          - done scrolling
          - <p id="cookie-banner-description" class="text-sm text-muted-foreground mt-1">…</p> from <div role="dialog" aria-labelledby="cookie-banner-title" aria-describedby="cookie-banner-description" class="fixed bottom-0 left-0 right-0 z-50 border-t bg-background/95 backdrop-blur supports-[backdrop-filter]:bg-background/60 shadow-lg transform transition-transform duration-300 ease-out">…</div> subtree intercepts pointer events
        - retrying click action
        - waiting 20ms
        2 × waiting for element to be visible, enabled and stable
          - element is visible, enabled and stable
          - scrolling into view if needed
          - done scrolling
          - <p id="cookie-banner-description" class="text-sm text-muted-foreground mt-1">…</p> from <div role="dialog" aria-labelledby="cookie-banner-title" aria-describedby="cookie-banner-description" class="fixed bottom-0 left-0 right-0 z-50 border-t bg-background/95 backdrop-blur supports-[backdrop-filter]:bg-background/60 shadow-lg transform transition-transform duration-300 ease-out">…</div> subtree intercepts pointer events
        - retrying click action
          - waiting 100ms
        19 × waiting for element to be visible, enabled and stable
           - element is visible, enabled and stable
           - scrolling into view if needed
           - done scrolling
           - <p id="cookie-banner-description" class="text-sm text-muted-foreground mt-1">…</p> from <div role="dialog" aria-labelledby="cookie-banner-title" aria-describedby="cookie-banner-description" class="fixed bottom-0 left-0 right-0 z-50 border-t bg-background/95 backdrop-blur supports-[backdrop-filter]:bg-background/60 shadow-lg transform transition-transform duration-300 ease-out">…</div> subtree intercepts pointer events
         - retrying click action
           - waiting 500ms


      431 |     
      432 |     // Click report issue button
    > 433 |     await page.click('[data-testid="report-issue"]')
          |                ^
      434 |     
[...]
      242 |   })
      243 |
      244 |   test('should track form interactions', async ({ page }) => {
        at /Users/bossio/6fb-booking/backend-v2/frontend-v2/tests/sentry-integration.spec.ts:241:27

    attachment #1: screenshot (image/png) ──────────────────────────────────────────────────────────
    test-results/sentry-integration-Sentry--b97e5-track-user-context-properly-Mobile-Safari/test-failed-1.png
    ────────────────────────────────────────────────────────────────────────────────────────────────

    attachment #2: video (video/webm) ──────────────────────────────────────────────────────────────
    test-results/sentry-integration-Sentry--b97e5-track-user-context-properly-Mobile-Safari/video.webm
    ────────────────────────────────────────────────────────────────────────────────────────────────

    Error Context: ../test-results/sentry-integration-Sentry--b97e5-track-user-context-properly-Mobile-Safari/error-context.md
]]>
</failure>
<system-out>
<![CDATA[
[[ATTACHMENT|sentry-integration-Sentry--b97e5-track-user-context-properly-Mobile-Safari/test-failed-1.png]]

[[ATTACHMENT|sentry-integration-Sentry--b97e5-track-user-context-properly-Mobile-Safari/video.webm]]

[[ATTACHMENT|sentry-integration-Sentry--b97e5-track-user-context-properly-Mobile-Safari/error-context.md]]
]]>
</system-out>
</testcase>
<testcase name="Sentry Integration › should track form interactions" classname="sentry-integration.spec.ts" time="10.806">
<failure message="sentry-integration.spec.ts:244:7 should track form interactions" type="FAILURE">
<![CDATA[  [Mobile Safari] › sentry-integration.spec.ts:244:7 › Sentry Integration › should track form interactions 

    TimeoutError: page.click: Timeout 10000ms exceeded.
    Call log:
      - waiting for locator('button[type="submit"]')
        - locator resolved to <button type="submit">Submit</button>
      - attempting click action
        2 × waiting for element to be visible, enabled and stable
          - element is visible, enabled and stable
          - scrolling into view if needed
          - done scrolling
          - <div class="container mx-auto max-w-7xl px-4 py-4 sm:px-6 lg:px-8">…</div> from <div role="dialog" aria-labelledby="cookie-banner-title" aria-describedby="cookie-banner-description" class="fixed bottom-0 left-0 right-0 z-50 border-t bg-background/95 backdrop-blur supports-[backdrop-filter]:bg-background/60 shadow-lg transform transition-transform duration-300 ease-out">…</div> subtree intercepts pointer events
        - retrying click action
        - waiting 20ms
        2 × waiting for element to be visible, enabled and stable
          - element is visible, enabled and stable
          - scrolling into view if needed
          - done scrolling
          - <div class="container mx-auto max-w-7xl px-4 py-4 sm:px-6 lg:px-8">…</div> from <div role="dialog" aria-labelledby="cookie-banner-title" aria-describedby="cookie-banner-description" class="fixed bottom-0 left-0 right-0 z-50 border-t bg-background/95 backdrop-blur supports-[backdrop-filter]:bg-background/60 shadow-lg transform transition-transform duration-300 ease-out">…</div> subtree intercepts pointer events
        - retrying click action
          - waiting 100ms
        19 × waiting for element to be visible, enabled and stable
           - element is visible, enabled and stable
           - scrolling into view if needed
           - done scrolling
           - <div class="container mx-auto max-w-7xl px-4 py-4 sm:px-6 lg:px-8">…</div> from <div role="dialog" aria-labelledby="cookie-banner-title" aria-describedby="cookie-banner-description" class="fixed bottom-0 left-0 right-0 z-50 border-t bg-background/95 backdrop-blur supports-[backdrop-filter]:bg-background/60 shadow-lg transform transition-transform duration-300 ease-out">…</div> subtree intercepts pointer events
         - retrying click action
           - waiting 500ms


      261 |     
      262 |     // Submit form
    > 263 |     await page.click('button[type="submit"]')
          |                ^
      264 |     
      265 |     await page.waitForTimeout(1000)
      266 |     
        at /Users/bossio/6fb-booking/backend-v2/frontend-v2/tests/sentry-integration.spec.ts:263:16

    attachment #1: screenshot (image/png) ──────────────────────────────────────────────────────────
    test-results/sentry-integration-Sentry--0056b-uld-track-form-interactions-Mobile-Safari/test-failed-1.png
    ────────────────────────────────────────────────────────────────────────────────────────────────

    attachment #2: video (video/webm) ──────────────────────────────────────────────────────────────
    test-results/sentry-integration-Sentry--0056b-uld-track-form-interactions-Mobile-Safari/video.webm
    ────────────────────────────────────────────────────────────────────────────────────────────────

    Error Context: ../test-results/sentry-integration-Sentry--0056b-uld-track-form-interactions-Mobile-Safari/error-context.md
]]>
</failure>
<system-out>
<![CDATA[
[[ATTACHMENT|sentry-integration-Sentry--0056b-uld-track-form-interactions-Mobile-Safari/test-failed-1.png]]

[[ATTACHMENT|sentry-integration-Sentry--0056b-uld-track-form-interactions-Mobile-Safari/video.webm]]

[[ATTACHMENT|sentry-integration-Sentry--0056b-uld-track-form-interactions-Mobile-Safari/error-context.md]]
]]>
</system-out>
</testcase>
<testcase name="Sentry Integration › should handle network connectivity changes" classname="sentry-integration.spec.ts" time="1.929">
<failure message="sentry-integration.spec.ts:275:7 should handle network connectivity changes" type="FAILURE">
<![CDATA[  [Mobile Safari] › sentry-integration.spec.ts:275:7 › Sentry Integration › should handle network connectivity changes 

    Error: expect(received).toBeGreaterThan(expected)

    Expected: > 0
    Received:   0

      296 |     )
      297 |     
    > 298 |     expect(connectivityBreadcrumbs.length).toBeGreaterThan(0)
          |                                            ^
      299 |   })
      300 |
      301 |   test('should track page visibility changes', async ({ page }) => {
        at /Users/bossio/6fb-booking/backend-v2/frontend-v2/tests/sentry-integration.spec.ts:298:44

    attachment #1: screenshot (image/png) ──────────────────────────────────────────────────────────
    test-results/sentry-integration-Sentry--e6736-etwork-connectivity-changes-Mobile-Safari/test-failed-1.png
    ────────────────────────────────────────────────────────────────────────────────────────────────

    attachment #2: video (video/webm) ──────────────────────────────────────────────────────────────
    test-results/sentry-integration-Sentry--e6736-etwork-connectivity-changes-Mobile-Safari/video.webm
    ────────────────────────────────────────────────────────────────────────────────────────────────

    Error Context: ../test-results/sentry-integration-Sentry--e6736-etwork-connectivity-changes-Mobile-Safari/error-context.md
]]>
</failure>
<system-out>
<![CDATA[
[[ATTACHMENT|sentry-integration-Sentry--e6736-etwork-connectivity-changes-Mobile-Safari/test-failed-1.png]]

[[ATTACHMENT|sentry-integration-Sentry--e6736-etwork-connectivity-changes-Mobile-Safari/video.webm]]

[[ATTACHMENT|sentry-integration-Sentry--e6736-etwork-connectivity-changes-Mobile-Safari/error-context.md]]
]]>
</system-out>
</testcase>
<testcase name="Sentry Integration › should track page visibility changes" classname="sentry-integration.spec.ts" time="1.889">
<failure message="sentry-integration.spec.ts:301:7 should track page visibility changes" type="FAILURE">
<![CDATA[  [Mobile Safari] › sentry-integration.spec.ts:301:7 › Sentry Integration › should track page visibility changes 

    Error: expect(received).toBeGreaterThan(expected)

    Expected: > 0
    Received:   0

      329 |     )
      330 |     
    > 331 |     expect(visibilityBreadcrumbs.length).toBeGreaterThan(0)
          |                                          ^
      332 |   })
      333 |
      334 |   test('should handle memory tracking', async ({ page }) => {
        at /Users/bossio/6fb-booking/backend-v2/frontend-v2/tests/sentry-integration.spec.ts:331:42

    attachment #1: screenshot (image/png) ──────────────────────────────────────────────────────────
    test-results/sentry-integration-Sentry--04959-ack-page-visibility-changes-Mobile-Safari/test-failed-1.png
    ────────────────────────────────────────────────────────────────────────────────────────────────

    attachment #2: video (video/webm) ──────────────────────────────────────────────────────────────
    test-results/sentry-integration-Sentry--04959-ack-page-visibility-changes-Mobile-Safari/video.webm
    ────────────────────────────────────────────────────────────────────────────────────────────────

    Error Context: ../test-results/sentry-integration-Sentry--04959-ack-page-visibility-changes-Mobile-Safari/error-context.md
]]>
</failure>
<system-out>
<![CDATA[
[[ATTACHMENT|sentry-integration-Sentry--04959-ack-page-visibility-changes-Mobile-Safari/test-failed-1.png]]

[[ATTACHMENT|sentry-integration-Sentry--04959-ack-page-visibility-changes-Mobile-Safari/video.webm]]

[[ATTACHMENT|sentry-integration-Sentry--04959-ack-page-visibility-changes-Mobile-Safari/error-context.md]]
]]>
</system-out>
</testcase>
<testcase name="Sentry Integration › should handle memory tracking" classname="sentry-integration.spec.ts" time="0.935">
</testcase>
<testcase name="Sentry Error Boundary Integration › should show error boundary UI when error occurs" classname="sentry-integration.spec.ts" time="10.773">
<failure message="sentry-integration.spec.ts:361:7 should show error boundary UI when error occurs" type="FAILURE">
<![CDATA[  [Mobile Safari] › sentry-integration.spec.ts:361:7 › Sentry Error Boundary Integration › should show error boundary UI when error occurs 

    TimeoutError: page.click: Timeout 10000ms exceeded.
    Call log:
      - waiting for locator('button:has-text("Trigger Error")')
        - locator resolved to <button>Trigger Error</button>
      - attempting click action
        2 × waiting for element to be visible, enabled and stable
          - element is visible, enabled and stable
          - scrolling into view if needed
          - done scrolling
          - <div class="container mx-auto max-w-7xl px-4 py-4 sm:px-6 lg:px-8">…</div> from <div role="dialog" aria-labelledby="cookie-banner-title" aria-describedby="cookie-banner-description" class="fixed bottom-0 left-0 right-0 z-50 border-t bg-background/95 backdrop-blur supports-[backdrop-filter]:bg-background/60 shadow-lg transform transition-transform duration-300 ease-out">…</div> subtree intercepts pointer events
        - retrying click action
        - waiting 20ms
        2 × waiting for element to be visible, enabled and stable
          - element is visible, enabled and stable
          - scrolling into view if needed
          - done scrolling
          - <div class="container mx-auto max-w-7xl px-4 py-4 sm:px-6 lg:px-8">…</div> from <div role="dialog" aria-labelledby="cookie-banner-title" aria-describedby="cookie-banner-description" class="fixed bottom-0 left-0 right-0 z-50 border-t bg-background/95 backdrop-blur supports-[backdrop-filter]:bg-background/60 shadow-lg transform transition-transform duration-300 ease-out">…</div> subtree intercepts pointer events
        - retrying click action
          - waiting 100ms
        19 × waiting for element to be visible, enabled and stable
           - element is visible, enabled and stable
           - scrolling into view if needed
           - done scrolling
           - <div class="container mx-auto max-w-7xl px-4 py-4 sm:px-6 lg:px-8">…</div> from <div role="dialog" aria-labelledby="cookie-banner-title" aria-describedby="cookie-banner-description" class="fixed bottom-0 left-0 right-0 z-50 border-t bg-background/95 backdrop-blur supports-[backdrop-filter]:bg-background/60 shadow-lg transform transition-transform duration-300 ease-out">…</div> subtree intercepts pointer events
         - retrying click action
           - waiting 500ms


      388 |     
      389 |     // Trigger the error
    > 390 |     await page.click('button:has-text("Trigger Error")')
          |                ^
      391 |     
      392 |     // Check that error boundary UI is shown
      393 |     await expect(page.getByTestId('error-boundary')).toBeVisible()
        at /Users/bossio/6fb-booking/backend-v2/frontend-v2/tests/sentry-integration.spec.ts:390:16

    attachment #1: screenshot (image/png) ──────────────────────────────────────────────────────────
    test-results/sentry-integration-Sentry--a7465-undary-UI-when-error-occurs-Mobile-Safari/test-failed-1.png
    ────────────────────────────────────────────────────────────────────────────────────────────────

    attachment #2: video (video/webm) ──────────────────────────────────────────────────────────────
    test-results/sentry-integration-Sentry--a7465-undary-UI-when-error-occurs-Mobile-Safari/video.webm
    ────────────────────────────────────────────────────────────────────────────────────────────────

    Error Context: ../test-results/sentry-integration-Sentry--a7465-undary-UI-when-error-occurs-Mobile-Safari/error-context.md
]]>
</failure>
<system-out>
<![CDATA[
[[ATTACHMENT|sentry-integration-Sentry--a7465-undary-UI-when-error-occurs-Mobile-Safari/test-failed-1.png]]

[[ATTACHMENT|sentry-integration-Sentry--a7465-undary-UI-when-error-occurs-Mobile-Safari/video.webm]]

[[ATTACHMENT|sentry-integration-Sentry--a7465-undary-UI-when-error-occurs-Mobile-Safari/error-context.md]]
]]>
</system-out>
</testcase>
<testcase name="Sentry Error Boundary Integration › should allow user feedback submission" classname="sentry-integration.spec.ts" time="10.77">
<failure message="sentry-integration.spec.ts:403:7 should allow user feedback submission" type="FAILURE">
<![CDATA[  [Mobile Safari] › sentry-integration.spec.ts:403:7 › Sentry Error Boundary Integration › should allow user feedback submission 

    TimeoutError: page.click: Timeout 10000ms exceeded.
    Call log:
      - waiting for locator('[data-testid="report-issue"]')
        - locator resolved to <button data-testid="report-issue">Report Issue</button>
      - attempting click action
        2 × waiting for element to be visible, enabled and stable
          - element is visible, enabled and stable
          - scrolling into view if needed
          - done scrolling
          - <span class="absolute inset-0 overflow-hidden rounded-inherit">…</span> from <div role="dialog" aria-labelledby="cookie-banner-title" aria-describedby="cookie-banner-description" class="fixed bottom-0 left-0 right-0 z-50 border-t bg-background/95 backdrop-blur supports-[backdrop-filter]:bg-background/60 shadow-lg transform transition-transform duration-300 ease-out">…</div> subtree intercepts pointer events
        - retrying click action
        - waiting 20ms
        - waiting for element to be visible, enabled and stable
        - element is not stable
      2 × retrying click action
          - waiting 100ms
          - waiting for element to be visible, enabled and stable
          - element is visible, enabled and stable
          - scrolling into view if needed
          - done scrolling
          - <span class="absolute inset-0 overflow-hidden rounded-inherit">…</span> from <div role="dialog" aria-labelledby="cookie-banner-title" aria-describedby="cookie-banner-description" class="fixed bottom-0 left-0 right-0 z-50 border-t bg-background/95 backdrop-blur supports-[backdrop-filter]:bg-background/60 shadow-lg transform transition-transform duration-300 ease-out">…</div> subtree intercepts pointer events
      18 × retrying click action
           - waiting 500ms
           - waiting for element to be visible, enabled and stable
           - element is visible, enabled and stable
           - scrolling into view if needed
           - done scrolling
           - <span class="absolute inset-0 overflow-hidden rounded-inherit">…</span> from <div role="dialog" aria-labelledby="cookie-banner-title" aria-describedby="cookie-banner-description" class="fixed bottom-0 left-0 right-0 z-50 border-t bg-background/95 backdrop-blur supports-[backdrop-filter]:bg-background/60 shadow-lg transform transition-transform duration-300 ease-out">…</div> subtree intercepts pointer events
      - retrying click action
        - waiting 500ms


      431 |     
      432 |     // Click report issue button
    > 433 |     await page.click('[data-testid="report-issue"]')
          |                ^
      434 |     
      435 |     // Verify feedback form appears
      436 |     await expect(page.getByTestId('feedback-form')).toBeVisible()
        at /Users/bossio/6fb-booking/backend-v2/frontend-v2/tests/sentry-integration.spec.ts:433:16

    attachment #1: screenshot (image/png) ──────────────────────────────────────────────────────────
    test-results/sentry-integration-Sentry--b6f85-ow-user-feedback-submission-Mobile-Safari/test-failed-1.png
    ────────────────────────────────────────────────────────────────────────────────────────────────

    attachment #2: video (video/webm) ──────────────────────────────────────────────────────────────
    test-results/sentry-integration-Sentry--b6f85-ow-user-feedback-submission-Mobile-Safari/video.webm
    ────────────────────────────────────────────────────────────────────────────────────────────────

    Error Context: ../test-results/sentry-integration-Sentry--b6f85-ow-user-feedback-submission-Mobile-Safari/error-context.md
]]>
</failure>
<system-out>
<![CDATA[
[[ATTACHMENT|sentry-integration-Sentry--b6f85-ow-user-feedback-submission-Mobile-Safari/test-failed-1.png]]

[[ATTACHMENT|sentry-integration-Sentry--b6f85-ow-user-feedback-submission-Mobile-Safari/video.webm]]

[[ATTACHMENT|sentry-integration-Sentry--b6f85-ow-user-feedback-submission-Mobile-Safari/error-context.md]]
]]>
</system-out>
</testcase>
<testcase name="Sentry Source Maps › should have source maps available in development" classname="sentry-integration.spec.ts" time="0.879">
<failure message="sentry-integration.spec.ts:458:7 should have source maps available in development" type="FAILURE">
<![CDATA[  [Mobile Safari] › sentry-integration.spec.ts:458:7 › Sentry Source Maps › should have source maps available in development 

    Error: expect(received).toBe(expected) // Object.is equality

    Expected: true
    Received: false

      477 |     // Source maps should be available in development builds
      478 |     if (process.env.NODE_ENV !== 'production') {
    > 479 |       expect(hasSourceMaps).toBe(true)
          |                             ^
      480 |     }
      481 |   })
      482 | })
        at /Users/bossio/6fb-booking/backend-v2/frontend-v2/tests/sentry-integration.spec.ts:479:29

    attachment #1: screenshot (image/png) ──────────────────────────────────────────────────────────
    test-results/sentry-integration-Sentry--eede6-ps-available-in-development-Mobile-Safari/test-failed-1.png
    ────────────────────────────────────────────────────────────────────────────────────────────────

    attachment #2: video (video/webm) ──────────────────────────────────────────────────────────────
    test-results/sentry-integration-Sentry--eede6-ps-available-in-development-Mobile-Safari/video.webm
    ────────────────────────────────────────────────────────────────────────────────────────────────

    Error Context: ../test-results/sentry-integration-Sentry--eede6-ps-available-in-development-Mobile-Safari/error-context.md
]]>
</failure>
<system-out>
<![CDATA[
[[ATTACHMENT|sentry-integration-Sentry--eede6-ps-available-in-development-Mobile-Safari/test-failed-1.png]]

[[ATTACHMENT|sentry-integration-Sentry--eede6-ps-available-in-development-Mobile-Safari/video.webm]]

[[ATTACHMENT|sentry-integration-Sentry--eede6-ps-available-in-development-Mobile-Safari/error-context.md]]
]]>
</system-out>
</testcase>
</testsuite>
</testsuites>