TN:
SF:app/apple-icon.tsx
FN:14,AppleIcon
FNF:1
FNH:0
FNDA:0,AppleIcon
DA:1,0
DA:4,0
DA:7,0
DA:11,0
DA:14,0
DA:15,0
LF:6
LH:0
BRF:0
BRH:0
end_of_record
TN:
SF:app/icon.tsx
FN:14,Icon
FNF:1
FNH:0
FNDA:0,Icon
DA:1,0
DA:4,0
DA:7,0
DA:11,0
DA:14,0
DA:15,0
LF:6
LH:0
BRF:0
BRH:0
end_of_record
TN:
SF:app/layout.tsx
FN:83,RootLayout
FNF:1
FNH:0
FNDA:0,RootLayout
DA:1,0
DA:3,0
DA:4,0
DA:5,0
DA:6,0
DA:7,0
DA:8,0
DA:10,0
DA:17,0
DA:24,0
DA:71,0
DA:83,0
LF:12
LH:0
BRDA:142,0,0,0
BRF:1
BRH:0
end_of_record
TN:
SF:app/page.tsx
FN:19,LandingPage
FN:209,(anonymous_3)
FN:242,(anonymous_4)
FN:248,(anonymous_5)
FN:301,(anonymous_6)
FN:307,(anonymous_7)
FN:341,(anonymous_8)
FNF:7
FNH:0
FNDA:0,LandingPage
FNDA:0,(anonymous_3)
FNDA:0,(anonymous_4)
FNDA:0,(anonymous_5)
FNDA:0,(anonymous_6)
FNDA:0,(anonymous_7)
FNDA:0,(anonymous_8)
DA:3,0
DA:4,0
DA:5,0
DA:16,0
DA:17,0
DA:19,0
DA:20,0
DA:22,0
DA:55,0
DA:76,0
DA:210,0
DA:243,0
DA:249,0
DA:302,0
DA:307,0
DA:342,0
LF:16
LH:0
BRDA:305,0,0,0
BRDA:305,0,1,0
BRDA:306,1,0,0
BRDA:306,1,1,0
BRDA:306,2,0,0
BRDA:306,2,1,0
BRDA:309,3,0,0
BRDA:309,3,1,0
BRDA:327,4,0,0
BRDA:353,5,0,0
BRDA:353,5,1,0
BRDA:353,6,0,0
BRDA:353,6,1,0
BRF:13
BRH:0
end_of_record
TN:
SF:app/(auth)/commissions/page.tsx
FN:52,CommissionsPage
FN:65,(anonymous_5)
FN:75,(anonymous_6)
FN:85,(anonymous_7)
FN:89,(anonymous_8)
FN:98,(anonymous_9)
FN:113,(anonymous_10)
FN:148,(anonymous_11)
FN:187,(anonymous_12)
FN:190,(anonymous_13)
FN:203,(anonymous_14)
FN:207,(anonymous_15)
FN:217,(anonymous_16)
FN:217,(anonymous_17)
FN:224,(anonymous_18)
FN:224,(anonymous_19)
FN:229,(anonymous_20)
FN:344,(anonymous_21)
FN:368,(anonymous_22)
FN:427,(anonymous_23)
FNF:20
FNH:0
FNDA:0,CommissionsPage
FNDA:0,(anonymous_5)
FNDA:0,(anonymous_6)
FNDA:0,(anonymous_7)
FNDA:0,(anonymous_8)
FNDA:0,(anonymous_9)
FNDA:0,(anonymous_10)
FNDA:0,(anonymous_11)
FNDA:0,(anonymous_12)
FNDA:0,(anonymous_13)
FNDA:0,(anonymous_14)
FNDA:0,(anonymous_15)
FNDA:0,(anonymous_16)
FNDA:0,(anonymous_17)
FNDA:0,(anonymous_18)
FNDA:0,(anonymous_19)
FNDA:0,(anonymous_20)
FNDA:0,(anonymous_21)
FNDA:0,(anonymous_22)
FNDA:0,(anonymous_23)
DA:3,0
DA:4,0
DA:5,0
DA:9,0
DA:10,0
DA:11,0
DA:12,0
DA:13,0
DA:14,0
DA:15,0
DA:21,0
DA:22,0
DA:23,0
DA:24,0
DA:52,0
DA:53,0
DA:54,0
DA:56,0
DA:57,0
DA:63,0
DA:65,0
DA:73,0
DA:75,0
DA:83,0
DA:85,0
DA:89,0
DA:90,0
DA:98,0
DA:113,0
DA:114,0
DA:115,0
DA:123,0
DA:126,0
DA:127,0
DA:128,0
DA:129,0
DA:130,0
DA:131,0
DA:132,0
DA:133,0
DA:135,0
DA:140,0
DA:148,0
DA:149,0
DA:159,0
DA:187,0
DA:190,0
DA:203,0
DA:208,0
DA:217,0
DA:224,0
DA:229,0
DA:345,0
DA:368,0
DA:428,0
LF:55
LH:0
BRDA:66,0,0,0
BRDA:66,0,1,0
BRDA:76,1,0,0
BRDA:76,1,1,0
BRDA:90,2,0,0
BRDA:117,3,0,0
BRDA:117,3,1,0
BRDA:124,4,0,0
BRDA:124,4,1,0
BRDA:156,5,0,0
BRDA:156,5,1,0
BRDA:159,6,0,0
BRDA:159,7,0,0
BRDA:159,7,1,0
BRDA:316,8,0,0
BRDA:315,9,0,0
BRDA:315,9,1,0
BRDA:399,10,0,0
BRDA:398,11,0,0
BRDA:398,11,1,0
BRDA:430,12,0,0
BRDA:430,12,1,0
BRDA:450,13,0,0
BRDA:450,13,1,0
BRF:24
BRH:0
end_of_record
TN:
SF:app/(auth)/settings/integrations/page.tsx
FN:17,IntegrationsPage
FN:25,(anonymous_6)
FN:31,(anonymous_7)
FN:32,(anonymous_8)
FN:41,(anonymous_9)
FN:51,(anonymous_10)
FN:60,(anonymous_11)
FN:88,(anonymous_12)
FN:90,(anonymous_13)
FN:97,(anonymous_14)
FN:99,(anonymous_15)
FN:100,(anonymous_16)
FN:101,(anonymous_17)
FN:106,(anonymous_18)
FN:110,(anonymous_19)
FN:115,(anonymous_20)
FN:117,(anonymous_21)
FN:118,(anonymous_22)
FN:122,(anonymous_23)
FN:165,(anonymous_24)
FN:242,(anonymous_25)
FN:255,(anonymous_26)
FN:260,(anonymous_27)
FN:265,(anonymous_28)
FN:280,(anonymous_29)
FN:285,(anonymous_30)
FN:296,(anonymous_31)
FN:301,(anonymous_32)
FN:312,(anonymous_33)
FN:317,(anonymous_34)
FN:328,(anonymous_35)
FN:333,(anonymous_36)
FNF:32
FNH:0
FNDA:0,IntegrationsPage
FNDA:0,(anonymous_6)
FNDA:0,(anonymous_7)
FNDA:0,(anonymous_8)
FNDA:0,(anonymous_9)
FNDA:0,(anonymous_10)
FNDA:0,(anonymous_11)
FNDA:0,(anonymous_12)
FNDA:0,(anonymous_13)
FNDA:0,(anonymous_14)
FNDA:0,(anonymous_15)
FNDA:0,(anonymous_16)
FNDA:0,(anonymous_17)
FNDA:0,(anonymous_18)
FNDA:0,(anonymous_19)
FNDA:0,(anonymous_20)
FNDA:0,(anonymous_21)
FNDA:0,(anonymous_22)
FNDA:0,(anonymous_23)
FNDA:0,(anonymous_24)
FNDA:0,(anonymous_25)
FNDA:0,(anonymous_26)
FNDA:0,(anonymous_27)
FNDA:0,(anonymous_28)
FNDA:0,(anonymous_29)
FNDA:0,(anonymous_30)
FNDA:0,(anonymous_31)
FNDA:0,(anonymous_32)
FNDA:0,(anonymous_33)
FNDA:0,(anonymous_34)
FNDA:0,(anonymous_35)
FNDA:0,(anonymous_36)
DA:3,0
DA:4,0
DA:5,0
DA:6,0
DA:7,0
DA:9,0
DA:10,0
DA:11,0
DA:12,0
DA:13,0
DA:14,0
DA:15,0
DA:17,0
DA:18,0
DA:19,0
DA:20,0
DA:23,0
DA:25,0
DA:30,0
DA:31,0
DA:34,0
DA:36,0
DA:42,0
DA:51,0
DA:52,0
DA:60,0
DA:61,0
DA:65,0
DA:66,0
DA:69,0
DA:70,0
DA:73,0
DA:74,0
DA:77,0
DA:79,0
DA:80,0
DA:84,0
DA:88,0
DA:89,0
DA:90,0
DA:91,0
DA:93,0
DA:97,0
DA:98,0
DA:99,0
DA:100,0
DA:101,0
DA:103,0
DA:106,0
DA:110,0
DA:112,0
DA:115,0
DA:117,0
DA:118,0
DA:122,0
DA:123,0
DA:124,0
DA:125,0
DA:126,0
DA:128,0
DA:135,0
DA:139,0
DA:165,0
DA:243,0
DA:256,0
DA:261,0
DA:265,0
DA:281,0
DA:285,0
DA:297,0
DA:301,0
DA:313,0
DA:317,0
DA:329,0
DA:333,0
LF:75
LH:0
BRDA:23,0,0,0
BRDA:61,1,0,0
BRDA:61,1,1,0
BRDA:61,1,2,0
BRDA:61,1,3,0
BRDA:61,1,4,0
BRDA:61,1,5,0
BRDA:61,1,6,0
BRDA:61,1,7,0
BRDA:61,1,8,0
BRDA:99,2,0,0
BRDA:99,2,1,0
BRDA:117,3,0,0
BRDA:118,4,0,0
BRDA:118,4,1,0
BRDA:123,5,0,0
BRDA:123,5,1,0
BRDA:139,6,0,0
BRDA:169,7,0,0
BRDA:169,7,1,0
BRDA:240,8,0,0
BRDA:240,8,1,0
BRDA:256,9,0,0
BRDA:256,9,1,0
BRF:24
BRH:0
end_of_record
TN:
SF:app/(auth)/settings/privacy/page.tsx
FN:7,(anonymous_2)
FNF:1
FNH:0
FNDA:0,(anonymous_2)
DA:3,0
DA:4,0
DA:5,0
DA:7,0
DA:25,0
LF:5
LH:0
BRF:0
BRH:0
end_of_record
TN:
SF:app/(public)/cookies/page.tsx
FN:12,(anonymous_5)
FN:25,(anonymous_6)
FN:26,(anonymous_7)
FN:32,(anonymous_8)
FN:161,(anonymous_9)
FN:202,(anonymous_10)
FN:226,(anonymous_11)
FN:233,(anonymous_12)
FN:273,(anonymous_13)
FN:309,(anonymous_14)
FNF:10
FNH:0
FNDA:0,(anonymous_5)
FNDA:0,(anonymous_6)
FNDA:0,(anonymous_7)
FNDA:0,(anonymous_8)
FNDA:0,(anonymous_9)
FNDA:0,(anonymous_10)
FNDA:0,(anonymous_11)
FNDA:0,(anonymous_12)
FNDA:0,(anonymous_13)
FNDA:0,(anonymous_14)
DA:3,0
DA:4,0
DA:5,0
DA:6,0
DA:7,0
DA:8,0
DA:9,0
DA:10,0
DA:12,0
DA:13,0
DA:14,0
DA:21,0
DA:23,0
DA:25,0
DA:26,0
DA:32,0
DA:33,0
DA:36,0
DA:49,0
DA:54,0
DA:161,0
DA:162,0
DA:168,0
DA:171,0
DA:203,0
DA:204,0
DA:205,0
DA:207,0
DA:226,0
DA:234,0
DA:273,0
DA:310,0
DA:311,0
DA:312,0
DA:313,0
DA:546,0
LF:36
LH:0
BRDA:28,0,0,0
BRDA:28,0,1,0
BRDA:168,1,0,0
BRDA:168,1,1,0
BRDA:217,2,0,0
BRDA:252,3,0,0
BRDA:267,4,0,0
BRDA:267,4,1,0
BRDA:269,5,0,0
BRDA:269,5,1,0
BRDA:283,6,0,0
BRDA:310,7,0,0
BRF:12
BRH:0
end_of_record
TN:
SF:app/(public)/privacy/page.tsx
FN:9,(anonymous_5)
FNF:1
FNH:0
FNDA:0,(anonymous_5)
DA:3,0
DA:4,0
DA:5,0
DA:6,0
DA:7,0
DA:9,0
DA:10,0
DA:11,0
DA:13,0
DA:26,0
DA:595,0
LF:11
LH:0
BRF:0
BRH:0
end_of_record
TN:
SF:app/(public)/terms/page.tsx
FN:7,(anonymous_5)
FNF:1
FNH:0
FNDA:0,(anonymous_5)
DA:3,0
DA:4,0
DA:5,0
DA:7,0
DA:8,0
DA:9,0
DA:11,0
DA:24,0
DA:393,0
LF:9
LH:0
BRF:0
BRH:0
end_of_record
TN:
SF:app/admin/page.tsx
FN:7,AdminPage
FN:17,(anonymous_2)
FN:18,loadData
FN:57,(anonymous_4)
FN:58,(anonymous_5)
FN:63,(anonymous_6)
FN:69,(anonymous_7)
FN:96,(anonymous_8)
FN:119,(anonymous_9)
FN:163,(anonymous_10)
FN:169,(anonymous_11)
FN:182,(anonymous_12)
FN:191,(anonymous_13)
FN:200,(anonymous_14)
FN:209,(anonymous_15)
FN:218,(anonymous_16)
FN:227,(anonymous_17)
FN:236,(anonymous_18)
FN:245,(anonymous_19)
FN:281,(anonymous_20)
FN:292,(anonymous_21)
FN:316,(anonymous_22)
FN:327,(anonymous_23)
FN:337,(anonymous_24)
FN:361,(anonymous_25)
FN:374,(anonymous_26)
FN:386,(anonymous_27)
FN:402,(anonymous_28)
FN:414,(anonymous_29)
FN:426,(anonymous_30)
FN:441,(anonymous_31)
FNF:31
FNH:0
FNDA:0,AdminPage
FNDA:0,(anonymous_2)
FNDA:0,loadData
FNDA:0,(anonymous_4)
FNDA:0,(anonymous_5)
FNDA:0,(anonymous_6)
FNDA:0,(anonymous_7)
FNDA:0,(anonymous_8)
FNDA:0,(anonymous_9)
FNDA:0,(anonymous_10)
FNDA:0,(anonymous_11)
FNDA:0,(anonymous_12)
FNDA:0,(anonymous_13)
FNDA:0,(anonymous_14)
FNDA:0,(anonymous_15)
FNDA:0,(anonymous_16)
FNDA:0,(anonymous_17)
FNDA:0,(anonymous_18)
FNDA:0,(anonymous_19)
FNDA:0,(anonymous_20)
FNDA:0,(anonymous_21)
FNDA:0,(anonymous_22)
FNDA:0,(anonymous_23)
FNDA:0,(anonymous_24)
FNDA:0,(anonymous_25)
FNDA:0,(anonymous_26)
FNDA:0,(anonymous_27)
FNDA:0,(anonymous_28)
FNDA:0,(anonymous_29)
FNDA:0,(anonymous_30)
FNDA:0,(anonymous_31)
DA:3,0
DA:4,0
DA:5,0
DA:7,0
DA:8,0
DA:9,0
DA:10,0
DA:11,0
DA:12,0
DA:13,0
DA:14,0
DA:15,0
DA:17,0
DA:19,0
DA:21,0
DA:22,0
DA:23,0
DA:24,0
DA:26,0
DA:29,0
DA:30,0
DA:31,0
DA:45,0
DA:46,0
DA:47,0
DA:50,0
DA:54,0
DA:57,0
DA:58,0
DA:59,0
DA:60,0
DA:63,0
DA:65,0
DA:66,0
DA:69,0
DA:70,0
DA:71,0
DA:72,0
DA:73,0
DA:74,0
DA:76,0
DA:77,0
DA:81,0
DA:82,0
DA:85,0
DA:86,0
DA:89,0
DA:90,0
DA:93,0
DA:96,0
DA:97,0
DA:98,0
DA:99,0
DA:100,0
DA:102,0
DA:104,0
DA:105,0
DA:106,0
DA:107,0
DA:112,0
DA:113,0
DA:114,0
DA:118,0
DA:119,0
DA:120,0
DA:121,0
DA:125,0
DA:126,0
DA:127,0
DA:129,0
DA:131,0
DA:135,0
DA:143,0
DA:163,0
DA:169,0
DA:182,0
DA:191,0
DA:200,0
DA:209,0
DA:218,0
DA:227,0
DA:236,0
DA:245,0
DA:281,0
DA:292,0
DA:316,0
DA:327,0
DA:337,0
DA:361,0
DA:374,0
DA:386,0
DA:402,0
DA:414,0
DA:426,0
DA:441,0
LF:95
LH:0
BRDA:22,0,0,0
BRDA:22,1,0,0
BRDA:22,1,1,0
BRDA:35,2,0,0
BRDA:35,2,1,0
BRDA:45,3,0,0
BRDA:45,3,1,0
BRDA:46,4,0,0
BRDA:46,5,0,0
BRDA:46,5,1,0
BRDA:70,6,0,0
BRDA:70,7,0,0
BRDA:70,7,1,0
BRDA:76,8,0,0
BRDA:81,9,0,0
BRDA:81,10,0,0
BRDA:81,10,1,0
BRDA:85,11,0,0
BRDA:85,12,0,0
BRDA:85,12,1,0
BRDA:89,13,0,0
BRDA:89,14,0,0
BRDA:89,14,1,0
BRDA:106,15,0,0
BRDA:106,16,0,0
BRDA:106,16,1,0
BRDA:113,17,0,0
BRDA:120,18,0,0
BRDA:120,19,0,0
BRDA:120,19,1,0
BRDA:120,19,2,0
BRDA:129,20,0,0
BRDA:129,20,1,0
BRDA:135,21,0,0
BRDA:143,22,0,0
BRDA:143,23,0,0
BRDA:143,23,1,0
BRDA:257,24,0,0
BRDA:263,25,0,0
BRDA:280,26,0,0
BRDA:280,26,1,0
BRDA:291,27,0,0
BRDA:291,27,1,0
BRDA:315,28,0,0
BRDA:315,28,1,0
BRDA:326,29,0,0
BRDA:326,29,1,0
BRDA:336,30,0,0
BRDA:336,30,1,0
BRDA:360,31,0,0
BRDA:360,31,1,0
BRDA:373,32,0,0
BRDA:373,32,1,0
BRDA:385,33,0,0
BRDA:385,33,1,0
BRDA:401,34,0,0
BRDA:401,34,1,0
BRDA:413,35,0,0
BRDA:413,35,1,0
BRDA:425,36,0,0
BRDA:425,36,1,0
BRDA:451,37,0,0
BRDA:451,37,1,0
BRDA:460,38,0,0
BRDA:488,39,0,0
BRDA:488,39,1,0
BRF:66
BRH:0
end_of_record
TN:
SF:app/admin/booking-rules/page.tsx
FN:19,AdminBookingRulesPage
FN:35,(anonymous_3)
FN:39,(anonymous_4)
FN:70,(anonymous_5)
FN:83,(anonymous_6)
FN:94,(anonymous_7)
FN:100,(anonymous_8)
FN:106,(anonymous_9)
FN:114,(anonymous_10)
FN:118,(anonymous_11)
FN:172,(anonymous_12)
FN:188,(anonymous_13)
FN:201,(anonymous_14)
FN:215,(anonymous_15)
FN:283,(anonymous_16)
FNF:15
FNH:0
FNDA:0,AdminBookingRulesPage
FNDA:0,(anonymous_3)
FNDA:0,(anonymous_4)
FNDA:0,(anonymous_5)
FNDA:0,(anonymous_6)
FNDA:0,(anonymous_7)
FNDA:0,(anonymous_8)
FNDA:0,(anonymous_9)
FNDA:0,(anonymous_10)
FNDA:0,(anonymous_11)
FNDA:0,(anonymous_12)
FNDA:0,(anonymous_13)
FNDA:0,(anonymous_14)
FNDA:0,(anonymous_15)
FNDA:0,(anonymous_16)
DA:3,0
DA:4,0
DA:12,0
DA:13,0
DA:14,0
DA:15,0
DA:19,0
DA:20,0
DA:21,0
DA:22,0
DA:23,0
DA:24,0
DA:27,0
DA:28,0
DA:31,0
DA:32,0
DA:33,0
DA:35,0
DA:36,0
DA:39,0
DA:40,0
DA:41,0
DA:42,0
DA:45,0
DA:46,0
DA:47,0
DA:48,0
DA:50,0
DA:53,0
DA:58,0
DA:59,0
DA:61,0
DA:62,0
DA:63,0
DA:66,0
DA:70,0
DA:71,0
DA:73,0
DA:74,0
DA:75,0
DA:76,0
DA:79,0
DA:83,0
DA:84,0
DA:85,0
DA:86,0
DA:87,0
DA:90,0
DA:94,0
DA:95,0
DA:96,0
DA:97,0
DA:100,0
DA:101,0
DA:102,0
DA:103,0
DA:106,0
DA:107,0
DA:108,0
DA:109,0
DA:110,0
DA:111,0
DA:114,0
DA:115,0
DA:116,0
DA:118,0
DA:119,0
DA:121,0
DA:122,0
DA:123,0
DA:125,0
DA:129,0
DA:145,0
DA:172,0
DA:188,0
DA:201,0
DA:215,0
DA:284,0
DA:285,0
DA:286,0
LF:80
LH:0
BRDA:46,0,0,0
BRDA:46,1,0,0
BRDA:46,1,1,0
BRDA:61,2,0,0
BRDA:61,2,1,0
BRDA:62,3,0,0
BRDA:62,4,0,0
BRDA:62,4,1,0
BRDA:71,5,0,0
BRDA:79,6,0,0
BRDA:79,6,1,0
BRDA:87,7,0,0
BRDA:87,7,1,0
BRDA:90,8,0,0
BRDA:90,8,1,0
BRDA:125,9,0,0
BRDA:125,9,1,0
BRDA:129,10,0,0
BRDA:145,11,0,0
BRDA:145,12,0,0
BRDA:145,12,1,0
BRDA:190,13,0,0
BRDA:190,13,1,0
BRDA:203,14,0,0
BRDA:203,14,1,0
BRDA:213,15,0,0
BRDA:213,15,1,0
BRDA:217,16,0,0
BRDA:217,16,1,0
BRDA:225,17,0,0
BRDA:225,17,1,0
BRDA:233,18,0,0
BRDA:245,19,0,0
BRDA:259,20,0,0
BRDA:266,21,0,0
BRDA:278,22,0,0
BRDA:278,22,1,0
BRF:37
BRH:0
end_of_record
TN:
SF:app/admin/services/page.tsx
FN:18,AdminServicesPage
FN:35,(anonymous_3)
FN:39,(anonymous_4)
FN:69,(anonymous_5)
FN:74,(anonymous_6)
FN:79,(anonymous_7)
FN:93,(anonymous_8)
FN:98,(anonymous_9)
FN:104,(anonymous_10)
FN:110,(anonymous_11)
FN:152,(anonymous_12)
FN:158,(anonymous_13)
FN:171,(anonymous_14)
FN:181,(anonymous_15)
FN:191,(anonymous_16)
FN:202,(anonymous_17)
FN:221,(anonymous_18)
FN:233,(anonymous_19)
FN:252,(anonymous_20)
FN:258,(anonymous_21)
FN:262,(anonymous_22)
FN:270,(anonymous_23)
FN:321,(anonymous_24)
FNF:23
FNH:0
FNDA:0,AdminServicesPage
FNDA:0,(anonymous_3)
FNDA:0,(anonymous_4)
FNDA:0,(anonymous_5)
FNDA:0,(anonymous_6)
FNDA:0,(anonymous_7)
FNDA:0,(anonymous_8)
FNDA:0,(anonymous_9)
FNDA:0,(anonymous_10)
FNDA:0,(anonymous_11)
FNDA:0,(anonymous_12)
FNDA:0,(anonymous_13)
FNDA:0,(anonymous_14)
FNDA:0,(anonymous_15)
FNDA:0,(anonymous_16)
FNDA:0,(anonymous_17)
FNDA:0,(anonymous_18)
FNDA:0,(anonymous_19)
FNDA:0,(anonymous_20)
FNDA:0,(anonymous_21)
FNDA:0,(anonymous_22)
FNDA:0,(anonymous_23)
FNDA:0,(anonymous_24)
DA:3,0
DA:4,0
DA:12,0
DA:13,0
DA:14,0
DA:15,0
DA:16,0
DA:18,0
DA:19,0
DA:20,0
DA:21,0
DA:22,0
DA:23,0
DA:24,0
DA:25,0
DA:28,0
DA:29,0
DA:30,0
DA:31,0
DA:32,0
DA:33,0
DA:35,0
DA:36,0
DA:39,0
DA:40,0
DA:41,0
DA:44,0
DA:45,0
DA:46,0
DA:47,0
DA:49,0
DA:52,0
DA:57,0
DA:58,0
DA:60,0
DA:61,0
DA:62,0
DA:65,0
DA:69,0
DA:70,0
DA:71,0
DA:74,0
DA:75,0
DA:76,0
DA:79,0
DA:80,0
DA:81,0
DA:84,0
DA:85,0
DA:86,0
DA:89,0
DA:93,0
DA:94,0
DA:95,0
DA:98,0
DA:99,0
DA:100,0
DA:104,0
DA:105,0
DA:106,0
DA:110,0
DA:111,0
DA:114,0
DA:116,0
DA:120,0
DA:123,0
DA:131,0
DA:152,0
DA:158,0
DA:171,0
DA:181,0
DA:191,0
DA:202,0
DA:221,0
DA:233,0
DA:252,0
DA:258,0
DA:263,0
DA:270,0
DA:322,0
DA:323,0
LF:81
LH:0
BRDA:45,0,0,0
BRDA:60,1,0,0
BRDA:60,1,1,0
BRDA:61,2,0,0
BRDA:61,3,0,0
BRDA:61,3,1,0
BRDA:80,4,0,0
BRDA:89,5,0,0
BRDA:89,5,1,0
BRDA:111,6,0,0
BRDA:111,6,1,0
BRDA:111,6,2,0
BRDA:114,7,0,0
BRDA:114,7,1,0
BRDA:116,8,0,0
BRDA:116,8,1,0
BRDA:116,8,2,0
BRDA:116,8,3,0
BRDA:116,8,4,0
BRDA:120,9,0,0
BRDA:120,9,1,0
BRDA:120,9,2,0
BRDA:123,10,0,0
BRDA:131,11,0,0
BRDA:131,12,0,0
BRDA:131,12,1,0
BRDA:173,13,0,0
BRDA:173,13,1,0
BRDA:183,14,0,0
BRDA:183,14,1,0
BRDA:188,15,0,0
BRDA:188,15,1,0
BRDA:193,16,0,0
BRDA:193,16,1,0
BRDA:200,17,0,0
BRDA:204,18,0,0
BRDA:204,18,1,0
BRDA:217,19,0,0
BRDA:229,20,0,0
BRDA:242,21,0,0
BRDA:295,22,0,0
BRDA:307,23,0,0
BRDA:317,24,0,0
BRDA:317,24,1,0
BRF:44
BRH:0
end_of_record
TN:
SF:app/admin/users/page.tsx
FN:28,AdminUsersPage
FN:40,(anonymous_5)
FN:45,(anonymous_6)
FN:49,(anonymous_7)
FN:62,(anonymous_8)
FN:82,(anonymous_9)
FN:87,(anonymous_10)
FN:95,(anonymous_11)
FN:101,(anonymous_12)
FN:107,(anonymous_13)
FN:117,(anonymous_14)
FN:132,(anonymous_15)
FN:133,(anonymous_16)
FN:157,(anonymous_17)
FN:175,(anonymous_18)
FN:181,(anonymous_19)
FN:184,(anonymous_20)
FN:230,(anonymous_21)
FN:268,(anonymous_22)
FN:271,(anonymous_23)
FN:308,(anonymous_24)
FNF:21
FNH:0
FNDA:0,AdminUsersPage
FNDA:0,(anonymous_5)
FNDA:0,(anonymous_6)
FNDA:0,(anonymous_7)
FNDA:0,(anonymous_8)
FNDA:0,(anonymous_9)
FNDA:0,(anonymous_10)
FNDA:0,(anonymous_11)
FNDA:0,(anonymous_12)
FNDA:0,(anonymous_13)
FNDA:0,(anonymous_14)
FNDA:0,(anonymous_15)
FNDA:0,(anonymous_16)
FNDA:0,(anonymous_17)
FNDA:0,(anonymous_18)
FNDA:0,(anonymous_19)
FNDA:0,(anonymous_20)
FNDA:0,(anonymous_21)
FNDA:0,(anonymous_22)
FNDA:0,(anonymous_23)
FNDA:0,(anonymous_24)
DA:3,0
DA:4,0
DA:5,0
DA:7,0
DA:8,0
DA:9,0
DA:10,0
DA:11,0
DA:12,0
DA:19,0
DA:21,0
DA:28,0
DA:29,0
DA:30,0
DA:31,0
DA:32,0
DA:33,0
DA:34,0
DA:35,0
DA:36,0
DA:37,0
DA:38,0
DA:40,0
DA:41,0
DA:42,0
DA:45,0
DA:46,0
DA:49,0
DA:50,0
DA:51,0
DA:53,0
DA:58,0
DA:62,0
DA:63,0
DA:64,0
DA:65,0
DA:66,0
DA:67,0
DA:69,0
DA:70,0
DA:71,0
DA:72,0
DA:73,0
DA:75,0
DA:78,0
DA:82,0
DA:83,0
DA:86,0
DA:87,0
DA:88,0
DA:94,0
DA:95,0
DA:98,0
DA:101,0
DA:103,0
DA:104,0
DA:107,0
DA:108,0
DA:110,0
DA:111,0
DA:112,0
DA:114,0
DA:117,0
DA:118,0
DA:123,0
DA:125,0
DA:127,0
DA:128,0
DA:132,0
DA:133,0
DA:136,0
DA:157,0
DA:175,0
DA:181,0
DA:184,0
DA:231,0
DA:232,0
DA:233,0
DA:234,0
DA:236,0
DA:268,0
DA:271,0
DA:309,0
DA:310,0
LF:84
LH:0
BRDA:55,0,0,0
BRDA:55,0,1,0
BRDA:69,1,0,0
BRDA:69,1,1,0
BRDA:72,2,0,0
BRDA:72,2,1,0
BRDA:86,3,0,0
BRDA:88,4,0,0
BRDA:88,4,1,0
BRDA:94,5,0,0
BRDA:108,6,0,0
BRDA:118,7,0,0
BRDA:118,7,1,0
BRDA:125,8,0,0
BRDA:125,8,1,0
BRDA:133,9,0,0
BRDA:133,9,1,0
BRDA:136,10,0,0
BRDA:181,11,0,0
BRDA:181,11,1,0
BRDA:231,12,0,0
BRDA:231,12,1,0
BRDA:234,13,0,0
BRDA:234,13,1,0
BRDA:234,13,2,0
BRDA:244,14,0,0
BRDA:266,15,0,0
BRDA:267,16,0,0
BRDA:267,16,1,0
BRDA:268,17,0,0
BRDA:268,17,1,0
BRDA:274,18,0,0
BRDA:274,18,1,0
BRDA:280,19,0,0
BRDA:280,19,1,0
BRDA:294,20,0,0
BRDA:294,20,1,0
BRF:37
BRH:0
end_of_record
TN:
SF:app/admin/webhooks/page.tsx
FN:14,WebhooksPage
FN:22,(anonymous_3)
FN:26,(anonymous_4)
FN:50,(anonymous_5)
FN:85,(anonymous_6)
FN:141,(anonymous_7)
FN:148,(anonymous_8)
FN:161,(anonymous_9)
FN:171,(anonymous_10)
FN:181,(anonymous_11)
FN:191,(anonymous_12)
FNF:11
FNH:0
FNDA:0,WebhooksPage
FNDA:0,(anonymous_3)
FNDA:0,(anonymous_4)
FNDA:0,(anonymous_5)
FNDA:0,(anonymous_6)
FNDA:0,(anonymous_7)
FNDA:0,(anonymous_8)
FNDA:0,(anonymous_9)
FNDA:0,(anonymous_10)
FNDA:0,(anonymous_11)
FNDA:0,(anonymous_12)
DA:3,0
DA:4,0
DA:5,0
DA:6,0
DA:7,0
DA:8,0
DA:9,0
DA:10,0
DA:14,0
DA:15,0
DA:16,0
DA:17,0
DA:18,0
DA:19,0
DA:20,0
DA:22,0
DA:23,0
DA:26,0
DA:27,0
DA:28,0
DA:31,0
DA:32,0
DA:33,0
DA:34,0
DA:38,0
DA:39,0
DA:41,0
DA:42,0
DA:43,0
DA:46,0
DA:50,0
DA:51,0
DA:52,0
DA:53,0
DA:55,0
DA:59,0
DA:67,0
DA:85,0
DA:142,0
DA:148,0
DA:161,0
DA:171,0
DA:181,0
DA:191,0
LF:44
LH:0
BRDA:32,0,0,0
BRDA:41,1,0,0
BRDA:41,1,1,0
BRDA:42,2,0,0
BRDA:42,3,0,0
BRDA:42,3,1,0
BRDA:59,4,0,0
BRDA:67,5,0,0
BRDA:93,6,0,0
BRDA:124,7,0,0
BRDA:137,8,0,0
BRDA:137,8,1,0
BRDA:143,9,0,0
BRDA:143,9,1,0
BRDA:163,10,0,0
BRDA:163,10,1,0
BRDA:173,11,0,0
BRDA:173,11,1,0
BRDA:183,12,0,0
BRDA:183,12,1,0
BRDA:193,13,0,0
BRDA:193,13,1,0
BRDA:206,14,0,0
BRDA:213,15,0,0
BRDA:220,16,0,0
BRDA:227,17,0,0
BRDA:227,17,1,0
BRF:27
BRH:0
end_of_record
TN:
SF:app/analytics/layout.tsx
FN:60,AnalyticsLayout
FN:68,(anonymous_6)
FN:76,(anonymous_7)
FN:79,(anonymous_8)
FN:86,(anonymous_9)
FN:93,(anonymous_10)
FN:103,(anonymous_11)
FN:115,(anonymous_12)
FN:116,(anonymous_13)
FN:187,(anonymous_14)
FN:221,(anonymous_15)
FN:247,(anonymous_16)
FNF:12
FNH:0
FNDA:0,AnalyticsLayout
FNDA:0,(anonymous_6)
FNDA:0,(anonymous_7)
FNDA:0,(anonymous_8)
FNDA:0,(anonymous_9)
FNDA:0,(anonymous_10)
FNDA:0,(anonymous_11)
FNDA:0,(anonymous_12)
FNDA:0,(anonymous_13)
FNDA:0,(anonymous_14)
FNDA:0,(anonymous_15)
FNDA:0,(anonymous_16)
DA:3,0
DA:4,0
DA:5,0
DA:6,0
DA:7,0
DA:15,0
DA:29,0
DA:60,0
DA:61,0
DA:62,0
DA:63,0
DA:64,0
DA:65,0
DA:68,0
DA:69,0
DA:71,0
DA:72,0
DA:76,0
DA:77,0
DA:79,0
DA:80,0
DA:86,0
DA:87,0
DA:88,0
DA:92,0
DA:93,0
DA:94,0
DA:96,0
DA:97,0
DA:103,0
DA:104,0
DA:112,0
DA:115,0
DA:116,0
DA:117,0
DA:118,0
DA:119,0
DA:120,0
DA:123,0
DA:124,0
DA:126,0
DA:127,0
DA:128,0
DA:132,0
DA:133,0
DA:135,0
DA:139,0
DA:142,0
DA:153,0
DA:179,0
DA:180,0
DA:188,0
DA:222,0
DA:248,0
LF:54
LH:0
BRDA:69,0,0,0
BRDA:77,1,0,0
BRDA:80,2,0,0
BRDA:80,2,1,0
BRDA:96,3,0,0
BRDA:96,3,1,0
BRDA:105,4,0,0
BRDA:105,4,1,0
BRDA:107,5,0,0
BRDA:107,5,1,0
BRDA:123,6,0,0
BRDA:126,7,0,0
BRDA:142,8,0,0
BRDA:153,9,0,0
BRDA:153,10,0,0
BRDA:153,10,1,0
BRDA:189,11,0,0
BRDA:193,12,0,0
BRDA:193,12,1,0
BRDA:211,13,0,0
BRDA:211,13,1,0
BRDA:212,14,0,0
BRDA:212,14,1,0
BRDA:213,15,0,0
BRDA:213,15,1,0
BRDA:214,16,0,0
BRDA:214,16,1,0
BRDA:214,17,0,0
BRDA:214,17,1,0
BRDA:220,18,0,0
BRDA:250,19,0,0
BRDA:250,19,1,0
BRF:32
BRH:0
end_of_record
TN:
SF:app/analytics/page.tsx
FN:18,(anonymous_4)
FN:18,(anonymous_5)
FN:19,(anonymous_6)
FN:19,(anonymous_7)
FN:20,(anonymous_8)
FN:20,(anonymous_9)
FN:21,(anonymous_10)
FN:21,(anonymous_11)
FN:22,(anonymous_12)
FN:22,(anonymous_13)
FN:40,UnifiedAnalyticsContent
FN:55,(anonymous_15)
FN:65,(anonymous_16)
FN:72,(anonymous_17)
FN:73,loadData
FN:131,(anonymous_19)
FN:140,(anonymous_20)
FN:147,(anonymous_21)
FN:239,(anonymous_22)
FN:258,UnifiedAnalyticsPage
FNF:20
FNH:0
FNDA:0,(anonymous_4)
FNDA:0,(anonymous_5)
FNDA:0,(anonymous_6)
FNDA:0,(anonymous_7)
FNDA:0,(anonymous_8)
FNDA:0,(anonymous_9)
FNDA:0,(anonymous_10)
FNDA:0,(anonymous_11)
FNDA:0,(anonymous_12)
FNDA:0,(anonymous_13)
FNDA:0,UnifiedAnalyticsContent
FNDA:0,(anonymous_15)
FNDA:0,(anonymous_16)
FNDA:0,(anonymous_17)
FNDA:0,loadData
FNDA:0,(anonymous_19)
FNDA:0,(anonymous_20)
FNDA:0,(anonymous_21)
FNDA:0,(anonymous_22)
FNDA:0,UnifiedAnalyticsPage
DA:3,0
DA:4,0
DA:5,0
DA:6,0
DA:7,0
DA:8,0
DA:9,0
DA:10,0
DA:13,0
DA:14,0
DA:15,0
DA:18,0
DA:19,0
DA:20,0
DA:21,0
DA:22,0
DA:31,0
DA:41,0
DA:42,0
DA:43,0
DA:44,0
DA:45,0
DA:46,0
DA:47,0
DA:50,0
DA:51,0
DA:52,0
DA:55,0
DA:56,0
DA:57,0
DA:58,0
DA:60,0
DA:61,0
DA:65,0
DA:66,0
DA:67,0
DA:68,0
DA:72,0
DA:74,0
DA:75,0
DA:76,0
DA:79,0
DA:80,0
DA:81,0
DA:82,0
DA:84,0
DA:87,0
DA:89,0
DA:91,0
DA:92,0
DA:108,0
DA:109,0
DA:116,0
DA:118,0
DA:119,0
DA:121,0
DA:125,0
DA:126,0
DA:131,0
DA:132,0
DA:135,0
DA:139,0
DA:140,0
DA:143,0
DA:144,0
DA:147,0
DA:148,0
DA:151,0
DA:240,0
DA:258,0
LF:70
LH:0
BRDA:47,0,0,0
BRDA:47,0,1,0
BRDA:80,1,0,0
BRDA:89,2,0,0
BRDA:89,2,1,0
BRDA:89,3,0,0
BRDA:89,3,1,0
BRDA:110,4,0,0
BRDA:110,4,1,0
BRDA:110,5,0,0
BRDA:110,5,1,0
BRDA:119,6,0,0
BRDA:119,6,1,0
BRDA:125,7,0,0
BRDA:125,8,0,0
BRDA:125,8,1,0
BRDA:132,9,0,0
BRDA:132,9,1,0
BRDA:132,10,0,0
BRDA:132,10,1,0
BRDA:135,11,0,0
BRDA:139,12,0,0
BRDA:143,13,0,0
BRDA:143,14,0,0
BRDA:143,14,1,0
BRDA:148,15,0,0
BRF:26
BRH:0
end_of_record
TN:
SF:app/analytics/unified-page.tsx
FN:13,UnifiedAnalyticsPage
FN:26,(anonymous_5)
FN:36,(anonymous_6)
FN:37,loadData
FN:66,(anonymous_8)
FN:76,(anonymous_9)
FN:156,(anonymous_10)
FN:166,(anonymous_11)
FN:173,(anonymous_12)
FNF:9
FNH:0
FNDA:0,UnifiedAnalyticsPage
FNDA:0,(anonymous_5)
FNDA:0,(anonymous_6)
FNDA:0,loadData
FNDA:0,(anonymous_8)
FNDA:0,(anonymous_9)
FNDA:0,(anonymous_10)
FNDA:0,(anonymous_11)
FNDA:0,(anonymous_12)
DA:3,0
DA:4,0
DA:5,0
DA:6,0
DA:7,0
DA:8,0
DA:9,0
DA:10,0
DA:11,0
DA:13,0
DA:14,0
DA:15,0
DA:16,0
DA:17,0
DA:18,0
DA:21,0
DA:22,0
DA:23,0
DA:26,0
DA:27,0
DA:28,0
DA:29,0
DA:31,0
DA:32,0
DA:36,0
DA:38,0
DA:39,0
DA:40,0
DA:43,0
DA:44,0
DA:45,0
DA:46,0
DA:48,0
DA:51,0
DA:53,0
DA:55,0
DA:56,0
DA:66,0
DA:76,0
DA:84,0
DA:86,0
DA:87,0
DA:112,0
DA:113,0
DA:142,0
DA:144,0
DA:145,0
DA:147,0
DA:151,0
DA:152,0
DA:156,0
DA:158,0
DA:161,0
DA:165,0
DA:166,0
DA:169,0
DA:170,0
DA:173,0
DA:174,0
LF:59
LH:0
BRDA:44,0,0,0
BRDA:53,1,0,0
BRDA:53,1,1,0
BRDA:53,2,0,0
BRDA:53,2,1,0
BRDA:84,3,0,0
BRDA:84,3,1,0
BRDA:84,4,0,0
BRDA:84,4,1,0
BRDA:90,5,0,0
BRDA:90,5,1,0
BRDA:145,6,0,0
BRDA:145,6,1,0
BRDA:151,7,0,0
BRDA:151,8,0,0
BRDA:151,8,1,0
BRDA:161,9,0,0
BRDA:165,10,0,0
BRDA:169,11,0,0
BRDA:169,12,0,0
BRDA:169,12,1,0
BRF:21
BRH:0
end_of_record
TN:
SF:app/analytics/marketing/page.tsx
FN:50,MarketingAnalyticsPage
FN:65,(anonymous_6)
FN:75,(anonymous_7)
FN:76,loadData
FN:140,(anonymous_9)
FN:189,(anonymous_10)
FN:233,(anonymous_11)
FN:372,(anonymous_12)
FN:379,(anonymous_13)
FN:387,(anonymous_14)
FN:394,(anonymous_15)
FNF:11
FNH:0
FNDA:0,MarketingAnalyticsPage
FNDA:0,(anonymous_6)
FNDA:0,(anonymous_7)
FNDA:0,loadData
FNDA:0,(anonymous_9)
FNDA:0,(anonymous_10)
FNDA:0,(anonymous_11)
FNDA:0,(anonymous_12)
FNDA:0,(anonymous_13)
FNDA:0,(anonymous_14)
FNDA:0,(anonymous_15)
DA:3,0
DA:4,0
DA:5,0
DA:6,0
DA:7,0
DA:8,0
DA:9,0
DA:10,0
DA:11,0
DA:12,0
DA:13,0
DA:21,0
DA:50,0
DA:51,0
DA:52,0
DA:53,0
DA:54,0
DA:55,0
DA:58,0
DA:59,0
DA:60,0
DA:61,0
DA:62,0
DA:65,0
DA:66,0
DA:67,0
DA:68,0
DA:70,0
DA:71,0
DA:75,0
DA:77,0
DA:78,0
DA:79,0
DA:81,0
DA:82,0
DA:83,0
DA:84,0
DA:88,0
DA:89,0
DA:90,0
DA:93,0
DA:96,0
DA:123,0
DA:125,0
DA:126,0
DA:128,0
DA:132,0
DA:135,0
DA:139,0
DA:140,0
DA:143,0
DA:144,0
DA:147,0
DA:176,0
DA:183,0
DA:189,0
DA:190,0
DA:233,0
DA:372,0
DA:379,0
DA:387,0
DA:394,0
LF:62
LH:0
BRDA:82,0,0,0
BRDA:88,1,0,0
BRDA:88,2,0,0
BRDA:88,2,1,0
BRDA:126,3,0,0
BRDA:126,3,1,0
BRDA:135,4,0,0
BRDA:139,5,0,0
BRDA:143,6,0,0
BRDA:143,7,0,0
BRDA:143,7,1,0
BRDA:159,8,0,0
BRDA:159,8,1,0
BRDA:165,9,0,0
BRDA:165,9,1,0
BRF:15
BRH:0
end_of_record
TN:
SF:app/analytics/overview/page.tsx
FN:24,OverviewPage
FN:37,(anonymous_6)
FN:68,(anonymous_7)
FN:69,(anonymous_8)
FN:92,(anonymous_9)
FN:96,(anonymous_10)
FN:175,(anonymous_11)
FN:178,(anonymous_12)
FNF:8
FNH:0
FNDA:0,OverviewPage
FNDA:0,(anonymous_6)
FNDA:0,(anonymous_7)
FNDA:0,(anonymous_8)
FNDA:0,(anonymous_9)
FNDA:0,(anonymous_10)
FNDA:0,(anonymous_11)
FNDA:0,(anonymous_12)
DA:3,0
DA:4,0
DA:5,0
DA:6,0
DA:7,0
DA:13,0
DA:24,0
DA:25,0
DA:26,0
DA:27,0
DA:28,0
DA:29,0
DA:37,0
DA:38,0
DA:41,0
DA:42,0
DA:50,0
DA:51,0
DA:60,0
DA:68,0
DA:69,0
DA:70,0
DA:71,0
DA:72,0
DA:74,0
DA:75,0
DA:78,0
DA:79,0
DA:82,0
DA:83,0
DA:85,0
DA:89,0
DA:92,0
DA:93,0
DA:94,0
DA:96,0
DA:97,0
DA:98,0
DA:99,0
DA:104,0
DA:111,0
DA:124,0
DA:156,0
DA:175,0
DA:179,0
LF:45
LH:0
BRDA:38,0,0,0
BRDA:41,1,0,0
BRDA:50,2,0,0
BRDA:83,3,0,0
BRDA:83,3,1,0
BRDA:93,4,0,0
BRDA:111,5,0,0
BRDA:111,6,0,0
BRDA:111,6,1,0
BRDA:124,7,0,0
BRDA:156,8,0,0
BRDA:192,9,0,0
BRDA:192,9,1,0
BRDA:212,10,0,0
BRDA:212,10,1,0
BRF:15
BRH:0
end_of_record
TN:
SF:app/analytics/revenue/page.tsx
FN:44,RevenuePage
FN:53,(anonymous_5)
FN:77,(anonymous_6)
FN:119,(anonymous_7)
FN:120,(anonymous_8)
FN:146,(anonymous_9)
FN:150,(anonymous_10)
FN:167,(anonymous_11)
FN:176,(anonymous_12)
FN:250,(anonymous_13)
FN:253,(anonymous_14)
FN:354,(anonymous_15)
FNF:12
FNH:0
FNDA:0,RevenuePage
FNDA:0,(anonymous_5)
FNDA:0,(anonymous_6)
FNDA:0,(anonymous_7)
FNDA:0,(anonymous_8)
FNDA:0,(anonymous_9)
FNDA:0,(anonymous_10)
FNDA:0,(anonymous_11)
FNDA:0,(anonymous_12)
FNDA:0,(anonymous_13)
FNDA:0,(anonymous_14)
FNDA:0,(anonymous_15)
DA:3,0
DA:4,0
DA:5,0
DA:6,0
DA:18,0
DA:44,0
DA:45,0
DA:46,0
DA:47,0
DA:48,0
DA:49,0
DA:50,0
DA:53,0
DA:54,0
DA:59,0
DA:61,0
DA:77,0
DA:78,0
DA:80,0
DA:119,0
DA:120,0
DA:121,0
DA:122,0
DA:123,0
DA:125,0
DA:126,0
DA:129,0
DA:130,0
DA:132,0
DA:133,0
DA:136,0
DA:137,0
DA:139,0
DA:143,0
DA:146,0
DA:147,0
DA:148,0
DA:150,0
DA:151,0
DA:152,0
DA:153,0
DA:154,0
DA:155,0
DA:160,0
DA:167,0
DA:168,0
DA:170,0
DA:176,0
DA:177,0
DA:178,0
DA:179,0
DA:182,0
DA:195,0
DA:227,0
DA:229,0
DA:230,0
DA:231,0
DA:250,0
DA:254,0
DA:355,0
LF:60
LH:0
BRDA:54,0,0,0
BRDA:59,1,0,0
BRDA:59,1,1,0
BRDA:59,2,0,0
BRDA:59,2,1,0
BRDA:78,3,0,0
BRDA:78,3,1,0
BRDA:78,4,0,0
BRDA:78,4,1,0
BRDA:137,5,0,0
BRDA:137,5,1,0
BRDA:147,6,0,0
BRDA:168,7,0,0
BRDA:168,7,1,0
BRDA:170,8,0,0
BRDA:177,9,0,0
BRDA:178,10,0,0
BRDA:182,11,0,0
BRDA:182,12,0,0
BRDA:182,12,1,0
BRDA:195,13,0,0
BRDA:227,14,0,0
BRDA:227,15,0,0
BRDA:227,15,1,0
BRDA:267,16,0,0
BRDA:267,16,1,0
BRDA:286,17,0,0
BRDA:286,17,1,0
BRDA:287,18,0,0
BRDA:287,18,1,0
BRDA:303,19,0,0
BRDA:303,19,1,0
BRDA:304,20,0,0
BRDA:304,20,1,0
BRDA:320,21,0,0
BRDA:320,21,1,0
BRDA:321,22,0,0
BRDA:321,22,1,0
BRDA:370,23,0,0
BRDA:370,23,1,0
BRDA:370,24,0,0
BRDA:370,24,1,0
BRF:42
BRH:0
end_of_record
TN:
SF:app/analytics/reviews/page.tsx
FN:55,ReviewsAnalyticsPage
FN:68,(anonymous_5)
FN:78,(anonymous_6)
FN:79,loadData
FN:114,(anonymous_8)
FN:171,(anonymous_9)
FN:210,(anonymous_10)
FN:254,(anonymous_11)
FN:343,(anonymous_12)
FN:373,(anonymous_13)
FN:403,(anonymous_14)
FN:430,(anonymous_15)
FN:434,(anonymous_16)
FN:464,(anonymous_17)
FN:471,(anonymous_18)
FN:478,(anonymous_19)
FNF:16
FNH:0
FNDA:0,ReviewsAnalyticsPage
FNDA:0,(anonymous_5)
FNDA:0,(anonymous_6)
FNDA:0,loadData
FNDA:0,(anonymous_8)
FNDA:0,(anonymous_9)
FNDA:0,(anonymous_10)
FNDA:0,(anonymous_11)
FNDA:0,(anonymous_12)
FNDA:0,(anonymous_13)
FNDA:0,(anonymous_14)
FNDA:0,(anonymous_15)
FNDA:0,(anonymous_16)
FNDA:0,(anonymous_17)
FNDA:0,(anonymous_18)
FNDA:0,(anonymous_19)
DA:3,0
DA:4,0
DA:5,0
DA:6,0
DA:7,0
DA:8,0
DA:9,0
DA:10,0
DA:11,0
DA:19,0
DA:55,0
DA:56,0
DA:57,0
DA:58,0
DA:59,0
DA:60,0
DA:63,0
DA:64,0
DA:65,0
DA:68,0
DA:69,0
DA:70,0
DA:71,0
DA:73,0
DA:74,0
DA:78,0
DA:80,0
DA:81,0
DA:82,0
DA:84,0
DA:85,0
DA:86,0
DA:87,0
DA:91,0
DA:92,0
DA:93,0
DA:96,0
DA:99,0
DA:114,0
DA:154,0
DA:156,0
DA:157,0
DA:159,0
DA:163,0
DA:166,0
DA:170,0
DA:171,0
DA:174,0
DA:175,0
DA:178,0
DA:180,0
DA:210,0
DA:211,0
DA:255,0
DA:344,0
DA:374,0
DA:404,0
DA:431,0
DA:434,0
DA:464,0
DA:471,0
DA:478,0
LF:62
LH:0
BRDA:85,0,0,0
BRDA:91,1,0,0
BRDA:91,2,0,0
BRDA:91,2,1,0
BRDA:157,3,0,0
BRDA:157,3,1,0
BRDA:166,4,0,0
BRDA:170,5,0,0
BRDA:174,6,0,0
BRDA:174,7,0,0
BRDA:174,7,1,0
BRDA:185,8,0,0
BRDA:185,8,1,0
BRDA:186,9,0,0
BRDA:186,9,1,0
BRDA:200,10,0,0
BRDA:200,10,1,0
BRDA:439,11,0,0
BRDA:439,11,1,0
BRF:19
BRH:0
end_of_record
TN:
SF:app/barber/availability/page.tsx
FN:46,BarberAvailabilityPage
FN:57,(anonymous_2)
FN:73,(anonymous_3)
FN:86,(anonymous_4)
FN:87,(anonymous_5)
FN:134,(anonymous_6)
FN:198,(anonymous_7)
FN:239,(anonymous_8)
FN:313,(anonymous_9)
FN:317,(anonymous_10)
FN:325,(anonymous_11)
FN:333,(anonymous_12)
FN:378,(anonymous_13)
FN:432,(anonymous_14)
FNF:14
FNH:0
FNDA:0,BarberAvailabilityPage
FNDA:0,(anonymous_2)
FNDA:0,(anonymous_3)
FNDA:0,(anonymous_4)
FNDA:0,(anonymous_5)
FNDA:0,(anonymous_6)
FNDA:0,(anonymous_7)
FNDA:0,(anonymous_8)
FNDA:0,(anonymous_9)
FNDA:0,(anonymous_10)
FNDA:0,(anonymous_11)
FNDA:0,(anonymous_12)
FNDA:0,(anonymous_13)
FNDA:0,(anonymous_14)
DA:3,0
DA:4,0
DA:5,0
DA:6,0
DA:8,0
DA:9,0
DA:10,0
DA:11,0
DA:12,0
DA:13,0
DA:42,0
DA:46,0
DA:47,0
DA:48,0
DA:49,0
DA:50,0
DA:51,0
DA:55,0
DA:57,0
DA:59,0
DA:60,0
DA:61,0
DA:62,0
DA:64,0
DA:69,0
DA:73,0
DA:74,0
DA:75,0
DA:76,0
DA:79,0
DA:83,0
DA:84,0
DA:86,0
DA:87,0
DA:88,0
DA:89,0
DA:90,0
DA:92,0
DA:99,0
DA:103,0
DA:107,0
DA:108,0
DA:109,0
DA:113,0
DA:117,0
DA:118,0
DA:119,0
DA:122,0
DA:124,0
DA:125,0
DA:130,0
DA:134,0
DA:135,0
DA:137,0
DA:138,0
DA:139,0
DA:140,0
DA:142,0
DA:143,0
DA:144,0
DA:146,0
DA:148,0
DA:160,0
DA:162,0
DA:175,0
DA:176,0
DA:177,0
DA:178,0
DA:182,0
DA:187,0
DA:188,0
DA:194,0
DA:198,0
DA:199,0
DA:201,0
DA:208,0
DA:209,0
DA:210,0
DA:212,0
DA:221,0
DA:222,0
DA:223,0
DA:224,0
DA:230,0
DA:231,0
DA:239,0
DA:240,0
DA:242,0
DA:250,0
DA:251,0
DA:252,0
DA:254,0
DA:263,0
DA:264,0
DA:265,0
DA:266,0
DA:272,0
DA:273,0
DA:281,0
DA:314,0
DA:317,0
DA:325,0
DA:333,0
DA:379,0
DA:433,0
LF:105
LH:0
BRDA:59,0,0,0
BRDA:59,0,1,0
BRDA:60,1,0,0
BRDA:60,1,1,0
BRDA:76,2,0,0
BRDA:76,2,1,0
BRDA:83,3,0,0
BRDA:89,4,0,0
BRDA:107,5,0,0
BRDA:117,6,0,0
BRDA:135,7,0,0
BRDA:144,8,0,0
BRDA:144,8,1,0
BRDA:146,9,0,0
BRDA:146,9,1,0
BRDA:160,10,0,0
BRDA:175,11,0,0
BRDA:199,12,0,0
BRDA:199,13,0,0
BRDA:199,13,1,0
BRDA:210,14,0,0
BRDA:210,14,1,0
BRDA:221,15,0,0
BRDA:240,16,0,0
BRDA:240,17,0,0
BRDA:240,17,1,0
BRDA:252,18,0,0
BRDA:252,18,1,0
BRDA:263,19,0,0
BRDA:281,20,0,0
BRDA:375,21,0,0
BRDA:375,21,1,0
BRDA:383,22,0,0
BRDA:383,22,1,0
BRDA:387,23,0,0
BRDA:429,24,0,0
BRDA:429,24,1,0
BRDA:441,25,0,0
BRF:38
BRH:0
end_of_record
TN:
SF:app/barber/earnings/page.tsx
FN:28,BarberEarningsPage
FN:43,(anonymous_3)
FN:45,(anonymous_4)
FN:66,(anonymous_5)
FN:72,(anonymous_6)
FN:123,(anonymous_7)
FN:173,(anonymous_8)
FN:188,(anonymous_9)
FN:273,(anonymous_10)
FN:283,(anonymous_11)
FN:332,(anonymous_12)
FNF:11
FNH:0
FNDA:0,BarberEarningsPage
FNDA:0,(anonymous_3)
FNDA:0,(anonymous_4)
FNDA:0,(anonymous_5)
FNDA:0,(anonymous_6)
FNDA:0,(anonymous_7)
FNDA:0,(anonymous_8)
FNDA:0,(anonymous_9)
FNDA:0,(anonymous_10)
FNDA:0,(anonymous_11)
FNDA:0,(anonymous_12)
DA:3,0
DA:4,0
DA:5,0
DA:6,0
DA:7,0
DA:8,0
DA:28,0
DA:29,0
DA:30,0
DA:31,0
DA:32,0
DA:33,0
DA:34,0
DA:35,0
DA:36,0
DA:41,0
DA:43,0
DA:45,0
DA:46,0
DA:47,0
DA:50,0
DA:51,0
DA:52,0
DA:55,0
DA:57,0
DA:58,0
DA:59,0
DA:63,0
DA:66,0
DA:67,0
DA:68,0
DA:72,0
DA:73,0
DA:75,0
DA:76,0
DA:79,0
DA:80,0
DA:82,0
DA:83,0
DA:84,0
DA:88,0
DA:97,0
DA:107,0
DA:115,0
DA:117,0
DA:119,0
DA:123,0
DA:124,0
DA:126,0
DA:127,0
DA:134,0
DA:140,0
DA:141,0
DA:142,0
DA:143,0
DA:144,0
DA:145,0
DA:146,0
DA:147,0
DA:148,0
DA:149,0
DA:152,0
DA:156,0
DA:164,0
DA:173,0
DA:183,0
DA:189,0
DA:190,0
DA:197,0
DA:273,0
DA:283,0
DA:333,0
LF:72
LH:0
BRDA:50,0,0,0
BRDA:50,1,0,0
BRDA:50,1,1,0
BRDA:50,1,2,0
BRDA:67,2,0,0
BRDA:73,3,0,0
BRDA:82,4,0,0
BRDA:82,5,0,0
BRDA:82,5,1,0
BRDA:98,6,0,0
BRDA:98,6,1,0
BRDA:99,7,0,0
BRDA:99,7,1,0
BRDA:100,8,0,0
BRDA:100,8,1,0
BRDA:101,9,0,0
BRDA:101,9,1,0
BRDA:102,10,0,0
BRDA:102,10,1,0
BRDA:103,11,0,0
BRDA:103,11,1,0
BRDA:124,12,0,0
BRDA:140,13,0,0
BRDA:156,14,0,0
BRDA:164,15,0,0
BRDA:183,16,0,0
BRDA:197,17,0,0
BRDA:197,17,1,0
BRDA:197,18,0,0
BRDA:197,18,1,0
BRDA:211,19,0,0
BRDA:244,20,0,0
BRDA:244,20,1,0
BRDA:345,21,0,0
BRDA:345,21,1,0
BRDA:360,22,0,0
BRDA:360,22,1,0
BRDA:361,23,0,0
BRDA:361,23,1,0
BRDA:372,24,0,0
BRDA:381,25,0,0
BRF:41
BRH:0
end_of_record
TN:
SF:app/barbershop/[id]/dashboard/page.tsx
FN:57,getBarbershopData
FN:65,(anonymous_6)
FN:72,(anonymous_7)
FN:77,(anonymous_8)
FN:90,(anonymous_9)
FN:107,BarbershopDashboardPage
FN:115,(anonymous_11)
FN:116,checkAuth
FN:148,(anonymous_13)
FN:150,(anonymous_14)
FN:155,(anonymous_15)
FN:156,(anonymous_16)
FN:183,(anonymous_17)
FN:184,(anonymous_18)
FN:185,(anonymous_19)
FN:195,(anonymous_20)
FN:220,(anonymous_21)
FN:227,(anonymous_22)
FN:287,(anonymous_23)
FN:317,(anonymous_24)
FN:340,(anonymous_25)
FN:344,(anonymous_26)
FN:378,(anonymous_27)
FNF:23
FNH:0
FNDA:0,getBarbershopData
FNDA:0,(anonymous_6)
FNDA:0,(anonymous_7)
FNDA:0,(anonymous_8)
FNDA:0,(anonymous_9)
FNDA:0,BarbershopDashboardPage
FNDA:0,(anonymous_11)
FNDA:0,checkAuth
FNDA:0,(anonymous_13)
FNDA:0,(anonymous_14)
FNDA:0,(anonymous_15)
FNDA:0,(anonymous_16)
FNDA:0,(anonymous_17)
FNDA:0,(anonymous_18)
FNDA:0,(anonymous_19)
FNDA:0,(anonymous_20)
FNDA:0,(anonymous_21)
FNDA:0,(anonymous_22)
FNDA:0,(anonymous_23)
FNDA:0,(anonymous_24)
FNDA:0,(anonymous_25)
FNDA:0,(anonymous_26)
FNDA:0,(anonymous_27)
DA:3,0
DA:4,0
DA:5,0
DA:6,0
DA:7,0
DA:19,0
DA:20,0
DA:21,0
DA:22,0
DA:59,0
DA:65,0
DA:72,0
DA:77,0
DA:90,0
DA:98,0
DA:107,0
DA:108,0
DA:109,0
DA:110,0
DA:111,0
DA:112,0
DA:115,0
DA:117,0
DA:118,0
DA:119,0
DA:120,0
DA:121,0
DA:125,0
DA:126,0
DA:127,0
DA:130,0
DA:132,0
DA:133,0
DA:135,0
DA:139,0
DA:145,0
DA:148,0
DA:149,0
DA:150,0
DA:155,0
DA:156,0
DA:159,0
DA:163,0
DA:167,0
DA:171,0
DA:174,0
DA:182,0
DA:183,0
DA:184,0
DA:185,0
DA:195,0
DA:220,0
DA:227,0
DA:288,0
DA:317,0
DA:341,0
DA:344,0
DA:378,0
LF:58
LH:0
BRDA:65,0,0,0
BRDA:65,0,1,0
BRDA:67,1,0,0
BRDA:67,1,1,0
BRDA:85,2,0,0
BRDA:85,2,1,0
BRDA:86,3,0,0
BRDA:86,3,1,0
BRDA:119,4,0,0
BRDA:125,5,0,0
BRDA:125,6,0,0
BRDA:125,6,1,0
BRDA:149,7,0,0
BRDA:149,8,0,0
BRDA:149,8,1,0
BRDA:159,9,0,0
BRDA:159,10,0,0
BRDA:159,10,1,0
BRDA:163,11,0,0
BRDA:167,12,0,0
BRDA:237,13,0,0
BRDA:291,14,0,0
BRDA:291,14,1,0
BRDA:293,15,0,0
BRDA:293,15,1,0
BRDA:300,16,0,0
BRDA:300,16,1,0
BRDA:302,17,0,0
BRDA:362,18,0,0
BRDA:362,18,1,0
BRDA:363,19,0,0
BRDA:363,19,1,0
BRDA:371,20,0,0
BRDA:371,20,1,0
BRDA:372,21,0,0
BRDA:372,21,1,0
BRDA:373,22,0,0
BRDA:373,22,1,0
BRF:38
BRH:0
end_of_record
TN:
SF:app/book/page.tsx
FN:33,BookPage
FN:59,(anonymous_3)
FN:67,(anonymous_4)
FN:88,(anonymous_5)
FN:89,checkAuthAndFetchBookings
FN:97,(anonymous_7)
FN:113,(anonymous_8)
FN:118,(anonymous_9)
FN:124,(anonymous_10)
FN:134,(anonymous_11)
FN:213,(anonymous_12)
FN:218,(anonymous_13)
FN:223,(anonymous_14)
FN:228,(anonymous_15)
FN:239,(anonymous_16)
FN:275,(anonymous_17)
FN:321,(anonymous_18)
FN:341,(anonymous_19)
FN:351,(anonymous_20)
FN:355,(anonymous_21)
FN:364,(anonymous_22)
FN:370,(anonymous_23)
FN:375,(anonymous_24)
FN:376,(anonymous_25)
FN:392,(anonymous_26)
FN:404,(anonymous_27)
FN:405,(anonymous_28)
FN:548,(anonymous_29)
FN:553,(anonymous_30)
FN:595,(anonymous_31)
FN:605,(anonymous_32)
FN:659,(anonymous_33)
FN:666,(anonymous_34)
FN:688,(anonymous_35)
FN:692,(anonymous_36)
FN:698,(anonymous_37)
FN:705,(anonymous_38)
FN:739,(anonymous_39)
FN:753,(anonymous_40)
FN:811,(anonymous_41)
FN:829,(anonymous_42)
FN:831,(anonymous_43)
FN:881,(anonymous_44)
FN:909,(anonymous_45)
FN:923,(anonymous_46)
FN:939,(anonymous_47)
FN:954,(anonymous_48)
FN:969,(anonymous_49)
FN:1000,(anonymous_50)
FN:1079,(anonymous_51)
FN:1088,(anonymous_52)
FNF:51
FNH:0
FNDA:0,BookPage
FNDA:0,(anonymous_3)
FNDA:0,(anonymous_4)
FNDA:0,(anonymous_5)
FNDA:0,checkAuthAndFetchBookings
FNDA:0,(anonymous_7)
FNDA:0,(anonymous_8)
FNDA:0,(anonymous_9)
FNDA:0,(anonymous_10)
FNDA:0,(anonymous_11)
FNDA:0,(anonymous_12)
FNDA:0,(anonymous_13)
FNDA:0,(anonymous_14)
FNDA:0,(anonymous_15)
FNDA:0,(anonymous_16)
FNDA:0,(anonymous_17)
FNDA:0,(anonymous_18)
FNDA:0,(anonymous_19)
FNDA:0,(anonymous_20)
FNDA:0,(anonymous_21)
FNDA:0,(anonymous_22)
FNDA:0,(anonymous_23)
FNDA:0,(anonymous_24)
FNDA:0,(anonymous_25)
FNDA:0,(anonymous_26)
FNDA:0,(anonymous_27)
FNDA:0,(anonymous_28)
FNDA:0,(anonymous_29)
FNDA:0,(anonymous_30)
FNDA:0,(anonymous_31)
FNDA:0,(anonymous_32)
FNDA:0,(anonymous_33)
FNDA:0,(anonymous_34)
FNDA:0,(anonymous_35)
FNDA:0,(anonymous_36)
FNDA:0,(anonymous_37)
FNDA:0,(anonymous_38)
FNDA:0,(anonymous_39)
FNDA:0,(anonymous_40)
FNDA:0,(anonymous_41)
FNDA:0,(anonymous_42)
FNDA:0,(anonymous_43)
FNDA:0,(anonymous_44)
FNDA:0,(anonymous_45)
FNDA:0,(anonymous_46)
FNDA:0,(anonymous_47)
FNDA:0,(anonymous_48)
FNDA:0,(anonymous_49)
FNDA:0,(anonymous_50)
FNDA:0,(anonymous_51)
FNDA:0,(anonymous_52)
DA:3,0
DA:4,0
DA:5,0
DA:6,0
DA:7,0
DA:8,0
DA:9,0
DA:10,0
DA:11,0
DA:12,0
DA:13,0
DA:24,0
DA:27,0
DA:33,0
DA:34,0
DA:35,0
DA:36,0
DA:37,0
DA:38,0
DA:39,0
DA:40,0
DA:41,0
DA:42,0
DA:43,0
DA:44,0
DA:45,0
DA:46,0
DA:47,0
DA:48,0
DA:49,0
DA:50,0
DA:51,0
DA:54,0
DA:57,0
DA:59,0
DA:60,0
DA:63,0
DA:64,0
DA:65,0
DA:67,0
DA:68,0
DA:69,0
DA:72,0
DA:73,0
DA:74,0
DA:75,0
DA:79,0
DA:80,0
DA:81,0
DA:82,0
DA:88,0
DA:90,0
DA:92,0
DA:93,0
DA:96,0
DA:97,0
DA:99,0
DA:100,0
DA:102,0
DA:104,0
DA:105,0
DA:109,0
DA:113,0
DA:114,0
DA:118,0
DA:119,0
DA:120,0
DA:124,0
DA:125,0
DA:126,0
DA:127,0
DA:129,0
DA:134,0
DA:135,0
DA:136,0
DA:138,0
DA:140,0
DA:141,0
DA:142,0
DA:143,0
DA:146,0
DA:148,0
DA:151,0
DA:152,0
DA:153,0
DA:154,0
DA:157,0
DA:169,0
DA:170,0
DA:172,0
DA:174,0
DA:176,0
DA:177,0
DA:178,0
DA:180,0
DA:181,0
DA:184,0
DA:185,0
DA:189,0
DA:190,0
DA:191,0
DA:192,0
DA:193,0
DA:195,0
DA:199,0
DA:200,0
DA:202,0
DA:205,0
DA:206,0
DA:207,0
DA:209,0
DA:213,0
DA:214,0
DA:215,0
DA:218,0
DA:219,0
DA:223,0
DA:224,0
DA:225,0
DA:228,0
DA:229,0
DA:230,0
DA:231,0
DA:232,0
DA:233,0
DA:234,0
DA:239,0
DA:240,0
DA:242,0
DA:243,0
DA:245,0
DA:246,0
DA:248,0
DA:249,0
DA:250,0
DA:253,0
DA:255,0
DA:258,0
DA:263,0
DA:264,0
DA:265,0
DA:268,0
DA:269,0
DA:271,0
DA:275,0
DA:276,0
DA:278,0
DA:279,0
DA:281,0
DA:282,0
DA:284,0
DA:286,0
DA:291,0
DA:292,0
DA:293,0
DA:296,0
DA:298,0
DA:301,0
DA:309,0
DA:310,0
DA:311,0
DA:314,0
DA:315,0
DA:317,0
DA:321,0
DA:323,0
DA:324,0
DA:325,0
DA:326,0
DA:327,0
DA:328,0
DA:329,0
DA:330,0
DA:331,0
DA:332,0
DA:333,0
DA:334,0
DA:335,0
DA:336,0
DA:338,0
DA:341,0
DA:342,0
DA:344,0
DA:351,0
DA:352,0
DA:355,0
DA:356,0
DA:364,0
DA:366,0
DA:370,0
DA:371,0
DA:374,0
DA:375,0
DA:377,0
DA:378,0
DA:379,0
DA:381,0
DA:384,0
DA:392,0
DA:403,0
DA:404,0
DA:406,0
DA:407,0
DA:408,0
DA:410,0
DA:411,0
DA:413,0
DA:427,0
DA:549,0
DA:553,0
DA:595,0
DA:605,0
DA:659,0
DA:667,0
DA:668,0
DA:669,0
DA:689,0
DA:690,0
DA:694,0
DA:695,0
DA:700,0
DA:701,0
DA:702,0
DA:705,0
DA:706,0
DA:707,0
DA:740,0
DA:741,0
DA:742,0
DA:753,0
DA:811,0
DA:831,0
DA:832,0
DA:839,0
DA:881,0
DA:909,0
DA:923,0
DA:939,0
DA:954,0
DA:970,0
DA:971,0
DA:972,0
DA:974,0
DA:976,0
DA:977,0
DA:979,0
DA:1000,0
DA:1079,0
DA:1088,0
LF:249
LH:0
BRDA:67,0,0,0
BRDA:67,1,0,0
BRDA:67,1,1,0
BRDA:72,2,0,0
BRDA:74,3,0,0
BRDA:79,4,0,0
BRDA:79,5,0,0
BRDA:79,5,1,0
BRDA:81,6,0,0
BRDA:81,7,0,0
BRDA:81,7,1,0
BRDA:119,8,0,0
BRDA:143,9,0,0
BRDA:143,9,1,0
BRDA:146,10,0,0
BRDA:146,10,1,0
BRDA:146,11,0,0
BRDA:146,11,1,0
BRDA:172,12,0,0
BRDA:172,12,1,0
BRDA:174,13,0,0
BRDA:174,13,1,0
BRDA:178,14,0,0
BRDA:178,14,1,0
BRDA:190,15,0,0
BRDA:190,15,1,0
BRDA:192,16,0,0
BRDA:192,16,1,0
BRDA:200,17,0,0
BRDA:229,18,0,0
BRDA:231,19,0,0
BRDA:231,19,1,0
BRDA:233,20,0,0
BRDA:240,21,0,0
BRDA:246,22,0,0
BRDA:246,22,1,0
BRDA:253,23,0,0
BRDA:253,24,0,0
BRDA:253,24,1,0
BRDA:253,24,2,0
BRDA:253,24,3,0
BRDA:276,25,0,0
BRDA:276,26,0,0
BRDA:276,26,1,0
BRDA:276,26,2,0
BRDA:284,27,0,0
BRDA:284,27,1,0
BRDA:296,28,0,0
BRDA:296,29,0,0
BRDA:296,29,1,0
BRDA:296,29,2,0
BRDA:296,29,3,0
BRDA:323,30,0,0
BRDA:323,30,1,0
BRDA:325,31,0,0
BRDA:325,31,1,0
BRDA:325,32,0,0
BRDA:325,32,1,0
BRDA:327,33,0,0
BRDA:327,33,1,0
BRDA:329,34,0,0
BRDA:329,34,1,0
BRDA:331,35,0,0
BRDA:331,35,1,0
BRDA:333,36,0,0
BRDA:333,36,1,0
BRDA:335,37,0,0
BRDA:342,38,0,0
BRDA:342,38,1,0
BRDA:371,39,0,0
BRDA:371,40,0,0
BRDA:371,40,1,0
BRDA:392,41,0,0
BRDA:392,41,1,0
BRDA:434,42,0,0
BRDA:453,43,0,0
BRDA:453,43,1,0
BRDA:455,44,0,0
BRDA:455,44,1,0
BRDA:462,45,0,0
BRDA:462,45,1,0
BRDA:464,46,0,0
BRDA:464,46,1,0
BRDA:466,47,0,0
BRDA:466,47,1,0
BRDA:473,48,0,0
BRDA:473,48,1,0
BRDA:475,49,0,0
BRDA:475,49,1,0
BRDA:477,50,0,0
BRDA:477,50,1,0
BRDA:481,51,0,0
BRDA:481,51,1,0
BRDA:485,52,0,0
BRDA:487,53,0,0
BRDA:487,53,1,0
BRDA:489,54,0,0
BRDA:489,54,1,0
BRDA:491,55,0,0
BRDA:491,55,1,0
BRDA:500,56,0,0
BRDA:500,56,1,0
BRDA:502,57,0,0
BRDA:502,57,1,0
BRDA:504,58,0,0
BRDA:504,58,1,0
BRDA:506,59,0,0
BRDA:506,59,1,0
BRDA:515,60,0,0
BRDA:520,61,0,0
BRDA:520,61,1,0
BRDA:572,62,0,0
BRDA:597,63,0,0
BRDA:597,63,1,0
BRDA:607,64,0,0
BRDA:607,64,1,0
BRDA:619,65,0,0
BRDA:631,66,0,0
BRDA:631,66,1,0
BRDA:633,67,0,0
BRDA:636,68,0,0
BRDA:655,69,0,0
BRDA:655,69,1,0
BRDA:680,70,0,0
BRDA:687,71,0,0
BRDA:687,71,1,0
BRDA:694,72,0,0
BRDA:706,73,0,0
BRDA:706,74,0,0
BRDA:706,74,1,0
BRDA:718,75,0,0
BRDA:728,76,0,0
BRDA:730,77,0,0
BRDA:730,77,1,0
BRDA:735,78,0,0
BRDA:737,79,0,0
BRDA:753,80,0,0
BRDA:753,80,1,0
BRDA:765,81,0,0
BRDA:796,82,0,0
BRDA:796,82,1,0
BRDA:803,83,0,0
BRDA:803,83,1,0
BRDA:834,84,0,0
BRDA:834,84,1,0
BRDA:851,85,0,0
BRDA:877,86,0,0
BRDA:877,86,1,0
BRDA:962,87,0,0
BRDA:970,88,0,0
BRDA:970,89,0,0
BRDA:970,89,1,0
BRDA:970,89,2,0
BRDA:970,89,3,0
BRDA:976,90,0,0
BRDA:976,90,1,0
BRDA:994,91,0,0
BRDA:994,91,1,0
BRDA:1000,92,0,0
BRDA:1000,92,1,0
BRDA:1008,93,0,0
BRDA:1008,93,1,0
BRDA:1008,93,2,0
BRDA:1054,94,0,0
BRF:164
BRH:0
end_of_record
TN:
SF:app/bookings/page.tsx
FN:10,MyBookingsPage
FN:24,(anonymous_3)
FN:28,(anonymous_4)
FN:34,(anonymous_5)
FN:48,(anonymous_6)
FN:65,(anonymous_7)
FN:73,(anonymous_8)
FN:88,(anonymous_9)
FN:98,(anonymous_10)
FN:121,(anonymous_11)
FN:129,(anonymous_12)
FN:142,(anonymous_13)
FN:155,(anonymous_14)
FN:175,(anonymous_15)
FN:176,(anonymous_16)
FN:184,(anonymous_17)
FN:189,(anonymous_18)
FN:195,(anonymous_19)
FN:243,(anonymous_20)
FN:251,(anonymous_21)
FN:266,(anonymous_22)
FN:298,(anonymous_23)
FN:327,(anonymous_24)
FN:357,(anonymous_25)
FN:406,(anonymous_26)
FN:414,(anonymous_27)
FN:452,(anonymous_28)
FN:485,(anonymous_29)
FN:538,(anonymous_30)
FN:556,(anonymous_31)
FN:557,(anonymous_32)
FN:560,(anonymous_33)
FNF:32
FNH:0
FNDA:0,MyBookingsPage
FNDA:0,(anonymous_3)
FNDA:0,(anonymous_4)
FNDA:0,(anonymous_5)
FNDA:0,(anonymous_6)
FNDA:0,(anonymous_7)
FNDA:0,(anonymous_8)
FNDA:0,(anonymous_9)
FNDA:0,(anonymous_10)
FNDA:0,(anonymous_11)
FNDA:0,(anonymous_12)
FNDA:0,(anonymous_13)
FNDA:0,(anonymous_14)
FNDA:0,(anonymous_15)
FNDA:0,(anonymous_16)
FNDA:0,(anonymous_17)
FNDA:0,(anonymous_18)
FNDA:0,(anonymous_19)
FNDA:0,(anonymous_20)
FNDA:0,(anonymous_21)
FNDA:0,(anonymous_22)
FNDA:0,(anonymous_23)
FNDA:0,(anonymous_24)
FNDA:0,(anonymous_25)
FNDA:0,(anonymous_26)
FNDA:0,(anonymous_27)
FNDA:0,(anonymous_28)
FNDA:0,(anonymous_29)
FNDA:0,(anonymous_30)
FNDA:0,(anonymous_31)
FNDA:0,(anonymous_32)
FNDA:0,(anonymous_33)
DA:3,0
DA:4,0
DA:5,0
DA:6,0
DA:7,0
DA:8,0
DA:10,0
DA:11,0
DA:12,0
DA:13,0
DA:14,0
DA:15,0
DA:16,0
DA:17,0
DA:18,0
DA:19,0
DA:20,0
DA:21,0
DA:22,0
DA:24,0
DA:25,0
DA:28,0
DA:29,0
DA:30,0
DA:31,0
DA:32,0
DA:34,0
DA:35,0
DA:37,0
DA:39,0
DA:40,0
DA:41,0
DA:44,0
DA:48,0
DA:49,0
DA:50,0
DA:53,0
DA:54,0
DA:55,0
DA:57,0
DA:59,0
DA:61,0
DA:65,0
DA:66,0
DA:67,0
DA:68,0
DA:69,0
DA:70,0
DA:73,0
DA:74,0
DA:76,0
DA:77,0
DA:78,0
DA:79,0
DA:81,0
DA:82,0
DA:84,0
DA:88,0
DA:89,0
DA:90,0
DA:91,0
DA:92,0
DA:94,0
DA:98,0
DA:99,0
DA:100,0
DA:101,0
DA:104,0
DA:105,0
DA:106,0
DA:107,0
DA:108,0
DA:109,0
DA:110,0
DA:111,0
DA:113,0
DA:115,0
DA:117,0
DA:121,0
DA:122,0
DA:123,0
DA:124,0
DA:125,0
DA:126,0
DA:129,0
DA:130,0
DA:142,0
DA:143,0
DA:145,0
DA:147,0
DA:149,0
DA:151,0
DA:155,0
DA:156,0
DA:159,0
DA:167,0
DA:175,0
DA:176,0
DA:179,0
DA:180,0
DA:181,0
DA:184,0
DA:189,0
DA:195,0
DA:243,0
DA:251,0
DA:266,0
DA:298,0
DA:327,0
DA:358,0
DA:406,0
DA:414,0
DA:453,0
DA:485,0
DA:538,0
DA:556,0
DA:558,0
DA:560,0
LF:118
LH:0
BRDA:39,0,0,0
BRDA:39,0,1,0
BRDA:40,1,0,0
BRDA:40,2,0,0
BRDA:40,2,1,0
BRDA:49,3,0,0
BRDA:59,4,0,0
BRDA:59,4,1,0
BRDA:74,5,0,0
BRDA:91,6,0,0
BRDA:91,6,1,0
BRDA:99,7,0,0
BRDA:99,8,0,0
BRDA:99,8,1,0
BRDA:99,8,2,0
BRDA:115,9,0,0
BRDA:115,9,1,0
BRDA:143,10,0,0
BRDA:143,10,1,0
BRDA:143,10,2,0
BRDA:143,10,3,0
BRDA:159,11,0,0
BRDA:167,12,0,0
BRDA:175,13,0,0
BRDA:175,13,1,0
BRDA:176,14,0,0
BRDA:176,14,1,0
BRDA:225,15,0,0
BRDA:233,16,0,0
BRDA:240,17,0,0
BRDA:240,17,1,0
BRDA:248,18,0,0
BRDA:248,18,1,0
BRDA:255,19,0,0
BRDA:255,19,1,0
BRDA:296,20,0,0
BRDA:320,21,0,0
BRDA:336,22,0,0
BRDA:340,23,0,0
BRDA:347,24,0,0
BRDA:388,25,0,0
BRDA:396,26,0,0
BRDA:403,27,0,0
BRDA:403,27,1,0
BRDA:411,28,0,0
BRDA:411,28,1,0
BRDA:418,29,0,0
BRDA:418,29,1,0
BRDA:431,30,0,0
BRDA:435,31,0,0
BRDA:442,32,0,0
BRDA:483,33,0,0
BRDA:502,34,0,0
BRDA:502,34,1,0
BRDA:544,35,0,0
BRDA:550,36,0,0
BRDA:554,37,0,0
BRDA:562,38,0,0
BRDA:562,38,1,0
BRDA:589,39,0,0
BRDA:589,39,1,0
BRDA:589,39,2,0
BRDA:592,40,0,0
BRDA:592,40,1,0
BRF:64
BRH:0
end_of_record
TN:
SF:app/calendar/page.tsx
FN:12,(anonymous_5)
FN:12,(anonymous_6)
FN:13,(anonymous_7)
FN:13,(anonymous_8)
FN:14,(anonymous_9)
FN:14,(anonymous_10)
FN:15,(anonymous_11)
FN:15,(anonymous_12)
FN:16,(anonymous_13)
FN:16,(anonymous_14)
FN:62,CalendarPage
FN:96,(anonymous_16)
FN:107,(anonymous_17)
FN:163,(anonymous_18)
FN:172,handleCalendarInteraction
FN:219,(anonymous_20)
FN:230,(anonymous_21)
FN:231,(anonymous_22)
FN:242,(anonymous_23)
FN:260,(anonymous_24)
FN:288,(anonymous_25)
FN:295,(anonymous_26)
FN:302,(anonymous_27)
FN:322,(anonymous_28)
FN:332,(anonymous_29)
FN:341,(anonymous_30)
FN:353,(anonymous_31)
FN:359,(anonymous_32)
FN:368,(anonymous_33)
FN:372,(anonymous_34)
FN:379,(anonymous_35)
FN:398,(anonymous_36)
FN:399,(anonymous_37)
FN:404,(anonymous_38)
FN:425,(anonymous_39)
FN:429,(anonymous_40)
FN:453,(anonymous_41)
FN:461,(anonymous_42)
FN:473,(anonymous_43)
FN:501,(anonymous_44)
FN:575,(anonymous_45)
FN:585,(anonymous_46)
FN:595,(anonymous_47)
FN:609,(anonymous_48)
FN:622,(anonymous_49)
FN:631,(anonymous_50)
FN:640,(anonymous_51)
FN:652,(anonymous_52)
FN:663,(anonymous_53)
FN:664,(anonymous_54)
FN:680,(anonymous_55)
FN:685,(anonymous_56)
FN:706,(anonymous_57)
FN:711,(anonymous_58)
FN:732,(anonymous_59)
FN:739,(anonymous_60)
FN:744,(anonymous_61)
FN:786,(anonymous_62)
FN:799,(anonymous_63)
FN:805,(anonymous_64)
FN:827,(anonymous_65)
FN:832,(anonymous_66)
FNF:62
FNH:0
FNDA:0,(anonymous_5)
FNDA:0,(anonymous_6)
FNDA:0,(anonymous_7)
FNDA:0,(anonymous_8)
FNDA:0,(anonymous_9)
FNDA:0,(anonymous_10)
FNDA:0,(anonymous_11)
FNDA:0,(anonymous_12)
FNDA:0,(anonymous_13)
FNDA:0,(anonymous_14)
FNDA:0,CalendarPage
FNDA:0,(anonymous_16)
FNDA:0,(anonymous_17)
FNDA:0,(anonymous_18)
FNDA:0,handleCalendarInteraction
FNDA:0,(anonymous_20)
FNDA:0,(anonymous_21)
FNDA:0,(anonymous_22)
FNDA:0,(anonymous_23)
FNDA:0,(anonymous_24)
FNDA:0,(anonymous_25)
FNDA:0,(anonymous_26)
FNDA:0,(anonymous_27)
FNDA:0,(anonymous_28)
FNDA:0,(anonymous_29)
FNDA:0,(anonymous_30)
FNDA:0,(anonymous_31)
FNDA:0,(anonymous_32)
FNDA:0,(anonymous_33)
FNDA:0,(anonymous_34)
FNDA:0,(anonymous_35)
FNDA:0,(anonymous_36)
FNDA:0,(anonymous_37)
FNDA:0,(anonymous_38)
FNDA:0,(anonymous_39)
FNDA:0,(anonymous_40)
FNDA:0,(anonymous_41)
FNDA:0,(anonymous_42)
FNDA:0,(anonymous_43)
FNDA:0,(anonymous_44)
FNDA:0,(anonymous_45)
FNDA:0,(anonymous_46)
FNDA:0,(anonymous_47)
FNDA:0,(anonymous_48)
FNDA:0,(anonymous_49)
FNDA:0,(anonymous_50)
FNDA:0,(anonymous_51)
FNDA:0,(anonymous_52)
FNDA:0,(anonymous_53)
FNDA:0,(anonymous_54)
FNDA:0,(anonymous_55)
FNDA:0,(anonymous_56)
FNDA:0,(anonymous_57)
FNDA:0,(anonymous_58)
FNDA:0,(anonymous_59)
FNDA:0,(anonymous_60)
FNDA:0,(anonymous_61)
FNDA:0,(anonymous_62)
FNDA:0,(anonymous_63)
FNDA:0,(anonymous_64)
FNDA:0,(anonymous_65)
FNDA:0,(anonymous_66)
DA:3,0
DA:4,0
DA:6,0
DA:12,0
DA:13,0
DA:14,0
DA:15,0
DA:16,0
DA:17,0
DA:18,0
DA:19,0
DA:20,0
DA:21,0
DA:23,0
DA:24,0
DA:25,0
DA:26,0
DA:27,0
DA:28,0
DA:29,0
DA:30,0
DA:31,0
DA:32,0
DA:33,0
DA:34,0
DA:35,0
DA:36,0
DA:37,0
DA:45,0
DA:58,0
DA:62,0
DA:63,0
DA:64,0
DA:65,0
DA:66,0
DA:67,0
DA:68,0
DA:69,0
DA:70,0
DA:71,0
DA:72,0
DA:73,0
DA:74,0
DA:75,0
DA:76,0
DA:77,0
DA:78,0
DA:79,0
DA:80,0
DA:81,0
DA:82,0
DA:83,0
DA:84,0
DA:93,0
DA:96,0
DA:97,0
DA:98,0
DA:99,0
DA:101,0
DA:107,0
DA:111,0
DA:114,0
DA:115,0
DA:119,0
DA:120,0
DA:122,0
DA:133,0
DA:135,0
DA:138,0
DA:147,0
DA:150,0
DA:165,0
DA:166,0
DA:173,0
DA:175,0
DA:176,0
DA:177,0
DA:179,0
DA:182,0
DA:185,0
DA:186,0
DA:187,0
DA:188,0
DA:189,0
DA:190,0
DA:191,0
DA:192,0
DA:193,0
DA:195,0
DA:198,0
DA:199,0
DA:203,0
DA:206,0
DA:207,0
DA:208,0
DA:210,0
DA:213,0
DA:214,0
DA:219,0
DA:220,0
DA:221,0
DA:225,0
DA:230,0
DA:231,0
DA:232,0
DA:236,0
DA:242,0
DA:245,0
DA:248,0
DA:249,0
DA:253,0
DA:254,0
DA:260,0
DA:263,0
DA:265,0
DA:267,0
DA:271,0
DA:274,0
DA:278,0
DA:279,0
DA:280,0
DA:284,0
DA:288,0
DA:289,0
DA:290,0
DA:291,0
DA:294,0
DA:295,0
DA:296,0
DA:297,0
DA:298,0
DA:301,0
DA:302,0
DA:305,0
DA:306,0
DA:311,0
DA:312,0
DA:314,0
DA:317,0
DA:322,0
DA:323,0
DA:324,0
DA:325,0
DA:328,0
DA:332,0
DA:333,0
DA:334,0
DA:335,0
DA:341,0
DA:343,0
DA:347,0
DA:350,0
DA:353,0
DA:354,0
DA:359,0
DA:360,0
DA:361,0
DA:363,0
DA:368,0
DA:369,0
DA:370,0
DA:372,0
DA:373,0
DA:374,0
DA:375,0
DA:378,0
DA:379,0
DA:382,0
DA:383,0
DA:387,0
DA:389,0
DA:394,0
DA:397,0
DA:398,0
DA:399,0
DA:401,0
DA:404,0
DA:405,0
DA:407,0
DA:408,0
DA:412,0
DA:414,0
DA:417,0
DA:418,0
DA:419,0
DA:421,0
DA:425,0
DA:426,0
DA:429,0
DA:430,0
DA:432,0
DA:433,0
DA:434,0
DA:437,0
DA:441,0
DA:443,0
DA:447,0
DA:448,0
DA:449,0
DA:453,0
DA:455,0
DA:458,0
DA:461,0
DA:463,0
DA:467,0
DA:470,0
DA:473,0
DA:474,0
DA:476,0
DA:478,0
DA:480,0
DA:482,0
DA:484,0
DA:488,0
DA:496,0
DA:501,0
DA:575,0
DA:585,0
DA:595,0
DA:609,0
DA:622,0
DA:631,0
DA:640,0
DA:652,0
DA:663,0
DA:664,0
DA:682,0
DA:683,0
DA:687,0
DA:688,0
DA:689,0
DA:708,0
DA:709,0
DA:713,0
DA:714,0
DA:715,0
DA:734,0
DA:735,0
DA:741,0
DA:742,0
DA:746,0
DA:748,0
DA:786,0
DA:800,0
DA:801,0
DA:808,0
DA:810,0
DA:811,0
DA:816,0
DA:818,0
DA:819,0
DA:828,0
DA:829,0
DA:833,0
DA:834,0
DA:835,0
DA:836,0
DA:837,0
LF:258
LH:0
BRDA:111,0,0,0
BRDA:111,0,1,0
BRDA:114,1,0,0
BRDA:114,2,0,0
BRDA:114,2,1,0
BRDA:165,3,0,0
BRDA:173,4,0,0
BRDA:173,4,1,0
BRDA:173,4,2,0
BRDA:173,4,3,0
BRDA:173,4,4,0
BRDA:175,5,0,0
BRDA:175,5,1,0
BRDA:175,6,0,0
BRDA:175,6,1,0
BRDA:177,7,0,0
BRDA:185,8,0,0
BRDA:185,8,1,0
BRDA:185,9,0,0
BRDA:185,9,1,0
BRDA:189,10,0,0
BRDA:198,11,0,0
BRDA:206,12,0,0
BRDA:206,13,0,0
BRDA:206,13,1,0
BRDA:213,14,0,0
BRDA:214,15,0,0
BRDA:214,15,1,0
BRDA:220,16,0,0
BRDA:248,17,0,0
BRDA:248,18,0,0
BRDA:248,18,1,0
BRDA:263,19,0,0
BRDA:263,19,1,0
BRDA:274,20,0,0
BRDA:274,20,1,0
BRDA:289,21,0,0
BRDA:289,22,0,0
BRDA:289,22,1,0
BRDA:301,23,0,0
BRDA:301,24,0,0
BRDA:301,24,1,0
BRDA:305,25,0,0
BRDA:305,26,0,0
BRDA:305,26,1,0
BRDA:311,27,0,0
BRDA:311,27,1,0
BRDA:314,28,0,0
BRDA:314,28,1,0
BRDA:333,29,0,0
BRDA:333,30,0,0
BRDA:333,30,1,0
BRDA:345,31,0,0
BRDA:345,31,1,0
BRDA:353,32,0,0
BRDA:353,33,0,0
BRDA:353,33,1,0
BRDA:359,34,0,0
BRDA:359,34,1,0
BRDA:378,35,0,0
BRDA:378,36,0,0
BRDA:378,36,1,0
BRDA:382,37,0,0
BRDA:382,38,0,0
BRDA:382,38,1,0
BRDA:399,39,0,0
BRDA:399,39,1,0
BRDA:405,40,0,0
BRDA:437,41,0,0
BRDA:465,42,0,0
BRDA:465,42,1,0
BRDA:474,43,0,0
BRDA:474,43,1,0
BRDA:474,43,2,0
BRDA:474,43,3,0
BRDA:474,43,4,0
BRDA:488,44,0,0
BRDA:496,45,0,0
BRDA:520,46,0,0
BRDA:520,46,1,0
BRDA:522,47,0,0
BRDA:522,47,1,0
BRDA:524,48,0,0
BRDA:524,48,1,0
BRDA:530,49,0,0
BRDA:530,49,1,0
BRDA:533,50,0,0
BRDA:533,50,1,0
BRDA:540,51,0,0
BRDA:540,51,1,0
BRDA:577,52,0,0
BRDA:577,52,1,0
BRDA:587,53,0,0
BRDA:587,53,1,0
BRDA:597,54,0,0
BRDA:597,54,1,0
BRDA:618,55,0,0
BRDA:673,56,0,0
BRDA:692,57,0,0
BRDA:692,57,1,0
BRDA:699,58,0,0
BRDA:718,59,0,0
BRDA:718,59,1,0
BRDA:757,60,0,0
BRDA:757,60,1,0
BRDA:766,61,0,0
BRDA:766,61,1,0
BRDA:775,62,0,0
BRDA:775,62,1,0
BRDA:803,63,0,0
BRDA:803,63,1,0
BRDA:831,64,0,0
BRDA:831,64,1,0
BRF:113
BRH:0
end_of_record
TN:
SF:app/clients/page.tsx
FN:13,ClientsPage
FN:28,(anonymous_3)
FN:32,(anonymous_4)
FN:54,(anonymous_5)
FN:60,(anonymous_6)
FN:69,(anonymous_7)
FN:84,(anonymous_8)
FN:94,(anonymous_9)
FN:100,(anonymous_10)
FN:119,(anonymous_11)
FN:142,(anonymous_12)
FN:190,(anonymous_13)
FN:195,(anonymous_14)
FN:272,(anonymous_15)
FN:290,(anonymous_16)
FN:313,(anonymous_17)
FN:330,(anonymous_18)
FN:330,(anonymous_19)
FN:340,(anonymous_20)
FN:340,(anonymous_21)
FNF:20
FNH:0
FNDA:0,ClientsPage
FNDA:0,(anonymous_3)
FNDA:0,(anonymous_4)
FNDA:0,(anonymous_5)
FNDA:0,(anonymous_6)
FNDA:0,(anonymous_7)
FNDA:0,(anonymous_8)
FNDA:0,(anonymous_9)
FNDA:0,(anonymous_10)
FNDA:0,(anonymous_11)
FNDA:0,(anonymous_12)
FNDA:0,(anonymous_13)
FNDA:0,(anonymous_14)
FNDA:0,(anonymous_15)
FNDA:0,(anonymous_16)
FNDA:0,(anonymous_17)
FNDA:0,(anonymous_18)
FNDA:0,(anonymous_19)
FNDA:0,(anonymous_20)
FNDA:0,(anonymous_21)
DA:3,0
DA:4,0
DA:5,0
DA:6,0
DA:11,0
DA:13,0
DA:14,0
DA:15,0
DA:16,0
DA:17,0
DA:18,0
DA:19,0
DA:20,0
DA:21,0
DA:22,0
DA:25,0
DA:26,0
DA:28,0
DA:29,0
DA:32,0
DA:33,0
DA:34,0
DA:35,0
DA:41,0
DA:42,0
DA:44,0
DA:45,0
DA:47,0
DA:50,0
DA:54,0
DA:55,0
DA:56,0
DA:57,0
DA:60,0
DA:61,0
DA:62,0
DA:63,0
DA:65,0
DA:69,0
DA:70,0
DA:72,0
DA:73,0
DA:74,0
DA:76,0
DA:77,0
DA:79,0
DA:84,0
DA:85,0
DA:86,0
DA:87,0
DA:88,0
DA:89,0
DA:94,0
DA:100,0
DA:119,0
DA:142,0
DA:190,0
DA:195,0
DA:273,0
DA:290,0
DA:313,0
DA:330,0
DA:340,0
LF:63
LH:0
BRDA:38,0,0,0
BRDA:38,0,1,0
BRDA:39,1,0,0
BRDA:39,1,1,0
BRDA:44,2,0,0
BRDA:44,2,1,0
BRDA:44,3,0,0
BRDA:44,3,1,0
BRDA:70,4,0,0
BRDA:76,5,0,0
BRDA:76,5,1,0
BRDA:85,6,0,0
BRDA:85,6,1,0
BRDA:85,6,2,0
BRDA:85,6,3,0
BRDA:114,7,0,0
BRDA:177,8,0,0
BRDA:215,9,0,0
BRDA:219,10,0,0
BRDA:257,11,0,0
BRDA:285,12,0,0
BRDA:327,13,0,0
BRF:22
BRH:0
end_of_record
TN:
SF:app/clients/[id]/page.tsx
FN:28,ClientDetailPage
FN:53,(anonymous_3)
FN:57,(anonymous_4)
FN:63,(anonymous_5)
FN:64,(anonymous_6)
FN:65,(anonymous_7)
FN:94,(anonymous_8)
FN:112,(anonymous_9)
FN:113,(anonymous_10)
FN:119,(anonymous_11)
FN:134,(anonymous_12)
FN:139,(anonymous_13)
FN:183,(anonymous_14)
FN:189,(anonymous_15)
FN:299,(anonymous_16)
FN:411,(anonymous_17)
FN:441,(anonymous_18)
FN:474,(anonymous_19)
FN:489,(anonymous_20)
FN:504,(anonymous_21)
FNF:20
FNH:0
FNDA:0,ClientDetailPage
FNDA:0,(anonymous_3)
FNDA:0,(anonymous_4)
FNDA:0,(anonymous_5)
FNDA:0,(anonymous_6)
FNDA:0,(anonymous_7)
FNDA:0,(anonymous_8)
FNDA:0,(anonymous_9)
FNDA:0,(anonymous_10)
FNDA:0,(anonymous_11)
FNDA:0,(anonymous_12)
FNDA:0,(anonymous_13)
FNDA:0,(anonymous_14)
FNDA:0,(anonymous_15)
FNDA:0,(anonymous_16)
FNDA:0,(anonymous_17)
FNDA:0,(anonymous_18)
FNDA:0,(anonymous_19)
FNDA:0,(anonymous_20)
FNDA:0,(anonymous_21)
DA:3,0
DA:4,0
DA:5,0
DA:17,0
DA:28,0
DA:29,0
DA:30,0
DA:31,0
DA:33,0
DA:34,0
DA:35,0
DA:36,0
DA:37,0
DA:38,0
DA:39,0
DA:40,0
DA:41,0
DA:42,0
DA:43,0
DA:44,0
DA:53,0
DA:54,0
DA:57,0
DA:58,0
DA:59,0
DA:60,0
DA:63,0
DA:64,0
DA:65,0
DA:68,0
DA:69,0
DA:70,0
DA:71,0
DA:72,0
DA:73,0
DA:82,0
DA:83,0
DA:84,0
DA:85,0
DA:87,0
DA:90,0
DA:94,0
DA:95,0
DA:96,0
DA:97,0
DA:104,0
DA:105,0
DA:106,0
DA:108,0
DA:112,0
DA:113,0
DA:119,0
DA:120,0
DA:122,0
DA:123,0
DA:124,0
DA:125,0
DA:126,0
DA:128,0
DA:130,0
DA:134,0
DA:135,0
DA:136,0
DA:139,0
DA:140,0
DA:141,0
DA:142,0
DA:143,0
DA:144,0
DA:148,0
DA:156,0
DA:183,0
DA:189,0
DA:300,0
DA:412,0
DA:442,0
DA:474,0
DA:489,0
DA:505,0
DA:506,0
DA:507,0
LF:81
LH:0
BRDA:77,0,0,0
BRDA:77,0,1,0
BRDA:78,1,0,0
BRDA:78,1,1,0
BRDA:79,2,0,0
BRDA:79,2,1,0
BRDA:82,3,0,0
BRDA:82,3,1,0
BRDA:82,4,0,0
BRDA:82,4,1,0
BRDA:84,5,0,0
BRDA:84,5,1,0
BRDA:99,6,0,0
BRDA:99,6,1,0
BRDA:100,7,0,0
BRDA:100,7,1,0
BRDA:101,8,0,0
BRDA:101,8,1,0
BRDA:120,9,0,0
BRDA:135,10,0,0
BRDA:140,11,0,0
BRDA:140,11,1,0
BRDA:140,11,2,0
BRDA:140,11,3,0
BRDA:148,12,0,0
BRDA:156,13,0,0
BRDA:156,14,0,0
BRDA:156,14,1,0
BRDA:159,15,0,0
BRDA:159,15,1,0
BRDA:192,16,0,0
BRDA:192,16,1,0
BRDA:210,17,0,0
BRDA:293,18,0,0
BRDA:293,18,1,0
BRDA:295,19,0,0
BRDA:307,20,0,0
BRDA:371,21,0,0
BRDA:374,22,0,0
BRDA:378,23,0,0
BRDA:384,24,0,0
BRDA:390,25,0,0
BRDA:396,26,0,0
BRDA:407,27,0,0
BRDA:407,27,1,0
BRDA:407,27,2,0
BRDA:415,28,0,0
BRDA:427,29,0,0
BRDA:427,29,1,0
BRDA:447,30,0,0
BRDA:447,30,1,0
BRDA:448,31,0,0
BRDA:448,31,1,0
BRDA:464,32,0,0
BRF:54
BRH:0
end_of_record
TN:
SF:app/clients/new/page.tsx
FN:8,NewClientPage
FN:21,(anonymous_3)
FN:49,(anonymous_4)
FN:50,(anonymous_5)
FNF:4
FNH:0
FNDA:0,NewClientPage
FNDA:0,(anonymous_3)
FNDA:0,(anonymous_4)
FNDA:0,(anonymous_5)
DA:3,0
DA:4,0
DA:5,0
DA:6,0
DA:8,0
DA:9,0
DA:10,0
DA:18,0
DA:19,0
DA:21,0
DA:22,0
DA:23,0
DA:24,0
DA:26,0
DA:27,0
DA:34,0
DA:35,0
DA:37,0
DA:38,0
DA:39,0
DA:40,0
DA:42,0
DA:45,0
DA:49,0
DA:50,0
LF:25
LH:0
BRDA:29,0,0,0
BRDA:29,0,1,0
BRDA:30,1,0,0
BRDA:30,1,1,0
BRDA:31,2,0,0
BRDA:31,2,1,0
BRDA:37,3,0,0
BRDA:37,3,1,0
BRDA:39,4,0,0
BRDA:39,4,1,0
BRDA:39,5,0,0
BRDA:39,5,1,0
BRDA:67,6,0,0
BRDA:173,7,0,0
BRDA:173,7,1,0
BRF:15
BRH:0
end_of_record
TN:
SF:app/customers/page.tsx
FN:22,(anonymous_4)
FN:22,(anonymous_5)
FN:23,(anonymous_6)
FN:23,(anonymous_7)
FN:24,(anonymous_8)
FN:24,(anonymous_9)
FN:25,(anonymous_10)
FN:25,(anonymous_11)
FN:26,(anonymous_12)
FN:26,(anonymous_13)
FN:81,UnifiedCustomersContent
FN:100,(anonymous_15)
FN:107,(anonymous_16)
FN:108,loadData
FN:152,(anonymous_18)
FN:161,(anonymous_19)
FN:168,(anonymous_20)
FN:215,(anonymous_21)
FN:252,(anonymous_22)
FN:274,CustomerOverview
FN:451,UnifiedCustomersPage
FNF:21
FNH:0
FNDA:0,(anonymous_4)
FNDA:0,(anonymous_5)
FNDA:0,(anonymous_6)
FNDA:0,(anonymous_7)
FNDA:0,(anonymous_8)
FNDA:0,(anonymous_9)
FNDA:0,(anonymous_10)
FNDA:0,(anonymous_11)
FNDA:0,(anonymous_12)
FNDA:0,(anonymous_13)
FNDA:0,UnifiedCustomersContent
FNDA:0,(anonymous_15)
FNDA:0,(anonymous_16)
FNDA:0,loadData
FNDA:0,(anonymous_18)
FNDA:0,(anonymous_19)
FNDA:0,(anonymous_20)
FNDA:0,(anonymous_21)
FNDA:0,(anonymous_22)
FNDA:0,CustomerOverview
FNDA:0,UnifiedCustomersPage
DA:3,0
DA:4,0
DA:5,0
DA:6,0
DA:7,0
DA:8,0
DA:9,0
DA:19,0
DA:22,0
DA:23,0
DA:24,0
DA:25,0
DA:26,0
DA:36,0
DA:82,0
DA:83,0
DA:84,0
DA:85,0
DA:86,0
DA:87,0
DA:88,0
DA:100,0
DA:101,0
DA:102,0
DA:103,0
DA:107,0
DA:109,0
DA:110,0
DA:111,0
DA:113,0
DA:114,0
DA:115,0
DA:116,0
DA:118,0
DA:121,0
DA:122,0
DA:127,0
DA:138,0
DA:141,0
DA:142,0
DA:144,0
DA:148,0
DA:152,0
DA:153,0
DA:156,0
DA:160,0
DA:161,0
DA:164,0
DA:165,0
DA:168,0
DA:169,0
DA:215,0
DA:253,0
DA:451,0
LF:54
LH:0
BRDA:87,0,0,0
BRDA:87,0,1,0
BRDA:114,1,0,0
BRDA:124,2,0,0
BRDA:124,2,1,0
BRDA:128,3,0,0
BRDA:128,3,1,0
BRDA:129,4,0,0
BRDA:129,4,1,0
BRDA:130,5,0,0
BRDA:130,5,1,0
BRDA:131,6,0,0
BRDA:131,6,1,0
BRDA:132,7,0,0
BRDA:132,7,1,0
BRDA:133,8,0,0
BRDA:133,8,1,0
BRDA:134,9,0,0
BRDA:134,9,1,0
BRDA:135,10,0,0
BRDA:135,10,1,0
BRDA:142,11,0,0
BRDA:142,11,1,0
BRDA:153,12,0,0
BRDA:153,12,1,0
BRDA:153,13,0,0
BRDA:153,13,1,0
BRDA:156,14,0,0
BRDA:160,15,0,0
BRDA:164,16,0,0
BRDA:310,17,0,0
BRDA:385,18,0,0
BRF:32
BRH:0
end_of_record
TN:
SF:app/dashboard/barber-layout.tsx
FN:54,BarberDashboardLayout
FN:63,(anonymous_8)
FN:73,(anonymous_9)
FNF:3
FNH:0
FNDA:0,BarberDashboardLayout
FNDA:0,(anonymous_8)
FNDA:0,(anonymous_9)
DA:3,0
DA:4,0
DA:5,0
DA:6,0
DA:54,0
DA:60,0
DA:63,0
DA:64,0
DA:73,0
DA:74,0
LF:10
LH:0
BRDA:24,0,0,0
BRDA:30,1,0,0
BRDA:36,2,0,0
BRDA:42,3,0,0
BRDA:48,4,0,0
BRDA:181,5,0,0
BRDA:210,6,0,0
BRDA:210,6,1,0
BRDA:211,7,0,0
BRDA:211,7,1,0
BRF:10
BRH:0
end_of_record
TN:
SF:app/dashboard/page.tsx
FN:80,DashboardContent
FN:92,(anonymous_13)
FN:93,fetchDashboardData
FN:232,(anonymous_15)
FN:237,(anonymous_16)
FN:245,(anonymous_17)
FN:248,(anonymous_18)
FN:252,(anonymous_19)
FN:257,(anonymous_20)
FN:266,(anonymous_21)
FN:294,(anonymous_22)
FN:331,(anonymous_23)
FN:360,(anonymous_24)
FN:404,(anonymous_25)
FN:414,(anonymous_26)
FN:423,(anonymous_27)
FN:447,(anonymous_28)
FN:476,(anonymous_29)
FN:498,(anonymous_30)
FN:525,(anonymous_31)
FN:546,(anonymous_32)
FN:554,(anonymous_33)
FN:562,(anonymous_34)
FN:574,(anonymous_35)
FN:595,(anonymous_36)
FN:619,DashboardPage
FNF:26
FNH:0
FNDA:0,DashboardContent
FNDA:0,(anonymous_13)
FNDA:0,fetchDashboardData
FNDA:0,(anonymous_15)
FNDA:0,(anonymous_16)
FNDA:0,(anonymous_17)
FNDA:0,(anonymous_18)
FNDA:0,(anonymous_19)
FNDA:0,(anonymous_20)
FNDA:0,(anonymous_21)
FNDA:0,(anonymous_22)
FNDA:0,(anonymous_23)
FNDA:0,(anonymous_24)
FNDA:0,(anonymous_25)
FNDA:0,(anonymous_26)
FNDA:0,(anonymous_27)
FNDA:0,(anonymous_28)
FNDA:0,(anonymous_29)
FNDA:0,(anonymous_30)
FNDA:0,(anonymous_31)
FNDA:0,(anonymous_32)
FNDA:0,(anonymous_33)
FNDA:0,(anonymous_34)
FNDA:0,(anonymous_35)
FNDA:0,(anonymous_36)
FNDA:0,DashboardPage
DA:3,0
DA:4,0
DA:5,0
DA:6,0
DA:8,0
DA:9,0
DA:12,0
DA:13,0
DA:14,0
DA:15,0
DA:16,0
DA:81,0
DA:82,0
DA:83,0
DA:84,0
DA:85,0
DA:86,0
DA:87,0
DA:88,0
DA:89,0
DA:90,0
DA:92,0
DA:94,0
DA:95,0
DA:97,0
DA:98,0
DA:99,0
DA:100,0
DA:101,0
DA:103,0
DA:113,0
DA:114,0
DA:115,0
DA:116,0
DA:117,0
DA:122,0
DA:132,0
DA:133,0
DA:149,0
DA:150,0
DA:151,0
DA:154,0
DA:155,0
DA:157,0
DA:158,0
DA:162,0
DA:164,0
DA:165,0
DA:167,0
DA:168,0
DA:172,0
DA:173,0
DA:175,0
DA:176,0
DA:180,0
DA:182,0
DA:183,0
DA:184,0
DA:186,0
DA:187,0
DA:190,0
DA:191,0
DA:196,0
DA:197,0
DA:199,0
DA:200,0
DA:203,0
DA:204,0
DA:206,0
DA:207,0
DA:212,0
DA:214,0
DA:215,0
DA:216,0
DA:218,0
DA:219,0
DA:220,0
DA:221,0
DA:224,0
DA:228,0
DA:230,0
DA:231,0
DA:232,0
DA:237,0
DA:239,0
DA:240,0
DA:242,0
DA:244,0
DA:245,0
DA:246,0
DA:248,0
DA:252,0
DA:253,0
DA:254,0
DA:257,0
DA:258,0
DA:259,0
DA:260,0
DA:261,0
DA:262,0
DA:266,0
DA:267,0
DA:268,0
DA:271,0
DA:282,0
DA:284,0
DA:287,0
DA:294,0
DA:331,0
DA:360,0
DA:404,0
DA:414,0
DA:423,0
DA:447,0
DA:476,0
DA:498,0
DA:525,0
DA:546,0
DA:554,0
DA:562,0
DA:574,0
DA:595,0
DA:619,0
LF:123
LH:0
BRDA:99,0,0,0
BRDA:113,1,0,0
BRDA:116,2,0,0
BRDA:132,3,0,0
BRDA:132,4,0,0
BRDA:132,4,1,0
BRDA:154,5,0,0
BRDA:154,5,1,0
BRDA:155,6,0,0
BRDA:155,6,1,0
BRDA:162,7,0,0
BRDA:162,8,0,0
BRDA:162,8,1,0
BRDA:164,9,0,0
BRDA:164,9,1,0
BRDA:172,10,0,0
BRDA:172,10,1,0
BRDA:184,11,0,0
BRDA:184,11,1,0
BRDA:190,12,0,0
BRDA:190,13,0,0
BRDA:190,13,1,0
BRDA:196,14,0,0
BRDA:196,14,1,0
BRDA:203,15,0,0
BRDA:203,15,1,0
BRDA:214,16,0,0
BRDA:214,17,0,0
BRDA:214,17,1,0
BRDA:230,18,0,0
BRDA:242,19,0,0
BRDA:242,20,0,0
BRDA:242,20,1,0
BRDA:242,20,2,0
BRDA:261,21,0,0
BRDA:271,22,0,0
BRDA:282,23,0,0
BRDA:282,24,0,0
BRDA:282,24,1,0
BRDA:282,24,2,0
BRDA:284,25,0,0
BRDA:284,25,1,0
BRDA:288,26,0,0
BRDA:288,26,1,0
BRDA:289,27,0,0
BRDA:289,27,1,0
BRDA:290,28,0,0
BRDA:290,28,1,0
BRDA:298,29,0,0
BRDA:298,29,1,0
BRDA:312,30,0,0
BRDA:312,30,1,0
BRDA:318,31,0,0
BRDA:343,32,0,0
BRDA:397,33,0,0
BRDA:397,33,1,0
BRDA:412,34,0,0
BRDA:412,34,1,0
BRDA:434,35,0,0
BRDA:459,36,0,0
BRDA:488,37,0,0
BRDA:492,38,0,0
BRDA:510,39,0,0
BRDA:532,40,0,0
BRDA:532,40,1,0
BRDA:532,41,0,0
BRDA:532,41,1,0
BRDA:535,42,0,0
BRDA:534,43,0,0
BRDA:534,43,1,0
BRDA:537,44,0,0
BRDA:538,45,0,0
BRDA:538,45,1,0
BRDA:539,46,0,0
BRDA:539,46,1,0
BRDA:540,47,0,0
BRDA:540,47,1,0
BRDA:587,48,0,0
BRF:78
BRH:0
end_of_record
TN:
SF:app/embed/page.tsx
FN:6,EmbedPage
FNF:1
FNH:0
FNDA:0,EmbedPage
DA:3,0
DA:4,0
DA:6,0
LF:3
LH:0
BRF:0
BRH:0
end_of_record
TN:
SF:app/enterprise/layout.tsx
FN:8,EnterpriseLayout
FNF:1
FNH:0
FNDA:0,EnterpriseLayout
DA:3,0
DA:8,0
LF:2
LH:0
BRF:0
BRH:0
end_of_record
TN:
SF:app/enterprise/dashboard/page.tsx
FN:62,formatCurrency
FN:71,formatPercentage
FN:75,EnterpriseDashboardPage
FN:86,(anonymous_12)
FN:87,loadData
FN:150,(anonymous_14)
FN:182,(anonymous_15)
FN:193,(anonymous_16)
FN:206,(anonymous_17)
FN:319,(anonymous_18)
FN:357,(anonymous_19)
FN:361,(anonymous_20)
FN:428,(anonymous_21)
FN:429,(anonymous_22)
FN:462,(anonymous_23)
FNF:15
FNH:0
FNDA:0,formatCurrency
FNDA:0,formatPercentage
FNDA:0,EnterpriseDashboardPage
FNDA:0,(anonymous_12)
FNDA:0,loadData
FNDA:0,(anonymous_14)
FNDA:0,(anonymous_15)
FNDA:0,(anonymous_16)
FNDA:0,(anonymous_17)
FNDA:0,(anonymous_18)
FNDA:0,(anonymous_19)
FNDA:0,(anonymous_20)
FNDA:0,(anonymous_21)
FNDA:0,(anonymous_22)
FNDA:0,(anonymous_23)
DA:3,0
DA:4,0
DA:5,0
DA:6,0
DA:7,0
DA:8,0
DA:9,0
DA:10,0
DA:63,0
DA:72,0
DA:75,0
DA:76,0
DA:77,0
DA:78,0
DA:79,0
DA:80,0
DA:81,0
DA:82,0
DA:84,0
DA:86,0
DA:88,0
DA:89,0
DA:90,0
DA:93,0
DA:94,0
DA:95,0
DA:96,0
DA:99,0
DA:102,0
DA:103,0
DA:104,0
DA:108,0
DA:109,0
DA:111,0
DA:113,0
DA:114,0
DA:116,0
DA:117,0
DA:119,0
DA:120,0
DA:122,0
DA:123,0
DA:127,0
DA:133,0
DA:135,0
DA:136,0
DA:138,0
DA:142,0
DA:145,0
DA:146,0
DA:149,0
DA:150,0
DA:153,0
DA:154,0
DA:157,0
DA:160,0
DA:161,0
DA:162,0
DA:182,0
DA:193,0
DA:207,0
DA:319,0
DA:358,0
DA:361,0
DA:429,0
DA:430,0
DA:432,0
DA:463,0
LF:68
LH:0
BRDA:94,0,0,0
BRDA:102,1,0,0
BRDA:102,2,0,0
BRDA:102,2,1,0
BRDA:111,3,0,0
BRDA:111,3,1,0
BRDA:111,3,2,0
BRDA:111,3,3,0
BRDA:130,4,0,0
BRDA:130,4,1,0
BRDA:136,5,0,0
BRDA:136,5,1,0
BRDA:145,6,0,0
BRDA:149,7,0,0
BRDA:153,8,0,0
BRDA:153,9,0,0
BRDA:153,9,1,0
BRDA:204,10,0,0
BRDA:209,11,0,0
BRDA:209,11,1,0
BRDA:209,12,0,0
BRDA:209,12,1,0
BRDA:216,13,0,0
BRDA:235,14,0,0
BRDA:280,15,0,0
BRDA:280,15,1,0
BRDA:299,16,0,0
BRDA:299,16,1,0
BRDA:380,17,0,0
BRDA:380,17,1,0
BRDA:382,18,0,0
BRDA:382,18,1,0
BRDA:401,19,0,0
BRDA:401,19,1,0
BRDA:406,20,0,0
BRDA:406,20,1,0
BRDA:466,21,0,0
BRDA:466,21,1,0
BRDA:466,22,0,0
BRDA:466,22,1,0
BRDA:466,23,0,0
BRDA:466,23,1,0
BRF:42
BRH:0
end_of_record
TN:
SF:app/export/page.tsx
FN:10,ExportContent
FN:15,(anonymous_3)
FN:16,fetchUserData
FN:36,(anonymous_5)
FN:65,(anonymous_6)
FN:68,(anonymous_7)
FN:190,ExportPage
FNF:7
FNH:0
FNDA:0,ExportContent
FNDA:0,(anonymous_3)
FNDA:0,fetchUserData
FNDA:0,(anonymous_5)
FNDA:0,(anonymous_6)
FNDA:0,(anonymous_7)
FNDA:0,ExportPage
DA:3,0
DA:4,0
DA:5,0
DA:6,0
DA:7,0
DA:8,0
DA:11,0
DA:12,0
DA:13,0
DA:15,0
DA:17,0
DA:18,0
DA:19,0
DA:22,0
DA:23,0
DA:24,0
DA:27,0
DA:29,0
DA:33,0
DA:36,0
DA:37,0
DA:38,0
DA:41,0
DA:49,0
DA:50,0
DA:65,0
DA:68,0
DA:190,0
LF:28
LH:0
BRDA:22,0,0,0
BRDA:22,1,0,0
BRDA:22,1,1,0
BRDA:41,2,0,0
BRDA:49,3,0,0
BRF:5
BRH:0
end_of_record
TN:
SF:app/finance/page.tsx
FN:106,FinanceHubPage
FN:119,(anonymous_5)
FN:120,loadData
FN:152,(anonymous_7)
FN:160,(anonymous_8)
FN:173,(anonymous_9)
FN:198,(anonymous_10)
FN:277,(anonymous_11)
FN:282,(anonymous_12)
FN:291,(anonymous_13)
FNF:10
FNH:0
FNDA:0,FinanceHubPage
FNDA:0,(anonymous_5)
FNDA:0,loadData
FNDA:0,(anonymous_7)
FNDA:0,(anonymous_8)
FNDA:0,(anonymous_9)
FNDA:0,(anonymous_10)
FNDA:0,(anonymous_11)
FNDA:0,(anonymous_12)
FNDA:0,(anonymous_13)
DA:3,0
DA:4,0
DA:5,0
DA:6,0
DA:7,0
DA:8,0
DA:18,0
DA:33,0
DA:106,0
DA:107,0
DA:108,0
DA:109,0
DA:110,0
DA:111,0
DA:112,0
DA:119,0
DA:121,0
DA:122,0
DA:123,0
DA:125,0
DA:126,0
DA:127,0
DA:128,0
DA:131,0
DA:137,0
DA:138,0
DA:140,0
DA:144,0
DA:147,0
DA:151,0
DA:152,0
DA:155,0
DA:156,0
DA:160,0
DA:161,0
DA:162,0
DA:173,0
DA:198,0
DA:278,0
DA:282,0
DA:292,0
LF:41
LH:0
BRDA:126,0,0,0
BRDA:138,1,0,0
BRDA:138,1,1,0
BRDA:147,2,0,0
BRDA:151,3,0,0
BRDA:155,4,0,0
BRDA:161,5,0,0
BRDA:162,6,0,0
BRDA:162,6,1,0
BRDA:289,7,0,0
BRF:10
BRH:0
end_of_record
TN:
SF:app/finance/transactions/page.tsx
FN:65,TransactionsPage
FN:83,(anonymous_2)
FN:92,(anonymous_3)
FN:93,loadData
FN:150,(anonymous_5)
FN:180,(anonymous_6)
FN:194,(anonymous_7)
FN:222,(anonymous_8)
FN:331,(anonymous_9)
FN:339,(anonymous_10)
FN:351,(anonymous_11)
FN:410,(anonymous_12)
FN:463,(anonymous_13)
FN:471,(anonymous_14)
FN:495,(anonymous_15)
FN:503,(anonymous_16)
FN:520,(anonymous_17)
FN:528,(anonymous_18)
FNF:18
FNH:0
FNDA:0,TransactionsPage
FNDA:0,(anonymous_2)
FNDA:0,(anonymous_3)
FNDA:0,loadData
FNDA:0,(anonymous_5)
FNDA:0,(anonymous_6)
FNDA:0,(anonymous_7)
FNDA:0,(anonymous_8)
FNDA:0,(anonymous_9)
FNDA:0,(anonymous_10)
FNDA:0,(anonymous_11)
FNDA:0,(anonymous_12)
FNDA:0,(anonymous_13)
FNDA:0,(anonymous_14)
FNDA:0,(anonymous_15)
FNDA:0,(anonymous_16)
FNDA:0,(anonymous_17)
FNDA:0,(anonymous_18)
DA:3,0
DA:4,0
DA:5,0
DA:6,0
DA:7,0
DA:21,0
DA:22,0
DA:23,0
DA:24,0
DA:25,0
DA:65,0
DA:66,0
DA:67,0
DA:68,0
DA:69,0
DA:70,0
DA:71,0
DA:74,0
DA:75,0
DA:76,0
DA:77,0
DA:78,0
DA:79,0
DA:80,0
DA:83,0
DA:84,0
DA:85,0
DA:86,0
DA:88,0
DA:89,0
DA:92,0
DA:94,0
DA:95,0
DA:98,0
DA:99,0
DA:100,0
DA:101,0
DA:103,0
DA:106,0
DA:113,0
DA:114,0
DA:117,0
DA:118,0
DA:119,0
DA:122,0
DA:130,0
DA:139,0
DA:141,0
DA:145,0
DA:146,0
DA:150,0
DA:151,0
DA:152,0
DA:158,0
DA:164,0
DA:165,0
DA:166,0
DA:167,0
DA:168,0
DA:169,0
DA:170,0
DA:171,0
DA:172,0
DA:173,0
DA:176,0
DA:180,0
DA:181,0
DA:182,0
DA:183,0
DA:191,0
DA:194,0
DA:195,0
DA:206,0
DA:210,0
DA:222,0
DA:331,0
DA:339,0
DA:351,0
DA:411,0
DA:463,0
DA:472,0
DA:495,0
DA:503,0
DA:520,0
DA:528,0
LF:85
LH:0
BRDA:99,0,0,0
BRDA:113,1,0,0
BRDA:118,2,0,0
BRDA:118,2,1,0
BRDA:119,3,0,0
BRDA:119,3,1,0
BRDA:145,4,0,0
BRDA:145,5,0,0
BRDA:145,5,1,0
BRDA:164,6,0,0
BRDA:181,7,0,0
BRDA:184,8,0,0
BRDA:184,8,1,0
BRDA:184,8,2,0
BRDA:184,8,3,0
BRDA:184,8,4,0
BRDA:195,9,0,0
BRDA:195,9,1,0
BRDA:210,10,0,0
BRDA:243,11,0,0
BRDA:424,12,0,0
BRDA:424,12,1,0
BRDA:429,13,0,0
BRDA:434,14,0,0
BRDA:445,15,0,0
BRDA:445,15,1,0
BRDA:446,16,0,0
BRDA:446,16,1,0
BRDA:447,17,0,0
BRDA:447,17,1,0
BRDA:455,18,0,0
BRDA:455,18,1,0
BRDA:469,19,0,0
BRDA:469,19,1,0
BRDA:491,20,0,0
BRF:35
BRH:0
end_of_record
TN:
SF:app/finance/unified/page.tsx
FN:23,(anonymous_4)
FN:23,(anonymous_5)
FN:24,(anonymous_6)
FN:24,(anonymous_7)
FN:25,(anonymous_8)
FN:25,(anonymous_9)
FN:26,(anonymous_10)
FN:26,(anonymous_11)
FN:27,(anonymous_12)
FN:27,(anonymous_13)
FN:28,(anonymous_14)
FN:28,(anonymous_15)
FN:90,UnifiedFinanceContent
FN:113,(anonymous_17)
FN:123,(anonymous_18)
FN:130,(anonymous_19)
FN:131,loadData
FN:179,(anonymous_21)
FN:188,(anonymous_22)
FN:195,(anonymous_23)
FN:248,(anonymous_24)
FN:283,(anonymous_25)
FN:305,FinancialOverview
FN:421,UnifiedFinancePage
FNF:24
FNH:0
FNDA:0,(anonymous_4)
FNDA:0,(anonymous_5)
FNDA:0,(anonymous_6)
FNDA:0,(anonymous_7)
FNDA:0,(anonymous_8)
FNDA:0,(anonymous_9)
FNDA:0,(anonymous_10)
FNDA:0,(anonymous_11)
FNDA:0,(anonymous_12)
FNDA:0,(anonymous_13)
FNDA:0,(anonymous_14)
FNDA:0,(anonymous_15)
FNDA:0,UnifiedFinanceContent
FNDA:0,(anonymous_17)
FNDA:0,(anonymous_18)
FNDA:0,(anonymous_19)
FNDA:0,loadData
FNDA:0,(anonymous_21)
FNDA:0,(anonymous_22)
FNDA:0,(anonymous_23)
FNDA:0,(anonymous_24)
FNDA:0,(anonymous_25)
FNDA:0,FinancialOverview
FNDA:0,UnifiedFinancePage
DA:3,0
DA:4,0
DA:5,0
DA:6,0
DA:7,0
DA:8,0
DA:9,0
DA:10,0
DA:20,0
DA:23,0
DA:24,0
DA:25,0
DA:26,0
DA:27,0
DA:28,0
DA:38,0
DA:91,0
DA:92,0
DA:93,0
DA:94,0
DA:95,0
DA:96,0
DA:97,0
DA:108,0
DA:109,0
DA:110,0
DA:113,0
DA:114,0
DA:115,0
DA:116,0
DA:118,0
DA:119,0
DA:123,0
DA:124,0
DA:125,0
DA:126,0
DA:130,0
DA:132,0
DA:133,0
DA:134,0
DA:136,0
DA:137,0
DA:138,0
DA:139,0
DA:141,0
DA:144,0
DA:145,0
DA:153,0
DA:163,0
DA:166,0
DA:167,0
DA:169,0
DA:173,0
DA:174,0
DA:179,0
DA:180,0
DA:183,0
DA:187,0
DA:188,0
DA:191,0
DA:192,0
DA:195,0
DA:196,0
DA:248,0
DA:284,0
DA:421,0
LF:66
LH:0
BRDA:96,0,0,0
BRDA:96,0,1,0
BRDA:137,1,0,0
BRDA:150,2,0,0
BRDA:150,2,1,0
BRDA:154,3,0,0
BRDA:154,3,1,0
BRDA:155,4,0,0
BRDA:155,4,1,0
BRDA:156,5,0,0
BRDA:156,5,1,0
BRDA:157,6,0,0
BRDA:157,6,1,0
BRDA:158,7,0,0
BRDA:158,7,1,0
BRDA:159,8,0,0
BRDA:159,8,1,0
BRDA:160,9,0,0
BRDA:160,9,1,0
BRDA:167,10,0,0
BRDA:167,10,1,0
BRDA:173,11,0,0
BRDA:173,12,0,0
BRDA:173,12,1,0
BRDA:180,13,0,0
BRDA:180,13,1,0
BRDA:180,14,0,0
BRDA:180,14,1,0
BRDA:183,15,0,0
BRDA:187,16,0,0
BRDA:191,17,0,0
BRDA:328,18,0,0
BRDA:390,19,0,0
BRF:33
BRH:0
end_of_record
TN:
SF:app/forgot-password/page.tsx
FN:7,ForgotPasswordPage
FN:13,(anonymous_3)
FN:85,(anonymous_4)
FNF:3
FNH:0
FNDA:0,ForgotPasswordPage
FNDA:0,(anonymous_3)
FNDA:0,(anonymous_4)
DA:3,0
DA:4,0
DA:5,0
DA:7,0
DA:8,0
DA:9,0
DA:10,0
DA:11,0
DA:13,0
DA:14,0
DA:15,0
DA:16,0
DA:18,0
DA:19,0
DA:20,0
DA:23,0
DA:25,0
DA:29,0
DA:85,0
LF:19
LH:0
BRDA:29,0,0,0
BRDA:68,1,0,0
BRDA:95,2,0,0
BRDA:95,2,1,0
BRDA:98,3,0,0
BRDA:98,3,1,0
BRF:6
BRH:0
end_of_record
TN:
SF:app/import/page.tsx
FN:10,ImportContent
FN:15,(anonymous_3)
FN:16,fetchUserData
FN:36,(anonymous_5)
FN:65,(anonymous_6)
FN:68,(anonymous_7)
FN:130,ImportPage
FNF:7
FNH:0
FNDA:0,ImportContent
FNDA:0,(anonymous_3)
FNDA:0,fetchUserData
FNDA:0,(anonymous_5)
FNDA:0,(anonymous_6)
FNDA:0,(anonymous_7)
FNDA:0,ImportPage
DA:3,0
DA:4,0
DA:5,0
DA:6,0
DA:7,0
DA:8,0
DA:11,0
DA:12,0
DA:13,0
DA:15,0
DA:17,0
DA:18,0
DA:19,0
DA:22,0
DA:23,0
DA:24,0
DA:27,0
DA:29,0
DA:33,0
DA:36,0
DA:37,0
DA:38,0
DA:41,0
DA:49,0
DA:50,0
DA:65,0
DA:68,0
DA:130,0
LF:28
LH:0
BRDA:22,0,0,0
BRDA:22,1,0,0
BRDA:22,1,1,0
BRDA:41,2,0,0
BRDA:49,3,0,0
BRF:5
BRH:0
end_of_record
TN:
SF:app/login/page.tsx
FN:18,LoginContent
FN:52,(anonymous_3)
FN:60,(anonymous_4)
FN:72,(anonymous_5)
FN:120,(anonymous_6)
FN:157,(anonymous_7)
FN:200,LoginPage
FNF:7
FNH:5
FNDA:15,LoginContent
FNDA:8,(anonymous_3)
FNDA:2,(anonymous_4)
FNDA:0,(anonymous_5)
FNDA:1,(anonymous_6)
FNDA:0,(anonymous_7)
FNDA:9,LoginPage
DA:3,1
DA:4,1
DA:5,1
DA:6,1
DA:8,1
DA:9,1
DA:10,1
DA:11,1
DA:12,1
DA:13,1
DA:14,1
DA:15,1
DA:16,1
DA:19,15
DA:20,15
DA:21,15
DA:22,14
DA:24,14
DA:35,14
DA:52,14
DA:53,8
DA:54,2
DA:55,6
DA:56,1
DA:60,14
DA:61,2
DA:64,2
DA:65,2
DA:66,2
DA:69,0
DA:70,0
DA:71,0
DA:72,0
DA:73,0
DA:75,0
DA:76,0
DA:79,0
DA:80,0
DA:81,0
DA:83,0
DA:84,0
DA:87,0
DA:90,0
DA:91,0
DA:92,0
DA:95,0
DA:99,0
DA:101,0
DA:120,1
DA:157,0
DA:200,8
LF:51
LH:31
BRDA:53,0,0,2
BRDA:53,0,1,6
BRDA:55,1,0,1
BRDA:65,2,0,2
BRDA:75,3,0,0
BRDA:75,3,1,0
BRDA:119,4,0,14
BRDA:123,5,0,14
BRDA:175,6,0,14
BRDA:175,6,1,12
BRF:10
BRH:8
end_of_record
TN:
SF:app/marketing/page.tsx
FN:41,MarketingDashboard
FN:46,(anonymous_6)
FN:48,(anonymous_7)
FN:109,(anonymous_8)
FN:132,(anonymous_9)
FN:147,(anonymous_10)
FN:194,(anonymous_11)
FN:231,(anonymous_12)
FNF:8
FNH:0
FNDA:0,MarketingDashboard
FNDA:0,(anonymous_6)
FNDA:0,(anonymous_7)
FNDA:0,(anonymous_8)
FNDA:0,(anonymous_9)
FNDA:0,(anonymous_10)
FNDA:0,(anonymous_11)
FNDA:0,(anonymous_12)
DA:3,0
DA:4,0
DA:5,0
DA:6,0
DA:20,0
DA:41,0
DA:42,0
DA:43,0
DA:44,0
DA:46,0
DA:48,0
DA:49,0
DA:80,0
DA:105,0
DA:109,0
DA:110,0
DA:117,0
DA:132,0
DA:133,0
DA:135,0
DA:137,0
DA:139,0
DA:143,0
DA:148,0
DA:195,0
DA:232,0
LF:26
LH:0
BRDA:133,0,0,0
BRDA:133,0,1,0
BRDA:133,0,2,0
BRDA:143,1,0,0
BRDA:201,2,0,0
BRDA:237,3,0,0
BRDA:240,4,0,0
BRDA:243,5,0,0
BRDA:250,6,0,0
BRF:9
BRH:0
end_of_record
TN:
SF:app/marketing/analytics/page.tsx
FN:42,MarketingAnalyticsPage
FN:50,(anonymous_6)
FN:52,(anonymous_7)
FN:128,(anonymous_8)
FN:149,(anonymous_9)
FN:154,(anonymous_10)
FN:166,(anonymous_11)
FN:171,(anonymous_12)
FN:183,(anonymous_13)
FN:218,(anonymous_14)
FN:231,(anonymous_15)
FN:376,(anonymous_16)
FN:378,(anonymous_17)
FN:410,(anonymous_18)
FN:422,(anonymous_19)
FN:426,(anonymous_20)
FNF:16
FNH:0
FNDA:0,MarketingAnalyticsPage
FNDA:0,(anonymous_6)
FNDA:0,(anonymous_7)
FNDA:0,(anonymous_8)
FNDA:0,(anonymous_9)
FNDA:0,(anonymous_10)
FNDA:0,(anonymous_11)
FNDA:0,(anonymous_12)
FNDA:0,(anonymous_13)
FNDA:0,(anonymous_14)
FNDA:0,(anonymous_15)
FNDA:0,(anonymous_16)
FNDA:0,(anonymous_17)
FNDA:0,(anonymous_18)
FNDA:0,(anonymous_19)
FNDA:0,(anonymous_20)
DA:3,0
DA:4,0
DA:5,0
DA:15,0
DA:16,0
DA:42,0
DA:43,0
DA:44,0
DA:45,0
DA:46,0
DA:47,0
DA:48,0
DA:50,0
DA:52,0
DA:53,0
DA:125,0
DA:128,0
DA:136,0
DA:145,0
DA:149,0
DA:150,0
DA:151,0
DA:154,0
DA:155,0
DA:156,0
DA:157,0
DA:158,0
DA:161,0
DA:162,0
DA:163,0
DA:166,0
DA:167,0
DA:168,0
DA:171,0
DA:172,0
DA:173,0
DA:174,0
DA:179,0
DA:184,0
DA:218,0
DA:231,0
DA:377,0
DA:378,0
DA:380,0
DA:411,0
DA:412,0
DA:413,0
DA:414,0
DA:416,0
DA:423,0
DA:424,0
DA:426,0
LF:52
LH:0
BRDA:133,0,0,0
BRDA:133,0,1,0
BRDA:150,1,0,0
BRDA:154,2,0,0
BRDA:155,3,0,0
BRDA:156,4,0,0
BRDA:157,5,0,0
BRDA:161,6,0,0
BRDA:162,7,0,0
BRDA:167,8,0,0
BRDA:172,9,0,0
BRDA:179,10,0,0
BRDA:239,11,0,0
BRDA:254,12,0,0
BRDA:377,13,0,0
BRDA:377,13,1,0
BRDA:413,14,0,0
BRDA:413,14,1,0
BRDA:423,15,0,0
BRDA:423,15,1,0
BRDA:461,16,0,0
BRDA:483,17,0,0
BRF:22
BRH:0
end_of_record
TN:
SF:app/marketing/billing/page.tsx
FN:50,MarketingBillingPage
FN:57,(anonymous_5)
FN:59,(anonymous_6)
FN:166,(anonymous_7)
FN:170,(anonymous_8)
FN:180,(anonymous_9)
FN:221,(anonymous_10)
FN:375,(anonymous_11)
FN:450,(anonymous_12)
FN:467,(anonymous_13)
FN:477,(anonymous_14)
FN:499,(anonymous_15)
FN:509,(anonymous_16)
FNF:13
FNH:0
FNDA:0,MarketingBillingPage
FNDA:0,(anonymous_5)
FNDA:0,(anonymous_6)
FNDA:0,(anonymous_7)
FNDA:0,(anonymous_8)
FNDA:0,(anonymous_9)
FNDA:0,(anonymous_10)
FNDA:0,(anonymous_11)
FNDA:0,(anonymous_12)
FNDA:0,(anonymous_13)
FNDA:0,(anonymous_14)
FNDA:0,(anonymous_15)
FNDA:0,(anonymous_16)
DA:3,0
DA:4,0
DA:5,0
DA:16,0
DA:50,0
DA:51,0
DA:52,0
DA:53,0
DA:54,0
DA:55,0
DA:57,0
DA:59,0
DA:60,0
DA:73,0
DA:116,0
DA:162,0
DA:166,0
DA:167,0
DA:170,0
DA:171,0
DA:172,0
DA:173,0
DA:176,0
DA:181,0
DA:221,0
DA:376,0
DA:450,0
DA:467,0
DA:478,0
DA:500,0
DA:509,0
LF:31
LH:0
BRDA:171,0,0,0
BRDA:172,1,0,0
BRDA:176,2,0,0
BRDA:209,3,0,0
BRDA:231,4,0,0
BRDA:241,5,0,0
BRDA:288,6,0,0
BRDA:385,7,0,0
BRDA:385,7,1,0
BRDA:389,8,0,0
BRDA:461,9,0,0
BRDA:480,10,0,0
BRDA:480,10,1,0
BRDA:483,11,0,0
BRDA:508,12,0,0
BRDA:508,12,1,0
BRDA:511,13,0,0
BRDA:511,13,1,0
BRF:18
BRH:0
end_of_record
TN:
SF:app/marketing/booking-links/page.tsx
FN:52,BookingLinksPage
FN:63,(anonymous_2)
FN:67,(anonymous_3)
FN:151,(anonymous_4)
FN:159,(anonymous_5)
FN:168,(anonymous_6)
FN:186,(anonymous_7)
FN:190,(anonymous_8)
FN:194,(anonymous_9)
FN:203,(anonymous_10)
FN:214,(anonymous_11)
FN:231,(anonymous_12)
FN:257,(anonymous_13)
FN:271,(anonymous_14)
FN:285,(anonymous_15)
FN:296,(anonymous_16)
FN:322,(anonymous_17)
FN:358,(anonymous_18)
FN:365,(anonymous_19)
FN:401,(anonymous_20)
FN:413,(anonymous_21)
FN:417,(anonymous_22)
FN:429,(anonymous_23)
FN:433,(anonymous_24)
FN:446,(anonymous_25)
FN:450,(anonymous_26)
FN:465,(anonymous_27)
FN:482,(anonymous_28)
FN:495,(anonymous_29)
FN:505,(anonymous_30)
FNF:30
FNH:0
FNDA:0,BookingLinksPage
FNDA:0,(anonymous_2)
FNDA:0,(anonymous_3)
FNDA:0,(anonymous_4)
FNDA:0,(anonymous_5)
FNDA:0,(anonymous_6)
FNDA:0,(anonymous_7)
FNDA:0,(anonymous_8)
FNDA:0,(anonymous_9)
FNDA:0,(anonymous_10)
FNDA:0,(anonymous_11)
FNDA:0,(anonymous_12)
FNDA:0,(anonymous_13)
FNDA:0,(anonymous_14)
FNDA:0,(anonymous_15)
FNDA:0,(anonymous_16)
FNDA:0,(anonymous_17)
FNDA:0,(anonymous_18)
FNDA:0,(anonymous_19)
FNDA:0,(anonymous_20)
FNDA:0,(anonymous_21)
FNDA:0,(anonymous_22)
FNDA:0,(anonymous_23)
FNDA:0,(anonymous_24)
FNDA:0,(anonymous_25)
FNDA:0,(anonymous_26)
FNDA:0,(anonymous_27)
FNDA:0,(anonymous_28)
FNDA:0,(anonymous_29)
FNDA:0,(anonymous_30)
DA:3,0
DA:4,0
DA:5,0
DA:7,0
DA:20,0
DA:52,0
DA:53,0
DA:54,0
DA:55,0
DA:56,0
DA:57,0
DA:58,0
DA:59,0
DA:63,0
DA:64,0
DA:67,0
DA:68,0
DA:70,0
DA:123,0
DA:129,0
DA:135,0
DA:140,0
DA:141,0
DA:147,0
DA:151,0
DA:152,0
DA:153,0
DA:159,0
DA:161,0
DA:162,0
DA:163,0
DA:164,0
DA:165,0
DA:168,0
DA:169,0
DA:171,0
DA:175,0
DA:176,0
DA:178,0
DA:186,0
DA:188,0
DA:189,0
DA:190,0
DA:191,0
DA:193,0
DA:194,0
DA:195,0
DA:197,0
DA:198,0
DA:200,0
DA:203,0
DA:204,0
DA:207,0
DA:215,0
DA:231,0
DA:257,0
DA:271,0
DA:285,0
DA:297,0
DA:322,0
DA:358,0
DA:365,0
DA:401,0
DA:413,0
DA:418,0
DA:429,0
DA:434,0
DA:446,0
DA:451,0
DA:465,0
DA:482,0
DA:495,0
DA:505,0
LF:73
LH:0
BRDA:189,0,0,0
BRDA:193,1,0,0
BRDA:197,2,0,0
BRDA:207,3,0,0
BRDA:302,4,0,0
BRDA:311,5,0,0
BRDA:347,6,0,0
BRDA:377,7,0,0
BRDA:388,8,0,0
BRDA:412,9,0,0
BRDA:412,9,1,0
BRDA:428,10,0,0
BRDA:428,10,1,0
BRDA:439,11,0,0
BRDA:445,12,0,0
BRDA:445,12,1,0
BRDA:464,13,0,0
BRDA:464,13,1,0
BRDA:481,14,0,0
BRDA:481,14,1,0
BRDA:494,15,0,0
BRDA:494,15,1,0
BRF:22
BRH:0
end_of_record
TN:
SF:app/marketing/campaigns/page.tsx
FN:35,CampaignsPage
FN:43,(anonymous_5)
FN:45,(anonymous_6)
FN:101,(anonymous_7)
FN:124,(anonymous_8)
FN:143,(anonymous_9)
FN:157,(anonymous_10)
FN:175,(anonymous_11)
FN:192,(anonymous_12)
FN:202,(anonymous_13)
FN:213,(anonymous_14)
FN:238,(anonymous_15)
FN:246,(anonymous_16)
FN:254,(anonymous_17)
FN:267,(anonymous_18)
FN:274,(anonymous_19)
FN:351,(anonymous_20)
FN:354,(anonymous_21)
FNF:18
FNH:0
FNDA:0,CampaignsPage
FNDA:0,(anonymous_5)
FNDA:0,(anonymous_6)
FNDA:0,(anonymous_7)
FNDA:0,(anonymous_8)
FNDA:0,(anonymous_9)
FNDA:0,(anonymous_10)
FNDA:0,(anonymous_11)
FNDA:0,(anonymous_12)
FNDA:0,(anonymous_13)
FNDA:0,(anonymous_14)
FNDA:0,(anonymous_15)
FNDA:0,(anonymous_16)
FNDA:0,(anonymous_17)
FNDA:0,(anonymous_18)
FNDA:0,(anonymous_19)
FNDA:0,(anonymous_20)
FNDA:0,(anonymous_21)
DA:3,0
DA:4,0
DA:5,0
DA:19,0
DA:35,0
DA:36,0
DA:37,0
DA:38,0
DA:39,0
[...]
BRDA:26,0,0,0
BRDA:27,1,0,0
BRDA:28,2,0,0
BRDA:29,3,0,0
BRDA:30,4,0,0
BRDA:38,5,0,0
BRDA:39,6,0,0
BRDA:39,6,1,0
BRDA:44,7,0,0
BRDA:49,8,0,0
BRDA:57,9,0,0
BRDA:57,9,1,0
BRDA:66,10,0,0
BRDA:69,11,0,0
BRDA:69,11,1,0
BRDA:87,12,0,0
BRDA:87,12,1,0
BRDA:95,13,0,0
BRDA:95,13,1,0
BRDA:99,14,0,0
BRDA:99,14,1,0
BRDA:108,15,0,0
BRDA:108,16,0,0
BRDA:108,16,1,0
BRDA:113,17,0,0
BRDA:113,17,1,0
BRDA:119,18,0,0
BRDA:131,19,0,0
BRDA:154,20,0,0
BRDA:162,21,0,0
BRF:30
BRH:0
end_of_record
TN:
SF:lib/timezone.ts
FN:6,getUserTimezone
FN:13,getTimezoneAbbreviation
FN:26,formatDateForAPI
FN:36,parseAPIDate
FN:45,formatTimeWithTimezone
FN:63,getTimezoneDisplayName
FN:75,(anonymous_26)
FN:89,isToday
FN:99,isTomorrow
FN:110,getFriendlyDateLabel
FN:127,createDateTimeFromAPI
FN:136,formatDateTimeWithTimezone
FN:154,detectBrowserTimezone
FN:161,isValidTimezone
FN:173,formatDateInTimezone
FN:196,(anonymous_35)
FN:213,convertTimezone
FN:253,formatWithTimezone
FN:283,getCurrentTimeInTimezone
FN:313,localToUTC
FN:345,utcToLocal
FNF:21
FNH:6
FNDA:13,getUserTimezone
FNDA:0,getTimezoneAbbreviation
FNDA:0,formatDateForAPI
FNDA:0,parseAPIDate
FNDA:4,formatTimeWithTimezone
FNDA:0,getTimezoneDisplayName
FNDA:0,(anonymous_26)
FNDA:0,isToday
FNDA:0,isTomorrow
FNDA:0,getFriendlyDateLabel
FNDA:0,createDateTimeFromAPI
FNDA:0,formatDateTimeWithTimezone
FNDA:10,detectBrowserTimezone
FNDA:7,isValidTimezone
FNDA:0,formatDateInTimezone
FNDA:0,(anonymous_35)
FNDA:0,convertTimezone
FNDA:0,formatWithTimezone
FNDA:0,getCurrentTimeInTimezone
FNDA:1,localToUTC
FNDA:1,utcToLocal
DA:6,13
DA:7,13
DA:13,0
DA:14,0
DA:18,0
DA:19,0
DA:26,0
DA:27,0
DA:28,0
DA:29,0
DA:30,0
DA:36,0
DA:37,0
DA:39,0
DA:45,4
DA:46,4
DA:47,4
DA:48,4
DA:49,4
DA:50,4
DA:52,4
DA:53,0
DA:54,0
DA:57,4
DA:63,0
DA:64,0
DA:65,0
DA:66,0
DA:69,0
DA:70,0
DA:74,0
DA:75,0
DA:77,0
DA:78,0
DA:80,0
DA:82,0
DA:89,0
DA:90,0
DA:91,0
DA:99,0
DA:100,0
DA:101,0
DA:102,0
DA:110,0
DA:111,0
DA:112,0
DA:114,0
DA:115,0
DA:117,0
DA:127,0
DA:128,0
DA:129,0
DA:130,0
DA:136,0
DA:137,0
DA:143,0
DA:148,0
DA:154,10
DA:155,10
DA:161,7
DA:162,7
DA:163,7
DA:164,0
DA:166,7
DA:173,0
DA:178,0
DA:181,0
DA:192,0
DA:193,0
DA:195,0
DA:196,0
DA:197,0
DA:201,0
DA:213,0
DA:218,0
DA:221,0
DA:233,0
DA:234,0
DA:235,0
DA:238,0
DA:247,0
DA:253,0
DA:258,0
DA:260,0
DA:261,0
DA:271,0
DA:283,0
DA:284,0
DA:285,0
DA:296,0
DA:297,0
DA:298,0
DA:300,0
DA:313,1
DA:314,1
DA:317,1
DA:328,1
DA:339,1
DA:345,1
DA:346,1
DA:349,1
DA:360,1
DA:361,1
DA:362,1
DA:364,1
LF:105
LH:28
BRDA:7,0,0,13
BRDA:7,0,1,0
BRDA:13,1,0,0
BRDA:19,2,0,0
BRDA:19,2,1,0
BRDA:45,3,0,0
BRDA:48,4,0,2
BRDA:48,4,1,2
BRDA:49,5,0,1
BRDA:49,5,1,3
BRDA:49,6,0,1
BRDA:49,6,1,2
BRDA:52,7,0,0
BRDA:77,8,0,0
BRDA:77,9,0,0
BRDA:77,9,1,0
BRDA:80,10,0,0
BRDA:80,10,1,0
BRDA:82,11,0,0
BRDA:82,11,1,0
BRDA:91,12,0,0
BRDA:91,12,1,0
BRDA:91,12,2,0
BRDA:102,13,0,0
BRDA:102,13,1,0
BRDA:102,13,2,0
BRDA:111,14,0,0
BRDA:114,15,0,0
BRDA:155,16,0,10
BRDA:155,16,1,0
BRDA:178,17,0,0
BRDA:178,17,1,0
BRDA:202,18,0,0
BRDA:202,18,1,0
BRDA:203,19,0,0
BRDA:203,19,1,0
BRDA:204,20,0,0
BRDA:204,20,1,0
BRDA:205,21,0,0
BRDA:205,21,1,0
BRDA:206,22,0,0
BRDA:206,22,1,0
BRDA:207,23,0,0
BRDA:207,23,1,0
BRDA:218,24,0,0
BRDA:218,24,1,0
BRDA:256,25,0,0
BRDA:258,26,0,0
BRDA:258,26,1,0
BRDA:260,27,0,0
BRDA:260,27,1,0
BRDA:314,28,0,0
BRDA:314,28,1,1
BRDA:346,29,0,0
BRDA:346,29,1,1
BRF:55
BRH:10
end_of_record
TN:
SF:lib/timezoneConstants.ts
FN:202,(anonymous_11)
FN:203,(anonymous_12)
FN:204,(anonymous_13)
FN:205,(anonymous_14)
FN:206,(anonymous_15)
FN:231,getTimezoneByAbbrev
FN:237,getTimezoneOption
FN:238,(anonymous_18)
FN:242,searchTimezones
FN:245,(anonymous_20)
FNF:10
FNH:0
FNDA:0,(anonymous_11)
FNDA:0,(anonymous_12)
FNDA:0,(anonymous_13)
FNDA:0,(anonymous_14)
FNDA:0,(anonymous_15)
FNDA:0,getTimezoneByAbbrev
FNDA:0,getTimezoneOption
FNDA:0,(anonymous_18)
FNDA:0,searchTimezones
FNDA:0,(anonymous_20)
DA:14,0
DA:67,0
DA:194,0
DA:200,0
DA:202,0
DA:203,0
DA:204,0
DA:205,0
DA:206,0
DA:210,0
DA:231,0
DA:232,0
DA:233,0
DA:237,0
DA:238,0
DA:242,0
DA:243,0
DA:244,0
DA:246,0
DA:253,0
DA:262,0
LF:21
LH:0
BRDA:233,0,0,0
BRDA:233,0,1,0
BRDA:246,1,0,0
BRDA:246,1,1,0
BRDA:246,1,2,0
BRF:5
BRH:0
end_of_record
TN:
SF:lib/touch-utils.ts
FN:38,(anonymous_4)
FN:48,(anonymous_5)
FN:63,(anonymous_6)
FN:81,(anonymous_7)
FN:112,(anonymous_8)
FN:134,(anonymous_9)
FN:142,(anonymous_10)
FN:158,(anonymous_11)
FN:180,(anonymous_12)
FN:204,(anonymous_13)
FN:214,(anonymous_14)
FN:233,(anonymous_15)
FN:253,(anonymous_16)
FN:260,(anonymous_17)
FN:271,useTouchDrag
FN:278,(anonymous_20)
FNF:16
FNH:9
FNDA:8,(anonymous_4)
FNDA:3,(anonymous_5)
FNDA:1,(anonymous_6)
FNDA:2,(anonymous_7)
FNDA:0,(anonymous_8)
FNDA:1,(anonymous_9)
FNDA:1,(anonymous_10)
FNDA:0,(anonymous_11)
FNDA:0,(anonymous_12)
FNDA:0,(anonymous_13)
FNDA:1,(anonymous_14)
FNDA:0,(anonymous_15)
FNDA:2,(anonymous_16)
FNDA:1,(anonymous_17)
FNDA:0,useTouchDrag
FNDA:0,(anonymous_20)
DA:21,13
DA:22,12
DA:32,12
DA:33,12
DA:48,8
DA:49,3
DA:51,2
DA:52,2
DA:59,2
DA:60,2
DA:63,2
DA:64,1
DA:65,1
DA:66,1
DA:67,1
DA:70,0
DA:71,0
DA:78,2
DA:81,8
DA:82,2
DA:84,1
DA:85,1
DA:92,1
DA:95,1
DA:96,1
DA:97,1
DA:99,1
DA:100,1
DA:101,1
DA:105,1
DA:106,0
DA:107,0
DA:108,0
DA:112,8
DA:113,0
DA:114,0
DA:115,0
DA:118,0
DA:119,0
DA:120,0
DA:121,0
DA:124,0
DA:128,8
DA:129,8
DA:130,8
DA:131,8
DA:134,8
DA:135,1
DA:136,1
DA:137,1
DA:138,1
DA:143,1
DA:144,1
DA:147,1
DA:150,0
DA:151,0
DA:152,0
DA:155,0
DA:159,0
DA:162,0
DA:163,0
DA:166,0
DA:167,0
DA:170,0
DA:171,0
DA:172,0
DA:174,0
DA:175,0
DA:181,0
DA:184,0
DA:185,0
DA:186,0
DA:187,0
DA:190,0
DA:191,0
DA:195,0
DA:196,0
DA:197,0
DA:201,0
DA:205,0
DA:215,1
DA:216,0
DA:217,0
DA:218,0
DA:219,0
DA:220,0
DA:221,0
DA:222,0
DA:223,0
DA:224,0
DA:225,0
DA:226,0
DA:227,0
DA:229,0
DA:230,0
DA:235,0
DA:236,0
DA:237,0
DA:240,0
DA:243,0
DA:244,0
DA:247,0
DA:254,2
DA:261,1
DA:266,1
DA:271,0
DA:278,0
DA:279,0
DA:281,0
LF:109
LH:45
BRDA:49,0,0,1
BRDA:49,1,0,3
BRDA:49,1,1,1
BRDA:64,2,0,1
BRDA:64,3,0,1
BRDA:64,3,1,1
BRDA:65,4,0,1
BRDA:65,4,1,0
BRDA:66,5,0,1
BRDA:70,6,0,0
BRDA:82,7,0,1
BRDA:99,8,0,1
BRDA:99,9,0,1
BRDA:99,9,1,1
BRDA:105,10,0,0
BRDA:113,11,0,0
BRDA:118,12,0,0
BRDA:159,13,0,0
BRDA:159,14,0,0
BRDA:159,14,1,0
BRDA:167,15,0,0
BRDA:167,15,1,0
BRDA:170,16,0,0
BRDA:171,17,0,0
BRDA:174,18,0,0
BRDA:181,19,0,0
BRDA:184,20,0,0
BRDA:190,21,0,0
BRDA:195,22,0,0
BRDA:236,23,0,0
BRDA:243,24,0,0
BRDA:243,25,0,0
BRDA:243,25,1,0
BRDA:254,26,0,2
BRDA:254,26,1,0
BRDA:279,27,0,0
BRDA:279,28,0,0
BRDA:279,28,1,0
BRF:38
BRH:13
end_of_record
TN:
SF:lib/useAsyncOperation.ts
FN:19,useAsyncOperation
FN:26,(anonymous_2)
FN:27,(anonymous_3)
FN:30,(anonymous_4)
FN:31,(anonymous_5)
FN:34,(anonymous_6)
FN:35,(anonymous_7)
FN:38,(anonymous_8)
FN:42,(anonymous_9)
FNF:9
FNH:1
FNDA:14,useAsyncOperation
FNDA:0,(anonymous_2)
FNDA:0,(anonymous_3)
FNDA:0,(anonymous_4)
FNDA:0,(anonymous_5)
FNDA:0,(anonymous_6)
FNDA:0,(anonymous_7)
FNDA:0,(anonymous_8)
FNDA:0,(anonymous_9)
DA:3,1
DA:19,14
DA:20,14
DA:26,14
DA:27,0
DA:30,14
DA:31,0
DA:34,14
DA:35,0
DA:38,14
DA:39,0
DA:42,14
DA:43,0
DA:44,0
DA:46,0
DA:47,0
DA:48,0
DA:49,0
DA:51,0
DA:52,0
DA:53,0
DA:55,0
DA:59,14
DA:67,14
LF:24
LH:10
BRDA:19,0,0,14
BRDA:51,1,0,0
BRDA:51,1,1,0
BRF:3
BRH:1
end_of_record
TN:
SF:lib/useTimezone.tsx
FN:22,TimezoneProvider
FN:28,(anonymous_9)
FN:32,(anonymous_10)
FN:63,(anonymous_11)
FN:88,(anonymous_12)
FN:108,useTimezone
FN:117,useTimezoneUtils
FN:123,(anonymous_15)
FN:127,(anonymous_16)
FN:131,(anonymous_17)
FN:135,(anonymous_18)
FN:139,(anonymous_19)
FN:143,(anonymous_20)
FN:151,useLocalTimezone
FN:154,(anonymous_22)
FNF:15
FNH:5
FNDA:8,TimezoneProvider
FNDA:4,(anonymous_9)
FNDA:4,(anonymous_10)
FNDA:0,(anonymous_11)
FNDA:1,(anonymous_12)
FNDA:8,useTimezone
FNDA:0,useTimezoneUtils
FNDA:0,(anonymous_15)
FNDA:0,(anonymous_16)
FNDA:0,(anonymous_17)
FNDA:0,(anonymous_18)
FNDA:0,(anonymous_19)
FNDA:0,(anonymous_20)
FNDA:0,useLocalTimezone
FNDA:0,(anonymous_22)
DA:3,1
DA:4,1
DA:5,1
DA:15,1
DA:22,4
DA:23,8
DA:24,8
DA:25,8
DA:28,8
DA:29,4
DA:32,8
DA:33,4
DA:34,4
DA:35,4
DA:38,4
DA:40,3
DA:41,0
DA:44,3
DA:45,0
DA:46,0
DA:48,0
DA:53,4
DA:54,0
DA:55,0
DA:57,0
DA:59,4
DA:63,8
DA:64,0
DA:65,0
DA:68,0
DA:69,0
DA:70,0
DA:73,0
DA:76,0
DA:79,0
DA:81,0
DA:82,0
DA:84,0
DA:88,8
DA:89,1
DA:90,0
DA:91,0
DA:93,0
DA:97,8
DA:108,8
DA:109,8
DA:110,8
DA:111,0
DA:113,8
DA:117,0
DA:118,0
DA:120,0
DA:124,0
DA:125,0
DA:128,0
DA:129,0
DA:132,0
DA:133,0
DA:136,0
DA:137,0
DA:140,0
DA:141,0
DA:144,0
DA:145,0
DA:151,0
DA:152,0
DA:154,0
DA:156,0
DA:157,0
DA:158,0
DA:161,0
DA:162,0
DA:163,0
DA:164,0
DA:169,0
LF:75
LH:27
BRDA:22,0,0,8
BRDA:40,1,0,0
BRDA:40,1,1,3
BRDA:40,2,0,3
BRDA:40,2,1,3
BRDA:45,3,0,0
BRDA:54,4,0,0
BRDA:64,5,0,0
BRDA:90,6,0,0
BRDA:90,6,1,0
BRDA:110,7,0,0
BRDA:125,8,0,0
BRDA:125,8,1,0
BRDA:129,9,0,0
BRDA:129,9,1,0
BRDA:133,10,0,0
BRDA:133,10,1,0
BRDA:137,11,0,0
BRDA:137,11,1,0
BRDA:151,12,0,0
BRDA:157,13,0,0
BRDA:157,13,1,0
BRDA:157,14,0,0
BRDA:157,14,1,0
BRDA:162,15,0,0
BRF:25
BRH:4
end_of_record
TN:
SF:lib/utils.ts
FN:8,cn
FN:19,(anonymous_16)
FN:51,(anonymous_17)
FN:65,(anonymous_18)
FN:78,(anonymous_19)
FN:96,(anonymous_20)
FN:110,(anonymous_21)
FN:123,(anonymous_22)
FN:141,(anonymous_23)
FN:166,(anonymous_24)
FN:190,(anonymous_25)
FN:220,(anonymous_26)
FN:227,(anonymous_27)
FN:234,(anonymous_28)
FN:246,(anonymous_29)
FN:253,(anonymous_30)
FN:265,(anonymous_31)
FN:277,(anonymous_32)
FN:288,(anonymous_33)
FN:300,(anonymous_34)
FN:319,(anonymous_35)
FN:332,(anonymous_36)
FN:340,(anonymous_37)
FN:349,(anonymous_38)
FN:359,(anonymous_39)
FN:376,(anonymous_40)
FN:389,(anonymous_41)
FN:403,(anonymous_42)
FN:422,(anonymous_43)
FN:432,(anonymous_44)
FNF:30
FNH:1
FNDA:322,cn
FNDA:0,(anonymous_16)
FNDA:0,(anonymous_17)
FNDA:0,(anonymous_18)
FNDA:0,(anonymous_19)
FNDA:0,(anonymous_20)
FNDA:0,(anonymous_21)
FNDA:0,(anonymous_22)
FNDA:0,(anonymous_23)
FNDA:0,(anonymous_24)
FNDA:0,(anonymous_25)
FNDA:0,(anonymous_26)
FNDA:0,(anonymous_27)
FNDA:0,(anonymous_28)
FNDA:0,(anonymous_29)
FNDA:0,(anonymous_30)
FNDA:0,(anonymous_31)
FNDA:0,(anonymous_32)
FNDA:0,(anonymous_33)
FNDA:0,(anonymous_34)
FNDA:0,(anonymous_35)
FNDA:0,(anonymous_36)
FNDA:0,(anonymous_37)
FNDA:0,(anonymous_38)
FNDA:0,(anonymous_39)
FNDA:0,(anonymous_40)
FNDA:0,(anonymous_41)
FNDA:0,(anonymous_42)
FNDA:0,(anonymous_43)
FNDA:0,(anonymous_44)
DA:1,3
DA:2,3
DA:8,322
DA:9,322
DA:15,3
DA:20,0
DA:22,0
DA:24,0
DA:31,0
DA:39,0
DA:52,0
DA:59,0
DA:66,0
DA:72,0
DA:79,0
DA:85,0
DA:92,3
DA:97,0
DA:104,0
DA:111,0
DA:117,0
DA:124,0
DA:130,0
DA:137,3
DA:145,0
DA:147,0
DA:153,0
DA:160,0
DA:170,0
DA:172,0
DA:178,0
DA:184,0
DA:194,0
DA:196,0
DA:202,0
DA:209,0
DA:216,3
DA:221,0
DA:228,0
DA:235,0
DA:242,3
DA:247,0
DA:254,0
DA:259,0
DA:266,0
DA:273,3
DA:278,0
DA:289,0
DA:290,0
DA:291,0
DA:292,0
DA:294,0
DA:301,0
DA:302,0
DA:303,0
DA:304,0
DA:305,0
DA:306,0
DA:308,0
DA:309,0
DA:310,0
DA:311,0
DA:313,0
DA:320,0
DA:321,0
DA:328,3
DA:333,0
DA:334,0
DA:341,0
DA:342,0
DA:343,0
DA:350,0
DA:351,0
DA:359,0
DA:360,0
DA:363,0
DA:364,0
DA:365,0
DA:372,3
DA:377,0
DA:378,0
DA:379,0
DA:381,0
DA:382,0
DA:390,0
DA:391,0
DA:392,0
DA:393,0
DA:395,0
DA:396,0
DA:404,0
DA:405,0
DA:406,0
DA:407,0
DA:409,0
DA:410,0
DA:418,3
DA:423,0
DA:424,0
DA:425,0
DA:433,0
DA:434,0
DA:435,0
DA:437,0
DA:438,0
DA:441,0
DA:446,3
DA:447,3
DA:448,3
DA:449,3
LF:110
LH:17
BRDA:19,0,0,0
BRDA:22,1,0,0
BRDA:22,1,1,0
BRDA:22,1,2,0
BRDA:26,2,0,0
BRDA:26,2,1,0
BRDA:34,3,0,0
BRDA:34,3,1,0
BRDA:41,4,0,0
BRDA:41,4,1,0
BRDA:51,5,0,0
BRDA:65,6,0,0
BRDA:78,7,0,0
BRDA:96,8,0,0
BRDA:110,9,0,0
BRDA:123,10,0,0
BRDA:142,11,0,0
BRDA:143,12,0,0
BRDA:167,13,0,0
BRDA:168,14,0,0
BRDA:191,15,0,0
BRDA:192,16,0,0
BRDA:253,17,0,0
BRDA:277,18,0,0
BRDA:277,19,0,0
BRDA:291,20,0,0
BRDA:308,21,0,0
BRDA:309,22,0,0
BRDA:310,23,0,0
BRDA:311,24,0,0
BRDA:320,25,0,0
BRDA:343,26,0,0
BRDA:343,26,1,0
BRDA:360,27,0,0
BRDA:363,28,0,0
BRDA:364,29,0,0
BRDA:376,30,0,0
BRDA:378,31,0,0
BRDA:379,32,0,0
BRDA:379,32,1,0
BRDA:391,33,0,0
BRDA:405,34,0,0
BRDA:423,35,0,0
BRDA:425,36,0,0
BRDA:425,36,1,0
BRDA:437,37,0,0
BRF:46
BRH:0
end_of_record
TN:
SF:lib/api/integrations.ts
FN:29,(anonymous_14)
FN:39,(anonymous_15)
FN:60,(anonymous_16)
FN:68,(anonymous_17)
FN:75,(anonymous_18)
FN:85,(anonymous_19)
FN:95,(anonymous_20)
FN:104,(anonymous_21)
FN:111,(anonymous_22)
FN:118,(anonymous_23)
FN:128,(anonymous_24)
FN:138,(anonymous_25)
FN:147,(anonymous_26)
FNF:13
FNH:12
FNDA:3,(anonymous_14)
FNDA:4,(anonymous_15)
FNDA:6,(anonymous_16)
FNDA:2,(anonymous_17)
FNDA:6,(anonymous_18)
FNDA:3,(anonymous_19)
FNDA:2,(anonymous_20)
FNDA:3,(anonymous_21)
FNDA:3,(anonymous_22)
FNDA:3,(anonymous_23)
FNDA:0,(anonymous_24)
FNDA:3,(anonymous_25)
FNDA:2,(anonymous_26)
DA:6,1
DA:24,1
DA:30,3
DA:46,4
DA:54,4
DA:61,6
DA:62,6
DA:69,2
DA:76,6
DA:86,3
DA:96,2
DA:105,3
DA:112,3
DA:119,3
DA:129,0
DA:139,3
DA:148,2
DA:153,40
DA:157,0
DA:158,0
DA:159,0
DA:160,0
DA:161,0
DA:162,0
DA:163,0
DA:164,0
DA:165,0
DA:166,0
DA:167,0
DA:168,0
DA:169,1
LF:31
LH:18
BRDA:50,0,0,4
BRDA:50,0,1,1
BRDA:51,1,0,4
BRDA:51,1,1,1
BRDA:61,2,0,1
BRDA:61,2,1,5
BRF:6
BRH:6
end_of_record
TN:
SF:lib/api/products.ts
FN:28,(anonymous_1)
FN:32,(anonymous_2)
FN:46,(anonymous_3)
FN:50,(anonymous_4)
FN:57,(anonymous_5)
FN:64,(anonymous_6)
FN:70,(anonymous_7)
FN:81,(anonymous_8)
FN:88,(anonymous_9)
FN:95,(anonymous_10)
FN:102,(anonymous_11)
FN:107,(anonymous_12)
FN:118,(anonymous_13)
FN:125,(anonymous_14)
FN:130,(anonymous_15)
FN:143,(anonymous_16)
FN:153,(anonymous_17)
FN:157,(anonymous_18)
FN:164,(anonymous_19)
FN:171,(anonymous_20)
FN:178,(anonymous_21)
FN:186,(anonymous_22)
FN:193,(anonymous_23)
FN:201,(anonymous_24)
FN:211,(anonymous_25)
FN:235,(anonymous_26)
FN:242,(anonymous_27)
FN:251,(anonymous_28)
FNF:28
FNH:0
FNDA:0,(anonymous_1)
FNDA:0,(anonymous_2)
FNDA:0,(anonymous_3)
FNDA:0,(anonymous_4)
FNDA:0,(anonymous_5)
FNDA:0,(anonymous_6)
FNDA:0,(anonymous_7)
FNDA:0,(anonymous_8)
FNDA:0,(anonymous_9)
FNDA:0,(anonymous_10)
FNDA:0,(anonymous_11)
FNDA:0,(anonymous_12)
FNDA:0,(anonymous_13)
FNDA:0,(anonymous_14)
FNDA:0,(anonymous_15)
FNDA:0,(anonymous_16)
FNDA:0,(anonymous_17)
FNDA:0,(anonymous_18)
FNDA:0,(anonymous_19)
FNDA:0,(anonymous_20)
FNDA:0,(anonymous_21)
FNDA:0,(anonymous_22)
FNDA:0,(anonymous_23)
FNDA:0,(anonymous_24)
FNDA:0,(anonymous_25)
FNDA:0,(anonymous_26)
FNDA:0,(anonymous_27)
FNDA:0,(anonymous_28)
DA:5,0
DA:26,0
DA:29,0
DA:31,0
DA:32,0
DA:33,0
DA:34,0
DA:35,0
DA:37,0
DA:43,0
DA:47,0
DA:51,0
DA:58,0
DA:65,0
DA:71,0
DA:72,0
DA:74,0
DA:82,0
DA:89,0
DA:96,0
DA:103,0
DA:104,0
DA:108,0
DA:119,0
DA:126,0
DA:140,0
DA:142,0
DA:143,0
DA:144,0
DA:145,0
DA:150,0
DA:154,0
DA:158,0
DA:165,0
DA:172,0
DA:179,0
DA:187,0
DA:194,0
DA:207,0
DA:208,0
DA:230,0
DA:231,0
DA:236,0
DA:248,0
DA:252,0
LF:45
LH:0
BRDA:31,0,0,0
BRDA:33,1,0,0
BRDA:33,2,0,0
BRDA:33,2,1,0
BRDA:34,3,0,0
BRDA:34,3,1,0
BRDA:103,4,0,0
BRDA:103,4,1,0
BRDA:142,5,0,0
BRDA:144,6,0,0
BRDA:144,7,0,0
BRDA:144,7,1,0
BRF:12
BRH:0
end_of_record
TN:
SF:lib/api/reviews.ts
FN:34,(anonymous_25)
FN:52,(anonymous_26)
FN:65,(anonymous_27)
FN:73,(anonymous_28)
FN:80,(anonymous_29)
FN:93,(anonymous_30)
FN:101,(anonymous_31)
FN:109,(anonymous_32)
FN:117,(anonymous_33)
FN:125,(anonymous_34)
FN:132,(anonymous_35)
FN:145,(anonymous_36)
FN:153,(anonymous_37)
FN:161,(anonymous_38)
FN:169,(anonymous_39)
FN:184,(anonymous_40)
FN:192,(anonymous_41)
FN:200,(anonymous_42)
FN:208,(anonymous_43)
FN:218,(anonymous_44)
FN:272,(anonymous_45)
FN:279,(anonymous_46)
FN:295,(anonymous_47)
FN:312,(anonymous_48)
FN:330,(anonymous_49)
FNF:25
FNH:0
FNDA:0,(anonymous_25)
FNDA:0,(anonymous_26)
FNDA:0,(anonymous_27)
FNDA:0,(anonymous_28)
FNDA:0,(anonymous_29)
FNDA:0,(anonymous_30)
FNDA:0,(anonymous_31)
FNDA:0,(anonymous_32)
FNDA:0,(anonymous_33)
FNDA:0,(anonymous_34)
FNDA:0,(anonymous_35)
FNDA:0,(anonymous_36)
FNDA:0,(anonymous_37)
FNDA:0,(anonymous_38)
FNDA:0,(anonymous_39)
FNDA:0,(anonymous_40)
FNDA:0,(anonymous_41)
FNDA:0,(anonymous_42)
FNDA:0,(anonymous_43)
FNDA:0,(anonymous_44)
FNDA:0,(anonymous_45)
FNDA:0,(anonymous_46)
FNDA:0,(anonymous_47)
FNDA:0,(anonymous_48)
FNDA:0,(anonymous_49)
DA:26,0
DA:28,0
DA:29,0
DA:50,0
DA:52,0
DA:53,0
DA:54,0
DA:58,0
DA:59,0
DA:66,0
DA:67,0
DA:78,0
DA:80,0
DA:81,0
DA:82,0
DA:86,0
DA:87,0
DA:94,0
DA:95,0
DA:102,0
DA:103,0
DA:110,0
DA:111,0
DA:118,0
DA:119,0
DA:130,0
DA:132,0
DA:133,0
DA:134,0
DA:138,0
DA:139,0
DA:146,0
DA:147,0
DA:154,0
DA:155,0
DA:162,0
DA:163,0
DA:174,0
DA:178,0
DA:185,0
DA:186,0
DA:193,0
DA:194,0
DA:201,0
DA:202,0
DA:209,0
DA:212,0
DA:219,0
DA:273,0
DA:280,0
DA:282,0
DA:284,0
DA:286,0
DA:288,0
DA:296,0
DA:306,0
DA:313,0
DA:314,0
DA:315,0
DA:323,0
DA:331,0
DA:333,0
DA:335,0
DA:337,0
DA:339,0
DA:341,0
DA:343,0
DA:349,0
DA:353,0
DA:354,0
DA:355,0
DA:356,0
DA:357,0
DA:358,0
DA:359,0
DA:360,0
DA:361,0
DA:362,0
DA:363,0
DA:364,0
DA:365,0
DA:366,0
DA:367,0
DA:368,0
DA:369,0
DA:370,0
DA:371,0
DA:372,0
DA:373,0
DA:374,0
DA:375,0
LF:91
LH:0
BRDA:34,0,0,0
BRDA:53,1,0,0
BRDA:53,2,0,0
BRDA:53,2,1,0
BRDA:53,2,2,0
BRDA:73,3,0,0
BRDA:81,4,0,0
BRDA:81,5,0,0
BRDA:81,5,1,0
BRDA:81,5,2,0
BRDA:125,6,0,0
BRDA:133,7,0,0
BRDA:133,8,0,0
BRDA:133,8,1,0
BRDA:133,8,2,0
BRDA:192,9,0,0
BRDA:280,10,0,0
BRDA:280,10,1,0
BRDA:280,10,2,0
BRDA:280,10,3,0
BRDA:306,11,0,0
BRDA:306,11,1,0
BRDA:331,12,0,0
BRDA:331,12,1,0
BRDA:331,12,2,0
BRDA:331,12,3,0
BRDA:331,12,4,0
BRDA:331,12,5,0
BRF:28
BRH:0
end_of_record
TN:
SF:lib/api/tracking.ts
FN:46,(anonymous_8)
FN:62,(anonymous_9)
FN:82,(anonymous_10)
FN:102,(anonymous_11)
FN:118,(anonymous_12)
FN:130,(anonymous_13)
FN:145,(anonymous_14)
FN:162,(anonymous_15)
FN:179,(anonymous_16)
FN:193,(anonymous_17)
FN:206,(anonymous_18)
FN:223,(anonymous_19)
FN:243,(anonymous_20)
FN:257,(anonymous_21)
FN:290,(anonymous_22)
FN:307,(anonymous_23)
FN:319,withRateLimitRetry
FN:336,(anonymous_25)
FN:355,trackEventWithRetry
FN:356,(anonymous_27)
FN:365,generateEventId
FN:377,extractUTMParams
FN:400,getClientId
FN:419,getSessionId
FNF:24
FNH:0
FNDA:0,(anonymous_8)
FNDA:0,(anonymous_9)
FNDA:0,(anonymous_10)
FNDA:0,(anonymous_11)
FNDA:0,(anonymous_12)
FNDA:0,(anonymous_13)
FNDA:0,(anonymous_14)
FNDA:0,(anonymous_15)
FNDA:0,(anonymous_16)
FNDA:0,(anonymous_17)
FNDA:0,(anonymous_18)
FNDA:0,(anonymous_19)
FNDA:0,(anonymous_20)
FNDA:0,(anonymous_21)
FNDA:0,(anonymous_22)
FNDA:0,(anonymous_23)
FNDA:0,withRateLimitRetry
FNDA:0,(anonymous_25)
FNDA:0,trackEventWithRetry
FNDA:0,(anonymous_27)
FNDA:0,generateEventId
FNDA:0,extractUTMParams
FNDA:0,getClientId
FNDA:0,getSessionId
DA:8,0
DA:36,0
DA:47,0
DA:63,0
DA:64,0
DA:67,0
DA:83,0
DA:85,0
DA:86,0
DA:87,0
DA:89,0
DA:90,0
DA:103,0
DA:105,0
DA:106,0
DA:107,0
DA:109,0
DA:110,0
DA:119,0
DA:131,0
DA:146,0
DA:163,0
DA:165,0
DA:166,0
DA:169,0
DA:170,0
DA:180,0
DA:194,0
DA:207,0
DA:224,0
DA:226,0
DA:227,0
DA:229,0
DA:230,0
DA:231,0
DA:233,0
DA:234,0
DA:244,0
DA:258,0
DA:260,0
DA:261,0
DA:263,0
DA:264,0
DA:266,0
DA:267,0
DA:269,0
DA:270,0
DA:272,0
DA:273,0
DA:276,0
DA:291,0
DA:293,0
DA:295,0
DA:296,0
DA:308,0
DA:323,0
DA:325,0
DA:326,0
DA:327,0
DA:329,0
DA:330,0
DA:331,0
DA:333,0
DA:335,0
DA:336,0
DA:337,0
DA:341,0
DA:342,0
DA:346,0
DA:355,0
DA:356,0
DA:365,0
DA:366,0
DA:367,0
DA:368,0
DA:377,0
DA:384,0
DA:386,0
DA:400,0
DA:401,0
DA:402,0
DA:404,0
DA:406,0
DA:407,0
DA:410,0
DA:419,0
DA:420,0
DA:421,0
DA:423,0
DA:424,0
DA:425,0
DA:426,0
DA:427,0
DA:429,0
DA:430,0
DA:431,0
DA:439,0
DA:440,0
DA:445,0
DA:446,0
DA:450,0
LF:101
LH:0
BRDA:63,0,0,0
BRDA:85,1,0,0
BRDA:86,2,0,0
BRDA:87,3,0,0
BRDA:90,4,0,0
BRDA:90,4,1,0
BRDA:105,5,0,0
BRDA:106,6,0,0
BRDA:107,7,0,0
BRDA:110,8,0,0
BRDA:110,8,1,0
BRDA:165,9,0,0
BRDA:170,10,0,0
BRDA:170,10,1,0
BRDA:226,11,0,0
BRDA:229,12,0,0
BRDA:230,13,0,0
BRDA:231,14,0,0
BRDA:234,15,0,0
BRDA:234,15,1,0
BRDA:260,16,0,0
BRDA:263,17,0,0
BRDA:266,18,0,0
BRDA:269,19,0,0
BRDA:272,20,0,0
BRDA:293,21,0,0
BRDA:296,22,0,0
BRDA:296,22,1,0
BRDA:321,23,0,0
BRDA:329,24,0,0
BRDA:331,25,0,0
BRDA:331,25,1,0
BRDA:333,26,0,0
BRDA:346,27,0,0
BRDA:346,27,1,0
BRDA:384,28,0,0
BRDA:384,28,1,0
BRDA:387,29,0,0
BRDA:387,29,1,0
BRDA:388,30,0,0
BRDA:388,30,1,0
BRDA:389,31,0,0
BRDA:389,31,1,0
BRDA:390,32,0,0
BRDA:390,32,1,0
BRDA:391,33,0,0
BRDA:391,33,1,0
BRDA:404,34,0,0
BRDA:419,35,0,0
BRDA:425,36,0,0
BRDA:427,37,0,0
BRF:51
BRH:0
end_of_record
